[0.008s] Invoking command in '/home/shaurya/bot_ws/build/description': CMAKE_PREFIX_PATH=/opt/ros/humble /usr/bin/cmake --build /home/shaurya/bot_ws/build/description -- -j8 -l8
[0.022s] -- Found ament_cmake: 1.3.11 (/opt/ros/humble/share/ament_cmake/cmake)
[0.104s] -- Found ament_lint_auto: 0.12.11 (/opt/ros/humble/share/ament_lint_auto/cmake)
[0.153s] -- Added test 'lint_cmake' to check CMake code style
[0.153s] -- Added test 'xmllint' to check XML markup files
[0.154s] -- Configuring done
[0.155s] -- Generating done
[0.157s] -- Build files have been written to: /home/shaurya/bot_ws/build/description
[0.171s] Invoked command in '/home/shaurya/bot_ws/build/description' returned '0': CMAKE_PREFIX_PATH=/opt/ros/humble /usr/bin/cmake --build /home/shaurya/bot_ws/build/description -- -j8 -l8
[0.177s] Invoking command in '/home/shaurya/bot_ws/build/description': CMAKE_PREFIX_PATH=/opt/ros/humble /usr/bin/cmake --install /home/shaurya/bot_ws/build/description
[0.182s] -- Install configuration: ""
[0.182s] -- Installing: /home/shaurya/bot_ws/install/description/share/description/meshes
[0.182s] -- Installing: /home/shaurya/bot_ws/install/description/share/description/meshes/caster_front_link.STL
[0.182s] -- Installing: /home/shaurya/bot_ws/install/description/share/description/meshes/caster_rear_link.STL
[0.183s] -- Installing: /home/shaurya/bot_ws/install/description/share/description/meshes/wheel_left_link.STL
[0.183s] -- Installing: /home/shaurya/bot_ws/install/description/share/description/meshes/imu_link.STL
[0.184s] -- Installing: /home/shaurya/bot_ws/install/description/share/description/meshes/wheel_right_link.STL
[0.185s] -- Installing: /home/shaurya/bot_ws/install/description/share/description/meshes/base_link.STL
[0.195s] -- Installing: /home/shaurya/bot_ws/install/description/share/description/urdf
[0.195s] -- Installing: /home/shaurya/bot_ws/install/description/share/description/urdf/bot.urdf.xacro
[0.195s] -- Up-to-date: /home/shaurya/bot_ws/install/description/share/ament_index/resource_index/package_run_dependencies/description
[0.195s] -- Up-to-date: /home/shaurya/bot_ws/install/description/share/ament_index/resource_index/parent_prefix_path/description
[0.195s] -- Up-to-date: /home/shaurya/bot_ws/install/description/share/description/environment/ament_prefix_path.sh
[0.195s] -- Installing: /home/shaurya/bot_ws/install/description/share/description/environment/ament_prefix_path.dsv
[0.195s] -- Up-to-date: /home/shaurya/bot_ws/install/description/share/description/environment/path.sh
[0.195s] -- Installing: /home/shaurya/bot_ws/install/description/share/description/environment/path.dsv
[0.195s] -- Up-to-date: /home/shaurya/bot_ws/install/description/share/description/local_setup.bash
[0.195s] -- Up-to-date: /home/shaurya/bot_ws/install/description/share/description/local_setup.sh
[0.195s] -- Up-to-date: /home/shaurya/bot_ws/install/description/share/description/local_setup.zsh
[0.195s] -- Installing: /home/shaurya/bot_ws/install/description/share/description/local_setup.dsv
[0.195s] -- Installing: /home/shaurya/bot_ws/install/description/share/description/package.dsv
[0.195s] -- Up-to-date: /home/shaurya/bot_ws/install/description/share/ament_index/resource_index/packages/description
[0.195s] -- Up-to-date: /home/shaurya/bot_ws/install/description/share/description/cmake/descriptionConfig.cmake
[0.195s] -- Up-to-date: /home/shaurya/bot_ws/install/description/share/description/cmake/descriptionConfig-version.cmake
[0.195s] -- Up-to-date: /home/shaurya/bot_ws/install/description/share/description/package.xml
[0.197s] Invoked command in '/home/shaurya/bot_ws/build/description' returned '0': CMAKE_PREFIX_PATH=/opt/ros/humble /usr/bin/cmake --install /home/shaurya/bot_ws/build/description
