[0.007s] Invoking command in '/home/shaurya/bot_ws/build/description': CMAKE_PREFIX_PATH=/opt/ros/humble /usr/bin/cmake --build /home/shaurya/bot_ws/build/description -- -j8 -l8
[0.022s] -- Found ament_cmake: 1.3.11 (/opt/ros/humble/share/ament_cmake/cmake)
[0.102s] -- Found ament_lint_auto: 0.12.11 (/opt/ros/humble/share/ament_lint_auto/cmake)
[0.148s] -- Added test 'flake8' to check Python code syntax and style conventions
[0.148s] -- Added test 'lint_cmake' to check CMake code style
[0.149s] -- Added test 'pep257' to check Python code against some of the docstring style conventions in PEP 257
[0.149s] -- Added test 'xmllint' to check XML markup files
[0.150s] -- Configuring done
[0.151s] -- Generating done
[0.152s] -- Build files have been written to: /home/shaurya/bot_ws/build/description
[0.167s] Invoked command in '/home/shaurya/bot_ws/build/description' returned '0': CMAKE_PREFIX_PATH=/opt/ros/humble /usr/bin/cmake --build /home/shaurya/bot_ws/build/description -- -j8 -l8
[0.175s] Invoking command in '/home/shaurya/bot_ws/build/description': CMAKE_PREFIX_PATH=/opt/ros/humble /usr/bin/cmake --install /home/shaurya/bot_ws/build/description
[0.180s] -- Install configuration: ""
[0.180s] -- Up-to-date: /home/shaurya/bot_ws/install/description/share/description/meshes
[0.180s] -- Up-to-date: /home/shaurya/bot_ws/install/description/share/description/meshes/caster_front_link.STL
[0.180s] -- Up-to-date: /home/shaurya/bot_ws/install/description/share/description/meshes/caster_rear_link.STL
[0.180s] -- Up-to-date: /home/shaurya/bot_ws/install/description/share/description/meshes/wheel_left_link.STL
[0.180s] -- Up-to-date: /home/shaurya/bot_ws/install/description/share/description/meshes/imu_link.STL
[0.180s] -- Up-to-date: /home/shaurya/bot_ws/install/description/share/description/meshes/wheel_right_link.STL
[0.180s] -- Up-to-date: /home/shaurya/bot_ws/install/description/share/description/meshes/base_link.STL
[0.180s] -- Up-to-date: /home/shaurya/bot_ws/install/description/share/description/urdf
[0.180s] -- Up-to-date: /home/shaurya/bot_ws/install/description/share/description/urdf/bot.urdf.xacro
[0.180s] -- Installing: /home/shaurya/bot_ws/install/description/share/description/launch
[0.180s] -- Installing: /home/shaurya/bot_ws/install/description/share/description/launch/display.launch.py
[0.180s] [31mCMake Error at cmake_install.cmake:46 (file):
[0.180s]   file INSTALL cannot find "/home/shaurya/bot_ws/src/description/rviz": No
[0.181s]   such file or directory.
[0.181s] 
[0.181s] [0m
[0.181s] Invoked command in '/home/shaurya/bot_ws/build/description' returned '1': CMAKE_PREFIX_PATH=/opt/ros/humble /usr/bin/cmake --install /home/shaurya/bot_ws/build/description
