[0.028s] Invoking command in '/home/shaurya/bot_ws/build/bot_controller': CMAKE_PREFIX_PATH=/opt/ros/humble /usr/bin/cmake --build /home/shaurya/bot_ws/build/bot_controller -- -j8 -l8
[0.135s] Built target ament_cmake_python_copy_bot_controller
[0.611s] running egg_info
[0.612s] writing bot_controller.egg-info/PKG-INFO
[0.612s] writing dependency_links to bot_controller.egg-info/dependency_links.txt
[0.613s] writing top-level names to bot_controller.egg-info/top_level.txt
[0.617s] reading manifest file 'bot_controller.egg-info/SOURCES.txt'
[0.619s] writing manifest file 'bot_controller.egg-info/SOURCES.txt'
[0.672s] Built target ament_cmake_python_build_bot_controller_egg
[0.690s] Invoked command in '/home/shaurya/bot_ws/build/bot_controller' returned '0': CMAKE_PREFIX_PATH=/opt/ros/humble /usr/bin/cmake --build /home/shaurya/bot_ws/build/bot_controller -- -j8 -l8
[0.693s] Invoking command in '/home/shaurya/bot_ws/build/bot_controller': CMAKE_PREFIX_PATH=/opt/ros/humble /usr/bin/cmake --install /home/shaurya/bot_ws/build/bot_controller
[0.705s] -- Install configuration: ""
[0.705s] -- Up-to-date: /home/shaurya/bot_ws/install/bot_controller/share/bot_controller/environment/pythonpath.sh
[0.705s] -- Up-to-date: /home/shaurya/bot_ws/install/bot_controller/share/bot_controller/environment/pythonpath.dsv
[0.705s] -- Up-to-date: /home/shaurya/bot_ws/install/bot_controller/local/lib/python3.10/dist-packages/bot_controller-0.0.0-py3.10.egg-info
[0.706s] -- Installing: /home/shaurya/bot_ws/install/bot_controller/local/lib/python3.10/dist-packages/bot_controller-0.0.0-py3.10.egg-info/top_level.txt
[0.706s] -- Installing: /home/shaurya/bot_ws/install/bot_controller/local/lib/python3.10/dist-packages/bot_controller-0.0.0-py3.10.egg-info/PKG-INFO
[0.706s] -- Installing: /home/shaurya/bot_ws/install/bot_controller/local/lib/python3.10/dist-packages/bot_controller-0.0.0-py3.10.egg-info/dependency_links.txt
[0.706s] -- Installing: /home/shaurya/bot_ws/install/bot_controller/local/lib/python3.10/dist-packages/bot_controller-0.0.0-py3.10.egg-info/SOURCES.txt
[0.706s] -- Up-to-date: /home/shaurya/bot_ws/install/bot_controller/local/lib/python3.10/dist-packages/bot_controller
[0.707s] -- Up-to-date: /home/shaurya/bot_ws/install/bot_controller/local/lib/python3.10/dist-packages/bot_controller/__init__.py
[0.707s] -- Up-to-date: /home/shaurya/bot_ws/install/bot_controller/local/lib/python3.10/dist-packages/bot_controller/simple_controller.py
[0.708s] -- Up-to-date: /home/shaurya/bot_ws/install/bot_controller/local/lib/python3.10/dist-packages/bot_controller/twist_relay.py
[0.708s] -- Up-to-date: /home/shaurya/bot_ws/install/bot_controller/local/lib/python3.10/dist-packages/bot_controller/noisy_controller.py
[0.765s] Listing '/home/shaurya/bot_ws/install/bot_controller/local/lib/python3.10/dist-packages/bot_controller'...
[0.773s] -- Up-to-date: /home/shaurya/bot_ws/install/bot_controller/share/bot_controller/config
[0.773s] -- Up-to-date: /home/shaurya/bot_ws/install/bot_controller/share/bot_controller/config/twist_mux_locks.yaml
[0.773s] -- Up-to-date: /home/shaurya/bot_ws/install/bot_controller/share/bot_controller/config/twist_mux_joy.yaml
[0.773s] -- Up-to-date: /home/shaurya/bot_ws/install/bot_controller/share/bot_controller/config/bot_controller.yaml
[0.773s] -- Up-to-date: /home/shaurya/bot_ws/install/bot_controller/share/bot_controller/config/twist_mux_topics.yaml
[0.773s] -- Up-to-date: /home/shaurya/bot_ws/install/bot_controller/share/bot_controller/launch
[0.774s] -- Up-to-date: /home/shaurya/bot_ws/install/bot_controller/share/bot_controller/launch/controller.launch.py
[0.774s] -- Up-to-date: /home/shaurya/bot_ws/install/bot_controller/lib/bot_controller/simple_controller.py
[0.774s] -- Up-to-date: /home/shaurya/bot_ws/install/bot_controller/lib/bot_controller/noisy_controller.py
[0.774s] -- Up-to-date: /home/shaurya/bot_ws/install/bot_controller/lib/bot_controller/twist_relay.py
[0.774s] -- Up-to-date: /home/shaurya/bot_ws/install/bot_controller/share/ament_index/resource_index/package_run_dependencies/bot_controller
[0.774s] -- Up-to-date: /home/shaurya/bot_ws/install/bot_controller/share/ament_index/resource_index/parent_prefix_path/bot_controller
[0.774s] -- Up-to-date: /home/shaurya/bot_ws/install/bot_controller/share/bot_controller/environment/ament_prefix_path.sh
[0.774s] -- Up-to-date: /home/shaurya/bot_ws/install/bot_controller/share/bot_controller/environment/ament_prefix_path.dsv
[0.775s] -- Up-to-date: /home/shaurya/bot_ws/install/bot_controller/share/bot_controller/environment/path.sh
[0.775s] -- Up-to-date: /home/shaurya/bot_ws/install/bot_controller/share/bot_controller/environment/path.dsv
[0.775s] -- Up-to-date: /home/shaurya/bot_ws/install/bot_controller/share/bot_controller/local_setup.bash
[0.775s] -- Up-to-date: /home/shaurya/bot_ws/install/bot_controller/share/bot_controller/local_setup.sh
[0.775s] -- Up-to-date: /home/shaurya/bot_ws/install/bot_controller/share/bot_controller/local_setup.zsh
[0.775s] -- Up-to-date: /home/shaurya/bot_ws/install/bot_controller/share/bot_controller/local_setup.dsv
[0.776s] -- Installing: /home/shaurya/bot_ws/install/bot_controller/share/bot_controller/package.dsv
[0.777s] -- Up-to-date: /home/shaurya/bot_ws/install/bot_controller/share/ament_index/resource_index/packages/bot_controller
[0.777s] -- Up-to-date: /home/shaurya/bot_ws/install/bot_controller/share/bot_controller/cmake/bot_controllerConfig.cmake
[0.777s] -- Up-to-date: /home/shaurya/bot_ws/install/bot_controller/share/bot_controller/cmake/bot_controllerConfig-version.cmake
[0.777s] -- Up-to-date: /home/shaurya/bot_ws/install/bot_controller/share/bot_controller/package.xml
[0.777s] Invoked command in '/home/shaurya/bot_ws/build/bot_controller' returned '0': CMAKE_PREFIX_PATH=/opt/ros/humble /usr/bin/cmake --install /home/shaurya/bot_ws/build/bot_controller
