-- Install configuration: ""
-- Up-to-date: /home/shaurya/bot_ws/install/description/share/description/meshes
-- Up-to-date: /home/shaurya/bot_ws/install/description/share/description/meshes/caster_front_link.STL
-- Up-to-date: /home/shaurya/bot_ws/install/description/share/description/meshes/caster_rear_link.STL
-- Up-to-date: /home/shaurya/bot_ws/install/description/share/description/meshes/wheel_left_link.STL
-- Up-to-date: /home/shaurya/bot_ws/install/description/share/description/meshes/imu_link.STL
-- Up-to-date: /home/shaurya/bot_ws/install/description/share/description/meshes/wheel_right_link.STL
-- Up-to-date: /home/shaurya/bot_ws/install/description/share/description/meshes/base_link.STL
-- Up-to-date: /home/shaurya/bot_ws/install/description/share/description/urdf
-- Up-to-date: /home/shaurya/bot_ws/install/description/share/description/urdf/bot_gazebo.xacro
-- Up-to-date: /home/shaurya/bot_ws/install/description/share/description/urdf/armybot.urdf.xacro
-- Up-to-date: /home/shaurya/bot_ws/install/description/share/description/urdf/bot.urdf.xacro
-- Up-to-date: /home/shaurya/bot_ws/install/description/share/description/urdf/bot_ros2_control.xacro
-- Up-to-date: /home/shaurya/bot_ws/install/description/share/description/launch
-- Up-to-date: /home/shaurya/bot_ws/install/description/share/description/launch/gazebo.launch.py
-- Up-to-date: /home/shaurya/bot_ws/install/description/share/description/launch/display.launch.py
-- Up-to-date: /home/shaurya/bot_ws/install/description/share/description/rviz
-- Up-to-date: /home/shaurya/bot_ws/install/description/share/description/rviz/display.rviz
-- Up-to-date: /home/shaurya/bot_ws/install/description/share/ament_index/resource_index/package_run_dependencies/description
-- Up-to-date: /home/shaurya/bot_ws/install/description/share/ament_index/resource_index/parent_prefix_path/description
-- Up-to-date: /home/shaurya/bot_ws/install/description/share/description/environment/ament_prefix_path.sh
-- Up-to-date: /home/shaurya/bot_ws/install/description/share/description/environment/ament_prefix_path.dsv
-- Up-to-date: /home/shaurya/bot_ws/install/description/share/description/environment/path.sh
-- Up-to-date: /home/shaurya/bot_ws/install/description/share/description/environment/path.dsv
-- Up-to-date: /home/shaurya/bot_ws/install/description/share/description/local_setup.bash
-- Up-to-date: /home/shaurya/bot_ws/install/description/share/description/local_setup.sh
-- Up-to-date: /home/shaurya/bot_ws/install/description/share/description/local_setup.zsh
-- Up-to-date: /home/shaurya/bot_ws/install/description/share/description/local_setup.dsv
-- Installing: /home/shaurya/bot_ws/install/description/share/description/package.dsv
-- Up-to-date: /home/shaurya/bot_ws/install/description/share/ament_index/resource_index/packages/description
-- Up-to-date: /home/shaurya/bot_ws/install/description/share/description/cmake/descriptionConfig.cmake
-- Up-to-date: /home/shaurya/bot_ws/install/description/share/description/cmake/descriptionConfig-version.cmake
-- Up-to-date: /home/shaurya/bot_ws/install/description/share/description/package.xml
