[0.018s] Invoking command in '/home/shaurya/bot_ws/build/bot_localization': CMAKE_PREFIX_PATH=/opt/ros/humble /usr/bin/cmake --build /home/shaurya/bot_ws/build/bot_localization -- -j8 -l8
[0.058s] -- Found ament_cmake: 1.3.11 (/opt/ros/humble/share/ament_cmake/cmake)
[0.224s] -- Found rclpy: 3.3.15 (/opt/ros/humble/share/rclpy/cmake)
[0.224s] -- Found nav_msgs: 4.2.4 (/opt/ros/humble/share/nav_msgs/cmake)
[0.262s] -- Found rosidl_generator_c: 3.1.6 (/opt/ros/humble/share/rosidl_generator_c/cmake)
[0.266s] -- Found rosidl_adapter: 3.1.6 (/opt/ros/humble/share/rosidl_adapter/cmake)
[0.275s] -- Found rosidl_generator_cpp: 3.1.6 (/opt/ros/humble/share/rosidl_generator_cpp/cmake)
[0.290s] -- Using all available rosidl_typesupport_c: rosidl_typesupport_fastrtps_c;rosidl_typesupport_introspection_c
[0.309s] -- Using all available rosidl_typesupport_cpp: rosidl_typesupport_fastrtps_cpp;rosidl_typesupport_introspection_cpp
[0.391s] -- Found sensor_msgs: 4.2.4 (/opt/ros/humble/share/sensor_msgs/cmake)
[0.503s] -- Found ament_lint_auto: 0.12.11 (/opt/ros/humble/share/ament_lint_auto/cmake)
[0.594s] -- Added test 'flake8' to check Python code syntax and style conventions
[0.595s] -- Added test 'lint_cmake' to check CMake code style
[0.596s] -- Added test 'pep257' to check Python code against some of the docstring style conventions in PEP 257
[0.598s] -- Added test 'xmllint' to check XML markup files
[0.599s] -- Configuring done
[0.608s] -- Generating done
[0.613s] -- Build files have been written to: /home/shaurya/bot_ws/build/bot_localization
[0.663s] Built target ament_cmake_python_copy_bot_localization
[0.999s] running egg_info
[1.000s] writing bot_localization.egg-info/PKG-INFO
[1.000s] writing dependency_links to bot_localization.egg-info/dependency_links.txt
[1.000s] writing top-level names to bot_localization.egg-info/top_level.txt
[1.003s] reading manifest file 'bot_localization.egg-info/SOURCES.txt'
[1.004s] writing manifest file 'bot_localization.egg-info/SOURCES.txt'
[1.038s] Built target ament_cmake_python_build_bot_localization_egg
[1.050s] Invoked command in '/home/shaurya/bot_ws/build/bot_localization' returned '0': CMAKE_PREFIX_PATH=/opt/ros/humble /usr/bin/cmake --build /home/shaurya/bot_ws/build/bot_localization -- -j8 -l8
[1.051s] Invoking command in '/home/shaurya/bot_ws/build/bot_localization': CMAKE_PREFIX_PATH=/opt/ros/humble /usr/bin/cmake --install /home/shaurya/bot_ws/build/bot_localization
[1.061s] -- Install configuration: ""
[1.061s] -- Up-to-date: /home/shaurya/bot_ws/install/bot_localization/share/bot_localization/environment/pythonpath.sh
[1.061s] -- Installing: /home/shaurya/bot_ws/install/bot_localization/share/bot_localization/environment/pythonpath.dsv
[1.062s] -- Up-to-date: /home/shaurya/bot_ws/install/bot_localization/local/lib/python3.10/dist-packages/bot_localization-0.0.0-py3.10.egg-info
[1.062s] -- Installing: /home/shaurya/bot_ws/install/bot_localization/local/lib/python3.10/dist-packages/bot_localization-0.0.0-py3.10.egg-info/top_level.txt
[1.062s] -- Installing: /home/shaurya/bot_ws/install/bot_localization/local/lib/python3.10/dist-packages/bot_localization-0.0.0-py3.10.egg-info/PKG-INFO
[1.062s] -- Installing: /home/shaurya/bot_ws/install/bot_localization/local/lib/python3.10/dist-packages/bot_localization-0.0.0-py3.10.egg-info/dependency_links.txt
[1.062s] -- Installing: /home/shaurya/bot_ws/install/bot_localization/local/lib/python3.10/dist-packages/bot_localization-0.0.0-py3.10.egg-info/SOURCES.txt
[1.062s] -- Up-to-date: /home/shaurya/bot_ws/install/bot_localization/local/lib/python3.10/dist-packages/bot_localization
[1.063s] -- Up-to-date: /home/shaurya/bot_ws/install/bot_localization/local/lib/python3.10/dist-packages/bot_localization/__init__.py
[1.063s] -- Up-to-date: /home/shaurya/bot_ws/install/bot_localization/local/lib/python3.10/dist-packages/bot_localization/kalman_filter.py
[1.063s] -- Installing: /home/shaurya/bot_ws/install/bot_localization/local/lib/python3.10/dist-packages/bot_localization/odometry_motion_model.py
[1.106s] Listing '/home/shaurya/bot_ws/install/bot_localization/local/lib/python3.10/dist-packages/bot_localization'...
[1.106s] Compiling '/home/shaurya/bot_ws/install/bot_localization/local/lib/python3.10/dist-packages/bot_localization/odometry_motion_model.py'...
[1.111s] -- Up-to-date: /home/shaurya/bot_ws/install/bot_localization/lib/bot_localization/kalman_filter.py
[1.111s] -- Installing: /home/shaurya/bot_ws/install/bot_localization/lib/bot_localization/odometry_motion_model.py
[1.111s] -- Installing: /home/shaurya/bot_ws/install/bot_localization/share/ament_index/resource_index/package_run_dependencies/bot_localization
[1.111s] -- Up-to-date: /home/shaurya/bot_ws/install/bot_localization/share/ament_index/resource_index/parent_prefix_path/bot_localization
[1.111s] -- Up-to-date: /home/shaurya/bot_ws/install/bot_localization/share/bot_localization/environment/ament_prefix_path.sh
[1.112s] -- Installing: /home/shaurya/bot_ws/install/bot_localization/share/bot_localization/environment/ament_prefix_path.dsv
[1.112s] -- Up-to-date: /home/shaurya/bot_ws/install/bot_localization/share/bot_localization/environment/path.sh
[1.112s] -- Installing: /home/shaurya/bot_ws/install/bot_localization/share/bot_localization/environment/path.dsv
[1.112s] -- Up-to-date: /home/shaurya/bot_ws/install/bot_localization/share/bot_localization/local_setup.bash
[1.112s] -- Up-to-date: /home/shaurya/bot_ws/install/bot_localization/share/bot_localization/local_setup.sh
[1.112s] -- Up-to-date: /home/shaurya/bot_ws/install/bot_localization/share/bot_localization/local_setup.zsh
[1.112s] -- Installing: /home/shaurya/bot_ws/install/bot_localization/share/bot_localization/local_setup.dsv
[1.112s] -- Installing: /home/shaurya/bot_ws/install/bot_localization/share/bot_localization/package.dsv
[1.113s] -- Up-to-date: /home/shaurya/bot_ws/install/bot_localization/share/ament_index/resource_index/packages/bot_localization
[1.113s] -- Up-to-date: /home/shaurya/bot_ws/install/bot_localization/share/bot_localization/cmake/bot_localizationConfig.cmake
[1.113s] -- Up-to-date: /home/shaurya/bot_ws/install/bot_localization/share/bot_localization/cmake/bot_localizationConfig-version.cmake
[1.113s] -- Installing: /home/shaurya/bot_ws/install/bot_localization/share/bot_localization/package.xml
[1.115s] Invoked command in '/home/shaurya/bot_ws/build/bot_localization' returned '0': CMAKE_PREFIX_PATH=/opt/ros/humble /usr/bin/cmake --install /home/shaurya/bot_ws/build/bot_localization
