[0.022s] Invoking command in '/home/shaurya/bot_ws/build/bot_utils': CMAKE_PREFIX_PATH=/opt/ros/humble /usr/bin/cmake --build /home/shaurya/bot_ws/build/bot_utils -- -j8 -l8
[0.081s] Built target ament_cmake_python_copy_bot_utils
[0.400s] running egg_info
[0.401s] writing bot_utils.egg-info/PKG-INFO
[0.401s] writing dependency_links to bot_utils.egg-info/dependency_links.txt
[0.401s] writing top-level names to bot_utils.egg-info/top_level.txt
[0.404s] reading manifest file 'bot_utils.egg-info/SOURCES.txt'
[0.405s] writing manifest file 'bot_utils.egg-info/SOURCES.txt'
[0.439s] Built target ament_cmake_python_build_bot_utils_egg
[0.453s] Invoked command in '/home/shaurya/bot_ws/build/bot_utils' returned '0': CMAKE_PREFIX_PATH=/opt/ros/humble /usr/bin/cmake --build /home/shaurya/bot_ws/build/bot_utils -- -j8 -l8
[0.455s] Invoking command in '/home/shaurya/bot_ws/build/bot_utils': CMAKE_PREFIX_PATH=/opt/ros/humble /usr/bin/cmake --install /home/shaurya/bot_ws/build/bot_utils
[0.464s] -- Install configuration: ""
[0.464s] -- Up-to-date: /home/shaurya/bot_ws/install/bot_utils/share/bot_utils/environment/pythonpath.sh
[0.465s] -- Up-to-date: /home/shaurya/bot_ws/install/bot_utils/share/bot_utils/environment/pythonpath.dsv
[0.465s] -- Up-to-date: /home/shaurya/bot_ws/install/bot_utils/local/lib/python3.10/dist-packages/bot_utils-0.0.0-py3.10.egg-info
[0.465s] -- Installing: /home/shaurya/bot_ws/install/bot_utils/local/lib/python3.10/dist-packages/bot_utils-0.0.0-py3.10.egg-info/top_level.txt
[0.465s] -- Installing: /home/shaurya/bot_ws/install/bot_utils/local/lib/python3.10/dist-packages/bot_utils-0.0.0-py3.10.egg-info/PKG-INFO
[0.466s] -- Installing: /home/shaurya/bot_ws/install/bot_utils/local/lib/python3.10/dist-packages/bot_utils-0.0.0-py3.10.egg-info/dependency_links.txt
[0.466s] -- Installing: /home/shaurya/bot_ws/install/bot_utils/local/lib/python3.10/dist-packages/bot_utils-0.0.0-py3.10.egg-info/SOURCES.txt
[0.466s] -- Up-to-date: /home/shaurya/bot_ws/install/bot_utils/local/lib/python3.10/dist-packages/bot_utils
[0.466s] -- Up-to-date: /home/shaurya/bot_ws/install/bot_utils/local/lib/python3.10/dist-packages/bot_utils/__init__.py
[0.466s] -- Up-to-date: /home/shaurya/bot_ws/install/bot_utils/local/lib/python3.10/dist-packages/bot_utils/safety_stop.py
[0.525s] Listing '/home/shaurya/bot_ws/install/bot_utils/local/lib/python3.10/dist-packages/bot_utils'...
[0.531s] -- Up-to-date: /home/shaurya/bot_ws/install/bot_utils/lib/bot_utils/safety_stop.py
[0.531s] -- Up-to-date: /home/shaurya/bot_ws/install/bot_utils/share/ament_index/resource_index/package_run_dependencies/bot_utils
[0.531s] -- Up-to-date: /home/shaurya/bot_ws/install/bot_utils/share/ament_index/resource_index/parent_prefix_path/bot_utils
[0.531s] -- Up-to-date: /home/shaurya/bot_ws/install/bot_utils/share/bot_utils/environment/ament_prefix_path.sh
[0.531s] -- Up-to-date: /home/shaurya/bot_ws/install/bot_utils/share/bot_utils/environment/ament_prefix_path.dsv
[0.531s] -- Up-to-date: /home/shaurya/bot_ws/install/bot_utils/share/bot_utils/environment/path.sh
[0.531s] -- Up-to-date: /home/shaurya/bot_ws/install/bot_utils/share/bot_utils/environment/path.dsv
[0.531s] -- Up-to-date: /home/shaurya/bot_ws/install/bot_utils/share/bot_utils/local_setup.bash
[0.532s] -- Up-to-date: /home/shaurya/bot_ws/install/bot_utils/share/bot_utils/local_setup.sh
[0.532s] -- Up-to-date: /home/shaurya/bot_ws/install/bot_utils/share/bot_utils/local_setup.zsh
[0.532s] -- Up-to-date: /home/shaurya/bot_ws/install/bot_utils/share/bot_utils/local_setup.dsv
[0.533s] -- Installing: /home/shaurya/bot_ws/install/bot_utils/share/bot_utils/package.dsv
[0.533s] -- Up-to-date: /home/shaurya/bot_ws/install/bot_utils/share/ament_index/resource_index/packages/bot_utils
[0.533s] -- Up-to-date: /home/shaurya/bot_ws/install/bot_utils/share/bot_utils/cmake/bot_utilsConfig.cmake
[0.533s] -- Up-to-date: /home/shaurya/bot_ws/install/bot_utils/share/bot_utils/cmake/bot_utilsConfig-version.cmake
[0.533s] -- Up-to-date: /home/shaurya/bot_ws/install/bot_utils/share/bot_utils/package.xml
[0.541s] Invoked command in '/home/shaurya/bot_ws/build/bot_utils' returned '0': CMAKE_PREFIX_PATH=/opt/ros/humble /usr/bin/cmake --install /home/shaurya/bot_ws/build/bot_utils
