[0.077s] DEBUG:colcon:Command line arguments: ['/usr/bin/colcon', 'build']
[0.077s] DEBUG:colcon:Parsed command line arguments: Namespace(log_base=None, log_level=None, verb_name='build', build_base='build', install_base='install', merge_install=False, symlink_install=False, test_result_base=None, continue_on_error=False, executor='parallel', parallel_workers=8, event_handlers=None, ignore_user_meta=False, metas=['./colcon.meta'], base_paths=['.'], packages_ignore=None, packages_ignore_regex=None, paths=None, packages_up_to=None, packages_up_to_regex=None, packages_above=None, packages_above_and_dependencies=None, packages_above_depth=None, packages_select_by_dep=None, packages_skip_by_dep=None, packages_skip_up_to=None, packages_select_build_failed=False, packages_skip_build_finished=False, packages_select_test_failures=False, packages_skip_test_passed=False, packages_select=None, packages_skip=None, packages_select_regex=None, packages_skip_regex=None, packages_start=None, packages_end=None, allow_overriding=[], cmake_args=None, cmake_target=None, cmake_target_skip_unavailable=False, cmake_clean_cache=False, cmake_clean_first=False, cmake_force_configure=False, ament_cmake_args=None, catkin_cmake_args=None, catkin_skip_building_tests=False, verb_parser=<colcon_defaults.argument_parser.defaults.DefaultArgumentsDecorator object at 0x7c94c9544f70>, verb_extension=<colcon_core.verb.build.BuildVerb object at 0x7c94c9544a30>, main=<bound method BuildVerb.main of <colcon_core.verb.build.BuildVerb object at 0x7c94c9544a30>>)
[0.189s] Level 1:colcon.colcon_core.package_discovery:discover_packages(colcon_meta) check parameters
[0.190s] Level 1:colcon.colcon_core.package_discovery:discover_packages(recursive) check parameters
[0.190s] Level 1:colcon.colcon_core.package_discovery:discover_packages(ignore) check parameters
[0.190s] Level 1:colcon.colcon_core.package_discovery:discover_packages(path) check parameters
[0.190s] Level 1:colcon.colcon_core.package_discovery:discover_packages(colcon_meta) discover
[0.190s] Level 1:colcon.colcon_core.package_discovery:discover_packages(recursive) discover
[0.190s] INFO:colcon.colcon_core.package_discovery:Crawling recursively for packages in '/home/shaurya/bot_ws'
[0.190s] Level 1:colcon.colcon_core.package_identification:_identify(.) by extensions ['ignore', 'ignore_ament_install']
[0.190s] Level 1:colcon.colcon_core.package_identification:_identify(.) by extension 'ignore'
[0.190s] Level 1:colcon.colcon_core.package_identification:_identify(.) by extension 'ignore_ament_install'
[0.190s] Level 1:colcon.colcon_core.package_identification:_identify(.) by extensions ['colcon_pkg']
[0.190s] Level 1:colcon.colcon_core.package_identification:_identify(.) by extension 'colcon_pkg'
[0.190s] Level 1:colcon.colcon_core.package_identification:_identify(.) by extensions ['colcon_meta']
[0.190s] Level 1:colcon.colcon_core.package_identification:_identify(.) by extension 'colcon_meta'
[0.190s] Level 1:colcon.colcon_core.package_identification:_identify(.) by extensions ['ros']
[0.190s] Level 1:colcon.colcon_core.package_identification:_identify(.) by extension 'ros'
[0.198s] Level 1:colcon.colcon_core.package_identification:_identify(.) by extensions ['cmake', 'python']
[0.198s] Level 1:colcon.colcon_core.package_identification:_identify(.) by extension 'cmake'
[0.198s] Level 1:colcon.colcon_core.package_identification:_identify(.) by extension 'python'
[0.198s] Level 1:colcon.colcon_core.package_identification:_identify(.) by extensions ['python_setup_py']
[0.198s] Level 1:colcon.colcon_core.package_identification:_identify(.) by extension 'python_setup_py'
[0.198s] Level 1:colcon.colcon_core.package_identification:_identify(build) by extensions ['ignore', 'ignore_ament_install']
[0.198s] Level 1:colcon.colcon_core.package_identification:_identify(build) by extension 'ignore'
[0.198s] Level 1:colcon.colcon_core.package_identification:_identify(build) ignored
[0.199s] Level 1:colcon.colcon_core.package_identification:_identify(install) by extensions ['ignore', 'ignore_ament_install']
[0.199s] Level 1:colcon.colcon_core.package_identification:_identify(install) by extension 'ignore'
[0.199s] Level 1:colcon.colcon_core.package_identification:_identify(install) ignored
[0.199s] Level 1:colcon.colcon_core.package_identification:_identify(log) by extensions ['ignore', 'ignore_ament_install']
[0.199s] Level 1:colcon.colcon_core.package_identification:_identify(log) by extension 'ignore'
[0.199s] Level 1:colcon.colcon_core.package_identification:_identify(log) ignored
[0.199s] Level 1:colcon.colcon_core.package_identification:_identify(src) by extensions ['ignore', 'ignore_ament_install']
[0.199s] Level 1:colcon.colcon_core.package_identification:_identify(src) by extension 'ignore'
[0.199s] Level 1:colcon.colcon_core.package_identification:_identify(src) by extension 'ignore_ament_install'
[0.199s] Level 1:colcon.colcon_core.package_identification:_identify(src) by extensions ['colcon_pkg']
[0.199s] Level 1:colcon.colcon_core.package_identification:_identify(src) by extension 'colcon_pkg'
[0.199s] Level 1:colcon.colcon_core.package_identification:_identify(src) by extensions ['colcon_meta']
[0.199s] Level 1:colcon.colcon_core.package_identification:_identify(src) by extension 'colcon_meta'
[0.199s] Level 1:colcon.colcon_core.package_identification:_identify(src) by extensions ['ros']
[0.199s] Level 1:colcon.colcon_core.package_identification:_identify(src) by extension 'ros'
[0.199s] Level 1:colcon.colcon_core.package_identification:_identify(src) by extensions ['cmake', 'python']
[0.200s] Level 1:colcon.colcon_core.package_identification:_identify(src) by extension 'cmake'
[0.200s] Level 1:colcon.colcon_core.package_identification:_identify(src) by extension 'python'
[0.200s] Level 1:colcon.colcon_core.package_identification:_identify(src) by extensions ['python_setup_py']
[0.200s] Level 1:colcon.colcon_core.package_identification:_identify(src) by extension 'python_setup_py'
[0.200s] Level 1:colcon.colcon_core.package_identification:_identify(src/bot_controller) by extensions ['ignore', 'ignore_ament_install']
[0.200s] Level 1:colcon.colcon_core.package_identification:_identify(src/bot_controller) by extension 'ignore'
[0.200s] Level 1:colcon.colcon_core.package_identification:_identify(src/bot_controller) by extension 'ignore_ament_install'
[0.200s] Level 1:colcon.colcon_core.package_identification:_identify(src/bot_controller) by extensions ['colcon_pkg']
[0.200s] Level 1:colcon.colcon_core.package_identification:_identify(src/bot_controller) by extension 'colcon_pkg'
[0.200s] Level 1:colcon.colcon_core.package_identification:_identify(src/bot_controller) by extensions ['colcon_meta']
[0.200s] Level 1:colcon.colcon_core.package_identification:_identify(src/bot_controller) by extension 'colcon_meta'
[0.200s] Level 1:colcon.colcon_core.package_identification:_identify(src/bot_controller) by extensions ['ros']
[0.200s] Level 1:colcon.colcon_core.package_identification:_identify(src/bot_controller) by extension 'ros'
[0.202s] DEBUG:colcon.colcon_core.package_identification:Package 'src/bot_controller' with type 'ros.ament_cmake' and name 'bot_controller'
[0.202s] Level 1:colcon.colcon_core.package_identification:_identify(src/bot_localization) by extensions ['ignore', 'ignore_ament_install']
[0.203s] Level 1:colcon.colcon_core.package_identification:_identify(src/bot_localization) by extension 'ignore'
[0.203s] Level 1:colcon.colcon_core.package_identification:_identify(src/bot_localization) by extension 'ignore_ament_install'
[0.203s] Level 1:colcon.colcon_core.package_identification:_identify(src/bot_localization) by extensions ['colcon_pkg']
[0.203s] Level 1:colcon.colcon_core.package_identification:_identify(src/bot_localization) by extension 'colcon_pkg'
[0.203s] Level 1:colcon.colcon_core.package_identification:_identify(src/bot_localization) by extensions ['colcon_meta']
[0.203s] Level 1:colcon.colcon_core.package_identification:_identify(src/bot_localization) by extension 'colcon_meta'
[0.203s] Level 1:colcon.colcon_core.package_identification:_identify(src/bot_localization) by extensions ['ros']
[0.203s] Level 1:colcon.colcon_core.package_identification:_identify(src/bot_localization) by extension 'ros'
[0.203s] DEBUG:colcon.colcon_core.package_identification:Package 'src/bot_localization' with type 'ros.ament_cmake' and name 'bot_localization'
[0.204s] Level 1:colcon.colcon_core.package_identification:_identify(src/description) by extensions ['ignore', 'ignore_ament_install']
[0.204s] Level 1:colcon.colcon_core.package_identification:_identify(src/description) by extension 'ignore'
[0.204s] Level 1:colcon.colcon_core.package_identification:_identify(src/description) by extension 'ignore_ament_install'
[0.204s] Level 1:colcon.colcon_core.package_identification:_identify(src/description) by extensions ['colcon_pkg']
[0.204s] Level 1:colcon.colcon_core.package_identification:_identify(src/description) by extension 'colcon_pkg'
[0.204s] Level 1:colcon.colcon_core.package_identification:_identify(src/description) by extensions ['colcon_meta']
[0.204s] Level 1:colcon.colcon_core.package_identification:_identify(src/description) by extension 'colcon_meta'
[0.204s] Level 1:colcon.colcon_core.package_identification:_identify(src/description) by extensions ['ros']
[0.204s] Level 1:colcon.colcon_core.package_identification:_identify(src/description) by extension 'ros'
[0.204s] DEBUG:colcon.colcon_core.package_identification:Package 'src/description' with type 'ros.ament_cmake' and name 'description'
[0.205s] Level 1:colcon.colcon_core.package_discovery:discover_packages(recursive) using defaults
[0.205s] Level 1:colcon.colcon_core.package_discovery:discover_packages(ignore) discover
[0.205s] Level 1:colcon.colcon_core.package_discovery:discover_packages(ignore) using defaults
[0.205s] Level 1:colcon.colcon_core.package_discovery:discover_packages(path) discover
[0.205s] Level 1:colcon.colcon_core.package_discovery:discover_packages(path) using defaults
[0.228s] Level 1:colcon.colcon_core.package_discovery:discover_packages(prefix_path) check parameters
[0.228s] Level 1:colcon.colcon_core.package_discovery:discover_packages(prefix_path) discover
[0.232s] DEBUG:colcon.colcon_installed_package_information.package_discovery:Found 430 installed packages in /opt/ros/humble
[0.233s] Level 1:colcon.colcon_core.package_discovery:discover_packages(prefix_path) using defaults
[0.268s] Level 5:colcon.colcon_core.verb:set package 'bot_controller' build argument 'cmake_args' from command line to 'None'
[0.268s] Level 5:colcon.colcon_core.verb:set package 'bot_controller' build argument 'cmake_target' from command line to 'None'
[0.269s] Level 5:colcon.colcon_core.verb:set package 'bot_controller' build argument 'cmake_target_skip_unavailable' from command line to 'False'
[0.269s] Level 5:colcon.colcon_core.verb:set package 'bot_controller' build argument 'cmake_clean_cache' from command line to 'False'
[0.269s] Level 5:colcon.colcon_core.verb:set package 'bot_controller' build argument 'cmake_clean_first' from command line to 'False'
[0.269s] Level 5:colcon.colcon_core.verb:set package 'bot_controller' build argument 'cmake_force_configure' from command line to 'False'
[0.269s] Level 5:colcon.colcon_core.verb:set package 'bot_controller' build argument 'ament_cmake_args' from command line to 'None'
[0.269s] Level 5:colcon.colcon_core.verb:set package 'bot_controller' build argument 'catkin_cmake_args' from command line to 'None'
[0.269s] Level 5:colcon.colcon_core.verb:set package 'bot_controller' build argument 'catkin_skip_building_tests' from command line to 'False'
[0.269s] DEBUG:colcon.colcon_core.verb:Building package 'bot_controller' with the following arguments: {'ament_cmake_args': None, 'build_base': '/home/shaurya/bot_ws/build/bot_controller', 'catkin_cmake_args': None, 'catkin_skip_building_tests': False, 'cmake_args': None, 'cmake_clean_cache': False, 'cmake_clean_first': False, 'cmake_force_configure': False, 'cmake_target': None, 'cmake_target_skip_unavailable': False, 'install_base': '/home/shaurya/bot_ws/install/bot_controller', 'merge_install': False, 'path': '/home/shaurya/bot_ws/src/bot_controller', 'symlink_install': False, 'test_result_base': None}
[0.269s] Level 5:colcon.colcon_core.verb:set package 'bot_localization' build argument 'cmake_args' from command line to 'None'
[0.269s] Level 5:colcon.colcon_core.verb:set package 'bot_localization' build argument 'cmake_target' from command line to 'None'
[0.269s] Level 5:colcon.colcon_core.verb:set package 'bot_localization' build argument 'cmake_target_skip_unavailable' from command line to 'False'
[0.269s] Level 5:colcon.colcon_core.verb:set package 'bot_localization' build argument 'cmake_clean_cache' from command line to 'False'
[0.269s] Level 5:colcon.colcon_core.verb:set package 'bot_localization' build argument 'cmake_clean_first' from command line to 'False'
[0.269s] Level 5:colcon.colcon_core.verb:set package 'bot_localization' build argument 'cmake_force_configure' from command line to 'False'
[0.269s] Level 5:colcon.colcon_core.verb:set package 'bot_localization' build argument 'ament_cmake_args' from command line to 'None'
[0.269s] Level 5:colcon.colcon_core.verb:set package 'bot_localization' build argument 'catkin_cmake_args' from command line to 'None'
[0.269s] Level 5:colcon.colcon_core.verb:set package 'bot_localization' build argument 'catkin_skip_building_tests' from command line to 'False'
[0.269s] DEBUG:colcon.colcon_core.verb:Building package 'bot_localization' with the following arguments: {'ament_cmake_args': None, 'build_base': '/home/shaurya/bot_ws/build/bot_localization', 'catkin_cmake_args': None, 'catkin_skip_building_tests': False, 'cmake_args': None, 'cmake_clean_cache': False, 'cmake_clean_first': False, 'cmake_force_configure': False, 'cmake_target': None, 'cmake_target_skip_unavailable': False, 'install_base': '/home/shaurya/bot_ws/install/bot_localization', 'merge_install': False, 'path': '/home/shaurya/bot_ws/src/bot_localization', 'symlink_install': False, 'test_result_base': None}
[0.270s] Level 5:colcon.colcon_core.verb:set package 'description' build argument 'cmake_args' from command line to 'None'
[0.270s] Level 5:colcon.colcon_core.verb:set package 'description' build argument 'cmake_target' from command line to 'None'
[0.270s] Level 5:colcon.colcon_core.verb:set package 'description' build argument 'cmake_target_skip_unavailable' from command line to 'False'
[0.270s] Level 5:colcon.colcon_core.verb:set package 'description' build argument 'cmake_clean_cache' from command line to 'False'
[0.270s] Level 5:colcon.colcon_core.verb:set package 'description' build argument 'cmake_clean_first' from command line to 'False'
[0.270s] Level 5:colcon.colcon_core.verb:set package 'description' build argument 'cmake_force_configure' from command line to 'False'
[0.270s] Level 5:colcon.colcon_core.verb:set package 'description' build argument 'ament_cmake_args' from command line to 'None'
[0.270s] Level 5:colcon.colcon_core.verb:set package 'description' build argument 'catkin_cmake_args' from command line to 'None'
[0.270s] Level 5:colcon.colcon_core.verb:set package 'description' build argument 'catkin_skip_building_tests' from command line to 'False'
[0.270s] DEBUG:colcon.colcon_core.verb:Building package 'description' with the following arguments: {'ament_cmake_args': None, 'build_base': '/home/shaurya/bot_ws/build/description', 'catkin_cmake_args': None, 'catkin_skip_building_tests': False, 'cmake_args': None, 'cmake_clean_cache': False, 'cmake_clean_first': False, 'cmake_force_configure': False, 'cmake_target': None, 'cmake_target_skip_unavailable': False, 'install_base': '/home/shaurya/bot_ws/install/description', 'merge_install': False, 'path': '/home/shaurya/bot_ws/src/description', 'symlink_install': False, 'test_result_base': None}
[0.270s] INFO:colcon.colcon_core.executor:Executing jobs using 'parallel' executor
[0.271s] DEBUG:colcon.colcon_parallel_executor.executor.parallel:run_until_complete
[0.271s] INFO:colcon.colcon_ros.task.ament_cmake.build:Building ROS package in '/home/shaurya/bot_ws/src/bot_controller' with build type 'ament_cmake'
[0.271s] INFO:colcon.colcon_cmake.task.cmake.build:Building CMake package in '/home/shaurya/bot_ws/src/bot_controller'
[0.274s] INFO:colcon.colcon_core.plugin_system:Skipping extension 'colcon_core.shell.bat': Not used on non-Windows systems
[0.274s] INFO:colcon.colcon_core.shell:Skip shell extension 'powershell' for command environment: Not usable outside of PowerShell
[0.274s] DEBUG:colcon.colcon_core.shell:Skip shell extension 'dsv' for command environment
[0.277s] INFO:colcon.colcon_ros.task.ament_cmake.build:Building ROS package in '/home/shaurya/bot_ws/src/bot_localization' with build type 'ament_cmake'
[0.277s] INFO:colcon.colcon_cmake.task.cmake.build:Building CMake package in '/home/shaurya/bot_ws/src/bot_localization'
[0.277s] INFO:colcon.colcon_core.shell:Skip shell extension 'powershell' for command environment: Not usable outside of PowerShell
[0.277s] DEBUG:colcon.colcon_core.shell:Skip shell extension 'dsv' for command environment
[0.279s] INFO:colcon.colcon_ros.task.ament_cmake.build:Building ROS package in '/home/shaurya/bot_ws/src/description' with build type 'ament_cmake'
[0.279s] INFO:colcon.colcon_cmake.task.cmake.build:Building CMake package in '/home/shaurya/bot_ws/src/description'
[0.279s] INFO:colcon.colcon_core.shell:Skip shell extension 'powershell' for command environment: Not usable outside of PowerShell
[0.279s] DEBUG:colcon.colcon_core.shell:Skip shell extension 'dsv' for command environment
[0.285s] DEBUG:colcon.colcon_core.event_handler.log_command:Invoking command in '/home/shaurya/bot_ws/build/bot_controller': CMAKE_PREFIX_PATH=/opt/ros/humble /usr/bin/cmake --build /home/shaurya/bot_ws/build/bot_controller -- -j8 -l8
[0.289s] DEBUG:colcon.colcon_core.event_handler.log_command:Invoking command in '/home/shaurya/bot_ws/build/bot_localization': CMAKE_PREFIX_PATH=/opt/ros/humble /usr/bin/cmake --build /home/shaurya/bot_ws/build/bot_localization -- -j8 -l8
[0.292s] DEBUG:colcon.colcon_core.event_handler.log_command:Invoking command in '/home/shaurya/bot_ws/build/description': CMAKE_PREFIX_PATH=/opt/ros/humble /usr/bin/cmake --build /home/shaurya/bot_ws/build/description -- -j8 -l8
[0.322s] DEBUG:colcon.colcon_core.event_handler.log_command:Invoked command in '/home/shaurya/bot_ws/build/description' returned '0': CMAKE_PREFIX_PATH=/opt/ros/humble /usr/bin/cmake --build /home/shaurya/bot_ws/build/description -- -j8 -l8
[0.330s] DEBUG:colcon.colcon_core.event_handler.log_command:Invoking command in '/home/shaurya/bot_ws/build/description': CMAKE_PREFIX_PATH=/opt/ros/humble /usr/bin/cmake --install /home/shaurya/bot_ws/build/description
[0.351s] Level 1:colcon.colcon_core.environment:create_environment_scripts_only(description)
[0.372s] Level 1:colcon.colcon_core.environment:checking '/home/shaurya/bot_ws/install/description' for CMake module files
[0.374s] Level 1:colcon.colcon_core.environment:checking '/home/shaurya/bot_ws/install/description' for CMake config files
[0.378s] Level 1:colcon.colcon_core.shell:create_environment_hook('description', 'cmake_prefix_path')
[0.379s] INFO:colcon.colcon_core.shell:Creating environment hook '/home/shaurya/bot_ws/install/description/share/description/hook/cmake_prefix_path.ps1'
[0.381s] INFO:colcon.colcon_core.shell:Creating environment descriptor '/home/shaurya/bot_ws/install/description/share/description/hook/cmake_prefix_path.dsv'
[0.384s] INFO:colcon.colcon_core.shell:Creating environment hook '/home/shaurya/bot_ws/install/description/share/description/hook/cmake_prefix_path.sh'
[0.391s] Level 1:colcon.colcon_core.environment:checking '/home/shaurya/bot_ws/install/description/bin'
[0.392s] Level 1:colcon.colcon_core.environment:checking '/home/shaurya/bot_ws/install/description/lib/pkgconfig/description.pc'
[0.392s] Level 1:colcon.colcon_core.environment:checking '/home/shaurya/bot_ws/install/description/lib/python3.10/site-packages'
[0.393s] Level 1:colcon.colcon_core.environment:checking '/home/shaurya/bot_ws/install/description/bin'
[0.393s] INFO:colcon.colcon_core.shell:Creating package script '/home/shaurya/bot_ws/install/description/share/description/package.ps1'
[0.398s] INFO:colcon.colcon_core.shell:Creating package descriptor '/home/shaurya/bot_ws/install/description/share/description/package.dsv'
[0.401s] INFO:colcon.colcon_core.shell:Creating package script '/home/shaurya/bot_ws/install/description/share/description/package.sh'
[0.402s] INFO:colcon.colcon_core.shell:Creating package script '/home/shaurya/bot_ws/install/description/share/description/package.bash'
[0.404s] INFO:colcon.colcon_core.shell:Creating package script '/home/shaurya/bot_ws/install/description/share/description/package.zsh'
[0.405s] Level 1:colcon.colcon_core.environment:create_file_with_runtime_dependencies(/home/shaurya/bot_ws/install/description/share/colcon-core/packages/description)
[0.407s] Level 1:colcon.colcon_core.environment:create_environment_scripts_only(description)
[0.407s] Level 1:colcon.colcon_core.environment:checking '/home/shaurya/bot_ws/install/description' for CMake module files
[0.408s] Level 1:colcon.colcon_core.environment:checking '/home/shaurya/bot_ws/install/description' for CMake config files
[0.412s] Level 1:colcon.colcon_core.shell:create_environment_hook('description', 'cmake_prefix_path')
[0.412s] INFO:colcon.colcon_core.shell:Creating environment hook '/home/shaurya/bot_ws/install/description/share/description/hook/cmake_prefix_path.ps1'
[0.414s] INFO:colcon.colcon_core.shell:Creating environment descriptor '/home/shaurya/bot_ws/install/description/share/description/hook/cmake_prefix_path.dsv'
[0.414s] INFO:colcon.colcon_core.shell:Creating environment hook '/home/shaurya/bot_ws/install/description/share/description/hook/cmake_prefix_path.sh'
[0.416s] Level 1:colcon.colcon_core.environment:checking '/home/shaurya/bot_ws/install/description/bin'
[0.417s] Level 1:colcon.colcon_core.environment:checking '/home/shaurya/bot_ws/install/description/lib/pkgconfig/description.pc'
[0.417s] Level 1:colcon.colcon_core.environment:checking '/home/shaurya/bot_ws/install/description/lib/python3.10/site-packages'
[0.417s] Level 1:colcon.colcon_core.environment:checking '/home/shaurya/bot_ws/install/description/bin'
[0.417s] INFO:colcon.colcon_core.shell:Creating package script '/home/shaurya/bot_ws/install/description/share/description/package.ps1'
[0.418s] INFO:colcon.colcon_core.shell:Creating package descriptor '/home/shaurya/bot_ws/install/description/share/description/package.dsv'
[0.419s] INFO:colcon.colcon_core.shell:Creating package script '/home/shaurya/bot_ws/install/description/share/description/package.sh'
[0.420s] INFO:colcon.colcon_core.shell:Creating package script '/home/shaurya/bot_ws/install/description/share/description/package.bash'
[0.421s] INFO:colcon.colcon_core.shell:Creating package script '/home/shaurya/bot_ws/install/description/share/description/package.zsh'
[0.422s] Level 1:colcon.colcon_core.environment:create_file_with_runtime_dependencies(/home/shaurya/bot_ws/install/description/share/colcon-core/packages/description)
[0.429s] DEBUG:colcon.colcon_core.event_handler.log_command:Invoked command in '/home/shaurya/bot_ws/build/description' returned '0': CMAKE_PREFIX_PATH=/opt/ros/humble /usr/bin/cmake --install /home/shaurya/bot_ws/build/description
[0.586s] DEBUG:colcon.colcon_core.event_handler.log_command:Invoked command in '/home/shaurya/bot_ws/build/bot_localization' returned '0': CMAKE_PREFIX_PATH=/opt/ros/humble /usr/bin/cmake --build /home/shaurya/bot_ws/build/bot_localization -- -j8 -l8
[0.587s] DEBUG:colcon.colcon_core.event_handler.log_command:Invoking command in '/home/shaurya/bot_ws/build/bot_localization': CMAKE_PREFIX_PATH=/opt/ros/humble /usr/bin/cmake --install /home/shaurya/bot_ws/build/bot_localization
[0.619s] Level 1:colcon.colcon_core.environment:create_environment_scripts_only(bot_localization)
[0.619s] Level 1:colcon.colcon_core.environment:checking '/home/shaurya/bot_ws/install/bot_localization' for CMake module files
[0.619s] DEBUG:colcon.colcon_core.event_handler.log_command:Invoked command in '/home/shaurya/bot_ws/build/bot_localization' returned '0': CMAKE_PREFIX_PATH=/opt/ros/humble /usr/bin/cmake --install /home/shaurya/bot_ws/build/bot_localization
[0.620s] Level 1:colcon.colcon_core.environment:checking '/home/shaurya/bot_ws/install/bot_localization' for CMake config files
[0.620s] Level 1:colcon.colcon_core.shell:create_environment_hook('bot_localization', 'cmake_prefix_path')
[0.620s] INFO:colcon.colcon_core.shell:Creating environment hook '/home/shaurya/bot_ws/install/bot_localization/share/bot_localization/hook/cmake_prefix_path.ps1'
[0.620s] INFO:colcon.colcon_core.shell:Creating environment descriptor '/home/shaurya/bot_ws/install/bot_localization/share/bot_localization/hook/cmake_prefix_path.dsv'
[0.621s] INFO:colcon.colcon_core.shell:Creating environment hook '/home/shaurya/bot_ws/install/bot_localization/share/bot_localization/hook/cmake_prefix_path.sh'
[0.621s] Level 1:colcon.colcon_core.environment:checking '/home/shaurya/bot_ws/install/bot_localization/lib'
[0.621s] Level 1:colcon.colcon_core.environment:checking '/home/shaurya/bot_ws/install/bot_localization/bin'
[0.621s] Level 1:colcon.colcon_core.environment:checking '/home/shaurya/bot_ws/install/bot_localization/lib/pkgconfig/bot_localization.pc'
[0.621s] Level 1:colcon.colcon_core.environment:checking '/home/shaurya/bot_ws/install/bot_localization/lib/python3.10/site-packages'
[0.622s] Level 1:colcon.colcon_core.environment:checking '/home/shaurya/bot_ws/install/bot_localization/bin'
[0.622s] INFO:colcon.colcon_core.shell:Creating package script '/home/shaurya/bot_ws/install/bot_localization/share/bot_localization/package.ps1'
[0.622s] INFO:colcon.colcon_core.shell:Creating package descriptor '/home/shaurya/bot_ws/install/bot_localization/share/bot_localization/package.dsv'
[0.622s] INFO:colcon.colcon_core.shell:Creating package script '/home/shaurya/bot_ws/install/bot_localization/share/bot_localization/package.sh'
[0.623s] INFO:colcon.colcon_core.shell:Creating package script '/home/shaurya/bot_ws/install/bot_localization/share/bot_localization/package.bash'
[0.623s] INFO:colcon.colcon_core.shell:Creating package script '/home/shaurya/bot_ws/install/bot_localization/share/bot_localization/package.zsh'
[0.623s] Level 1:colcon.colcon_core.environment:create_file_with_runtime_dependencies(/home/shaurya/bot_ws/install/bot_localization/share/colcon-core/packages/bot_localization)
[0.623s] Level 1:colcon.colcon_core.environment:create_environment_scripts_only(bot_localization)
[0.623s] Level 1:colcon.colcon_core.environment:checking '/home/shaurya/bot_ws/install/bot_localization' for CMake module files
[0.624s] Level 1:colcon.colcon_core.environment:checking '/home/shaurya/bot_ws/install/bot_localization' for CMake config files
[0.624s] Level 1:colcon.colcon_core.shell:create_environment_hook('bot_localization', 'cmake_prefix_path')
[0.624s] INFO:colcon.colcon_core.shell:Creating environment hook '/home/shaurya/bot_ws/install/bot_localization/share/bot_localization/hook/cmake_prefix_path.ps1'
[0.624s] INFO:colcon.colcon_core.shell:Creating environment descriptor '/home/shaurya/bot_ws/install/bot_localization/share/bot_localization/hook/cmake_prefix_path.dsv'
[0.624s] INFO:colcon.colcon_core.shell:Creating environment hook '/home/shaurya/bot_ws/install/bot_localization/share/bot_localization/hook/cmake_prefix_path.sh'
[0.625s] Level 1:colcon.colcon_core.environment:checking '/home/shaurya/bot_ws/install/bot_localization/lib'
[0.625s] Level 1:colcon.colcon_core.environment:checking '/home/shaurya/bot_ws/install/bot_localization/bin'
[0.625s] Level 1:colcon.colcon_core.environment:checking '/home/shaurya/bot_ws/install/bot_localization/lib/pkgconfig/bot_localization.pc'
[0.625s] Level 1:colcon.colcon_core.environment:checking '/home/shaurya/bot_ws/install/bot_localization/lib/python3.10/site-packages'
[0.625s] Level 1:colcon.colcon_core.environment:checking '/home/shaurya/bot_ws/install/bot_localization/bin'
[0.625s] INFO:colcon.colcon_core.shell:Creating package script '/home/shaurya/bot_ws/install/bot_localization/share/bot_localization/package.ps1'
[0.626s] INFO:colcon.colcon_core.shell:Creating package descriptor '/home/shaurya/bot_ws/install/bot_localization/share/bot_localization/package.dsv'
[0.626s] INFO:colcon.colcon_core.shell:Creating package script '/home/shaurya/bot_ws/install/bot_localization/share/bot_localization/package.sh'
[0.626s] INFO:colcon.colcon_core.shell:Creating package script '/home/shaurya/bot_ws/install/bot_localization/share/bot_localization/package.bash'
[0.626s] INFO:colcon.colcon_core.shell:Creating package script '/home/shaurya/bot_ws/install/bot_localization/share/bot_localization/package.zsh'
[0.627s] Level 1:colcon.colcon_core.environment:create_file_with_runtime_dependencies(/home/shaurya/bot_ws/install/bot_localization/share/colcon-core/packages/bot_localization)
[1.162s] DEBUG:colcon.colcon_core.event_handler.log_command:Invoked command in '/home/shaurya/bot_ws/build/bot_controller' returned '0': CMAKE_PREFIX_PATH=/opt/ros/humble /usr/bin/cmake --build /home/shaurya/bot_ws/build/bot_controller -- -j8 -l8
[1.164s] DEBUG:colcon.colcon_core.event_handler.log_command:Invoking command in '/home/shaurya/bot_ws/build/bot_controller': CMAKE_PREFIX_PATH=/opt/ros/humble /usr/bin/cmake --install /home/shaurya/bot_ws/build/bot_controller
[1.213s] Level 1:colcon.colcon_core.environment:create_environment_scripts_only(bot_controller)
[1.213s] Level 1:colcon.colcon_core.environment:checking '/home/shaurya/bot_ws/install/bot_controller' for CMake module files
[1.214s] DEBUG:colcon.colcon_core.event_handler.log_command:Invoked command in '/home/shaurya/bot_ws/build/bot_controller' returned '0': CMAKE_PREFIX_PATH=/opt/ros/humble /usr/bin/cmake --install /home/shaurya/bot_ws/build/bot_controller
[1.214s] Level 1:colcon.colcon_core.environment:checking '/home/shaurya/bot_ws/install/bot_controller' for CMake config files
[1.215s] Level 1:colcon.colcon_core.shell:create_environment_hook('bot_controller', 'cmake_prefix_path')
[1.215s] INFO:colcon.colcon_core.shell:Creating environment hook '/home/shaurya/bot_ws/install/bot_controller/share/bot_controller/hook/cmake_prefix_path.ps1'
[1.216s] INFO:colcon.colcon_core.shell:Creating environment descriptor '/home/shaurya/bot_ws/install/bot_controller/share/bot_controller/hook/cmake_prefix_path.dsv'
[1.216s] INFO:colcon.colcon_core.shell:Creating environment hook '/home/shaurya/bot_ws/install/bot_controller/share/bot_controller/hook/cmake_prefix_path.sh'
[1.217s] Level 1:colcon.colcon_core.environment:checking '/home/shaurya/bot_ws/install/bot_controller/lib'
[1.217s] Level 1:colcon.colcon_core.environment:checking '/home/shaurya/bot_ws/install/bot_controller/bin'
[1.217s] Level 1:colcon.colcon_core.environment:checking '/home/shaurya/bot_ws/install/bot_controller/lib/pkgconfig/bot_controller.pc'
[1.217s] Level 1:colcon.colcon_core.environment:checking '/home/shaurya/bot_ws/install/bot_controller/lib/python3.10/site-packages'
[1.217s] Level 1:colcon.colcon_core.environment:checking '/home/shaurya/bot_ws/install/bot_controller/bin'
[1.218s] INFO:colcon.colcon_core.shell:Creating package script '/home/shaurya/bot_ws/install/bot_controller/share/bot_controller/package.ps1'
[1.218s] INFO:colcon.colcon_core.shell:Creating package descriptor '/home/shaurya/bot_ws/install/bot_controller/share/bot_controller/package.dsv'
[1.219s] INFO:colcon.colcon_core.shell:Creating package script '/home/shaurya/bot_ws/install/bot_controller/share/bot_controller/package.sh'
[1.219s] INFO:colcon.colcon_core.shell:Creating package script '/home/shaurya/bot_ws/install/bot_controller/share/bot_controller/package.bash'
[1.220s] INFO:colcon.colcon_core.shell:Creating package script '/home/shaurya/bot_ws/install/bot_controller/share/bot_controller/package.zsh'
[1.220s] Level 1:colcon.colcon_core.environment:create_file_with_runtime_dependencies(/home/shaurya/bot_ws/install/bot_controller/share/colcon-core/packages/bot_controller)
[1.221s] Level 1:colcon.colcon_core.environment:create_environment_scripts_only(bot_controller)
[1.221s] Level 1:colcon.colcon_core.environment:checking '/home/shaurya/bot_ws/install/bot_controller' for CMake module files
[1.222s] Level 1:colcon.colcon_core.environment:checking '/home/shaurya/bot_ws/install/bot_controller' for CMake config files
[1.222s] Level 1:colcon.colcon_core.shell:create_environment_hook('bot_controller', 'cmake_prefix_path')
[1.222s] INFO:colcon.colcon_core.shell:Creating environment hook '/home/shaurya/bot_ws/install/bot_controller/share/bot_controller/hook/cmake_prefix_path.ps1'
[1.223s] INFO:colcon.colcon_core.shell:Creating environment descriptor '/home/shaurya/bot_ws/install/bot_controller/share/bot_controller/hook/cmake_prefix_path.dsv'
[1.224s] INFO:colcon.colcon_core.shell:Creating environment hook '/home/shaurya/bot_ws/install/bot_controller/share/bot_controller/hook/cmake_prefix_path.sh'
[1.224s] Level 1:colcon.colcon_core.environment:checking '/home/shaurya/bot_ws/install/bot_controller/lib'
[1.224s] Level 1:colcon.colcon_core.environment:checking '/home/shaurya/bot_ws/install/bot_controller/bin'
[1.224s] Level 1:colcon.colcon_core.environment:checking '/home/shaurya/bot_ws/install/bot_controller/lib/pkgconfig/bot_controller.pc'
[1.225s] Level 1:colcon.colcon_core.environment:checking '/home/shaurya/bot_ws/install/bot_controller/lib/python3.10/site-packages'
[1.225s] Level 1:colcon.colcon_core.environment:checking '/home/shaurya/bot_ws/install/bot_controller/bin'
[1.226s] INFO:colcon.colcon_core.shell:Creating package script '/home/shaurya/bot_ws/install/bot_controller/share/bot_controller/package.ps1'
[1.226s] INFO:colcon.colcon_core.shell:Creating package descriptor '/home/shaurya/bot_ws/install/bot_controller/share/bot_controller/package.dsv'
[1.227s] INFO:colcon.colcon_core.shell:Creating package script '/home/shaurya/bot_ws/install/bot_controller/share/bot_controller/package.sh'
[1.227s] INFO:colcon.colcon_core.shell:Creating package script '/home/shaurya/bot_ws/install/bot_controller/share/bot_controller/package.bash'
[1.228s] INFO:colcon.colcon_core.shell:Creating package script '/home/shaurya/bot_ws/install/bot_controller/share/bot_controller/package.zsh'
[1.228s] Level 1:colcon.colcon_core.environment:create_file_with_runtime_dependencies(/home/shaurya/bot_ws/install/bot_controller/share/colcon-core/packages/bot_controller)
[1.229s] DEBUG:colcon.colcon_parallel_executor.executor.parallel:closing loop
[1.229s] DEBUG:colcon.colcon_parallel_executor.executor.parallel:loop closed
[1.229s] DEBUG:colcon.colcon_parallel_executor.executor.parallel:run_until_complete finished with '0'
[1.229s] DEBUG:colcon.colcon_core.event_reactor:joining thread
[1.235s] INFO:colcon.colcon_core.plugin_system:Skipping extension 'colcon_notification.desktop_notification.terminal_notifier': Not used on non-Darwin systems
[1.235s] INFO:colcon.colcon_core.plugin_system:Skipping extension 'colcon_notification.desktop_notification.win32': Not used on non-Windows systems
[1.235s] INFO:colcon.colcon_notification.desktop_notification:Sending desktop notification using 'notify2'
[1.254s] DEBUG:colcon.colcon_core.event_reactor:joined thread
[1.255s] INFO:colcon.colcon_core.shell:Creating prefix script '/home/shaurya/bot_ws/install/local_setup.ps1'
[1.256s] INFO:colcon.colcon_core.shell:Creating prefix util module '/home/shaurya/bot_ws/install/_local_setup_util_ps1.py'
[1.258s] INFO:colcon.colcon_core.shell:Creating prefix chain script '/home/shaurya/bot_ws/install/setup.ps1'
[1.259s] INFO:colcon.colcon_core.shell:Creating prefix script '/home/shaurya/bot_ws/install/local_setup.sh'
[1.260s] INFO:colcon.colcon_core.shell:Creating prefix util module '/home/shaurya/bot_ws/install/_local_setup_util_sh.py'
[1.261s] INFO:colcon.colcon_core.shell:Creating prefix chain script '/home/shaurya/bot_ws/install/setup.sh'
[1.262s] INFO:colcon.colcon_core.shell:Creating prefix script '/home/shaurya/bot_ws/install/local_setup.bash'
[1.263s] INFO:colcon.colcon_core.shell:Creating prefix chain script '/home/shaurya/bot_ws/install/setup.bash'
[1.264s] INFO:colcon.colcon_core.shell:Creating prefix script '/home/shaurya/bot_ws/install/local_setup.zsh'
[1.265s] INFO:colcon.colcon_core.shell:Creating prefix chain script '/home/shaurya/bot_ws/install/setup.zsh'
