[0.006s] Invoking command in '/home/shaurya/bot_ws/build/bot_mapping': CMAKE_PREFIX_PATH=/home/shaurya/bot_ws/install/bot_localization:/home/shaurya/bot_ws/install/description:/home/shaurya/bot_ws/install/bot_utils:/home/shaurya/bot_ws/install/bot_mapping:/home/shaurya/bot_ws/install/bot_controller:/opt/ros/humble /usr/bin/cmake --build /home/shaurya/bot_ws/build/bot_mapping -- -j8 -l8
[0.053s] Built target ament_cmake_python_copy_bot_mapping
[0.271s] running egg_info
[0.271s] writing bot_mapping.egg-info/PKG-INFO
[0.272s] writing dependency_links to bot_mapping.egg-info/dependency_links.txt
[0.272s] writing top-level names to bot_mapping.egg-info/top_level.txt
[0.274s] reading manifest file 'bot_mapping.egg-info/SOURCES.txt'
[0.274s] writing manifest file 'bot_mapping.egg-info/SOURCES.txt'
[0.299s] Built target ament_cmake_python_build_bot_mapping_egg
[0.307s] Invoked command in '/home/shaurya/bot_ws/build/bot_mapping' returned '0': CMAKE_PREFIX_PATH=/home/shaurya/bot_ws/install/bot_localization:/home/shaurya/bot_ws/install/description:/home/shaurya/bot_ws/install/bot_utils:/home/shaurya/bot_ws/install/bot_mapping:/home/shaurya/bot_ws/install/bot_controller:/opt/ros/humble /usr/bin/cmake --build /home/shaurya/bot_ws/build/bot_mapping -- -j8 -l8
[0.309s] Invoking command in '/home/shaurya/bot_ws/build/bot_mapping': CMAKE_PREFIX_PATH=/home/shaurya/bot_ws/install/bot_localization:/home/shaurya/bot_ws/install/description:/home/shaurya/bot_ws/install/bot_utils:/home/shaurya/bot_ws/install/bot_mapping:/home/shaurya/bot_ws/install/bot_controller:/opt/ros/humble /usr/bin/cmake --install /home/shaurya/bot_ws/build/bot_mapping
[0.314s] -- Install configuration: ""
[0.315s] -- Up-to-date: /home/shaurya/bot_ws/install/bot_mapping/share/bot_mapping/environment/pythonpath.sh
[0.315s] -- Up-to-date: /home/shaurya/bot_ws/install/bot_mapping/share/bot_mapping/environment/pythonpath.dsv
[0.315s] -- Up-to-date: /home/shaurya/bot_ws/install/bot_mapping/local/lib/python3.10/dist-packages/bot_mapping-0.0.0-py3.10.egg-info
[0.315s] -- Installing: /home/shaurya/bot_ws/install/bot_mapping/local/lib/python3.10/dist-packages/bot_mapping-0.0.0-py3.10.egg-info/top_level.txt
[0.315s] -- Installing: /home/shaurya/bot_ws/install/bot_mapping/local/lib/python3.10/dist-packages/bot_mapping-0.0.0-py3.10.egg-info/PKG-INFO
[0.315s] -- Installing: /home/shaurya/bot_ws/install/bot_mapping/local/lib/python3.10/dist-packages/bot_mapping-0.0.0-py3.10.egg-info/dependency_links.txt
[0.315s] -- Installing: /home/shaurya/bot_ws/install/bot_mapping/local/lib/python3.10/dist-packages/bot_mapping-0.0.0-py3.10.egg-info/SOURCES.txt
[0.315s] -- Up-to-date: /home/shaurya/bot_ws/install/bot_mapping/local/lib/python3.10/dist-packages/bot_mapping
[0.315s] -- Up-to-date: /home/shaurya/bot_ws/install/bot_mapping/local/lib/python3.10/dist-packages/bot_mapping/__init__.py
[0.315s] -- Up-to-date: /home/shaurya/bot_ws/install/bot_mapping/local/lib/python3.10/dist-packages/bot_mapping/mapping_with_known_poses.py
[0.352s] Listing '/home/shaurya/bot_ws/install/bot_mapping/local/lib/python3.10/dist-packages/bot_mapping'...
[0.356s] -- Up-to-date: /home/shaurya/bot_ws/install/bot_mapping/lib/bot_mapping/mapping_with_known_poses.py
[0.357s] -- Up-to-date: /home/shaurya/bot_ws/install/bot_mapping/share/bot_mapping/maps
[0.357s] -- Up-to-date: /home/shaurya/bot_ws/install/bot_mapping/share/bot_mapping/maps/small_house
[0.357s] -- Up-to-date: /home/shaurya/bot_ws/install/bot_mapping/share/bot_mapping/maps/small_house/map.yaml
[0.357s] -- Up-to-date: /home/shaurya/bot_ws/install/bot_mapping/share/bot_mapping/maps/small_house/map.pgm
[0.357s] -- Up-to-date: /home/shaurya/bot_ws/install/bot_mapping/share/bot_mapping/launch
[0.357s] -- Up-to-date: /home/shaurya/bot_ws/install/bot_mapping/share/bot_mapping/launch/slam.launch.py
[0.357s] -- Up-to-date: /home/shaurya/bot_ws/install/bot_mapping/share/bot_mapping/config
[0.357s] -- Up-to-date: /home/shaurya/bot_ws/install/bot_mapping/share/bot_mapping/config/slam_toolbox.yaml
[0.357s] -- Up-to-date: /home/shaurya/bot_ws/install/bot_mapping/share/ament_index/resource_index/package_run_dependencies/bot_mapping
[0.357s] -- Up-to-date: /home/shaurya/bot_ws/install/bot_mapping/share/ament_index/resource_index/parent_prefix_path/bot_mapping
[0.357s] -- Up-to-date: /home/shaurya/bot_ws/install/bot_mapping/share/bot_mapping/environment/ament_prefix_path.sh
[0.357s] -- Up-to-date: /home/shaurya/bot_ws/install/bot_mapping/share/bot_mapping/environment/ament_prefix_path.dsv
[0.358s] -- Up-to-date: /home/shaurya/bot_ws/install/bot_mapping/share/bot_mapping/environment/path.sh
[0.358s] -- Up-to-date: /home/shaurya/bot_ws/install/bot_mapping/share/bot_mapping/environment/path.dsv
[0.358s] -- Up-to-date: /home/shaurya/bot_ws/install/bot_mapping/share/bot_mapping/local_setup.bash
[0.358s] -- Up-to-date: /home/shaurya/bot_ws/install/bot_mapping/share/bot_mapping/local_setup.sh
[0.358s] -- Up-to-date: /home/shaurya/bot_ws/install/bot_mapping/share/bot_mapping/local_setup.zsh
[0.358s] -- Up-to-date: /home/shaurya/bot_ws/install/bot_mapping/share/bot_mapping/local_setup.dsv
[0.358s] -- Installing: /home/shaurya/bot_ws/install/bot_mapping/share/bot_mapping/package.dsv
[0.358s] -- Up-to-date: /home/shaurya/bot_ws/install/bot_mapping/share/ament_index/resource_index/packages/bot_mapping
[0.358s] -- Up-to-date: /home/shaurya/bot_ws/install/bot_mapping/share/bot_mapping/cmake/bot_mappingConfig.cmake
[0.358s] -- Up-to-date: /home/shaurya/bot_ws/install/bot_mapping/share/bot_mapping/cmake/bot_mappingConfig-version.cmake
[0.358s] -- Up-to-date: /home/shaurya/bot_ws/install/bot_mapping/share/bot_mapping/package.xml
[0.360s] Invoked command in '/home/shaurya/bot_ws/build/bot_mapping' returned '0': CMAKE_PREFIX_PATH=/home/shaurya/bot_ws/install/bot_localization:/home/shaurya/bot_ws/install/description:/home/shaurya/bot_ws/install/bot_utils:/home/shaurya/bot_ws/install/bot_mapping:/home/shaurya/bot_ws/install/bot_controller:/opt/ros/humble /usr/bin/cmake --install /home/shaurya/bot_ws/build/bot_mapping
