[0.025s] Invoking command in '/home/shaurya/bot_ws/build/bot_mapping': CMAKE_PREFIX_PATH=/opt/ros/humble /usr/bin/cmake /home/shaurya/bot_ws/src/bot_mapping -DCMAKE_INSTALL_PREFIX=/home/shaurya/bot_ws/install/bot_mapping
[0.245s] -- The C compiler identification is GNU 11.4.0
[0.265s] -- The CXX compiler identification is GNU 11.4.0
[0.283s] -- Detecting C compiler ABI info
[0.373s] -- Detecting C compiler ABI info - done
[0.389s] -- Check for working C compiler: /usr/bin/cc - skipped
[0.390s] -- Detecting C compile features
[0.391s] -- Detecting C compile features - done
[0.397s] -- Detecting CXX compiler ABI info
[0.502s] -- Detecting CXX compiler ABI info - done
[0.518s] -- Check for working CXX compiler: /usr/bin/c++ - skipped
[0.519s] -- Detecting CXX compile features
[0.519s] -- Detecting CXX compile features - done
[0.525s] -- Found ament_cmake: 1.3.11 (/opt/ros/humble/share/ament_cmake/cmake)
[0.737s] -- Found Python3: /usr/bin/python3 (found version "3.10.12") found components: Interpreter 
[0.870s] -- Found ament_lint_auto: 0.12.11 (/opt/ros/humble/share/ament_lint_auto/cmake)
[0.986s] -- Added test 'lint_cmake' to check CMake code style
[0.987s] -- Added test 'xmllint' to check XML markup files
[0.989s] -- Configuring done
[0.992s] -- Generating done
[0.994s] -- Build files have been written to: /home/shaurya/bot_ws/build/bot_mapping
[0.999s] Invoked command in '/home/shaurya/bot_ws/build/bot_mapping' returned '0': CMAKE_PREFIX_PATH=/opt/ros/humble /usr/bin/cmake /home/shaurya/bot_ws/src/bot_mapping -DCMAKE_INSTALL_PREFIX=/home/shaurya/bot_ws/install/bot_mapping
[1.000s] Invoking command in '/home/shaurya/bot_ws/build/bot_mapping': CMAKE_PREFIX_PATH=/opt/ros/humble /usr/bin/cmake --build /home/shaurya/bot_ws/build/bot_mapping -- -j8 -l8
[1.039s] Invoked command in '/home/shaurya/bot_ws/build/bot_mapping' returned '0': CMAKE_PREFIX_PATH=/opt/ros/humble /usr/bin/cmake --build /home/shaurya/bot_ws/build/bot_mapping -- -j8 -l8
[1.041s] Invoking command in '/home/shaurya/bot_ws/build/bot_mapping': CMAKE_PREFIX_PATH=/opt/ros/humble /usr/bin/cmake --install /home/shaurya/bot_ws/build/bot_mapping
[1.047s] -- Install configuration: ""
[1.048s] -- Installing: /home/shaurya/bot_ws/install/bot_mapping/share/ament_index/resource_index/package_run_dependencies/bot_mapping
[1.048s] -- Installing: /home/shaurya/bot_ws/install/bot_mapping/share/ament_index/resource_index/parent_prefix_path/bot_mapping
[1.048s] -- Installing: /home/shaurya/bot_ws/install/bot_mapping/share/bot_mapping/environment/ament_prefix_path.sh
[1.048s] -- Installing: /home/shaurya/bot_ws/install/bot_mapping/share/bot_mapping/environment/ament_prefix_path.dsv
[1.048s] -- Installing: /home/shaurya/bot_ws/install/bot_mapping/share/bot_mapping/environment/path.sh
[1.048s] -- Installing: /home/shaurya/bot_ws/install/bot_mapping/share/bot_mapping/environment/path.dsv
[1.048s] -- Installing: /home/shaurya/bot_ws/install/bot_mapping/share/bot_mapping/local_setup.bash
[1.048s] -- Installing: /home/shaurya/bot_ws/install/bot_mapping/share/bot_mapping/local_setup.sh
[1.048s] -- Installing: /home/shaurya/bot_ws/install/bot_mapping/share/bot_mapping/local_setup.zsh
[1.048s] -- Installing: /home/shaurya/bot_ws/install/bot_mapping/share/bot_mapping/local_setup.dsv
[1.049s] -- Installing: /home/shaurya/bot_ws/install/bot_mapping/share/bot_mapping/package.dsv
[1.049s] -- Installing: /home/shaurya/bot_ws/install/bot_mapping/share/ament_index/resource_index/packages/bot_mapping
[1.049s] -- Installing: /home/shaurya/bot_ws/install/bot_mapping/share/bot_mapping/cmake/bot_mappingConfig.cmake
[1.049s] -- Installing: /home/shaurya/bot_ws/install/bot_mapping/share/bot_mapping/cmake/bot_mappingConfig-version.cmake
[1.049s] -- Installing: /home/shaurya/bot_ws/install/bot_mapping/share/bot_mapping/package.xml
[1.052s] Invoked command in '/home/shaurya/bot_ws/build/bot_mapping' returned '0': CMAKE_PREFIX_PATH=/opt/ros/humble /usr/bin/cmake --install /home/shaurya/bot_ws/build/bot_mapping
