[0.026s] Invoking command in '/home/shaurya/Army_Bot-2113888637b68d092bb7a1b05b42718a8ff7eb72/build/bot_controller': CMAKE_PREFIX_PATH=/opt/ros/humble /usr/bin/cmake --build /home/shaurya/Army_Bot-2113888637b68d092bb7a1b05b42718a8ff7eb72/build/bot_controller -- -j8 -l8
[0.038s] [0mCMake Error: The current CMakeCache.txt directory /home/shaurya/Army_Bot-2113888637b68d092bb7a1b05b42718a8ff7eb72/build/bot_controller/CMakeCache.txt is different than the directory /home/shaurya/bot_ws/build/bot_controller where CMakeCache.txt was created. This may result in binaries being created in the wrong place. If you are not sure, reedit the CMakeCache.txt[0m
[0.125s] Built target ament_cmake_python_copy_bot_controller
[0.607s] running egg_info
[0.608s] writing bot_controller.egg-info/PKG-INFO
[0.609s] writing dependency_links to bot_controller.egg-info/dependency_links.txt
[0.609s] writing top-level names to bot_controller.egg-info/top_level.txt
[0.613s] reading manifest file 'bot_controller.egg-info/SOURCES.txt'
[0.614s] writing manifest file 'bot_controller.egg-info/SOURCES.txt'
[0.663s] Built target ament_cmake_python_build_bot_controller_egg
[0.697s] Invoked command in '/home/shaurya/Army_Bot-2113888637b68d092bb7a1b05b42718a8ff7eb72/build/bot_controller' returned '0': CMAKE_PREFIX_PATH=/opt/ros/humble /usr/bin/cmake --build /home/shaurya/Army_Bot-2113888637b68d092bb7a1b05b42718a8ff7eb72/build/bot_controller -- -j8 -l8
[0.700s] Invoking command in '/home/shaurya/Army_Bot-2113888637b68d092bb7a1b05b42718a8ff7eb72/build/bot_controller': CMAKE_PREFIX_PATH=/opt/ros/humble /usr/bin/cmake --install /home/shaurya/Army_Bot-2113888637b68d092bb7a1b05b42718a8ff7eb72/build/bot_controller
[0.715s] -- Install configuration: ""
[0.715s] -- Up-to-date: /home/shaurya/bot_ws/install/bot_controller/share/bot_controller/environment/pythonpath.sh
[0.715s] -- Up-to-date: /home/shaurya/bot_ws/install/bot_controller/share/bot_controller/environment/pythonpath.dsv
[0.716s] -- Up-to-date: /home/shaurya/bot_ws/install/bot_controller/local/lib/python3.10/dist-packages/bot_controller-0.0.0-py3.10.egg-info
[0.716s] -- Installing: /home/shaurya/bot_ws/install/bot_controller/local/lib/python3.10/dist-packages/bot_controller-0.0.0-py3.10.egg-info/top_level.txt
[0.716s] -- Installing: /home/shaurya/bot_ws/install/bot_controller/local/lib/python3.10/dist-packages/bot_controller-0.0.0-py3.10.egg-info/PKG-INFO
[0.718s] -- Installing: /home/shaurya/bot_ws/install/bot_controller/local/lib/python3.10/dist-packages/bot_controller-0.0.0-py3.10.egg-info/dependency_links.txt
[0.718s] -- Installing: /home/shaurya/bot_ws/install/bot_controller/local/lib/python3.10/dist-packages/bot_controller-0.0.0-py3.10.egg-info/SOURCES.txt
[0.718s] -- Up-to-date: /home/shaurya/bot_ws/install/bot_controller/local/lib/python3.10/dist-packages/bot_controller
[0.718s] -- Up-to-date: /home/shaurya/bot_ws/install/bot_controller/local/lib/python3.10/dist-packages/bot_controller/__init__.py
[0.718s] -- Up-to-date: /home/shaurya/bot_ws/install/bot_controller/local/lib/python3.10/dist-packages/bot_controller/simple_controller.py
[0.718s] -- Up-to-date: /home/shaurya/bot_ws/install/bot_controller/local/lib/python3.10/dist-packages/bot_controller/noisy_controller.py
[0.779s] Listing '/home/shaurya/bot_ws/install/bot_controller/local/lib/python3.10/dist-packages/bot_controller'...
[0.787s] -- Up-to-date: /home/shaurya/bot_ws/install/bot_controller/share/bot_controller/config
[0.787s] -- Up-to-date: /home/shaurya/bot_ws/install/bot_controller/share/bot_controller/config/bot_controller.yaml
[0.788s] -- Up-to-date: /home/shaurya/bot_ws/install/bot_controller/share/bot_controller/launch
[0.788s] -- Up-to-date: /home/shaurya/bot_ws/install/bot_controller/share/bot_controller/launch/controller.launch.py
[0.788s] -- Up-to-date: /home/shaurya/bot_ws/install/bot_controller/lib/bot_controller/simple_controller.py
[0.788s] -- Up-to-date: /home/shaurya/bot_ws/install/bot_controller/lib/bot_controller/noisy_controller.py
[0.789s] -- Up-to-date: /home/shaurya/bot_ws/install/bot_controller/share/ament_index/resource_index/package_run_dependencies/bot_controller
[0.789s] -- Up-to-date: /home/shaurya/bot_ws/install/bot_controller/share/ament_index/resource_index/parent_prefix_path/bot_controller
[0.789s] -- Up-to-date: /home/shaurya/bot_ws/install/bot_controller/share/bot_controller/environment/ament_prefix_path.sh
[0.789s] -- Up-to-date: /home/shaurya/bot_ws/install/bot_controller/share/bot_controller/environment/ament_prefix_path.dsv
[0.789s] -- Up-to-date: /home/shaurya/bot_ws/install/bot_controller/share/bot_controller/environment/path.sh
[0.790s] -- Up-to-date: /home/shaurya/bot_ws/install/bot_controller/share/bot_controller/environment/path.dsv
[0.790s] -- Up-to-date: /home/shaurya/bot_ws/install/bot_controller/share/bot_controller/local_setup.bash
[0.790s] -- Up-to-date: /home/shaurya/bot_ws/install/bot_controller/share/bot_controller/local_setup.sh
[0.790s] -- Up-to-date: /home/shaurya/bot_ws/install/bot_controller/share/bot_controller/local_setup.zsh
[0.790s] -- Up-to-date: /home/shaurya/bot_ws/install/bot_controller/share/bot_controller/local_setup.dsv
[0.790s] -- Installing: /home/shaurya/bot_ws/install/bot_controller/share/bot_controller/package.dsv
[0.791s] -- Up-to-date: /home/shaurya/bot_ws/install/bot_controller/share/ament_index/resource_index/packages/bot_controller
[0.791s] -- Up-to-date: /home/shaurya/bot_ws/install/bot_controller/share/bot_controller/cmake/bot_controllerConfig.cmake
[0.791s] -- Up-to-date: /home/shaurya/bot_ws/install/bot_controller/share/bot_controller/cmake/bot_controllerConfig-version.cmake
[0.791s] -- Up-to-date: /home/shaurya/bot_ws/install/bot_controller/share/bot_controller/package.xml
[0.794s] Invoked command in '/home/shaurya/Army_Bot-2113888637b68d092bb7a1b05b42718a8ff7eb72/build/bot_controller' returned '0': CMAKE_PREFIX_PATH=/opt/ros/humble /usr/bin/cmake --install /home/shaurya/Army_Bot-2113888637b68d092bb7a1b05b42718a8ff7eb72/build/bot_controller
