[0.023s] Invoking command in '/home/shaurya/bot_ws/build/bot_mapping': AMENT_PREFIX_PATH=/home/shaurya/bot_ws/install/bot_localization:${AMENT_PREFIX_PATH} CMAKE_PREFIX_PATH=/home/shaurya/bot_ws/install/bot_localization:/home/shaurya/install/urdf_description:/home/shaurya/install/bumper_bot_py_examples:/opt/ros/humble PYTHONPATH=/home/shaurya/bot_ws/install/bot_localization/local/lib/python3.10/dist-packages:${PYTHONPATH} /usr/bin/cmake --build /home/shaurya/bot_ws/build/bot_mapping -- -j8 -l8
[0.143s] Built target ament_cmake_python_copy_bot_mapping
[0.906s] running egg_info
[0.908s] writing bot_mapping.egg-info/PKG-INFO
[0.909s] writing dependency_links to bot_mapping.egg-info/dependency_links.txt
[0.911s] writing top-level names to bot_mapping.egg-info/top_level.txt
[0.916s] reading manifest file 'bot_mapping.egg-info/SOURCES.txt'
[0.917s] writing manifest file 'bot_mapping.egg-info/SOURCES.txt'
[0.978s] Built target ament_cmake_python_build_bot_mapping_egg
[1.001s] Invoked command in '/home/shaurya/bot_ws/build/bot_mapping' returned '0': AMENT_PREFIX_PATH=/home/shaurya/bot_ws/install/bot_localization:${AMENT_PREFIX_PATH} CMAKE_PREFIX_PATH=/home/shaurya/bot_ws/install/bot_localization:/home/shaurya/install/urdf_description:/home/shaurya/install/bumper_bot_py_examples:/opt/ros/humble PYTHONPATH=/home/shaurya/bot_ws/install/bot_localization/local/lib/python3.10/dist-packages:${PYTHONPATH} /usr/bin/cmake --build /home/shaurya/bot_ws/build/bot_mapping -- -j8 -l8
[1.006s] Invoking command in '/home/shaurya/bot_ws/build/bot_mapping': AMENT_PREFIX_PATH=/home/shaurya/bot_ws/install/bot_localization:${AMENT_PREFIX_PATH} CMAKE_PREFIX_PATH=/home/shaurya/bot_ws/install/bot_localization:/home/shaurya/install/urdf_description:/home/shaurya/install/bumper_bot_py_examples:/opt/ros/humble PYTHONPATH=/home/shaurya/bot_ws/install/bot_localization/local/lib/python3.10/dist-packages:${PYTHONPATH} /usr/bin/cmake --install /home/shaurya/bot_ws/build/bot_mapping
[1.029s] -- Install configuration: ""
[1.030s] -- Up-to-date: /home/shaurya/bot_ws/install/bot_mapping/share/bot_mapping/environment/pythonpath.sh
[1.030s] -- Up-to-date: /home/shaurya/bot_ws/install/bot_mapping/share/bot_mapping/environment/pythonpath.dsv
[1.030s] -- Up-to-date: /home/shaurya/bot_ws/install/bot_mapping/local/lib/python3.10/dist-packages/bot_mapping-0.0.0-py3.10.egg-info
[1.030s] -- Installing: /home/shaurya/bot_ws/install/bot_mapping/local/lib/python3.10/dist-packages/bot_mapping-0.0.0-py3.10.egg-info/top_level.txt
[1.030s] -- Installing: /home/shaurya/bot_ws/install/bot_mapping/local/lib/python3.10/dist-packages/bot_mapping-0.0.0-py3.10.egg-info/PKG-INFO
[1.031s] -- Installing: /home/shaurya/bot_ws/install/bot_mapping/local/lib/python3.10/dist-packages/bot_mapping-0.0.0-py3.10.egg-info/dependency_links.txt
[1.031s] -- Installing: /home/shaurya/bot_ws/install/bot_mapping/local/lib/python3.10/dist-packages/bot_mapping-0.0.0-py3.10.egg-info/SOURCES.txt
[1.031s] -- Up-to-date: /home/shaurya/bot_ws/install/bot_mapping/local/lib/python3.10/dist-packages/bot_mapping
[1.031s] -- Up-to-date: /home/shaurya/bot_ws/install/bot_mapping/local/lib/python3.10/dist-packages/bot_mapping/__init__.py
[1.031s] -- Up-to-date: /home/shaurya/bot_ws/install/bot_mapping/local/lib/python3.10/dist-packages/bot_mapping/mapping_with_known_poses.py
[1.147s] Listing '/home/shaurya/bot_ws/install/bot_mapping/local/lib/python3.10/dist-packages/bot_mapping'...
[1.156s] -- Up-to-date: /home/shaurya/bot_ws/install/bot_mapping/lib/bot_mapping/mapping_with_known_poses.py
[1.156s] -- Up-to-date: /home/shaurya/bot_ws/install/bot_mapping/share/bot_mapping/maps
[1.157s] -- Up-to-date: /home/shaurya/bot_ws/install/bot_mapping/share/bot_mapping/maps/small_house
[1.157s] -- Up-to-date: /home/shaurya/bot_ws/install/bot_mapping/share/bot_mapping/maps/small_house/map.yaml
[1.157s] -- Up-to-date: /home/shaurya/bot_ws/install/bot_mapping/share/bot_mapping/maps/small_house/map.pgm
[1.157s] -- Up-to-date: /home/shaurya/bot_ws/install/bot_mapping/share/bot_mapping/launch
[1.157s] -- Up-to-date: /home/shaurya/bot_ws/install/bot_mapping/share/bot_mapping/launch/slam.launch.py
[1.158s] -- Up-to-date: /home/shaurya/bot_ws/install/bot_mapping/share/bot_mapping/config
[1.158s] -- Up-to-date: /home/shaurya/bot_ws/install/bot_mapping/share/bot_mapping/config/slam_toolbox.yaml
[1.158s] -- Up-to-date: /home/shaurya/bot_ws/install/bot_mapping/share/ament_index/resource_index/package_run_dependencies/bot_mapping
[1.158s] -- Up-to-date: /home/shaurya/bot_ws/install/bot_mapping/share/ament_index/resource_index/parent_prefix_path/bot_mapping
[1.158s] -- Up-to-date: /home/shaurya/bot_ws/install/bot_mapping/share/bot_mapping/environment/ament_prefix_path.sh
[1.158s] -- Up-to-date: /home/shaurya/bot_ws/install/bot_mapping/share/bot_mapping/environment/ament_prefix_path.dsv
[1.158s] -- Up-to-date: /home/shaurya/bot_ws/install/bot_mapping/share/bot_mapping/environment/path.sh
[1.158s] -- Up-to-date: /home/shaurya/bot_ws/install/bot_mapping/share/bot_mapping/environment/path.dsv
[1.159s] -- Up-to-date: /home/shaurya/bot_ws/install/bot_mapping/share/bot_mapping/local_setup.bash
[1.159s] -- Up-to-date: /home/shaurya/bot_ws/install/bot_mapping/share/bot_mapping/local_setup.sh
[1.159s] -- Up-to-date: /home/shaurya/bot_ws/install/bot_mapping/share/bot_mapping/local_setup.zsh
[1.159s] -- Up-to-date: /home/shaurya/bot_ws/install/bot_mapping/share/bot_mapping/local_setup.dsv
[1.159s] -- Installing: /home/shaurya/bot_ws/install/bot_mapping/share/bot_mapping/package.dsv
[1.159s] -- Up-to-date: /home/shaurya/bot_ws/install/bot_mapping/share/ament_index/resource_index/packages/bot_mapping
[1.160s] -- Up-to-date: /home/shaurya/bot_ws/install/bot_mapping/share/bot_mapping/cmake/bot_mappingConfig.cmake
[1.160s] -- Up-to-date: /home/shaurya/bot_ws/install/bot_mapping/share/bot_mapping/cmake/bot_mappingConfig-version.cmake
[1.160s] -- Up-to-date: /home/shaurya/bot_ws/install/bot_mapping/share/bot_mapping/package.xml
[1.165s] Invoked command in '/home/shaurya/bot_ws/build/bot_mapping' returned '0': AMENT_PREFIX_PATH=/home/shaurya/bot_ws/install/bot_localization:${AMENT_PREFIX_PATH} CMAKE_PREFIX_PATH=/home/shaurya/bot_ws/install/bot_localization:/home/shaurya/install/urdf_description:/home/shaurya/install/bumper_bot_py_examples:/opt/ros/humble PYTHONPATH=/home/shaurya/bot_ws/install/bot_localization/local/lib/python3.10/dist-packages:${PYTHONPATH} /usr/bin/cmake --install /home/shaurya/bot_ws/build/bot_mapping
