-- The C compiler identification is GNU 11.4.0
-- The CXX compiler identification is GNU 11.4.0
-- Detecting C compiler ABI info
-- Detecting C compiler ABI info - done
-- Check for working C compiler: /usr/bin/cc - skipped
-- Detecting C compile features
-- Detecting C compile features - done
-- Detecting CXX compiler ABI info
-- Detecting CXX compiler ABI info - done
-- Check for working CXX compiler: /usr/bin/c++ - skipped
-- Detecting CXX compile features
-- Detecting CXX compile features - done
-- Found ament_cmake: 1.3.11 (/opt/ros/humble/share/ament_cmake/cmake)
-- Found Python3: /usr/bin/python3 (found version "3.10.12") found components: Interpreter 
-- Found ament_lint_auto: 0.12.11 (/opt/ros/humble/share/ament_lint_auto/cmake)
-- Added test 'lint_cmake' to check CMake code style
-- Added test 'xmllint' to check XML markup files
-- Configuring done
-- Generating done
-- Build files have been written to: /home/shaurya/bot_ws/build/bot_localization
-- Install configuration: ""
-- Installing: /home/shaurya/bot_ws/install/bot_localization/share/ament_index/resource_index/package_run_dependencies/bot_localization
-- Installing: /home/shaurya/bot_ws/install/bot_localization/share/ament_index/resource_index/parent_prefix_path/bot_localization
-- Installing: /home/shaurya/bot_ws/install/bot_localization/share/bot_localization/environment/ament_prefix_path.sh
-- Installing: /home/shaurya/bot_ws/install/bot_localization/share/bot_localization/environment/ament_prefix_path.dsv
-- Installing: /home/shaurya/bot_ws/install/bot_localization/share/bot_localization/environment/path.sh
-- Installing: /home/shaurya/bot_ws/install/bot_localization/share/bot_localization/environment/path.dsv
-- Installing: /home/shaurya/bot_ws/install/bot_localization/share/bot_localization/local_setup.bash
-- Installing: /home/shaurya/bot_ws/install/bot_localization/share/bot_localization/local_setup.sh
-- Installing: /home/shaurya/bot_ws/install/bot_localization/share/bot_localization/local_setup.zsh
-- Installing: /home/shaurya/bot_ws/install/bot_localization/share/bot_localization/local_setup.dsv
-- Installing: /home/shaurya/bot_ws/install/bot_localization/share/bot_localization/package.dsv
-- Installing: /home/shaurya/bot_ws/install/bot_localization/share/ament_index/resource_index/packages/bot_localization
-- Installing: /home/shaurya/bot_ws/install/bot_localization/share/bot_localization/cmake/bot_localizationConfig.cmake
-- Installing: /home/shaurya/bot_ws/install/bot_localization/share/bot_localization/cmake/bot_localizationConfig-version.cmake
-- Installing: /home/shaurya/bot_ws/install/bot_localization/share/bot_localization/package.xml
