[0.017s] Invoking command in '/home/shaurya/bot_ws/build/bot_localization': CMAKE_PREFIX_PATH=/opt/ros/humble /usr/bin/cmake /home/shaurya/bot_ws/src/bot_localization -DCMAKE_INSTALL_PREFIX=/home/shaurya/bot_ws/install/bot_localization
[0.145s] -- The C compiler identification is GNU 11.4.0
[0.226s] -- The CXX compiler identification is GNU 11.4.0
[0.235s] -- Detecting C compiler ABI info
[0.307s] -- Detecting C compiler ABI info - done
[0.320s] -- Check for working C compiler: /usr/bin/cc - skipped
[0.320s] -- Detecting C compile features
[0.321s] -- Detecting C compile features - done
[0.328s] -- Detecting CXX compiler ABI info
[0.413s] -- Detecting CXX compiler ABI info - done
[0.429s] -- Check for working CXX compiler: /usr/bin/c++ - skipped
[0.429s] -- Detecting CXX compile features
[0.430s] -- Detecting CXX compile features - done
[0.434s] -- Found ament_cmake: 1.3.11 (/opt/ros/humble/share/ament_cmake/cmake)
[0.584s] -- Found Python3: /usr/bin/python3 (found version "3.10.12") found components: Interpreter 
[0.678s] -- Found ament_lint_auto: 0.12.11 (/opt/ros/humble/share/ament_lint_auto/cmake)
[0.751s] -- Added test 'lint_cmake' to check CMake code style
[0.753s] -- Added test 'xmllint' to check XML markup files
[0.754s] -- Configuring done
[0.756s] -- Generating done
[0.757s] -- Build files have been written to: /home/shaurya/bot_ws/build/bot_localization
[0.761s] Invoked command in '/home/shaurya/bot_ws/build/bot_localization' returned '0': CMAKE_PREFIX_PATH=/opt/ros/humble /usr/bin/cmake /home/shaurya/bot_ws/src/bot_localization -DCMAKE_INSTALL_PREFIX=/home/shaurya/bot_ws/install/bot_localization
[0.762s] Invoking command in '/home/shaurya/bot_ws/build/bot_localization': CMAKE_PREFIX_PATH=/opt/ros/humble /usr/bin/cmake --build /home/shaurya/bot_ws/build/bot_localization -- -j8 -l8
[0.797s] Invoked command in '/home/shaurya/bot_ws/build/bot_localization' returned '0': CMAKE_PREFIX_PATH=/opt/ros/humble /usr/bin/cmake --build /home/shaurya/bot_ws/build/bot_localization -- -j8 -l8
[0.799s] Invoking command in '/home/shaurya/bot_ws/build/bot_localization': CMAKE_PREFIX_PATH=/opt/ros/humble /usr/bin/cmake --install /home/shaurya/bot_ws/build/bot_localization
[0.805s] -- Install configuration: ""
[0.805s] -- Installing: /home/shaurya/bot_ws/install/bot_localization/share/ament_index/resource_index/package_run_dependencies/bot_localization
[0.805s] -- Installing: /home/shaurya/bot_ws/install/bot_localization/share/ament_index/resource_index/parent_prefix_path/bot_localization
[0.805s] -- Installing: /home/shaurya/bot_ws/install/bot_localization/share/bot_localization/environment/ament_prefix_path.sh
[0.806s] -- Installing: /home/shaurya/bot_ws/install/bot_localization/share/bot_localization/environment/ament_prefix_path.dsv
[0.806s] -- Installing: /home/shaurya/bot_ws/install/bot_localization/share/bot_localization/environment/path.sh
[0.806s] -- Installing: /home/shaurya/bot_ws/install/bot_localization/share/bot_localization/environment/path.dsv
[0.806s] -- Installing: /home/shaurya/bot_ws/install/bot_localization/share/bot_localization/local_setup.bash
[0.806s] -- Installing: /home/shaurya/bot_ws/install/bot_localization/share/bot_localization/local_setup.sh
[0.806s] -- Installing: /home/shaurya/bot_ws/install/bot_localization/share/bot_localization/local_setup.zsh
[0.806s] -- Installing: /home/shaurya/bot_ws/install/bot_localization/share/bot_localization/local_setup.dsv
[0.806s] -- Installing: /home/shaurya/bot_ws/install/bot_localization/share/bot_localization/package.dsv
[0.806s] -- Installing: /home/shaurya/bot_ws/install/bot_localization/share/ament_index/resource_index/packages/bot_localization
[0.807s] -- Installing: /home/shaurya/bot_ws/install/bot_localization/share/bot_localization/cmake/bot_localizationConfig.cmake
[0.807s] -- Installing: /home/shaurya/bot_ws/install/bot_localization/share/bot_localization/cmake/bot_localizationConfig-version.cmake
[0.807s] -- Installing: /home/shaurya/bot_ws/install/bot_localization/share/bot_localization/package.xml
[0.809s] Invoked command in '/home/shaurya/bot_ws/build/bot_localization' returned '0': CMAKE_PREFIX_PATH=/opt/ros/humble /usr/bin/cmake --install /home/shaurya/bot_ws/build/bot_localization
