[0.082s] DEBUG:colcon:Command line arguments: ['/usr/bin/colcon', 'build']
[0.082s] DEBUG:colcon:Parsed command line arguments: Namespace(log_base=None, log_level=None, verb_name='build', build_base='build', install_base='install', merge_install=False, symlink_install=False, test_result_base=None, continue_on_error=False, executor='parallel', parallel_workers=8, event_handlers=None, ignore_user_meta=False, metas=['./colcon.meta'], base_paths=['.'], packages_ignore=None, packages_ignore_regex=None, paths=None, packages_up_to=None, packages_up_to_regex=None, packages_above=None, packages_above_and_dependencies=None, packages_above_depth=None, packages_select_by_dep=None, packages_skip_by_dep=None, packages_skip_up_to=None, packages_select_build_failed=False, packages_skip_build_finished=False, packages_select_test_failures=False, packages_skip_test_passed=False, packages_select=None, packages_skip=None, packages_select_regex=None, packages_skip_regex=None, packages_start=None, packages_end=None, allow_overriding=[], cmake_args=None, cmake_target=None, cmake_target_skip_unavailable=False, cmake_clean_cache=False, cmake_clean_first=False, cmake_force_configure=False, ament_cmake_args=None, catkin_cmake_args=None, catkin_skip_building_tests=False, verb_parser=<colcon_defaults.argument_parser.defaults.DefaultArgumentsDecorator object at 0x7c9126f54f70>, verb_extension=<colcon_core.verb.build.BuildVerb object at 0x7c9126f54a30>, main=<bound method BuildVerb.main of <colcon_core.verb.build.BuildVerb object at 0x7c9126f54a30>>)
[0.227s] Level 1:colcon.colcon_core.package_discovery:discover_packages(colcon_meta) check parameters
[0.227s] Level 1:colcon.colcon_core.package_discovery:discover_packages(recursive) check parameters
[0.227s] Level 1:colcon.colcon_core.package_discovery:discover_packages(ignore) check parameters
[0.227s] Level 1:colcon.colcon_core.package_discovery:discover_packages(path) check parameters
[0.227s] Level 1:colcon.colcon_core.package_discovery:discover_packages(colcon_meta) discover
[0.227s] Level 1:colcon.colcon_core.package_discovery:discover_packages(recursive) discover
[0.227s] INFO:colcon.colcon_core.package_discovery:Crawling recursively for packages in '/home/shaurya/bot_ws'
[0.227s] Level 1:colcon.colcon_core.package_identification:_identify(.) by extensions ['ignore', 'ignore_ament_install']
[0.227s] Level 1:colcon.colcon_core.package_identification:_identify(.) by extension 'ignore'
[0.227s] Level 1:colcon.colcon_core.package_identification:_identify(.) by extension 'ignore_ament_install'
[0.227s] Level 1:colcon.colcon_core.package_identification:_identify(.) by extensions ['colcon_pkg']
[0.227s] Level 1:colcon.colcon_core.package_identification:_identify(.) by extension 'colcon_pkg'
[0.227s] Level 1:colcon.colcon_core.package_identification:_identify(.) by extensions ['colcon_meta']
[0.227s] Level 1:colcon.colcon_core.package_identification:_identify(.) by extension 'colcon_meta'
[0.227s] Level 1:colcon.colcon_core.package_identification:_identify(.) by extensions ['ros']
[0.227s] Level 1:colcon.colcon_core.package_identification:_identify(.) by extension 'ros'
[0.237s] Level 1:colcon.colcon_core.package_identification:_identify(.) by extensions ['cmake', 'python']
[0.237s] Level 1:colcon.colcon_core.package_identification:_identify(.) by extension 'cmake'
[0.237s] Level 1:colcon.colcon_core.package_identification:_identify(.) by extension 'python'
[0.237s] Level 1:colcon.colcon_core.package_identification:_identify(.) by extensions ['python_setup_py']
[0.237s] Level 1:colcon.colcon_core.package_identification:_identify(.) by extension 'python_setup_py'
[0.237s] Level 1:colcon.colcon_core.package_identification:_identify(build) by extensions ['ignore', 'ignore_ament_install']
[0.237s] Level 1:colcon.colcon_core.package_identification:_identify(build) by extension 'ignore'
[0.238s] Level 1:colcon.colcon_core.package_identification:_identify(build) ignored
[0.238s] Level 1:colcon.colcon_core.package_identification:_identify(install) by extensions ['ignore', 'ignore_ament_install']
[0.238s] Level 1:colcon.colcon_core.package_identification:_identify(install) by extension 'ignore'
[0.238s] Level 1:colcon.colcon_core.package_identification:_identify(install) ignored
[0.238s] Level 1:colcon.colcon_core.package_identification:_identify(log) by extensions ['ignore', 'ignore_ament_install']
[0.238s] Level 1:colcon.colcon_core.package_identification:_identify(log) by extension 'ignore'
[0.238s] Level 1:colcon.colcon_core.package_identification:_identify(log) ignored
[0.238s] Level 1:colcon.colcon_core.package_identification:_identify(src) by extensions ['ignore', 'ignore_ament_install']
[0.238s] Level 1:colcon.colcon_core.package_identification:_identify(src) by extension 'ignore'
[0.238s] Level 1:colcon.colcon_core.package_identification:_identify(src) by extension 'ignore_ament_install'
[0.238s] Level 1:colcon.colcon_core.package_identification:_identify(src) by extensions ['colcon_pkg']
[0.238s] Level 1:colcon.colcon_core.package_identification:_identify(src) by extension 'colcon_pkg'
[0.238s] Level 1:colcon.colcon_core.package_identification:_identify(src) by extensions ['colcon_meta']
[0.238s] Level 1:colcon.colcon_core.package_identification:_identify(src) by extension 'colcon_meta'
[0.238s] Level 1:colcon.colcon_core.package_identification:_identify(src) by extensions ['ros']
[0.238s] Level 1:colcon.colcon_core.package_identification:_identify(src) by extension 'ros'
[0.238s] Level 1:colcon.colcon_core.package_identification:_identify(src) by extensions ['cmake', 'python']
[0.239s] Level 1:colcon.colcon_core.package_identification:_identify(src) by extension 'cmake'
[0.239s] Level 1:colcon.colcon_core.package_identification:_identify(src) by extension 'python'
[0.239s] Level 1:colcon.colcon_core.package_identification:_identify(src) by extensions ['python_setup_py']
[0.239s] Level 1:colcon.colcon_core.package_identification:_identify(src) by extension 'python_setup_py'
[0.239s] Level 1:colcon.colcon_core.package_identification:_identify(src/bot_controller) by extensions ['ignore', 'ignore_ament_install']
[0.239s] Level 1:colcon.colcon_core.package_identification:_identify(src/bot_controller) by extension 'ignore'
[0.239s] Level 1:colcon.colcon_core.package_identification:_identify(src/bot_controller) by extension 'ignore_ament_install'
[0.239s] Level 1:colcon.colcon_core.package_identification:_identify(src/bot_controller) by extensions ['colcon_pkg']
[0.239s] Level 1:colcon.colcon_core.package_identification:_identify(src/bot_controller) by extension 'colcon_pkg'
[0.239s] Level 1:colcon.colcon_core.package_identification:_identify(src/bot_controller) by extensions ['colcon_meta']
[0.239s] Level 1:colcon.colcon_core.package_identification:_identify(src/bot_controller) by extension 'colcon_meta'
[0.239s] Level 1:colcon.colcon_core.package_identification:_identify(src/bot_controller) by extensions ['ros']
[0.239s] Level 1:colcon.colcon_core.package_identification:_identify(src/bot_controller) by extension 'ros'
[0.242s] DEBUG:colcon.colcon_core.package_identification:Package 'src/bot_controller' with type 'ros.ament_cmake' and name 'bot_controller'
[0.242s] Level 1:colcon.colcon_core.package_identification:_identify(src/bot_localization) by extensions ['ignore', 'ignore_ament_install']
[0.242s] Level 1:colcon.colcon_core.package_identification:_identify(src/bot_localization) by extension 'ignore'
[0.242s] Level 1:colcon.colcon_core.package_identification:_identify(src/bot_localization) by extension 'ignore_ament_install'
[0.242s] Level 1:colcon.colcon_core.package_identification:_identify(src/bot_localization) by extensions ['colcon_pkg']
[0.242s] Level 1:colcon.colcon_core.package_identification:_identify(src/bot_localization) by extension 'colcon_pkg'
[0.242s] Level 1:colcon.colcon_core.package_identification:_identify(src/bot_localization) by extensions ['colcon_meta']
[0.242s] Level 1:colcon.colcon_core.package_identification:_identify(src/bot_localization) by extension 'colcon_meta'
[0.242s] Level 1:colcon.colcon_core.package_identification:_identify(src/bot_localization) by extensions ['ros']
[0.242s] Level 1:colcon.colcon_core.package_identification:_identify(src/bot_localization) by extension 'ros'
[0.243s] DEBUG:colcon.colcon_core.package_identification:Package 'src/bot_localization' with type 'ros.ament_cmake' and name 'bot_localization'
[0.243s] Level 1:colcon.colcon_core.package_identification:_identify(src/bot_mapping) by extensions ['ignore', 'ignore_ament_install']
[0.243s] Level 1:colcon.colcon_core.package_identification:_identify(src/bot_mapping) by extension 'ignore'
[0.243s] Level 1:colcon.colcon_core.package_identification:_identify(src/bot_mapping) by extension 'ignore_ament_install'
[0.243s] Level 1:colcon.colcon_core.package_identification:_identify(src/bot_mapping) by extensions ['colcon_pkg']
[0.243s] Level 1:colcon.colcon_core.package_identification:_identify(src/bot_mapping) by extension 'colcon_pkg'
[0.243s] Level 1:colcon.colcon_core.package_identification:_identify(src/bot_mapping) by extensions ['colcon_meta']
[0.243s] Level 1:colcon.colcon_core.package_identification:_identify(src/bot_mapping) by extension 'colcon_meta'
[0.243s] Level 1:colcon.colcon_core.package_identification:_identify(src/bot_mapping) by extensions ['ros']
[0.243s] Level 1:colcon.colcon_core.package_identification:_identify(src/bot_mapping) by extension 'ros'
[0.244s] DEBUG:colcon.colcon_core.package_identification:Package 'src/bot_mapping' with type 'ros.ament_cmake' and name 'bot_mapping'
[0.244s] Level 1:colcon.colcon_core.package_identification:_identify(src/bot_utils) by extensions ['ignore', 'ignore_ament_install']
[0.244s] Level 1:colcon.colcon_core.package_identification:_identify(src/bot_utils) by extension 'ignore'
[0.244s] Level 1:colcon.colcon_core.package_identification:_identify(src/bot_utils) by extension 'ignore_ament_install'
[0.244s] Level 1:colcon.colcon_core.package_identification:_identify(src/bot_utils) by extensions ['colcon_pkg']
[0.244s] Level 1:colcon.colcon_core.package_identification:_identify(src/bot_utils) by extension 'colcon_pkg'
[0.244s] Level 1:colcon.colcon_core.package_identification:_identify(src/bot_utils) by extensions ['colcon_meta']
[0.244s] Level 1:colcon.colcon_core.package_identification:_identify(src/bot_utils) by extension 'colcon_meta'
[0.244s] Level 1:colcon.colcon_core.package_identification:_identify(src/bot_utils) by extensions ['ros']
[0.245s] Level 1:colcon.colcon_core.package_identification:_identify(src/bot_utils) by extension 'ros'
[0.245s] DEBUG:colcon.colcon_core.package_identification:Package 'src/bot_utils' with type 'ros.ament_cmake' and name 'bot_utils'
[0.245s] Level 1:colcon.colcon_core.package_identification:_identify(src/description) by extensions ['ignore', 'ignore_ament_install']
[0.245s] Level 1:colcon.colcon_core.package_identification:_identify(src/description) by extension 'ignore'
[0.245s] Level 1:colcon.colcon_core.package_identification:_identify(src/description) by extension 'ignore_ament_install'
[0.245s] Level 1:colcon.colcon_core.package_identification:_identify(src/description) by extensions ['colcon_pkg']
[0.246s] Level 1:colcon.colcon_core.package_identification:_identify(src/description) by extension 'colcon_pkg'
[0.246s] Level 1:colcon.colcon_core.package_identification:_identify(src/description) by extensions ['colcon_meta']
[0.246s] Level 1:colcon.colcon_core.package_identification:_identify(src/description) by extension 'colcon_meta'
[0.246s] Level 1:colcon.colcon_core.package_identification:_identify(src/description) by extensions ['ros']
[0.246s] Level 1:colcon.colcon_core.package_identification:_identify(src/description) by extension 'ros'
[0.246s] DEBUG:colcon.colcon_core.package_identification:Package 'src/description' with type 'ros.ament_cmake' and name 'description'
[0.246s] Level 1:colcon.colcon_core.package_discovery:discover_packages(recursive) using defaults
[0.246s] Level 1:colcon.colcon_core.package_discovery:discover_packages(ignore) discover
[0.246s] Level 1:colcon.colcon_core.package_discovery:discover_packages(ignore) using defaults
[0.246s] Level 1:colcon.colcon_core.package_discovery:discover_packages(path) discover
[0.246s] Level 1:colcon.colcon_core.package_discovery:discover_packages(path) using defaults
[0.272s] Level 1:colcon.colcon_core.package_discovery:discover_packages(prefix_path) check parameters
[0.272s] Level 1:colcon.colcon_core.package_discovery:discover_packages(prefix_path) discover
[0.274s] DEBUG:colcon.colcon_installed_package_information.package_discovery:Found 434 installed packages in /opt/ros/humble
[0.276s] Level 1:colcon.colcon_core.package_discovery:discover_packages(prefix_path) using defaults
[0.321s] Level 5:colcon.colcon_core.verb:set package 'bot_controller' build argument 'cmake_args' from command line to 'None'
[0.321s] Level 5:colcon.colcon_core.verb:set package 'bot_controller' build argument 'cmake_target' from command line to 'None'
[0.321s] Level 5:colcon.colcon_core.verb:set package 'bot_controller' build argument 'cmake_target_skip_unavailable' from command line to 'False'
[0.321s] Level 5:colcon.colcon_core.verb:set package 'bot_controller' build argument 'cmake_clean_cache' from command line to 'False'
[0.321s] Level 5:colcon.colcon_core.verb:set package 'bot_controller' build argument 'cmake_clean_first' from command line to 'False'
[0.321s] Level 5:colcon.colcon_core.verb:set package 'bot_controller' build argument 'cmake_force_configure' from command line to 'False'
[0.321s] Level 5:colcon.colcon_core.verb:set package 'bot_controller' build argument 'ament_cmake_args' from command line to 'None'
[0.321s] Level 5:colcon.colcon_core.verb:set package 'bot_controller' build argument 'catkin_cmake_args' from command line to 'None'
[0.321s] Level 5:colcon.colcon_core.verb:set package 'bot_controller' build argument 'catkin_skip_building_tests' from command line to 'False'
[0.321s] DEBUG:colcon.colcon_core.verb:Building package 'bot_controller' with the following arguments: {'ament_cmake_args': None, 'build_base': '/home/shaurya/bot_ws/build/bot_controller', 'catkin_cmake_args': None, 'catkin_skip_building_tests': False, 'cmake_args': None, 'cmake_clean_cache': False, 'cmake_clean_first': False, 'cmake_force_configure': False, 'cmake_target': None, 'cmake_target_skip_unavailable': False, 'install_base': '/home/shaurya/bot_ws/install/bot_controller', 'merge_install': False, 'path': '/home/shaurya/bot_ws/src/bot_controller', 'symlink_install': False, 'test_result_base': None}
[0.321s] Level 5:colcon.colcon_core.verb:set package 'bot_localization' build argument 'cmake_args' from command line to 'None'
[0.321s] Level 5:colcon.colcon_core.verb:set package 'bot_localization' build argument 'cmake_target' from command line to 'None'
[0.321s] Level 5:colcon.colcon_core.verb:set package 'bot_localization' build argument 'cmake_target_skip_unavailable' from command line to 'False'
[0.321s] Level 5:colcon.colcon_core.verb:set package 'bot_localization' build argument 'cmake_clean_cache' from command line to 'False'
[0.321s] Level 5:colcon.colcon_core.verb:set package 'bot_localization' build argument 'cmake_clean_first' from command line to 'False'
[0.321s] Level 5:colcon.colcon_core.verb:set package 'bot_localization' build argument 'cmake_force_configure' from command line to 'False'
[0.321s] Level 5:colcon.colcon_core.verb:set package 'bot_localization' build argument 'ament_cmake_args' from command line to 'None'
[0.321s] Level 5:colcon.colcon_core.verb:set package 'bot_localization' build argument 'catkin_cmake_args' from command line to 'None'
[0.321s] Level 5:colcon.colcon_core.verb:set package 'bot_localization' build argument 'catkin_skip_building_tests' from command line to 'False'
[0.321s] DEBUG:colcon.colcon_core.verb:Building package 'bot_localization' with the following arguments: {'ament_cmake_args': None, 'build_base': '/home/shaurya/bot_ws/build/bot_localization', 'catkin_cmake_args': None, 'catkin_skip_building_tests': False, 'cmake_args': None, 'cmake_clean_cache': False, 'cmake_clean_first': False, 'cmake_force_configure': False, 'cmake_target': None, 'cmake_target_skip_unavailable': False, 'install_base': '/home/shaurya/bot_ws/install/bot_localization', 'merge_install': False, 'path': '/home/shaurya/bot_ws/src/bot_localization', 'symlink_install': False, 'test_result_base': None}
[0.322s] Level 5:colcon.colcon_core.verb:set package 'bot_utils' build argument 'cmake_args' from command line to 'None'
[0.322s] Level 5:colcon.colcon_core.verb:set package 'bot_utils' build argument 'cmake_target' from command line to 'None'
[0.322s] Level 5:colcon.colcon_core.verb:set package 'bot_utils' build argument 'cmake_target_skip_unavailable' from command line to 'False'
[0.322s] Level 5:colcon.colcon_core.verb:set package 'bot_utils' build argument 'cmake_clean_cache' from command line to 'False'
[0.322s] Level 5:colcon.colcon_core.verb:set package 'bot_utils' build argument 'cmake_clean_first' from command line to 'False'
[0.322s] Level 5:colcon.colcon_core.verb:set package 'bot_utils' build argument 'cmake_force_configure' from command line to 'False'
[0.322s] Level 5:colcon.colcon_core.verb:set package 'bot_utils' build argument 'ament_cmake_args' from command line to 'None'
[0.322s] Level 5:colcon.colcon_core.verb:set package 'bot_utils' build argument 'catkin_cmake_args' from command line to 'None'
[0.322s] Level 5:colcon.colcon_core.verb:set package 'bot_utils' build argument 'catkin_skip_building_tests' from command line to 'False'
[0.322s] DEBUG:colcon.colcon_core.verb:Building package 'bot_utils' with the following arguments: {'ament_cmake_args': None, 'build_base': '/home/shaurya/bot_ws/build/bot_utils', 'catkin_cmake_args': None, 'catkin_skip_building_tests': False, 'cmake_args': None, 'cmake_clean_cache': False, 'cmake_clean_first': False, 'cmake_force_configure': False, 'cmake_target': None, 'cmake_target_skip_unavailable': False, 'install_base': '/home/shaurya/bot_ws/install/bot_utils', 'merge_install': False, 'path': '/home/shaurya/bot_ws/src/bot_utils', 'symlink_install': False, 'test_result_base': None}
[0.322s] Level 5:colcon.colcon_core.verb:set package 'description' build argument 'cmake_args' from command line to 'None'
[0.322s] Level 5:colcon.colcon_core.verb:set package 'description' build argument 'cmake_target' from command line to 'None'
[0.322s] Level 5:colcon.colcon_core.verb:set package 'description' build argument 'cmake_target_skip_unavailable' from command line to 'False'
[0.322s] Level 5:colcon.colcon_core.verb:set package 'description' build argument 'cmake_clean_cache' from command line to 'False'
[0.322s] Level 5:colcon.colcon_core.verb:set package 'description' build argument 'cmake_clean_first' from command line to 'False'
[0.322s] Level 5:colcon.colcon_core.verb:set package 'description' build argument 'cmake_force_configure' from command line to 'False'
[0.322s] Level 5:colcon.colcon_core.verb:set package 'description' build argument 'ament_cmake_args' from command line to 'None'
[0.322s] Level 5:colcon.colcon_core.verb:set package 'description' build argument 'catkin_cmake_args' from command line to 'None'
[0.322s] Level 5:colcon.colcon_core.verb:set package 'description' build argument 'catkin_skip_building_tests' from command line to 'False'
[0.322s] DEBUG:colcon.colcon_core.verb:Building package 'description' with the following arguments: {'ament_cmake_args': None, 'build_base': '/home/shaurya/bot_ws/build/description', 'catkin_cmake_args': None, 'catkin_skip_building_tests': False, 'cmake_args': None, 'cmake_clean_cache': False, 'cmake_clean_first': False, 'cmake_force_configure': False, 'cmake_target': None, 'cmake_target_skip_unavailable': False, 'install_base': '/home/shaurya/bot_ws/install/description', 'merge_install': False, 'path': '/home/shaurya/bot_ws/src/description', 'symlink_install': False, 'test_result_base': None}
[0.323s] Level 5:colcon.colcon_core.verb:set package 'bot_mapping' build argument 'cmake_args' from command line to 'None'
[0.323s] Level 5:colcon.colcon_core.verb:set package 'bot_mapping' build argument 'cmake_target' from command line to 'None'
[0.323s] Level 5:colcon.colcon_core.verb:set package 'bot_mapping' build argument 'cmake_target_skip_unavailable' from command line to 'False'
[0.323s] Level 5:colcon.colcon_core.verb:set package 'bot_mapping' build argument 'cmake_clean_cache' from command line to 'False'
[0.323s] Level 5:colcon.colcon_core.verb:set package 'bot_mapping' build argument 'cmake_clean_first' from command line to 'False'
[0.323s] Level 5:colcon.colcon_core.verb:set package 'bot_mapping' build argument 'cmake_force_configure' from command line to 'False'
[0.323s] Level 5:colcon.colcon_core.verb:set package 'bot_mapping' build argument 'ament_cmake_args' from command line to 'None'
[0.323s] Level 5:colcon.colcon_core.verb:set package 'bot_mapping' build argument 'catkin_cmake_args' from command line to 'None'
[0.323s] Level 5:colcon.colcon_core.verb:set package 'bot_mapping' build argument 'catkin_skip_building_tests' from command line to 'False'
[0.323s] DEBUG:colcon.colcon_core.verb:Building package 'bot_mapping' with the following arguments: {'ament_cmake_args': None, 'build_base': '/home/shaurya/bot_ws/build/bot_mapping', 'catkin_cmake_args': None, 'catkin_skip_building_tests': False, 'cmake_args': None, 'cmake_clean_cache': False, 'cmake_clean_first': False, 'cmake_force_configure': False, 'cmake_target': None, 'cmake_target_skip_unavailable': False, 'install_base': '/home/shaurya/bot_ws/install/bot_mapping', 'merge_install': False, 'path': '/home/shaurya/bot_ws/src/bot_mapping', 'symlink_install': False, 'test_result_base': None}
[0.323s] INFO:colcon.colcon_core.executor:Executing jobs using 'parallel' executor
[0.324s] DEBUG:colcon.colcon_parallel_executor.executor.parallel:run_until_complete
[0.324s] INFO:colcon.colcon_ros.task.ament_cmake.build:Building ROS package in '/home/shaurya/bot_ws/src/bot_localization' with build type 'ament_cmake'
[0.324s] INFO:colcon.colcon_cmake.task.cmake.build:Building CMake package in '/home/shaurya/bot_ws/src/bot_localization'
[0.326s] INFO:colcon.colcon_core.plugin_system:Skipping extension 'colcon_core.shell.bat': Not used on non-Windows systems
[0.326s] INFO:colcon.colcon_core.shell:Skip shell extension 'powershell' for command environment: Not usable outside of PowerShell
[0.326s] DEBUG:colcon.colcon_core.shell:Skip shell extension 'dsv' for command environment
[0.329s] INFO:colcon.colcon_ros.task.ament_cmake.build:Building ROS package in '/home/shaurya/bot_ws/src/bot_controller' with build type 'ament_cmake'
[0.329s] INFO:colcon.colcon_cmake.task.cmake.build:Building CMake package in '/home/shaurya/bot_ws/src/bot_controller'
[0.330s] INFO:colcon.colcon_core.shell:Skip shell extension 'powershell' for command environment: Not usable outside of PowerShell
[0.330s] DEBUG:colcon.colcon_core.shell:Skip shell extension 'dsv' for command environment
[0.332s] INFO:colcon.colcon_ros.task.ament_cmake.build:Building ROS package in '/home/shaurya/bot_ws/src/bot_utils' with build type 'ament_cmake'
[0.332s] INFO:colcon.colcon_cmake.task.cmake.build:Building CMake package in '/home/shaurya/bot_ws/src/bot_utils'
[0.333s] INFO:colcon.colcon_core.shell:Skip shell extension 'powershell' for command environment: Not usable outside of PowerShell
[0.333s] DEBUG:colcon.colcon_core.shell:Skip shell extension 'dsv' for command environment
[0.335s] INFO:colcon.colcon_ros.task.ament_cmake.build:Building ROS package in '/home/shaurya/bot_ws/src/description' with build type 'ament_cmake'
[0.335s] INFO:colcon.colcon_cmake.task.cmake.build:Building CMake package in '/home/shaurya/bot_ws/src/description'
[0.335s] INFO:colcon.colcon_core.shell:Skip shell extension 'powershell' for command environment: Not usable outside of PowerShell
[0.336s] DEBUG:colcon.colcon_core.shell:Skip shell extension 'dsv' for command environment
[0.344s] DEBUG:colcon.colcon_core.event_handler.log_command:Invoking command in '/home/shaurya/bot_ws/build/bot_localization': CMAKE_PREFIX_PATH=/opt/ros/humble /usr/bin/cmake --build /home/shaurya/bot_ws/build/bot_localization -- -j8 -l8
[0.346s] DEBUG:colcon.colcon_core.event_handler.log_command:Invoking command in '/home/shaurya/bot_ws/build/bot_controller': CMAKE_PREFIX_PATH=/opt/ros/humble /usr/bin/cmake --build /home/shaurya/bot_ws/build/bot_controller -- -j8 -l8
[0.350s] DEBUG:colcon.colcon_core.event_handler.log_command:Invoking command in '/home/shaurya/bot_ws/build/bot_utils': CMAKE_PREFIX_PATH=/opt/ros/humble /usr/bin/cmake --build /home/shaurya/bot_ws/build/bot_utils -- -j8 -l8
[0.354s] DEBUG:colcon.colcon_core.event_handler.log_command:Invoking command in '/home/shaurya/bot_ws/build/description': CMAKE_PREFIX_PATH=/opt/ros/humble /usr/bin/cmake --build /home/shaurya/bot_ws/build/description -- -j8 -l8
[0.384s] DEBUG:colcon.colcon_core.event_handler.log_command:Invoked command in '/home/shaurya/bot_ws/build/description' returned '0': CMAKE_PREFIX_PATH=/opt/ros/humble /usr/bin/cmake --build /home/shaurya/bot_ws/build/description -- -j8 -l8
[0.392s] DEBUG:colcon.colcon_core.event_handler.log_command:Invoking command in '/home/shaurya/bot_ws/build/description': CMAKE_PREFIX_PATH=/opt/ros/humble /usr/bin/cmake --install /home/shaurya/bot_ws/build/description
[0.427s] Level 1:colcon.colcon_core.environment:create_environment_scripts_only(description)
[0.433s] Level 1:colcon.colcon_core.environment:checking '/home/shaurya/bot_ws/install/description' for CMake module files
[0.434s] Level 1:colcon.colcon_core.environment:checking '/home/shaurya/bot_ws/install/description' for CMake config files
[0.437s] Level 1:colcon.colcon_core.shell:create_environment_hook('description', 'cmake_prefix_path')
[0.438s] INFO:colcon.colcon_core.shell:Creating environment hook '/home/shaurya/bot_ws/install/description/share/description/hook/cmake_prefix_path.ps1'
[0.439s] INFO:colcon.colcon_core.shell:Creating environment descriptor '/home/shaurya/bot_ws/install/description/share/description/hook/cmake_prefix_path.dsv'
[0.440s] INFO:colcon.colcon_core.shell:Creating environment hook '/home/shaurya/bot_ws/install/description/share/description/hook/cmake_prefix_path.sh'
[0.442s] Level 1:colcon.colcon_core.environment:checking '/home/shaurya/bot_ws/install/description/bin'
[0.442s] Level 1:colcon.colcon_core.environment:checking '/home/shaurya/bot_ws/install/description/lib/pkgconfig/description.pc'
[0.443s] Level 1:colcon.colcon_core.environment:checking '/home/shaurya/bot_ws/install/description/lib/python3.10/site-packages'
[0.443s] Level 1:colcon.colcon_core.environment:checking '/home/shaurya/bot_ws/install/description/bin'
[0.443s] INFO:colcon.colcon_core.shell:Creating package script '/home/shaurya/bot_ws/install/description/share/description/package.ps1'
[0.445s] INFO:colcon.colcon_core.shell:Creating package descriptor '/home/shaurya/bot_ws/install/description/share/description/package.dsv'
[0.445s] INFO:colcon.colcon_core.shell:Creating package script '/home/shaurya/bot_ws/install/description/share/description/package.sh'
[0.447s] INFO:colcon.colcon_core.shell:Creating package script '/home/shaurya/bot_ws/install/description/share/description/package.bash'
[0.448s] INFO:colcon.colcon_core.shell:Creating package script '/home/shaurya/bot_ws/install/description/share/description/package.zsh'
[0.449s] Level 1:colcon.colcon_core.environment:create_file_with_runtime_dependencies(/home/shaurya/bot_ws/install/description/share/colcon-core/packages/description)
[0.456s] Level 1:colcon.colcon_core.environment:create_environment_scripts_only(description)
[0.456s] Level 1:colcon.colcon_core.environment:checking '/home/shaurya/bot_ws/install/description' for CMake module files
[0.458s] Level 1:colcon.colcon_core.environment:checking '/home/shaurya/bot_ws/install/description' for CMake config files
[0.461s] Level 1:colcon.colcon_core.shell:create_environment_hook('description', 'cmake_prefix_path')
[0.461s] INFO:colcon.colcon_core.shell:Creating environment hook '/home/shaurya/bot_ws/install/description/share/description/hook/cmake_prefix_path.ps1'
[0.463s] INFO:colcon.colcon_core.shell:Creating environment descriptor '/home/shaurya/bot_ws/install/description/share/description/hook/cmake_prefix_path.dsv'
[0.465s] INFO:colcon.colcon_core.shell:Creating environment hook '/home/shaurya/bot_ws/install/description/share/description/hook/cmake_prefix_path.sh'
[0.468s] Level 1:colcon.colcon_core.environment:checking '/home/shaurya/bot_ws/install/description/bin'
[0.468s] Level 1:colcon.colcon_core.environment:checking '/home/shaurya/bot_ws/install/description/lib/pkgconfig/description.pc'
[0.468s] Level 1:colcon.colcon_core.environment:checking '/home/shaurya/bot_ws/install/description/lib/python3.10/site-packages'
[0.469s] Level 1:colcon.colcon_core.environment:checking '/home/shaurya/bot_ws/install/description/bin'
[0.469s] INFO:colcon.colcon_core.shell:Creating package script '/home/shaurya/bot_ws/install/description/share/description/package.ps1'
[0.471s] INFO:colcon.colcon_core.shell:Creating package descriptor '/home/shaurya/bot_ws/install/description/share/description/package.dsv'
[0.474s] INFO:colcon.colcon_core.shell:Creating package script '/home/shaurya/bot_ws/install/description/share/description/package.sh'
[0.476s] INFO:colcon.colcon_core.shell:Creating package script '/home/shaurya/bot_ws/install/description/share/description/package.bash'
[0.478s] INFO:colcon.colcon_core.shell:Creating package script '/home/shaurya/bot_ws/install/description/share/description/package.zsh'
[0.482s] Level 1:colcon.colcon_core.environment:create_file_with_runtime_dependencies(/home/shaurya/bot_ws/install/description/share/colcon-core/packages/description)
[0.515s] DEBUG:colcon.colcon_core.event_handler.log_command:Invoked command in '/home/shaurya/bot_ws/build/description' returned '0': CMAKE_PREFIX_PATH=/opt/ros/humble /usr/bin/cmake --install /home/shaurya/bot_ws/build/description
[0.735s] DEBUG:colcon.colcon_core.event_handler.log_command:Invoked command in '/home/shaurya/bot_ws/build/bot_localization' returned '0': CMAKE_PREFIX_PATH=/opt/ros/humble /usr/bin/cmake --build /home/shaurya/bot_ws/build/bot_localization -- -j8 -l8
[0.736s] DEBUG:colcon.colcon_core.event_handler.log_command:Invoking command in '/home/shaurya/bot_ws/build/bot_localization': CMAKE_PREFIX_PATH=/opt/ros/humble /usr/bin/cmake --install /home/shaurya/bot_ws/build/bot_localization
[0.745s] DEBUG:colcon.colcon_core.event_handler.log_command:Invoked command in '/home/shaurya/bot_ws/build/bot_controller' returned '0': CMAKE_PREFIX_PATH=/opt/ros/humble /usr/bin/cmake --build /home/shaurya/bot_ws/build/bot_controller -- -j8 -l8
[0.748s] DEBUG:colcon.colcon_core.event_handler.log_command:Invoking command in '/home/shaurya/bot_ws/build/bot_controller': CMAKE_PREFIX_PATH=/opt/ros/humble /usr/bin/cmake --install /home/shaurya/bot_ws/build/bot_controller
[0.766s] DEBUG:colcon.colcon_core.event_handler.log_command:Invoked command in '/home/shaurya/bot_ws/build/bot_utils' returned '0': CMAKE_PREFIX_PATH=/opt/ros/humble /usr/bin/cmake --build /home/shaurya/bot_ws/build/bot_utils -- -j8 -l8
[0.768s] DEBUG:colcon.colcon_core.event_handler.log_command:Invoking command in '/home/shaurya/bot_ws/build/bot_utils': CMAKE_PREFIX_PATH=/opt/ros/humble /usr/bin/cmake --install /home/shaurya/bot_ws/build/bot_utils
[0.787s] Level 1:colcon.colcon_core.environment:create_environment_scripts_only(bot_localization)
[0.787s] Level 1:colcon.colcon_core.environment:checking '/home/shaurya/bot_ws/install/bot_localization' for CMake module files
[0.788s] DEBUG:colcon.colcon_core.event_handler.log_command:Invoked command in '/home/shaurya/bot_ws/build/bot_localization' returned '0': CMAKE_PREFIX_PATH=/opt/ros/humble /usr/bin/cmake --install /home/shaurya/bot_ws/build/bot_localization
[0.789s] Level 1:colcon.colcon_core.environment:checking '/home/shaurya/bot_ws/install/bot_localization' for CMake config files
[0.789s] Level 1:colcon.colcon_core.shell:create_environment_hook('bot_localization', 'cmake_prefix_path')
[0.790s] INFO:colcon.colcon_core.shell:Creating environment hook '/home/shaurya/bot_ws/install/bot_localization/share/bot_localization/hook/cmake_prefix_path.ps1'
[0.791s] INFO:colcon.colcon_core.shell:Creating environment descriptor '/home/shaurya/bot_ws/install/bot_localization/share/bot_localization/hook/cmake_prefix_path.dsv'
[0.791s] INFO:colcon.colcon_core.shell:Creating environment hook '/home/shaurya/bot_ws/install/bot_localization/share/bot_localization/hook/cmake_prefix_path.sh'
[0.792s] Level 1:colcon.colcon_core.environment:checking '/home/shaurya/bot_ws/install/bot_localization/lib'
[0.792s] Level 1:colcon.colcon_core.environment:checking '/home/shaurya/bot_ws/install/bot_localization/bin'
[0.793s] Level 1:colcon.colcon_core.environment:checking '/home/shaurya/bot_ws/install/bot_localization/lib/pkgconfig/bot_localization.pc'
[0.793s] Level 1:colcon.colcon_core.environment:checking '/home/shaurya/bot_ws/install/bot_localization/lib/python3.10/site-packages'
[0.793s] Level 1:colcon.colcon_core.environment:checking '/home/shaurya/bot_ws/install/bot_localization/bin'
[0.794s] INFO:colcon.colcon_core.shell:Creating package script '/home/shaurya/bot_ws/install/bot_localization/share/bot_localization/package.ps1'
[0.796s] INFO:colcon.colcon_core.shell:Creating package descriptor '/home/shaurya/bot_ws/install/bot_localization/share/bot_localization/package.dsv'
[0.797s] INFO:colcon.colcon_core.shell:Creating package script '/home/shaurya/bot_ws/install/bot_localization/share/bot_localization/package.sh'
[0.797s] INFO:colcon.colcon_core.shell:Creating package script '/home/shaurya/bot_ws/install/bot_localization/share/bot_localization/package.bash'
[0.798s] INFO:colcon.colcon_core.shell:Creating package script '/home/shaurya/bot_ws/install/bot_localization/share/bot_localization/package.zsh'
[0.798s] Level 1:colcon.colcon_core.environment:create_file_with_runtime_dependencies(/home/shaurya/bot_ws/install/bot_localization/share/colcon-core/packages/bot_localization)
[0.799s] Level 1:colcon.colcon_core.environment:create_environment_scripts_only(bot_localization)
[0.799s] Level 1:colcon.colcon_core.environment:checking '/home/shaurya/bot_ws/install/bot_localization' for CMake module files
[0.799s] Level 1:colcon.colcon_core.environment:checking '/home/shaurya/bot_ws/install/bot_localization' for CMake config files
[0.800s] Level 1:colcon.colcon_core.shell:create_environment_hook('bot_localization', 'cmake_prefix_path')
[0.800s] INFO:colcon.colcon_core.shell:Creating environment hook '/home/shaurya/bot_ws/install/bot_localization/share/bot_localization/hook/cmake_prefix_path.ps1'
[0.800s] INFO:colcon.colcon_core.shell:Creating environment descriptor '/home/shaurya/bot_ws/install/bot_localization/share/bot_localization/hook/cmake_prefix_path.dsv'
[0.801s] INFO:colcon.colcon_core.shell:Creating environment hook '/home/shaurya/bot_ws/install/bot_localization/share/bot_localization/hook/cmake_prefix_path.sh'
[0.801s] Level 1:colcon.colcon_core.environment:checking '/home/shaurya/bot_ws/install/bot_localization/lib'
[0.801s] Level 1:colcon.colcon_core.environment:checking '/home/shaurya/bot_ws/install/bot_localization/bin'
[0.801s] Level 1:colcon.colcon_core.environment:checking '/home/shaurya/bot_ws/install/bot_localization/lib/pkgconfig/bot_localization.pc'
[0.802s] Level 1:colcon.colcon_core.environment:checking '/home/shaurya/bot_ws/install/bot_localization/lib/python3.10/site-packages'
[0.802s] Level 1:colcon.colcon_core.environment:checking '/home/shaurya/bot_ws/install/bot_localization/bin'
[0.802s] INFO:colcon.colcon_core.shell:Creating package script '/home/shaurya/bot_ws/install/bot_localization/share/bot_localization/package.ps1'
[0.803s] INFO:colcon.colcon_core.shell:Creating package descriptor '/home/shaurya/bot_ws/install/bot_localization/share/bot_localization/package.dsv'
[0.803s] INFO:colcon.colcon_core.shell:Creating package script '/home/shaurya/bot_ws/install/bot_localization/share/bot_localization/package.sh'
[0.804s] INFO:colcon.colcon_core.shell:Creating package script '/home/shaurya/bot_ws/install/bot_localization/share/bot_localization/package.bash'
[0.804s] INFO:colcon.colcon_core.shell:Creating package script '/home/shaurya/bot_ws/install/bot_localization/share/bot_localization/package.zsh'
[0.804s] Level 1:colcon.colcon_core.environment:create_file_with_runtime_dependencies(/home/shaurya/bot_ws/install/bot_localization/share/colcon-core/packages/bot_localization)
[0.805s] INFO:colcon.colcon_ros.task.ament_cmake.build:Building ROS package in '/home/shaurya/bot_ws/src/bot_mapping' with build type 'ament_cmake'
[0.805s] INFO:colcon.colcon_cmake.task.cmake.build:Building CMake package in '/home/shaurya/bot_ws/src/bot_mapping'
[0.805s] INFO:colcon.colcon_core.shell:Skip shell extension 'powershell' for command environment: Not usable outside of PowerShell
[0.805s] DEBUG:colcon.colcon_core.shell:Skip shell extension 'dsv' for command environment
[0.810s] Level 1:colcon.colcon_core.environment:create_environment_scripts_only(bot_controller)
[0.810s] Level 1:colcon.colcon_core.environment:checking '/home/shaurya/bot_ws/install/bot_controller' for CMake module files
[0.811s] DEBUG:colcon.colcon_core.event_handler.log_command:Invoked command in '/home/shaurya/bot_ws/build/bot_controller' returned '0': CMAKE_PREFIX_PATH=/opt/ros/humble /usr/bin/cmake --install /home/shaurya/bot_ws/build/bot_controller
[0.811s] Level 1:colcon.colcon_core.environment:checking '/home/shaurya/bot_ws/install/bot_controller' for CMake config files
[0.812s] Level 1:colcon.colcon_core.shell:create_environment_hook('bot_controller', 'cmake_prefix_path')
[0.812s] INFO:colcon.colcon_core.shell:Creating environment hook '/home/shaurya/bot_ws/install/bot_controller/share/bot_controller/hook/cmake_prefix_path.ps1'
[0.813s] INFO:colcon.colcon_core.shell:Creating environment descriptor '/home/shaurya/bot_ws/install/bot_controller/share/bot_controller/hook/cmake_prefix_path.dsv'
[0.813s] INFO:colcon.colcon_core.shell:Creating environment hook '/home/shaurya/bot_ws/install/bot_controller/share/bot_controller/hook/cmake_prefix_path.sh'
[0.814s] Level 1:colcon.colcon_core.environment:checking '/home/shaurya/bot_ws/install/bot_controller/lib'
[0.814s] Level 1:colcon.colcon_core.environment:checking '/home/shaurya/bot_ws/install/bot_controller/bin'
[0.814s] Level 1:colcon.colcon_core.environment:checking '/home/shaurya/bot_ws/install/bot_controller/lib/pkgconfig/bot_controller.pc'
[0.815s] Level 1:colcon.colcon_core.environment:checking '/home/shaurya/bot_ws/install/bot_controller/lib/python3.10/site-packages'
[0.815s] Level 1:colcon.colcon_core.environment:checking '/home/shaurya/bot_ws/install/bot_controller/bin'
[0.815s] INFO:colcon.colcon_core.shell:Creating package script '/home/shaurya/bot_ws/install/bot_controller/share/bot_controller/package.ps1'
[0.816s] INFO:colcon.colcon_core.shell:Creating package descriptor '/home/shaurya/bot_ws/install/bot_controller/share/bot_controller/package.dsv'
[0.816s] INFO:colcon.colcon_core.shell:Creating package script '/home/shaurya/bot_ws/install/bot_controller/share/bot_controller/package.sh'
[0.816s] INFO:colcon.colcon_core.shell:Creating package script '/home/shaurya/bot_ws/install/bot_controller/share/bot_controller/package.bash'
[0.817s] INFO:colcon.colcon_core.shell:Creating package script '/home/shaurya/bot_ws/install/bot_controller/share/bot_controller/package.zsh'
[0.817s] Level 1:colcon.colcon_core.environment:create_file_with_runtime_dependencies(/home/shaurya/bot_ws/install/bot_controller/share/colcon-core/packages/bot_controller)
[0.818s] Level 1:colcon.colcon_core.environment:create_environment_scripts_only(bot_controller)
[0.818s] Level 1:colcon.colcon_core.environment:checking '/home/shaurya/bot_ws/install/bot_controller' for CMake module files
[0.820s] Level 1:colcon.colcon_core.environment:checking '/home/shaurya/bot_ws/install/bot_controller' for CMake config files
[0.822s] Level 1:colcon.colcon_core.shell:create_environment_hook('bot_controller', 'cmake_prefix_path')
[0.822s] INFO:colcon.colcon_core.shell:Creating environment hook '/home/shaurya/bot_ws/install/bot_controller/share/bot_controller/hook/cmake_prefix_path.ps1'
[0.823s] INFO:colcon.colcon_core.shell:Creating environment descriptor '/home/shaurya/bot_ws/install/bot_controller/share/bot_controller/hook/cmake_prefix_path.dsv'
[0.823s] INFO:colcon.colcon_core.shell:Creating environment hook '/home/shaurya/bot_ws/install/bot_controller/share/bot_controller/hook/cmake_prefix_path.sh'
[0.824s] Level 1:colcon.colcon_core.environment:checking '/home/shaurya/bot_ws/install/bot_controller/lib'
[0.824s] Level 1:colcon.colcon_core.environment:checking '/home/shaurya/bot_ws/install/bot_controller/bin'
[0.824s] Level 1:colcon.colcon_core.environment:checking '/home/shaurya/bot_ws/install/bot_controller/lib/pkgconfig/bot_controller.pc'
[0.824s] Level 1:colcon.colcon_core.environment:checking '/home/shaurya/bot_ws/install/bot_controller/lib/python3.10/site-packages'
[0.824s] Level 1:colcon.colcon_core.environment:checking '/home/shaurya/bot_ws/install/bot_controller/bin'
[0.825s] INFO:colcon.colcon_core.shell:Creating package script '/home/shaurya/bot_ws/install/bot_controller/share/bot_controller/package.ps1'
[0.825s] INFO:colcon.colcon_core.shell:Creating package descriptor '/home/shaurya/bot_ws/install/bot_controller/share/bot_controller/package.dsv'
[0.826s] INFO:colcon.colcon_core.shell:Creating package script '/home/shaurya/bot_ws/install/bot_controller/share/bot_controller/package.sh'
[0.826s] INFO:colcon.colcon_core.shell:Creating package script '/home/shaurya/bot_ws/install/bot_controller/share/bot_controller/package.bash'
[0.827s] INFO:colcon.colcon_core.shell:Creating package script '/home/shaurya/bot_ws/install/bot_controller/share/bot_controller/package.zsh'
[0.827s] Level 1:colcon.colcon_core.environment:create_file_with_runtime_dependencies(/home/shaurya/bot_ws/install/bot_controller/share/colcon-core/packages/bot_controller)
[0.831s] Level 1:colcon.colcon_core.environment:create_environment_scripts_only(bot_utils)
[0.832s] Level 1:colcon.colcon_core.environment:checking '/home/shaurya/bot_ws/install/bot_utils' for CMake module files
[0.833s] DEBUG:colcon.colcon_core.event_handler.log_command:Invoking command in '/home/shaurya/bot_ws/build/bot_mapping': AMENT_PREFIX_PATH=/home/shaurya/bot_ws/install/bot_localization:${AMENT_PREFIX_PATH} CMAKE_PREFIX_PATH=/home/shaurya/bot_ws/install/bot_localization:/opt/ros/humble PYTHONPATH=/home/shaurya/bot_ws/install/bot_localization/local/lib/python3.10/dist-packages:${PYTHONPATH} /usr/bin/cmake --build /home/shaurya/bot_ws/build/bot_mapping -- -j8 -l8
[0.833s] DEBUG:colcon.colcon_core.event_handler.log_command:Invoked command in '/home/shaurya/bot_ws/build/bot_utils' returned '0': CMAKE_PREFIX_PATH=/opt/ros/humble /usr/bin/cmake --install /home/shaurya/bot_ws/build/bot_utils
[0.833s] Level 1:colcon.colcon_core.environment:checking '/home/shaurya/bot_ws/install/bot_utils' for CMake config files
[0.834s] Level 1:colcon.colcon_core.shell:create_environment_hook('bot_utils', 'cmake_prefix_path')
[0.834s] INFO:colcon.colcon_core.shell:Creating environment hook '/home/shaurya/bot_ws/install/bot_utils/share/bot_utils/hook/cmake_prefix_path.ps1'
[0.835s] INFO:colcon.colcon_core.shell:Creating environment descriptor '/home/shaurya/bot_ws/install/bot_utils/share/bot_utils/hook/cmake_prefix_path.dsv'
[0.835s] INFO:colcon.colcon_core.shell:Creating environment hook '/home/shaurya/bot_ws/install/bot_utils/share/bot_utils/hook/cmake_prefix_path.sh'
[0.836s] Level 1:colcon.colcon_core.environment:checking '/home/shaurya/bot_ws/install/bot_utils/lib'
[0.836s] Level 1:colcon.colcon_core.environment:checking '/home/shaurya/bot_ws/install/bot_utils/bin'
[0.836s] Level 1:colcon.colcon_core.environment:checking '/home/shaurya/bot_ws/install/bot_utils/lib/pkgconfig/bot_utils.pc'
[0.837s] Level 1:colcon.colcon_core.environment:checking '/home/shaurya/bot_ws/install/bot_utils/lib/python3.10/site-packages'
[0.837s] Level 1:colcon.colcon_core.environment:checking '/home/shaurya/bot_ws/install/bot_utils/bin'
[0.837s] INFO:colcon.colcon_core.shell:Creating package script '/home/shaurya/bot_ws/install/bot_utils/share/bot_utils/package.ps1'
[0.838s] INFO:colcon.colcon_core.shell:Creating package descriptor '/home/shaurya/bot_ws/install/bot_utils/share/bot_utils/package.dsv'
[0.838s] INFO:colcon.colcon_core.shell:Creating package script '/home/shaurya/bot_ws/install/bot_utils/share/bot_utils/package.sh'
[0.839s] INFO:colcon.colcon_core.shell:Creating package script '/home/shaurya/bot_ws/install/bot_utils/share/bot_utils/package.bash'
[0.840s] INFO:colcon.colcon_core.shell:Creating package script '/home/shaurya/bot_ws/install/bot_utils/share/bot_utils/package.zsh'
[0.840s] Level 1:colcon.colcon_core.environment:create_file_with_runtime_dependencies(/home/shaurya/bot_ws/install/bot_utils/share/colcon-core/packages/bot_utils)
[0.841s] Level 1:colcon.colcon_core.environment:create_environment_scripts_only(bot_utils)
[0.841s] Level 1:colcon.colcon_core.environment:checking '/home/shaurya/bot_ws/install/bot_utils' for CMake module files
[0.841s] Level 1:colcon.colcon_core.environment:checking '/home/shaurya/bot_ws/install/bot_utils' for CMake config files
[0.842s] Level 1:colcon.colcon_core.shell:create_environment_hook('bot_utils', 'cmake_prefix_path')
[0.842s] INFO:colcon.colcon_core.shell:Creating environment hook '/home/shaurya/bot_ws/install/bot_utils/share/bot_utils/hook/cmake_prefix_path.ps1'
[0.843s] INFO:colcon.colcon_core.shell:Creating environment descriptor '/home/shaurya/bot_ws/install/bot_utils/share/bot_utils/hook/cmake_prefix_path.dsv'
[0.843s] INFO:colcon.colcon_core.shell:Creating environment hook '/home/shaurya/bot_ws/install/bot_utils/share/bot_utils/hook/cmake_prefix_path.sh'
[0.844s] Level 1:colcon.colcon_core.environment:checking '/home/shaurya/bot_ws/install/bot_utils/lib'
[0.844s] Level 1:colcon.colcon_core.environment:checking '/home/shaurya/bot_ws/install/bot_utils/bin'
[0.844s] Level 1:colcon.colcon_core.environment:checking '/home/shaurya/bot_ws/install/bot_utils/lib/pkgconfig/bot_utils.pc'
[0.844s] Level 1:colcon.colcon_core.environment:checking '/home/shaurya/bot_ws/install/bot_utils/lib/python3.10/site-packages'
[0.845s] Level 1:colcon.colcon_core.environment:checking '/home/shaurya/bot_ws/install/bot_utils/bin'
[0.845s] INFO:colcon.colcon_core.shell:Creating package script '/home/shaurya/bot_ws/install/bot_utils/share/bot_utils/package.ps1'
[0.846s] INFO:colcon.colcon_core.shell:Creating package descriptor '/home/shaurya/bot_ws/install/bot_utils/share/bot_utils/package.dsv'
[0.846s] INFO:colcon.colcon_core.shell:Creating package script '/home/shaurya/bot_ws/install/bot_utils/share/bot_utils/package.sh'
[0.847s] INFO:colcon.colcon_core.shell:Creating package script '/home/shaurya/bot_ws/install/bot_utils/share/bot_utils/package.bash'
[0.848s] INFO:colcon.colcon_core.shell:Creating package script '/home/shaurya/bot_ws/install/bot_utils/share/bot_utils/package.zsh'
[0.848s] Level 1:colcon.colcon_core.environment:create_file_with_runtime_dependencies(/home/shaurya/bot_ws/install/bot_utils/share/colcon-core/packages/bot_utils)
[1.196s] DEBUG:colcon.colcon_core.event_handler.log_command:Invoked command in '/home/shaurya/bot_ws/build/bot_mapping' returned '0': AMENT_PREFIX_PATH=/home/shaurya/bot_ws/install/bot_localization:${AMENT_PREFIX_PATH} CMAKE_PREFIX_PATH=/home/shaurya/bot_ws/install/bot_localization:/opt/ros/humble PYTHONPATH=/home/shaurya/bot_ws/install/bot_localization/local/lib/python3.10/dist-packages:${PYTHONPATH} /usr/bin/cmake --build /home/shaurya/bot_ws/build/bot_mapping -- -j8 -l8
[1.198s] DEBUG:colcon.colcon_core.event_handler.log_command:Invoking command in '/home/shaurya/bot_ws/build/bot_mapping': AMENT_PREFIX_PATH=/home/shaurya/bot_ws/install/bot_localization:${AMENT_PREFIX_PATH} CMAKE_PREFIX_PATH=/home/shaurya/bot_ws/install/bot_localization:/opt/ros/humble PYTHONPATH=/home/shaurya/bot_ws/install/bot_localization/local/lib/python3.10/dist-packages:${PYTHONPATH} /usr/bin/cmake --install /home/shaurya/bot_ws/build/bot_mapping
[1.252s] Level 1:colcon.colcon_core.environment:create_environment_scripts_only(bot_mapping)
[1.252s] Level 1:colcon.colcon_core.environment:checking '/home/shaurya/bot_ws/install/bot_mapping' for CMake module files
[1.253s] Level 1:colcon.colcon_core.environment:checking '/home/shaurya/bot_ws/install/bot_mapping' for CMake config files
[1.254s] DEBUG:colcon.colcon_core.event_handler.log_command:Invoked command in '/home/shaurya/bot_ws/build/bot_mapping' returned '0': AMENT_PREFIX_PATH=/home/shaurya/bot_ws/install/bot_localization:${AMENT_PREFIX_PATH} CMAKE_PREFIX_PATH=/home/shaurya/bot_ws/install/bot_localization:/opt/ros/humble PYTHONPATH=/home/shaurya/bot_ws/install/bot_localization/local/lib/python3.10/dist-packages:${PYTHONPATH} /usr/bin/cmake --install /home/shaurya/bot_ws/build/bot_mapping
[1.254s] Level 1:colcon.colcon_core.shell:create_environment_hook('bot_mapping', 'cmake_prefix_path')
[1.255s] INFO:colcon.colcon_core.shell:Creating environment hook '/home/shaurya/bot_ws/install/bot_mapping/share/bot_mapping/hook/cmake_prefix_path.ps1'
[1.256s] INFO:colcon.colcon_core.shell:Creating environment descriptor '/home/shaurya/bot_ws/install/bot_mapping/share/bot_mapping/hook/cmake_prefix_path.dsv'
[1.256s] INFO:colcon.colcon_core.shell:Creating environment hook '/home/shaurya/bot_ws/install/bot_mapping/share/bot_mapping/hook/cmake_prefix_path.sh'
[1.257s] Level 1:colcon.colcon_core.environment:checking '/home/shaurya/bot_ws/install/bot_mapping/lib'
[1.258s] Level 1:colcon.colcon_core.environment:checking '/home/shaurya/bot_ws/install/bot_mapping/bin'
[1.258s] Level 1:colcon.colcon_core.environment:checking '/home/shaurya/bot_ws/install/bot_mapping/lib/pkgconfig/bot_mapping.pc'
[1.258s] Level 1:colcon.colcon_core.environment:checking '/home/shaurya/bot_ws/install/bot_mapping/lib/python3.10/site-packages'
[1.258s] Level 1:colcon.colcon_core.environment:checking '/home/shaurya/bot_ws/install/bot_mapping/bin'
[1.259s] INFO:colcon.colcon_core.shell:Creating package script '/home/shaurya/bot_ws/install/bot_mapping/share/bot_mapping/package.ps1'
[1.260s] INFO:colcon.colcon_core.shell:Creating package descriptor '/home/shaurya/bot_ws/install/bot_mapping/share/bot_mapping/package.dsv'
[1.260s] INFO:colcon.colcon_core.shell:Creating package script '/home/shaurya/bot_ws/install/bot_mapping/share/bot_mapping/package.sh'
[1.261s] INFO:colcon.colcon_core.shell:Creating package script '/home/shaurya/bot_ws/install/bot_mapping/share/bot_mapping/package.bash'
[1.261s] INFO:colcon.colcon_core.shell:Creating package script '/home/shaurya/bot_ws/install/bot_mapping/share/bot_mapping/package.zsh'
[1.262s] Level 1:colcon.colcon_core.environment:create_file_with_runtime_dependencies(/home/shaurya/bot_ws/install/bot_mapping/share/colcon-core/packages/bot_mapping)
[1.262s] Level 1:colcon.colcon_core.environment:create_environment_scripts_only(bot_mapping)
[1.263s] Level 1:colcon.colcon_core.environment:checking '/home/shaurya/bot_ws/install/bot_mapping' for CMake module files
[1.263s] Level 1:colcon.colcon_core.environment:checking '/home/shaurya/bot_ws/install/bot_mapping' for CMake config files
[1.264s] Level 1:colcon.colcon_core.shell:create_environment_hook('bot_mapping', 'cmake_prefix_path')
[1.264s] INFO:colcon.colcon_core.shell:Creating environment hook '/home/shaurya/bot_ws/install/bot_mapping/share/bot_mapping/hook/cmake_prefix_path.ps1'
[1.265s] INFO:colcon.colcon_core.shell:Creating environment descriptor '/home/shaurya/bot_ws/install/bot_mapping/share/bot_mapping/hook/cmake_prefix_path.dsv'
[1.265s] INFO:colcon.colcon_core.shell:Creating environment hook '/home/shaurya/bot_ws/install/bot_mapping/share/bot_mapping/hook/cmake_prefix_path.sh'
[1.266s] Level 1:colcon.colcon_core.environment:checking '/home/shaurya/bot_ws/install/bot_mapping/lib'
[1.266s] Level 1:colcon.colcon_core.environment:checking '/home/shaurya/bot_ws/install/bot_mapping/bin'
[1.266s] Level 1:colcon.colcon_core.environment:checking '/home/shaurya/bot_ws/install/bot_mapping/lib/pkgconfig/bot_mapping.pc'
[1.267s] Level 1:colcon.colcon_core.environment:checking '/home/shaurya/bot_ws/install/bot_mapping/lib/python3.10/site-packages'
[1.267s] Level 1:colcon.colcon_core.environment:checking '/home/shaurya/bot_ws/install/bot_mapping/bin'
[1.268s] INFO:colcon.colcon_core.shell:Creating package script '/home/shaurya/bot_ws/install/bot_mapping/share/bot_mapping/package.ps1'
[1.269s] INFO:colcon.colcon_core.shell:Creating package descriptor '/home/shaurya/bot_ws/install/bot_mapping/share/bot_mapping/package.dsv'
[1.270s] INFO:colcon.colcon_core.shell:Creating package script '/home/shaurya/bot_ws/install/bot_mapping/share/bot_mapping/package.sh'
[1.271s] INFO:colcon.colcon_core.shell:Creating package script '/home/shaurya/bot_ws/install/bot_mapping/share/bot_mapping/package.bash'
[1.271s] INFO:colcon.colcon_core.shell:Creating package script '/home/shaurya/bot_ws/install/bot_mapping/share/bot_mapping/package.zsh'
[1.272s] Level 1:colcon.colcon_core.environment:create_file_with_runtime_dependencies(/home/shaurya/bot_ws/install/bot_mapping/share/colcon-core/packages/bot_mapping)
[1.272s] DEBUG:colcon.colcon_parallel_executor.executor.parallel:closing loop
[1.273s] DEBUG:colcon.colcon_parallel_executor.executor.parallel:loop closed
[1.273s] DEBUG:colcon.colcon_parallel_executor.executor.parallel:run_until_complete finished with '0'
[1.273s] DEBUG:colcon.colcon_core.event_reactor:joining thread
[1.281s] INFO:colcon.colcon_core.plugin_system:Skipping extension 'colcon_notification.desktop_notification.terminal_notifier': Not used on non-Darwin systems
[1.281s] INFO:colcon.colcon_core.plugin_system:Skipping extension 'colcon_notification.desktop_notification.win32': Not used on non-Windows systems
[1.281s] INFO:colcon.colcon_notification.desktop_notification:Sending desktop notification using 'notify2'
[1.297s] DEBUG:colcon.colcon_core.event_reactor:joined thread
[1.297s] INFO:colcon.colcon_core.shell:Creating prefix script '/home/shaurya/bot_ws/install/local_setup.ps1'
[1.300s] INFO:colcon.colcon_core.shell:Creating prefix util module '/home/shaurya/bot_ws/install/_local_setup_util_ps1.py'
[1.301s] INFO:colcon.colcon_core.shell:Creating prefix chain script '/home/shaurya/bot_ws/install/setup.ps1'
[1.302s] INFO:colcon.colcon_core.shell:Creating prefix script '/home/shaurya/bot_ws/install/local_setup.sh'
[1.303s] INFO:colcon.colcon_core.shell:Creating prefix util module '/home/shaurya/bot_ws/install/_local_setup_util_sh.py'
[1.304s] INFO:colcon.colcon_core.shell:Creating prefix chain script '/home/shaurya/bot_ws/install/setup.sh'
[1.305s] INFO:colcon.colcon_core.shell:Creating prefix script '/home/shaurya/bot_ws/install/local_setup.bash'
[1.306s] INFO:colcon.colcon_core.shell:Creating prefix chain script '/home/shaurya/bot_ws/install/setup.bash'
[1.307s] INFO:colcon.colcon_core.shell:Creating prefix script '/home/shaurya/bot_ws/install/local_setup.zsh'
[1.307s] INFO:colcon.colcon_core.shell:Creating prefix chain script '/home/shaurya/bot_ws/install/setup.zsh'
