[0.198s] DEBUG:colcon:Command line arguments: ['/usr/bin/colcon', 'build']
[0.198s] DEBUG:colcon:Parsed command line arguments: Namespace(log_base=None, log_level=None, verb_name='build', build_base='build', install_base='install', merge_install=False, symlink_install=False, test_result_base=None, continue_on_error=False, executor='parallel', parallel_workers=8, event_handlers=None, ignore_user_meta=False, metas=['./colcon.meta'], base_paths=['.'], packages_ignore=None, packages_ignore_regex=None, paths=None, packages_up_to=None, packages_up_to_regex=None, packages_above=None, packages_above_and_dependencies=None, packages_above_depth=None, packages_select_by_dep=None, packages_skip_by_dep=None, packages_skip_up_to=None, packages_select_build_failed=False, packages_skip_build_finished=False, packages_select_test_failures=False, packages_skip_test_passed=False, packages_select=None, packages_skip=None, packages_select_regex=None, packages_skip_regex=None, packages_start=None, packages_end=None, allow_overriding=[], cmake_args=None, cmake_target=None, cmake_target_skip_unavailable=False, cmake_clean_cache=False, cmake_clean_first=False, cmake_force_configure=False, ament_cmake_args=None, catkin_cmake_args=None, catkin_skip_building_tests=False, verb_parser=<colcon_defaults.argument_parser.defaults.DefaultArgumentsDecorator object at 0x7af296154ee0>, verb_extension=<colcon_core.verb.build.BuildVerb object at 0x7af296154a30>, main=<bound method BuildVerb.main of <colcon_core.verb.build.BuildVerb object at 0x7af296154a30>>)
[0.507s] Level 1:colcon.colcon_core.package_discovery:discover_packages(colcon_meta) check parameters
[0.507s] Level 1:colcon.colcon_core.package_discovery:discover_packages(recursive) check parameters
[0.507s] Level 1:colcon.colcon_core.package_discovery:discover_packages(ignore) check parameters
[0.507s] Level 1:colcon.colcon_core.package_discovery:discover_packages(path) check parameters
[0.507s] Level 1:colcon.colcon_core.package_discovery:discover_packages(colcon_meta) discover
[0.508s] Level 1:colcon.colcon_core.package_discovery:discover_packages(recursive) discover
[0.508s] INFO:colcon.colcon_core.package_discovery:Crawling recursively for packages in '/home/shaurya/bot_ws'
[0.508s] Level 1:colcon.colcon_core.package_identification:_identify(.) by extensions ['ignore', 'ignore_ament_install']
[0.508s] Level 1:colcon.colcon_core.package_identification:_identify(.) by extension 'ignore'
[0.508s] Level 1:colcon.colcon_core.package_identification:_identify(.) by extension 'ignore_ament_install'
[0.508s] Level 1:colcon.colcon_core.package_identification:_identify(.) by extensions ['colcon_pkg']
[0.508s] Level 1:colcon.colcon_core.package_identification:_identify(.) by extension 'colcon_pkg'
[0.508s] Level 1:colcon.colcon_core.package_identification:_identify(.) by extensions ['colcon_meta']
[0.508s] Level 1:colcon.colcon_core.package_identification:_identify(.) by extension 'colcon_meta'
[0.508s] Level 1:colcon.colcon_core.package_identification:_identify(.) by extensions ['ros']
[0.509s] Level 1:colcon.colcon_core.package_identification:_identify(.) by extension 'ros'
[0.531s] Level 1:colcon.colcon_core.package_identification:_identify(.) by extensions ['cmake', 'python']
[0.531s] Level 1:colcon.colcon_core.package_identification:_identify(.) by extension 'cmake'
[0.531s] Level 1:colcon.colcon_core.package_identification:_identify(.) by extension 'python'
[0.531s] Level 1:colcon.colcon_core.package_identification:_identify(.) by extensions ['python_setup_py']
[0.531s] Level 1:colcon.colcon_core.package_identification:_identify(.) by extension 'python_setup_py'
[0.532s] Level 1:colcon.colcon_core.package_identification:_identify(build) by extensions ['ignore', 'ignore_ament_install']
[0.532s] Level 1:colcon.colcon_core.package_identification:_identify(build) by extension 'ignore'
[0.532s] Level 1:colcon.colcon_core.package_identification:_identify(build) ignored
[0.532s] Level 1:colcon.colcon_core.package_identification:_identify(install) by extensions ['ignore', 'ignore_ament_install']
[0.532s] Level 1:colcon.colcon_core.package_identification:_identify(install) by extension 'ignore'
[0.532s] Level 1:colcon.colcon_core.package_identification:_identify(install) ignored
[0.533s] Level 1:colcon.colcon_core.package_identification:_identify(log) by extensions ['ignore', 'ignore_ament_install']
[0.533s] Level 1:colcon.colcon_core.package_identification:_identify(log) by extension 'ignore'
[0.533s] Level 1:colcon.colcon_core.package_identification:_identify(log) ignored
[0.533s] Level 1:colcon.colcon_core.package_identification:_identify(src) by extensions ['ignore', 'ignore_ament_install']
[0.533s] Level 1:colcon.colcon_core.package_identification:_identify(src) by extension 'ignore'
[0.533s] Level 1:colcon.colcon_core.package_identification:_identify(src) by extension 'ignore_ament_install'
[0.533s] Level 1:colcon.colcon_core.package_identification:_identify(src) by extensions ['colcon_pkg']
[0.534s] Level 1:colcon.colcon_core.package_identification:_identify(src) by extension 'colcon_pkg'
[0.534s] Level 1:colcon.colcon_core.package_identification:_identify(src) by extensions ['colcon_meta']
[0.534s] Level 1:colcon.colcon_core.package_identification:_identify(src) by extension 'colcon_meta'
[0.534s] Level 1:colcon.colcon_core.package_identification:_identify(src) by extensions ['ros']
[0.534s] Level 1:colcon.colcon_core.package_identification:_identify(src) by extension 'ros'
[0.534s] Level 1:colcon.colcon_core.package_identification:_identify(src) by extensions ['cmake', 'python']
[0.534s] Level 1:colcon.colcon_core.package_identification:_identify(src) by extension 'cmake'
[0.534s] Level 1:colcon.colcon_core.package_identification:_identify(src) by extension 'python'
[0.534s] Level 1:colcon.colcon_core.package_identification:_identify(src) by extensions ['python_setup_py']
[0.534s] Level 1:colcon.colcon_core.package_identification:_identify(src) by extension 'python_setup_py'
[0.534s] Level 1:colcon.colcon_core.package_identification:_identify(src/bot_controller) by extensions ['ignore', 'ignore_ament_install']
[0.534s] Level 1:colcon.colcon_core.package_identification:_identify(src/bot_controller) by extension 'ignore'
[0.535s] Level 1:colcon.colcon_core.package_identification:_identify(src/bot_controller) by extension 'ignore_ament_install'
[0.535s] Level 1:colcon.colcon_core.package_identification:_identify(src/bot_controller) by extensions ['colcon_pkg']
[0.535s] Level 1:colcon.colcon_core.package_identification:_identify(src/bot_controller) by extension 'colcon_pkg'
[0.535s] Level 1:colcon.colcon_core.package_identification:_identify(src/bot_controller) by extensions ['colcon_meta']
[0.535s] Level 1:colcon.colcon_core.package_identification:_identify(src/bot_controller) by extension 'colcon_meta'
[0.535s] Level 1:colcon.colcon_core.package_identification:_identify(src/bot_controller) by extensions ['ros']
[0.535s] Level 1:colcon.colcon_core.package_identification:_identify(src/bot_controller) by extension 'ros'
[0.542s] DEBUG:colcon.colcon_core.package_identification:Package 'src/bot_controller' with type 'ros.ament_cmake' and name 'bot_controller'
[0.542s] Level 1:colcon.colcon_core.package_identification:_identify(src/description) by extensions ['ignore', 'ignore_ament_install']
[0.542s] Level 1:colcon.colcon_core.package_identification:_identify(src/description) by extension 'ignore'
[0.542s] Level 1:colcon.colcon_core.package_identification:_identify(src/description) by extension 'ignore_ament_install'
[0.542s] Level 1:colcon.colcon_core.package_identification:_identify(src/description) by extensions ['colcon_pkg']
[0.542s] Level 1:colcon.colcon_core.package_identification:_identify(src/description) by extension 'colcon_pkg'
[0.542s] Level 1:colcon.colcon_core.package_identification:_identify(src/description) by extensions ['colcon_meta']
[0.542s] Level 1:colcon.colcon_core.package_identification:_identify(src/description) by extension 'colcon_meta'
[0.542s] Level 1:colcon.colcon_core.package_identification:_identify(src/description) by extensions ['ros']
[0.543s] Level 1:colcon.colcon_core.package_identification:_identify(src/description) by extension 'ros'
[0.544s] DEBUG:colcon.colcon_core.package_identification:Package 'src/description' with type 'ros.ament_cmake' and name 'description'
[0.544s] Level 1:colcon.colcon_core.package_discovery:discover_packages(recursive) using defaults
[0.544s] Level 1:colcon.colcon_core.package_discovery:discover_packages(ignore) discover
[0.544s] Level 1:colcon.colcon_core.package_discovery:discover_packages(ignore) using defaults
[0.544s] Level 1:colcon.colcon_core.package_discovery:discover_packages(path) discover
[0.544s] Level 1:colcon.colcon_core.package_discovery:discover_packages(path) using defaults
[0.601s] Level 1:colcon.colcon_core.package_discovery:discover_packages(prefix_path) check parameters
[0.601s] Level 1:colcon.colcon_core.package_discovery:discover_packages(prefix_path) discover
[0.607s] DEBUG:colcon.colcon_installed_package_information.package_discovery:Found 430 installed packages in /opt/ros/humble
[0.611s] Level 1:colcon.colcon_core.package_discovery:discover_packages(prefix_path) using defaults
[0.704s] Level 5:colcon.colcon_core.verb:set package 'bot_controller' build argument 'cmake_args' from command line to 'None'
[0.705s] Level 5:colcon.colcon_core.verb:set package 'bot_controller' build argument 'cmake_target' from command line to 'None'
[0.705s] Level 5:colcon.colcon_core.verb:set package 'bot_controller' build argument 'cmake_target_skip_unavailable' from command line to 'False'
[0.705s] Level 5:colcon.colcon_core.verb:set package 'bot_controller' build argument 'cmake_clean_cache' from command line to 'False'
[0.705s] Level 5:colcon.colcon_core.verb:set package 'bot_controller' build argument 'cmake_clean_first' from command line to 'False'
[0.705s] Level 5:colcon.colcon_core.verb:set package 'bot_controller' build argument 'cmake_force_configure' from command line to 'False'
[0.705s] Level 5:colcon.colcon_core.verb:set package 'bot_controller' build argument 'ament_cmake_args' from command line to 'None'
[0.705s] Level 5:colcon.colcon_core.verb:set package 'bot_controller' build argument 'catkin_cmake_args' from command line to 'None'
[0.705s] Level 5:colcon.colcon_core.verb:set package 'bot_controller' build argument 'catkin_skip_building_tests' from command line to 'False'
[0.705s] DEBUG:colcon.colcon_core.verb:Building package 'bot_controller' with the following arguments: {'ament_cmake_args': None, 'build_base': '/home/shaurya/bot_ws/build/bot_controller', 'catkin_cmake_args': None, 'catkin_skip_building_tests': False, 'cmake_args': None, 'cmake_clean_cache': False, 'cmake_clean_first': False, 'cmake_force_configure': False, 'cmake_target': None, 'cmake_target_skip_unavailable': False, 'install_base': '/home/shaurya/bot_ws/install/bot_controller', 'merge_install': False, 'path': '/home/shaurya/bot_ws/src/bot_controller', 'symlink_install': False, 'test_result_base': None}
[0.706s] Level 5:colcon.colcon_core.verb:set package 'description' build argument 'cmake_args' from command line to 'None'
[0.706s] Level 5:colcon.colcon_core.verb:set package 'description' build argument 'cmake_target' from command line to 'None'
[0.706s] Level 5:colcon.colcon_core.verb:set package 'description' build argument 'cmake_target_skip_unavailable' from command line to 'False'
[0.706s] Level 5:colcon.colcon_core.verb:set package 'description' build argument 'cmake_clean_cache' from command line to 'False'
[0.706s] Level 5:colcon.colcon_core.verb:set package 'description' build argument 'cmake_clean_first' from command line to 'False'
[0.706s] Level 5:colcon.colcon_core.verb:set package 'description' build argument 'cmake_force_configure' from command line to 'False'
[0.706s] Level 5:colcon.colcon_core.verb:set package 'description' build argument 'ament_cmake_args' from command line to 'None'
[0.706s] Level 5:colcon.colcon_core.verb:set package 'description' build argument 'catkin_cmake_args' from command line to 'None'
[0.706s] Level 5:colcon.colcon_core.verb:set package 'description' build argument 'catkin_skip_building_tests' from command line to 'False'
[0.706s] DEBUG:colcon.colcon_core.verb:Building package 'description' with the following arguments: {'ament_cmake_args': None, 'build_base': '/home/shaurya/bot_ws/build/description', 'catkin_cmake_args': None, 'catkin_skip_building_tests': False, 'cmake_args': None, 'cmake_clean_cache': False, 'cmake_clean_first': False, 'cmake_force_configure': False, 'cmake_target': None, 'cmake_target_skip_unavailable': False, 'install_base': '/home/shaurya/bot_ws/install/description', 'merge_install': False, 'path': '/home/shaurya/bot_ws/src/description', 'symlink_install': False, 'test_result_base': None}
[0.706s] INFO:colcon.colcon_core.executor:Executing jobs using 'parallel' executor
[0.708s] DEBUG:colcon.colcon_parallel_executor.executor.parallel:run_until_complete
[0.709s] INFO:colcon.colcon_ros.task.ament_cmake.build:Building ROS package in '/home/shaurya/bot_ws/src/bot_controller' with build type 'ament_cmake'
[0.709s] INFO:colcon.colcon_cmake.task.cmake.build:Building CMake package in '/home/shaurya/bot_ws/src/bot_controller'
[0.712s] INFO:colcon.colcon_core.plugin_system:Skipping extension 'colcon_core.shell.bat': Not used on non-Windows systems
[0.713s] INFO:colcon.colcon_core.shell:Skip shell extension 'powershell' for command environment: Not usable outside of PowerShell
[0.713s] DEBUG:colcon.colcon_core.shell:Skip shell extension 'dsv' for command environment
[0.719s] INFO:colcon.colcon_ros.task.ament_cmake.build:Building ROS package in '/home/shaurya/bot_ws/src/description' with build type 'ament_cmake'
[0.719s] INFO:colcon.colcon_cmake.task.cmake.build:Building CMake package in '/home/shaurya/bot_ws/src/description'
[0.720s] INFO:colcon.colcon_core.shell:Skip shell extension 'powershell' for command environment: Not usable outside of PowerShell
[0.720s] DEBUG:colcon.colcon_core.shell:Skip shell extension 'dsv' for command environment
[0.737s] DEBUG:colcon.colcon_core.event_handler.log_command:Invoking command in '/home/shaurya/bot_ws/build/bot_controller': CMAKE_PREFIX_PATH=/opt/ros/humble /usr/bin/cmake --build /home/shaurya/bot_ws/build/bot_controller -- -j8 -l8
[0.743s] DEBUG:colcon.colcon_core.event_handler.log_command:Invoking command in '/home/shaurya/bot_ws/build/description': CMAKE_PREFIX_PATH=/opt/ros/humble /usr/bin/cmake --build /home/shaurya/bot_ws/build/description -- -j8 -l8
[0.807s] DEBUG:colcon.colcon_core.event_handler.log_command:Invoked command in '/home/shaurya/bot_ws/build/description' returned '0': CMAKE_PREFIX_PATH=/opt/ros/humble /usr/bin/cmake --build /home/shaurya/bot_ws/build/description -- -j8 -l8
[0.825s] DEBUG:colcon.colcon_core.event_handler.log_command:Invoking command in '/home/shaurya/bot_ws/build/description': CMAKE_PREFIX_PATH=/opt/ros/humble /usr/bin/cmake --install /home/shaurya/bot_ws/build/description
[0.843s] Level 1:colcon.colcon_core.environment:create_environment_scripts_only(description)
[0.845s] DEBUG:colcon.colcon_core.event_handler.log_command:Invoked command in '/home/shaurya/bot_ws/build/description' returned '0': CMAKE_PREFIX_PATH=/opt/ros/humble /usr/bin/cmake --install /home/shaurya/bot_ws/build/description
[0.849s] Level 1:colcon.colcon_core.environment:checking '/home/shaurya/bot_ws/install/description' for CMake module files
[0.850s] Level 1:colcon.colcon_core.environment:checking '/home/shaurya/bot_ws/install/description' for CMake config files
[0.850s] Level 1:colcon.colcon_core.shell:create_environment_hook('description', 'cmake_prefix_path')
[0.851s] INFO:colcon.colcon_core.shell:Creating environment hook '/home/shaurya/bot_ws/install/description/share/description/hook/cmake_prefix_path.ps1'
[0.852s] INFO:colcon.colcon_core.shell:Creating environment descriptor '/home/shaurya/bot_ws/install/description/share/description/hook/cmake_prefix_path.dsv'
[0.853s] INFO:colcon.colcon_core.shell:Creating environment hook '/home/shaurya/bot_ws/install/description/share/description/hook/cmake_prefix_path.sh'
[0.855s] Level 1:colcon.colcon_core.environment:checking '/home/shaurya/bot_ws/install/description/bin'
[0.855s] Level 1:colcon.colcon_core.environment:checking '/home/shaurya/bot_ws/install/description/lib/pkgconfig/description.pc'
[0.855s] Level 1:colcon.colcon_core.environment:checking '/home/shaurya/bot_ws/install/description/lib/python3.10/site-packages'
[0.856s] Level 1:colcon.colcon_core.environment:checking '/home/shaurya/bot_ws/install/description/bin'
[0.856s] INFO:colcon.colcon_core.shell:Creating package script '/home/shaurya/bot_ws/install/description/share/description/package.ps1'
[0.858s] INFO:colcon.colcon_core.shell:Creating package descriptor '/home/shaurya/bot_ws/install/description/share/description/package.dsv'
[0.859s] INFO:colcon.colcon_core.shell:Creating package script '/home/shaurya/bot_ws/install/description/share/description/package.sh'
[0.860s] INFO:colcon.colcon_core.shell:Creating package script '/home/shaurya/bot_ws/install/description/share/description/package.bash'
[0.862s] INFO:colcon.colcon_core.shell:Creating package script '/home/shaurya/bot_ws/install/description/share/description/package.zsh'
[0.863s] Level 1:colcon.colcon_core.environment:create_file_with_runtime_dependencies(/home/shaurya/bot_ws/install/description/share/colcon-core/packages/description)
[0.864s] Level 1:colcon.colcon_core.environment:create_environment_scripts_only(description)
[0.865s] Level 1:colcon.colcon_core.environment:checking '/home/shaurya/bot_ws/install/description' for CMake module files
[0.865s] Level 1:colcon.colcon_core.environment:checking '/home/shaurya/bot_ws/install/description' for CMake config files
[0.866s] Level 1:colcon.colcon_core.shell:create_environment_hook('description', 'cmake_prefix_path')
[0.866s] INFO:colcon.colcon_core.shell:Creating environment hook '/home/shaurya/bot_ws/install/description/share/description/hook/cmake_prefix_path.ps1'
[0.867s] INFO:colcon.colcon_core.shell:Creating environment descriptor '/home/shaurya/bot_ws/install/description/share/description/hook/cmake_prefix_path.dsv'
[0.868s] INFO:colcon.colcon_core.shell:Creating environment hook '/home/shaurya/bot_ws/install/description/share/description/hook/cmake_prefix_path.sh'
[0.869s] Level 1:colcon.colcon_core.environment:checking '/home/shaurya/bot_ws/install/description/bin'
[0.869s] Level 1:colcon.colcon_core.environment:checking '/home/shaurya/bot_ws/install/description/lib/pkgconfig/description.pc'
[0.869s] Level 1:colcon.colcon_core.environment:checking '/home/shaurya/bot_ws/install/description/lib/python3.10/site-packages'
[0.870s] Level 1:colcon.colcon_core.environment:checking '/home/shaurya/bot_ws/install/description/bin'
[0.870s] INFO:colcon.colcon_core.shell:Creating package script '/home/shaurya/bot_ws/install/description/share/description/package.ps1'
[0.871s] INFO:colcon.colcon_core.shell:Creating package descriptor '/home/shaurya/bot_ws/install/description/share/description/package.dsv'
[0.872s] INFO:colcon.colcon_core.shell:Creating package script '/home/shaurya/bot_ws/install/description/share/description/package.sh'
[0.873s] INFO:colcon.colcon_core.shell:Creating package script '/home/shaurya/bot_ws/install/description/share/description/package.bash'
[0.873s] INFO:colcon.colcon_core.shell:Creating package script '/home/shaurya/bot_ws/install/description/share/description/package.zsh'
[0.874s] Level 1:colcon.colcon_core.environment:create_file_with_runtime_dependencies(/home/shaurya/bot_ws/install/description/share/colcon-core/packages/description)
[1.373s] DEBUG:colcon.colcon_core.event_handler.log_command:Invoked command in '/home/shaurya/bot_ws/build/bot_controller' returned '0': CMAKE_PREFIX_PATH=/opt/ros/humble /usr/bin/cmake --build /home/shaurya/bot_ws/build/bot_controller -- -j8 -l8
[1.376s] DEBUG:colcon.colcon_core.event_handler.log_command:Invoking command in '/home/shaurya/bot_ws/build/bot_controller': CMAKE_PREFIX_PATH=/opt/ros/humble /usr/bin/cmake --install /home/shaurya/bot_ws/build/bot_controller
[1.471s] Level 1:colcon.colcon_core.environment:create_environment_scripts_only(bot_controller)
[1.472s] Level 1:colcon.colcon_core.environment:checking '/home/shaurya/bot_ws/install/bot_controller' for CMake module files
[1.473s] DEBUG:colcon.colcon_core.event_handler.log_command:Invoked command in '/home/shaurya/bot_ws/build/bot_controller' returned '0': CMAKE_PREFIX_PATH=/opt/ros/humble /usr/bin/cmake --install /home/shaurya/bot_ws/build/bot_controller
[1.473s] Level 1:colcon.colcon_core.environment:checking '/home/shaurya/bot_ws/install/bot_controller' for CMake config files
[1.474s] Level 1:colcon.colcon_core.shell:create_environment_hook('bot_controller', 'cmake_prefix_path')
[1.474s] INFO:colcon.colcon_core.shell:Creating environment hook '/home/shaurya/bot_ws/install/bot_controller/share/bot_controller/hook/cmake_prefix_path.ps1'
[1.475s] INFO:colcon.colcon_core.shell:Creating environment descriptor '/home/shaurya/bot_ws/install/bot_controller/share/bot_controller/hook/cmake_prefix_path.dsv'
[1.476s] INFO:colcon.colcon_core.shell:Creating environment hook '/home/shaurya/bot_ws/install/bot_controller/share/bot_controller/hook/cmake_prefix_path.sh'
[1.477s] Level 1:colcon.colcon_core.environment:checking '/home/shaurya/bot_ws/install/bot_controller/lib'
[1.478s] Level 1:colcon.colcon_core.environment:checking '/home/shaurya/bot_ws/install/bot_controller/bin'
[1.478s] Level 1:colcon.colcon_core.environment:checking '/home/shaurya/bot_ws/install/bot_controller/lib/pkgconfig/bot_controller.pc'
[1.478s] Level 1:colcon.colcon_core.environment:checking '/home/shaurya/bot_ws/install/bot_controller/lib/python3.10/site-packages'
[1.479s] Level 1:colcon.colcon_core.environment:checking '/home/shaurya/bot_ws/install/bot_controller/bin'
[1.479s] INFO:colcon.colcon_core.shell:Creating package script '/home/shaurya/bot_ws/install/bot_controller/share/bot_controller/package.ps1'
[1.480s] INFO:colcon.colcon_core.shell:Creating package descriptor '/home/shaurya/bot_ws/install/bot_controller/share/bot_controller/package.dsv'
[1.481s] INFO:colcon.colcon_core.shell:Creating package script '/home/shaurya/bot_ws/install/bot_controller/share/bot_controller/package.sh'
[1.482s] INFO:colcon.colcon_core.shell:Creating package script '/home/shaurya/bot_ws/install/bot_controller/share/bot_controller/package.bash'
[1.483s] INFO:colcon.colcon_core.shell:Creating package script '/home/shaurya/bot_ws/install/bot_controller/share/bot_controller/package.zsh'
[1.483s] Level 1:colcon.colcon_core.environment:create_file_with_runtime_dependencies(/home/shaurya/bot_ws/install/bot_controller/share/colcon-core/packages/bot_controller)
[1.484s] Level 1:colcon.colcon_core.environment:create_environment_scripts_only(bot_controller)
[1.485s] Level 1:colcon.colcon_core.environment:checking '/home/shaurya/bot_ws/install/bot_controller' for CMake module files
[1.486s] Level 1:colcon.colcon_core.environment:checking '/home/shaurya/bot_ws/install/bot_controller' for CMake config files
[1.486s] Level 1:colcon.colcon_core.shell:create_environment_hook('bot_controller', 'cmake_prefix_path')
[1.487s] INFO:colcon.colcon_core.shell:Creating environment hook '/home/shaurya/bot_ws/install/bot_controller/share/bot_controller/hook/cmake_prefix_path.ps1'
[1.488s] INFO:colcon.colcon_core.shell:Creating environment descriptor '/home/shaurya/bot_ws/install/bot_controller/share/bot_controller/hook/cmake_prefix_path.dsv'
[1.488s] INFO:colcon.colcon_core.shell:Creating environment hook '/home/shaurya/bot_ws/install/bot_controller/share/bot_controller/hook/cmake_prefix_path.sh'
[1.490s] Level 1:colcon.colcon_core.environment:checking '/home/shaurya/bot_ws/install/bot_controller/lib'
[1.490s] Level 1:colcon.colcon_core.environment:checking '/home/shaurya/bot_ws/install/bot_controller/bin'
[1.490s] Level 1:colcon.colcon_core.environment:checking '/home/shaurya/bot_ws/install/bot_controller/lib/pkgconfig/bot_controller.pc'
[1.490s] Level 1:colcon.colcon_core.environment:checking '/home/shaurya/bot_ws/install/bot_controller/lib/python3.10/site-packages'
[1.491s] Level 1:colcon.colcon_core.environment:checking '/home/shaurya/bot_ws/install/bot_controller/bin'
[1.491s] INFO:colcon.colcon_core.shell:Creating package script '/home/shaurya/bot_ws/install/bot_controller/share/bot_controller/package.ps1'
[1.492s] INFO:colcon.colcon_core.shell:Creating package descriptor '/home/shaurya/bot_ws/install/bot_controller/share/bot_controller/package.dsv'
[1.493s] INFO:colcon.colcon_core.shell:Creating package script '/home/shaurya/bot_ws/install/bot_controller/share/bot_controller/package.sh'
[1.494s] INFO:colcon.colcon_core.shell:Creating package script '/home/shaurya/bot_ws/install/bot_controller/share/bot_controller/package.bash'
[1.494s] INFO:colcon.colcon_core.shell:Creating package script '/home/shaurya/bot_ws/install/bot_controller/share/bot_controller/package.zsh'
[1.495s] Level 1:colcon.colcon_core.environment:create_file_with_runtime_dependencies(/home/shaurya/bot_ws/install/bot_controller/share/colcon-core/packages/bot_controller)
[1.495s] DEBUG:colcon.colcon_parallel_executor.executor.parallel:closing loop
[1.496s] DEBUG:colcon.colcon_parallel_executor.executor.parallel:loop closed
[1.496s] DEBUG:colcon.colcon_parallel_executor.executor.parallel:run_until_complete finished with '0'
[1.496s] DEBUG:colcon.colcon_core.event_reactor:joining thread
[1.505s] INFO:colcon.colcon_core.plugin_system:Skipping extension 'colcon_notification.desktop_notification.terminal_notifier': Not used on non-Darwin systems
[1.505s] INFO:colcon.colcon_core.plugin_system:Skipping extension 'colcon_notification.desktop_notification.win32': Not used on non-Windows systems
[1.505s] INFO:colcon.colcon_notification.desktop_notification:Sending desktop notification using 'notify2'
[1.528s] DEBUG:colcon.colcon_core.event_reactor:joined thread
[1.528s] INFO:colcon.colcon_core.shell:Creating prefix script '/home/shaurya/bot_ws/install/local_setup.ps1'
[1.530s] INFO:colcon.colcon_core.shell:Creating prefix util module '/home/shaurya/bot_ws/install/_local_setup_util_ps1.py'
[1.534s] INFO:colcon.colcon_core.shell:Creating prefix chain script '/home/shaurya/bot_ws/install/setup.ps1'
[1.536s] INFO:colcon.colcon_core.shell:Creating prefix script '/home/shaurya/bot_ws/install/local_setup.sh'
[1.537s] INFO:colcon.colcon_core.shell:Creating prefix util module '/home/shaurya/bot_ws/install/_local_setup_util_sh.py'
[1.538s] INFO:colcon.colcon_core.shell:Creating prefix chain script '/home/shaurya/bot_ws/install/setup.sh'
[1.540s] INFO:colcon.colcon_core.shell:Creating prefix script '/home/shaurya/bot_ws/install/local_setup.bash'
[1.541s] INFO:colcon.colcon_core.shell:Creating prefix chain script '/home/shaurya/bot_ws/install/setup.bash'
[1.543s] INFO:colcon.colcon_core.shell:Creating prefix script '/home/shaurya/bot_ws/install/local_setup.zsh'
[1.544s] INFO:colcon.colcon_core.shell:Creating prefix chain script '/home/shaurya/bot_ws/install/setup.zsh'
