[0.008s] Invoking command in '/home/shaurya/bot_ws/build/description': CMAKE_PREFIX_PATH=/opt/ros/humble /usr/bin/cmake --build /home/shaurya/bot_ws/build/description -- -j8 -l8
[0.039s] Invoked command in '/home/shaurya/bot_ws/build/description' returned '0': CMAKE_PREFIX_PATH=/opt/ros/humble /usr/bin/cmake --build /home/shaurya/bot_ws/build/description -- -j8 -l8
[0.047s] Invoking command in '/home/shaurya/bot_ws/build/description': CMAKE_PREFIX_PATH=/opt/ros/humble /usr/bin/cmake --install /home/shaurya/bot_ws/build/description
[0.053s] -- Install configuration: ""
[0.053s] -- Up-to-date: /home/shaurya/bot_ws/install/description/share/description/meshes
[0.053s] -- Up-to-date: /home/shaurya/bot_ws/install/description/share/description/meshes/caster_front_link.STL
[0.053s] -- Up-to-date: /home/shaurya/bot_ws/install/description/share/description/meshes/caster_rear_link.STL
[0.053s] -- Up-to-date: /home/shaurya/bot_ws/install/description/share/description/meshes/wheel_left_link.STL
[0.053s] -- Up-to-date: /home/shaurya/bot_ws/install/description/share/description/meshes/imu_link.STL
[0.053s] -- Up-to-date: /home/shaurya/bot_ws/install/description/share/description/meshes/wheel_right_link.STL
[0.054s] -- Up-to-date: /home/shaurya/bot_ws/install/description/share/description/meshes/base_link.STL
[0.054s] -- Up-to-date: /home/shaurya/bot_ws/install/description/share/description/urdf
[0.054s] -- Up-to-date: /home/shaurya/bot_ws/install/description/share/description/urdf/bot_gazebo.xacro
[0.054s] -- Up-to-date: /home/shaurya/bot_ws/install/description/share/description/urdf/armybot.urdf.xacro
[0.054s] -- Up-to-date: /home/shaurya/bot_ws/install/description/share/description/urdf/bot.urdf.xacro
[0.054s] -- Up-to-date: /home/shaurya/bot_ws/install/description/share/description/urdf/bot_ros2_control.xacro
[0.054s] -- Up-to-date: /home/shaurya/bot_ws/install/description/share/description/launch
[0.054s] -- Up-to-date: /home/shaurya/bot_ws/install/description/share/description/launch/gazebo.launch.py
[0.054s] -- Up-to-date: /home/shaurya/bot_ws/install/description/share/description/launch/display.launch.py
[0.054s] -- Up-to-date: /home/shaurya/bot_ws/install/description/share/description/rviz
[0.054s] -- Up-to-date: /home/shaurya/bot_ws/install/description/share/description/rviz/display.rviz
[0.054s] -- Up-to-date: /home/shaurya/bot_ws/install/description/share/ament_index/resource_index/package_run_dependencies/description
[0.054s] -- Up-to-date: /home/shaurya/bot_ws/install/description/share/ament_index/resource_index/parent_prefix_path/description
[0.054s] -- Up-to-date: /home/shaurya/bot_ws/install/description/share/description/environment/ament_prefix_path.sh
[0.054s] -- Up-to-date: /home/shaurya/bot_ws/install/description/share/description/environment/ament_prefix_path.dsv
[0.055s] -- Up-to-date: /home/shaurya/bot_ws/install/description/share/description/environment/path.sh
[0.055s] -- Up-to-date: /home/shaurya/bot_ws/install/description/share/description/environment/path.dsv
[0.055s] -- Up-to-date: /home/shaurya/bot_ws/install/description/share/description/local_setup.bash
[0.055s] -- Up-to-date: /home/shaurya/bot_ws/install/description/share/description/local_setup.sh
[0.055s] -- Up-to-date: /home/shaurya/bot_ws/install/description/share/description/local_setup.zsh
[0.055s] -- Up-to-date: /home/shaurya/bot_ws/install/description/share/description/local_setup.dsv
[0.055s] -- Installing: /home/shaurya/bot_ws/install/description/share/description/package.dsv
[0.055s] -- Up-to-date: /home/shaurya/bot_ws/install/description/share/ament_index/resource_index/packages/description
[0.055s] -- Up-to-date: /home/shaurya/bot_ws/install/description/share/description/cmake/descriptionConfig.cmake
[0.055s] -- Up-to-date: /home/shaurya/bot_ws/install/description/share/description/cmake/descriptionConfig-version.cmake
[0.055s] -- Up-to-date: /home/shaurya/bot_ws/install/description/share/description/package.xml
[0.056s] Invoked command in '/home/shaurya/bot_ws/build/description' returned '0': CMAKE_PREFIX_PATH=/opt/ros/humble /usr/bin/cmake --install /home/shaurya/bot_ws/build/description
