[0.023s] Invoking command in '/home/shaurya/Army_Bot-2113888637b68d092bb7a1b05b42718a8ff7eb72/build/description': CMAKE_PREFIX_PATH=/opt/ros/humble /usr/bin/cmake --build /home/shaurya/Army_Bot-2113888637b68d092bb7a1b05b42718a8ff7eb72/build/description -- -j8 -l8
[0.035s] [0mCMake Error: The current CMakeCache.txt directory /home/shaurya/Army_Bot-2113888637b68d092bb7a1b05b42718a8ff7eb72/build/description/CMakeCache.txt is different than the directory /home/shaurya/bot_ws/build/description where CMakeCache.txt was created. This may result in binaries being created in the wrong place. If you are not sure, reedit the CMakeCache.txt[0m
[0.066s] -- Found ament_cmake: 1.3.11 (/opt/ros/humble/share/ament_cmake/cmake)
[0.324s] -- Found ament_lint_auto: 0.12.11 (/opt/ros/humble/share/ament_lint_auto/cmake)
[0.530s] -- Added test 'flake8' to check Python code syntax and style conventions
[0.545s] -- Added test 'lint_cmake' to check CMake code style
[0.553s] -- Added test 'pep257' to check Python code against some of the docstring style conventions in PEP 257
[0.620s] -- Added test 'xmllint' to check XML markup files
[0.621s] -- Configuring done
[0.626s] -- Generating done
[0.629s] -- Build files have been written to: /home/shaurya/bot_ws/build/description
[0.667s] Invoked command in '/home/shaurya/Army_Bot-2113888637b68d092bb7a1b05b42718a8ff7eb72/build/description' returned '0': CMAKE_PREFIX_PATH=/opt/ros/humble /usr/bin/cmake --build /home/shaurya/Army_Bot-2113888637b68d092bb7a1b05b42718a8ff7eb72/build/description -- -j8 -l8
[0.685s] Invoking command in '/home/shaurya/Army_Bot-2113888637b68d092bb7a1b05b42718a8ff7eb72/build/description': CMAKE_PREFIX_PATH=/opt/ros/humble /usr/bin/cmake --install /home/shaurya/Army_Bot-2113888637b68d092bb7a1b05b42718a8ff7eb72/build/description
[0.699s] -- Install configuration: ""
[0.699s] -- Up-to-date: /home/shaurya/bot_ws/install/description/share/description/meshes
[0.699s] -- Up-to-date: /home/shaurya/bot_ws/install/description/share/description/meshes/caster_front_link.STL
[0.699s] -- Up-to-date: /home/shaurya/bot_ws/install/description/share/description/meshes/caster_rear_link.STL
[0.700s] -- Up-to-date: /home/shaurya/bot_ws/install/description/share/description/meshes/wheel_left_link.STL
[0.700s] -- Up-to-date: /home/shaurya/bot_ws/install/description/share/description/meshes/imu_link.STL
[0.700s] -- Up-to-date: /home/shaurya/bot_ws/install/description/share/description/meshes/wheel_right_link.STL
[0.700s] -- Up-to-date: /home/shaurya/bot_ws/install/description/share/description/meshes/base_link.STL
[0.700s] -- Up-to-date: /home/shaurya/bot_ws/install/description/share/description/urdf
[0.700s] -- Up-to-date: /home/shaurya/bot_ws/install/description/share/description/urdf/bot_gazebo.xacro
[0.700s] -- Up-to-date: /home/shaurya/bot_ws/install/description/share/description/urdf/armybot.urdf.xacro
[0.701s] -- Up-to-date: /home/shaurya/bot_ws/install/description/share/description/urdf/bot.urdf.xacro
[0.701s] -- Up-to-date: /home/shaurya/bot_ws/install/description/share/description/urdf/bot_ros2_control.xacro
[0.701s] -- Up-to-date: /home/shaurya/bot_ws/install/description/share/description/launch
[0.701s] -- Up-to-date: /home/shaurya/bot_ws/install/description/share/description/launch/gazebo.launch.py
[0.701s] -- Up-to-date: /home/shaurya/bot_ws/install/description/share/description/launch/display.launch.py
[0.702s] -- Up-to-date: /home/shaurya/bot_ws/install/description/share/description/rviz
[0.702s] -- Up-to-date: /home/shaurya/bot_ws/install/description/share/description/rviz/display.rviz
[0.702s] -- Up-to-date: /home/shaurya/bot_ws/install/description/share/ament_index/resource_index/package_run_dependencies/description
[0.702s] -- Up-to-date: /home/shaurya/bot_ws/install/description/share/ament_index/resource_index/parent_prefix_path/description
[0.702s] -- Up-to-date: /home/shaurya/bot_ws/install/description/share/description/environment/ament_prefix_path.sh
[0.702s] -- Installing: /home/shaurya/bot_ws/install/description/share/description/environment/ament_prefix_path.dsv
[0.702s] -- Up-to-date: /home/shaurya/bot_ws/install/description/share/description/environment/path.sh
[0.703s] -- Installing: /home/shaurya/bot_ws/install/description/share/description/environment/path.dsv
[0.703s] -- Up-to-date: /home/shaurya/bot_ws/install/description/share/description/local_setup.bash
[0.703s] -- Up-to-date: /home/shaurya/bot_ws/install/description/share/description/local_setup.sh
[0.703s] -- Up-to-date: /home/shaurya/bot_ws/install/description/share/description/local_setup.zsh
[0.703s] -- Installing: /home/shaurya/bot_ws/install/description/share/description/local_setup.dsv
[0.703s] -- Installing: /home/shaurya/bot_ws/install/description/share/description/package.dsv
[0.703s] -- Up-to-date: /home/shaurya/bot_ws/install/description/share/ament_index/resource_index/packages/description
[0.704s] -- Up-to-date: /home/shaurya/bot_ws/install/description/share/description/cmake/descriptionConfig.cmake
[0.704s] -- Up-to-date: /home/shaurya/bot_ws/install/description/share/description/cmake/descriptionConfig-version.cmake
[0.704s] -- Up-to-date: /home/shaurya/bot_ws/install/description/share/description/package.xml
[0.709s] Invoked command in '/home/shaurya/Army_Bot-2113888637b68d092bb7a1b05b42718a8ff7eb72/build/description' returned '0': CMAKE_PREFIX_PATH=/opt/ros/humble /usr/bin/cmake --install /home/shaurya/Army_Bot-2113888637b68d092bb7a1b05b42718a8ff7eb72/build/description
