[0.021s] Invoking command in '/home/shaurya/bot_ws/build/bot_controller': CMAKE_PREFIX_PATH=/opt/ros/humble /usr/bin/cmake --build /home/shaurya/bot_ws/build/bot_controller -- -j8 -l8
[0.080s] Built target ament_cmake_python_copy_bot_controller
[0.394s] running egg_info
[0.395s] writing bot_controller.egg-info/PKG-INFO
[0.395s] writing dependency_links to bot_controller.egg-info/dependency_links.txt
[0.396s] writing top-level names to bot_controller.egg-info/top_level.txt
[0.399s] reading manifest file 'bot_controller.egg-info/SOURCES.txt'
[0.400s] writing manifest file 'bot_controller.egg-info/SOURCES.txt'
[0.443s] Built target ament_cmake_python_build_bot_controller_egg
[0.457s] Invoked command in '/home/shaurya/bot_ws/build/bot_controller' returned '0': CMAKE_PREFIX_PATH=/opt/ros/humble /usr/bin/cmake --build /home/shaurya/bot_ws/build/bot_controller -- -j8 -l8
[0.459s] Invoking command in '/home/shaurya/bot_ws/build/bot_controller': CMAKE_PREFIX_PATH=/opt/ros/humble /usr/bin/cmake --install /home/shaurya/bot_ws/build/bot_controller
[0.469s] -- Install configuration: ""
[0.469s] -- Up-to-date: /home/shaurya/bot_ws/install/bot_controller/share/bot_controller/environment/pythonpath.sh
[0.469s] -- Up-to-date: /home/shaurya/bot_ws/install/bot_controller/share/bot_controller/environment/pythonpath.dsv
[0.469s] -- Up-to-date: /home/shaurya/bot_ws/install/bot_controller/local/lib/python3.10/dist-packages/bot_controller-0.0.0-py3.10.egg-info
[0.469s] -- Installing: /home/shaurya/bot_ws/install/bot_controller/local/lib/python3.10/dist-packages/bot_controller-0.0.0-py3.10.egg-info/top_level.txt
[0.470s] -- Installing: /home/shaurya/bot_ws/install/bot_controller/local/lib/python3.10/dist-packages/bot_controller-0.0.0-py3.10.egg-info/PKG-INFO
[0.470s] -- Installing: /home/shaurya/bot_ws/install/bot_controller/local/lib/python3.10/dist-packages/bot_controller-0.0.0-py3.10.egg-info/dependency_links.txt
[0.470s] -- Installing: /home/shaurya/bot_ws/install/bot_controller/local/lib/python3.10/dist-packages/bot_controller-0.0.0-py3.10.egg-info/SOURCES.txt
[0.470s] -- Up-to-date: /home/shaurya/bot_ws/install/bot_controller/local/lib/python3.10/dist-packages/bot_controller
[0.470s] -- Up-to-date: /home/shaurya/bot_ws/install/bot_controller/local/lib/python3.10/dist-packages/bot_controller/__init__.py
[0.470s] -- Up-to-date: /home/shaurya/bot_ws/install/bot_controller/local/lib/python3.10/dist-packages/bot_controller/simple_controller.py
[0.470s] -- Installing: /home/shaurya/bot_ws/install/bot_controller/local/lib/python3.10/dist-packages/bot_controller/twist_relay.py
[0.471s] -- Up-to-date: /home/shaurya/bot_ws/install/bot_controller/local/lib/python3.10/dist-packages/bot_controller/noisy_controller.py
[0.518s] Listing '/home/shaurya/bot_ws/install/bot_controller/local/lib/python3.10/dist-packages/bot_controller'...
[0.518s] Compiling '/home/shaurya/bot_ws/install/bot_controller/local/lib/python3.10/dist-packages/bot_controller/twist_relay.py'...
[0.525s] -- Up-to-date: /home/shaurya/bot_ws/install/bot_controller/share/bot_controller/config
[0.525s] -- Up-to-date: /home/shaurya/bot_ws/install/bot_controller/share/bot_controller/config/bot_controller.yaml
[0.525s] -- Up-to-date: /home/shaurya/bot_ws/install/bot_controller/share/bot_controller/launch
[0.525s] -- Up-to-date: /home/shaurya/bot_ws/install/bot_controller/share/bot_controller/launch/controller.launch.py
[0.526s] -- Up-to-date: /home/shaurya/bot_ws/install/bot_controller/lib/bot_controller/simple_controller.py
[0.526s] -- Up-to-date: /home/shaurya/bot_ws/install/bot_controller/lib/bot_controller/noisy_controller.py
[0.526s] -- Up-to-date: /home/shaurya/bot_ws/install/bot_controller/share/ament_index/resource_index/package_run_dependencies/bot_controller
[0.526s] -- Up-to-date: /home/shaurya/bot_ws/install/bot_controller/share/ament_index/resource_index/parent_prefix_path/bot_controller
[0.526s] -- Up-to-date: /home/shaurya/bot_ws/install/bot_controller/share/bot_controller/environment/ament_prefix_path.sh
[0.526s] -- Up-to-date: /home/shaurya/bot_ws/install/bot_controller/share/bot_controller/environment/ament_prefix_path.dsv
[0.526s] -- Up-to-date: /home/shaurya/bot_ws/install/bot_controller/share/bot_controller/environment/path.sh
[0.526s] -- Up-to-date: /home/shaurya/bot_ws/install/bot_controller/share/bot_controller/environment/path.dsv
[0.527s] -- Up-to-date: /home/shaurya/bot_ws/install/bot_controller/share/bot_controller/local_setup.bash
[0.527s] -- Up-to-date: /home/shaurya/bot_ws/install/bot_controller/share/bot_controller/local_setup.sh
[0.527s] -- Up-to-date: /home/shaurya/bot_ws/install/bot_controller/share/bot_controller/local_setup.zsh
[0.527s] -- Up-to-date: /home/shaurya/bot_ws/install/bot_controller/share/bot_controller/local_setup.dsv
[0.527s] -- Installing: /home/shaurya/bot_ws/install/bot_controller/share/bot_controller/package.dsv
[0.527s] -- Up-to-date: /home/shaurya/bot_ws/install/bot_controller/share/ament_index/resource_index/packages/bot_controller
[0.527s] -- Up-to-date: /home/shaurya/bot_ws/install/bot_controller/share/bot_controller/cmake/bot_controllerConfig.cmake
[0.527s] -- Up-to-date: /home/shaurya/bot_ws/install/bot_controller/share/bot_controller/cmake/bot_controllerConfig-version.cmake
[0.527s] -- Up-to-date: /home/shaurya/bot_ws/install/bot_controller/share/bot_controller/package.xml
[0.530s] Invoked command in '/home/shaurya/bot_ws/build/bot_controller' returned '0': CMAKE_PREFIX_PATH=/opt/ros/humble /usr/bin/cmake --install /home/shaurya/bot_ws/build/bot_controller
