[0.009s] Invoking command in '/home/shaurya/bot_ws/build/bot_controller': CMAKE_PREFIX_PATH=/opt/ros/humble /usr/bin/cmake --build /home/shaurya/bot_ws/build/bot_controller -- -j8 -l8
[0.030s] -- Found ament_cmake: 1.3.11 (/opt/ros/humble/share/ament_cmake/cmake)
[0.140s] -- Found rclcpp: 16.0.11 (/opt/ros/humble/share/rclcpp/cmake)
[0.175s] -- Found rosidl_generator_c: 3.1.6 (/opt/ros/humble/share/rosidl_generator_c/cmake)
[0.179s] -- Found rosidl_adapter: 3.1.6 (/opt/ros/humble/share/rosidl_adapter/cmake)
[0.186s] -- Found rosidl_generator_cpp: 3.1.6 (/opt/ros/humble/share/rosidl_generator_cpp/cmake)
[0.196s] -- Using all available rosidl_typesupport_c: rosidl_typesupport_fastrtps_c;rosidl_typesupport_introspection_c
[0.209s] -- Using all available rosidl_typesupport_cpp: rosidl_typesupport_fastrtps_cpp;rosidl_typesupport_introspection_cpp
[0.248s] -- Found rmw_implementation_cmake: 6.1.2 (/opt/ros/humble/share/rmw_implementation_cmake/cmake)
[0.250s] -- Found rmw_fastrtps_cpp: 6.2.7 (/opt/ros/humble/share/rmw_fastrtps_cpp/cmake)
[0.315s] -- Found OpenSSL: /usr/lib/x86_64-linux-gnu/libcrypto.so (found version "3.0.2")  
[0.335s] -- Found FastRTPS: /opt/ros/humble/include  
[0.364s] -- Using RMW implementation 'rmw_fastrtps_cpp' as default
[0.372s] -- Looking for pthread.h
[0.453s] -- Looking for pthread.h - found
[0.453s] -- Performing Test CMAKE_HAVE_LIBC_PTHREAD
[0.516s] -- Performing Test CMAKE_HAVE_LIBC_PTHREAD - Success
[0.516s] -- Found Threads: TRUE  
[0.566s] -- Found rclpy: 3.3.15 (/opt/ros/humble/share/rclpy/cmake)
[0.567s] -- Found geometry_msgs: 4.2.4 (/opt/ros/humble/share/geometry_msgs/cmake)
[0.639s] -- Found ament_lint_auto: 0.12.11 (/opt/ros/humble/share/ament_lint_auto/cmake)
[0.689s] -- Added test 'flake8' to check Python code syntax and style conventions
[0.689s] -- Added test 'lint_cmake' to check CMake code style
[0.689s] -- Added test 'pep257' to check Python code against some of the docstring style conventions in PEP 257
[0.690s] -- Added test 'xmllint' to check XML markup files
[0.691s] -- Configuring done
[0.695s] -- Generating done
[0.697s] -- Build files have been written to: /home/shaurya/bot_ws/build/bot_controller
[0.729s] Built target ament_cmake_python_copy_bot_controller
[0.937s] running egg_info
[0.938s] creating bot_controller.egg-info
[0.938s] writing bot_controller.egg-info/PKG-INFO
[0.938s] writing dependency_links to bot_controller.egg-info/dependency_links.txt
[0.938s] writing top-level names to bot_controller.egg-info/top_level.txt
[0.938s] writing manifest file 'bot_controller.egg-info/SOURCES.txt'
[0.941s] reading manifest file 'bot_controller.egg-info/SOURCES.txt'
[0.941s] writing manifest file 'bot_controller.egg-info/SOURCES.txt'
[0.966s] Built target ament_cmake_python_build_bot_controller_egg
[0.975s] Invoked command in '/home/shaurya/bot_ws/build/bot_controller' returned '0': CMAKE_PREFIX_PATH=/opt/ros/humble /usr/bin/cmake --build /home/shaurya/bot_ws/build/bot_controller -- -j8 -l8
[0.976s] Invoking command in '/home/shaurya/bot_ws/build/bot_controller': CMAKE_PREFIX_PATH=/opt/ros/humble /usr/bin/cmake --install /home/shaurya/bot_ws/build/bot_controller
[0.982s] -- Install configuration: ""
[0.982s] -- Installing: /home/shaurya/bot_ws/install/bot_controller/share/bot_controller/environment/pythonpath.sh
[0.982s] -- Installing: /home/shaurya/bot_ws/install/bot_controller/share/bot_controller/environment/pythonpath.dsv
[0.983s] -- Installing: /home/shaurya/bot_ws/install/bot_controller/local/lib/python3.10/dist-packages/bot_controller-0.0.0-py3.10.egg-info
[0.983s] -- Installing: /home/shaurya/bot_ws/install/bot_controller/local/lib/python3.10/dist-packages/bot_controller-0.0.0-py3.10.egg-info/top_level.txt
[0.983s] -- Installing: /home/shaurya/bot_ws/install/bot_controller/local/lib/python3.10/dist-packages/bot_controller-0.0.0-py3.10.egg-info/PKG-INFO
[0.983s] -- Installing: /home/shaurya/bot_ws/install/bot_controller/local/lib/python3.10/dist-packages/bot_controller-0.0.0-py3.10.egg-info/dependency_links.txt
[0.983s] -- Installing: /home/shaurya/bot_ws/install/bot_controller/local/lib/python3.10/dist-packages/bot_controller-0.0.0-py3.10.egg-info/SOURCES.txt
[0.983s] -- Installing: /home/shaurya/bot_ws/install/bot_controller/local/lib/python3.10/dist-packages/bot_controller
[0.983s] -- Installing: /home/shaurya/bot_ws/install/bot_controller/local/lib/python3.10/dist-packages/bot_controller/__init__.py
[0.983s] -- Installing: /home/shaurya/bot_ws/install/bot_controller/local/lib/python3.10/dist-packages/bot_controller/controller.py
[1.016s] Listing '/home/shaurya/bot_ws/install/bot_controller/local/lib/python3.10/dist-packages/bot_controller'...
[1.016s] Compiling '/home/shaurya/bot_ws/install/bot_controller/local/lib/python3.10/dist-packages/bot_controller/__init__.py'...
[1.016s] Compiling '/home/shaurya/bot_ws/install/bot_controller/local/lib/python3.10/dist-packages/bot_controller/controller.py'...
[1.021s] -- Up-to-date: /home/shaurya/bot_ws/install/bot_controller/share/bot_controller/config
[1.021s] -- Up-to-date: /home/shaurya/bot_ws/install/bot_controller/share/bot_controller/config/bot_controller.yaml
[1.021s] -- Up-to-date: /home/shaurya/bot_ws/install/bot_controller/share/bot_controller/launch
[1.021s] -- Up-to-date: /home/shaurya/bot_ws/install/bot_controller/share/bot_controller/launch/controller.launch.py
[1.021s] -- Installing: /home/shaurya/bot_ws/install/bot_controller/lib/bot_controller/controller.py
[1.021s] -- Installing: /home/shaurya/bot_ws/install/bot_controller/share/ament_index/resource_index/package_run_dependencies/bot_controller
[1.022s] -- Up-to-date: /home/shaurya/bot_ws/install/bot_controller/share/ament_index/resource_index/parent_prefix_path/bot_controller
[1.022s] -- Up-to-date: /home/shaurya/bot_ws/install/bot_controller/share/bot_controller/environment/ament_prefix_path.sh
[1.022s] -- Installing: /home/shaurya/bot_ws/install/bot_controller/share/bot_controller/environment/ament_prefix_path.dsv
[1.022s] -- Up-to-date: /home/shaurya/bot_ws/install/bot_controller/share/bot_controller/environment/path.sh
[1.022s] -- Installing: /home/shaurya/bot_ws/install/bot_controller/share/bot_controller/environment/path.dsv
[1.022s] -- Up-to-date: /home/shaurya/bot_ws/install/bot_controller/share/bot_controller/local_setup.bash
[1.022s] -- Installing: /home/shaurya/bot_ws/install/bot_controller/share/bot_controller/local_setup.sh
[1.022s] -- Up-to-date: /home/shaurya/bot_ws/install/bot_controller/share/bot_controller/local_setup.zsh
[1.023s] -- Installing: /home/shaurya/bot_ws/install/bot_controller/share/bot_controller/local_setup.dsv
[1.023s] -- Installing: /home/shaurya/bot_ws/install/bot_controller/share/bot_controller/package.dsv
[1.023s] -- Up-to-date: /home/shaurya/bot_ws/install/bot_controller/share/ament_index/resource_index/packages/bot_controller
[1.023s] -- Up-to-date: /home/shaurya/bot_ws/install/bot_controller/share/bot_controller/cmake/bot_controllerConfig.cmake
[1.023s] -- Up-to-date: /home/shaurya/bot_ws/install/bot_controller/share/bot_controller/cmake/bot_controllerConfig-version.cmake
[1.023s] -- Installing: /home/shaurya/bot_ws/install/bot_controller/share/bot_controller/package.xml
[1.025s] Invoked command in '/home/shaurya/bot_ws/build/bot_controller' returned '0': CMAKE_PREFIX_PATH=/opt/ros/humble /usr/bin/cmake --install /home/shaurya/bot_ws/build/bot_controller
