[0.007s] Invoking command in '/home/shaurya/bot_ws/build/bot_controller': CMAKE_PREFIX_PATH=/opt/ros/humble /usr/bin/cmake /home/shaurya/bot_ws/src/bot_controller -DCMAKE_INSTALL_PREFIX=/home/shaurya/bot_ws/install/bot_controller
[0.046s] -- The C compiler identification is GNU 11.4.0
[0.086s] -- The CXX compiler identification is GNU 11.4.0
[0.091s] -- Detecting C compiler ABI info
[0.138s] -- Detecting C compiler ABI info - done
[0.145s] -- Check for working C compiler: /usr/bin/cc - skipped
[0.145s] -- Detecting C compile features
[0.145s] -- Detecting C compile features - done
[0.148s] -- Detecting CXX compiler ABI info
[0.206s] -- Detecting CXX compiler ABI info - done
[0.211s] -- Check for working CXX compiler: /usr/bin/c++ - skipped
[0.211s] -- Detecting CXX compile features
[0.211s] -- Detecting CXX compile features - done
[0.213s] -- Found ament_cmake: 1.3.11 (/opt/ros/humble/share/ament_cmake/cmake)
[0.315s] -- Found Python3: /usr/bin/python3 (found version "3.10.12") found components: Interpreter 
[0.378s] -- Found ament_lint_auto: 0.12.11 (/opt/ros/humble/share/ament_lint_auto/cmake)
[0.433s] -- Added test 'lint_cmake' to check CMake code style
[0.433s] -- Added test 'xmllint' to check XML markup files
[0.434s] -- Configuring done
[0.436s] -- Generating done
[0.437s] -- Build files have been written to: /home/shaurya/bot_ws/build/bot_controller
[0.440s] Invoked command in '/home/shaurya/bot_ws/build/bot_controller' returned '0': CMAKE_PREFIX_PATH=/opt/ros/humble /usr/bin/cmake /home/shaurya/bot_ws/src/bot_controller -DCMAKE_INSTALL_PREFIX=/home/shaurya/bot_ws/install/bot_controller
[0.441s] Invoking command in '/home/shaurya/bot_ws/build/bot_controller': CMAKE_PREFIX_PATH=/opt/ros/humble /usr/bin/cmake --build /home/shaurya/bot_ws/build/bot_controller -- -j8 -l8
[0.464s] Invoked command in '/home/shaurya/bot_ws/build/bot_controller' returned '0': CMAKE_PREFIX_PATH=/opt/ros/humble /usr/bin/cmake --build /home/shaurya/bot_ws/build/bot_controller -- -j8 -l8
[0.465s] Invoking command in '/home/shaurya/bot_ws/build/bot_controller': CMAKE_PREFIX_PATH=/opt/ros/humble /usr/bin/cmake --install /home/shaurya/bot_ws/build/bot_controller
[0.470s] -- Install configuration: ""
[0.470s] -- Installing: /home/shaurya/bot_ws/install/bot_controller/share/ament_index/resource_index/package_run_dependencies/bot_controller
[0.470s] -- Installing: /home/shaurya/bot_ws/install/bot_controller/share/ament_index/resource_index/parent_prefix_path/bot_controller
[0.471s] -- Installing: /home/shaurya/bot_ws/install/bot_controller/share/bot_controller/environment/ament_prefix_path.sh
[0.471s] -- Installing: /home/shaurya/bot_ws/install/bot_controller/share/bot_controller/environment/ament_prefix_path.dsv
[0.471s] -- Installing: /home/shaurya/bot_ws/install/bot_controller/share/bot_controller/environment/path.sh
[0.471s] -- Installing: /home/shaurya/bot_ws/install/bot_controller/share/bot_controller/environment/path.dsv
[0.471s] -- Installing: /home/shaurya/bot_ws/install/bot_controller/share/bot_controller/local_setup.bash
[0.471s] -- Installing: /home/shaurya/bot_ws/install/bot_controller/share/bot_controller/local_setup.sh
[0.471s] -- Installing: /home/shaurya/bot_ws/install/bot_controller/share/bot_controller/local_setup.zsh
[0.471s] -- Installing: /home/shaurya/bot_ws/install/bot_controller/share/bot_controller/local_setup.dsv
[0.471s] -- Installing: /home/shaurya/bot_ws/install/bot_controller/share/bot_controller/package.dsv
[0.471s] -- Installing: /home/shaurya/bot_ws/install/bot_controller/share/ament_index/resource_index/packages/bot_controller
[0.471s] -- Installing: /home/shaurya/bot_ws/install/bot_controller/share/bot_controller/cmake/bot_controllerConfig.cmake
[0.471s] -- Installing: /home/shaurya/bot_ws/install/bot_controller/share/bot_controller/cmake/bot_controllerConfig-version.cmake
[0.471s] -- Installing: /home/shaurya/bot_ws/install/bot_controller/share/bot_controller/package.xml
[0.473s] Invoked command in '/home/shaurya/bot_ws/build/bot_controller' returned '0': CMAKE_PREFIX_PATH=/opt/ros/humble /usr/bin/cmake --install /home/shaurya/bot_ws/build/bot_controller
