[0.008s] Invoking command in '/home/shaurya/bot_ws/build/bot_mapping': AMENT_PREFIX_PATH=/home/shaurya/bot_ws/install/bot_localization:${AMENT_PREFIX_PATH} CMAKE_PREFIX_PATH=/home/shaurya/bot_ws/install/bot_localization:/opt/ros/humble PYTHONPATH=/home/shaurya/bot_ws/install/bot_localization/local/lib/python3.10/dist-packages:${PYTHONPATH} /usr/bin/cmake --build /home/shaurya/bot_ws/build/bot_mapping -- -j8 -l8
[0.068s] Built target ament_cmake_python_copy_bot_mapping
[0.445s] running egg_info
[0.446s] writing bot_mapping.egg-info/PKG-INFO
[0.446s] writing dependency_links to bot_mapping.egg-info/dependency_links.txt
[0.446s] writing top-level names to bot_mapping.egg-info/top_level.txt
[0.451s] reading manifest file 'bot_mapping.egg-info/SOURCES.txt'
[0.452s] writing manifest file 'bot_mapping.egg-info/SOURCES.txt'
[0.498s] Built target ament_cmake_python_build_bot_mapping_egg
[0.513s] Invoked command in '/home/shaurya/bot_ws/build/bot_mapping' returned '0': AMENT_PREFIX_PATH=/home/shaurya/bot_ws/install/bot_localization:${AMENT_PREFIX_PATH} CMAKE_PREFIX_PATH=/home/shaurya/bot_ws/install/bot_localization:/opt/ros/humble PYTHONPATH=/home/shaurya/bot_ws/install/bot_localization/local/lib/python3.10/dist-packages:${PYTHONPATH} /usr/bin/cmake --build /home/shaurya/bot_ws/build/bot_mapping -- -j8 -l8
[0.516s] Invoking command in '/home/shaurya/bot_ws/build/bot_mapping': AMENT_PREFIX_PATH=/home/shaurya/bot_ws/install/bot_localization:${AMENT_PREFIX_PATH} CMAKE_PREFIX_PATH=/home/shaurya/bot_ws/install/bot_localization:/opt/ros/humble PYTHONPATH=/home/shaurya/bot_ws/install/bot_localization/local/lib/python3.10/dist-packages:${PYTHONPATH} /usr/bin/cmake --install /home/shaurya/bot_ws/build/bot_mapping
[0.524s] -- Install configuration: ""
[0.524s] -- Up-to-date: /home/shaurya/bot_ws/install/bot_mapping/share/bot_mapping/environment/pythonpath.sh
[0.525s] -- Up-to-date: /home/shaurya/bot_ws/install/bot_mapping/share/bot_mapping/environment/pythonpath.dsv
[0.525s] -- Up-to-date: /home/shaurya/bot_ws/install/bot_mapping/local/lib/python3.10/dist-packages/bot_mapping-0.0.0-py3.10.egg-info
[0.525s] -- Installing: /home/shaurya/bot_ws/install/bot_mapping/local/lib/python3.10/dist-packages/bot_mapping-0.0.0-py3.10.egg-info/top_level.txt
[0.525s] -- Installing: /home/shaurya/bot_ws/install/bot_mapping/local/lib/python3.10/dist-packages/bot_mapping-0.0.0-py3.10.egg-info/PKG-INFO
[0.525s] -- Installing: /home/shaurya/bot_ws/install/bot_mapping/local/lib/python3.10/dist-packages/bot_mapping-0.0.0-py3.10.egg-info/dependency_links.txt
[0.525s] -- Installing: /home/shaurya/bot_ws/install/bot_mapping/local/lib/python3.10/dist-packages/bot_mapping-0.0.0-py3.10.egg-info/SOURCES.txt
[0.525s] -- Up-to-date: /home/shaurya/bot_ws/install/bot_mapping/local/lib/python3.10/dist-packages/bot_mapping
[0.525s] -- Up-to-date: /home/shaurya/bot_ws/install/bot_mapping/local/lib/python3.10/dist-packages/bot_mapping/__init__.py
[0.525s] -- Up-to-date: /home/shaurya/bot_ws/install/bot_mapping/local/lib/python3.10/dist-packages/bot_mapping/mapping_with_known_poses.py
[0.572s] Listing '/home/shaurya/bot_ws/install/bot_mapping/local/lib/python3.10/dist-packages/bot_mapping'...
[0.578s] -- Up-to-date: /home/shaurya/bot_ws/install/bot_mapping/lib/bot_mapping/mapping_with_known_poses.py
[0.578s] -- Up-to-date: /home/shaurya/bot_ws/install/bot_mapping/share/bot_mapping/maps
[0.579s] -- Up-to-date: /home/shaurya/bot_ws/install/bot_mapping/share/bot_mapping/maps/small_house
[0.579s] -- Up-to-date: /home/shaurya/bot_ws/install/bot_mapping/share/bot_mapping/maps/small_house/map.yaml
[0.579s] -- Up-to-date: /home/shaurya/bot_ws/install/bot_mapping/share/bot_mapping/maps/small_house/map.pgm
[0.579s] -- Up-to-date: /home/shaurya/bot_ws/install/bot_mapping/share/bot_mapping/launch
[0.579s] -- Up-to-date: /home/shaurya/bot_ws/install/bot_mapping/share/bot_mapping/launch/slam.launch.py
[0.579s] -- Up-to-date: /home/shaurya/bot_ws/install/bot_mapping/share/bot_mapping/config
[0.579s] -- Up-to-date: /home/shaurya/bot_ws/install/bot_mapping/share/bot_mapping/config/slam_toolbox.yaml
[0.580s] -- Up-to-date: /home/shaurya/bot_ws/install/bot_mapping/share/ament_index/resource_index/package_run_dependencies/bot_mapping
[0.580s] -- Up-to-date: /home/shaurya/bot_ws/install/bot_mapping/share/ament_index/resource_index/parent_prefix_path/bot_mapping
[0.580s] -- Up-to-date: /home/shaurya/bot_ws/install/bot_mapping/share/bot_mapping/environment/ament_prefix_path.sh
[0.580s] -- Up-to-date: /home/shaurya/bot_ws/install/bot_mapping/share/bot_mapping/environment/ament_prefix_path.dsv
[0.580s] -- Up-to-date: /home/shaurya/bot_ws/install/bot_mapping/share/bot_mapping/environment/path.sh
[0.580s] -- Up-to-date: /home/shaurya/bot_ws/install/bot_mapping/share/bot_mapping/environment/path.dsv
[0.581s] -- Up-to-date: /home/shaurya/bot_ws/install/bot_mapping/share/bot_mapping/local_setup.bash
[0.581s] -- Up-to-date: /home/shaurya/bot_ws/install/bot_mapping/share/bot_mapping/local_setup.sh
[0.581s] -- Up-to-date: /home/shaurya/bot_ws/install/bot_mapping/share/bot_mapping/local_setup.zsh
[0.581s] -- Up-to-date: /home/shaurya/bot_ws/install/bot_mapping/share/bot_mapping/local_setup.dsv
[0.581s] -- Installing: /home/shaurya/bot_ws/install/bot_mapping/share/bot_mapping/package.dsv
[0.581s] -- Up-to-date: /home/shaurya/bot_ws/install/bot_mapping/share/ament_index/resource_index/packages/bot_mapping
[0.581s] -- Up-to-date: /home/shaurya/bot_ws/install/bot_mapping/share/bot_mapping/cmake/bot_mappingConfig.cmake
[0.582s] -- Up-to-date: /home/shaurya/bot_ws/install/bot_mapping/share/bot_mapping/cmake/bot_mappingConfig-version.cmake
[0.582s] -- Up-to-date: /home/shaurya/bot_ws/install/bot_mapping/share/bot_mapping/package.xml
[0.585s] Invoked command in '/home/shaurya/bot_ws/build/bot_mapping' returned '0': AMENT_PREFIX_PATH=/home/shaurya/bot_ws/install/bot_localization:${AMENT_PREFIX_PATH} CMAKE_PREFIX_PATH=/home/shaurya/bot_ws/install/bot_localization:/opt/ros/humble PYTHONPATH=/home/shaurya/bot_ws/install/bot_localization/local/lib/python3.10/dist-packages:${PYTHONPATH} /usr/bin/cmake --install /home/shaurya/bot_ws/build/bot_mapping
