[0.022s] Invoking command in '/home/shaurya/bot_ws/build/bot_localization': CMAKE_PREFIX_PATH=/opt/ros/humble /usr/bin/cmake --build /home/shaurya/bot_ws/build/bot_localization -- -j8 -l8
[0.049s] -- Found ament_cmake: 1.3.11 (/opt/ros/humble/share/ament_cmake/cmake)
[0.225s] -- Found rclpy: 3.3.15 (/opt/ros/humble/share/rclpy/cmake)
[0.225s] -- Found nav_msgs: 4.2.4 (/opt/ros/humble/share/nav_msgs/cmake)
[0.267s] -- Found rosidl_generator_c: 3.1.6 (/opt/ros/humble/share/rosidl_generator_c/cmake)
[0.272s] -- Found rosidl_adapter: 3.1.6 (/opt/ros/humble/share/rosidl_adapter/cmake)
[0.283s] -- Found rosidl_generator_cpp: 3.1.6 (/opt/ros/humble/share/rosidl_generator_cpp/cmake)
[0.301s] -- Using all available rosidl_typesupport_c: rosidl_typesupport_fastrtps_c;rosidl_typesupport_introspection_c
[0.317s] -- Using all available rosidl_typesupport_cpp: rosidl_typesupport_fastrtps_cpp;rosidl_typesupport_introspection_cpp
[0.381s] -- Found sensor_msgs: 4.2.4 (/opt/ros/humble/share/sensor_msgs/cmake)
[0.529s] -- Found ament_lint_auto: 0.12.11 (/opt/ros/humble/share/ament_lint_auto/cmake)
[0.625s] -- Added test 'flake8' to check Python code syntax and style conventions
[0.625s] -- Added test 'lint_cmake' to check CMake code style
[0.626s] -- Added test 'pep257' to check Python code against some of the docstring style conventions in PEP 257
[0.628s] -- Added test 'xmllint' to check XML markup files
[0.629s] -- Configuring done
[0.632s] -- Generating done
[0.635s] -- Build files have been written to: /home/shaurya/bot_ws/build/bot_localization
[0.681s] Built target ament_cmake_python_copy_bot_localization
[0.979s] running egg_info
[0.980s] writing bot_localization.egg-info/PKG-INFO
[0.980s] writing dependency_links to bot_localization.egg-info/dependency_links.txt
[0.980s] writing top-level names to bot_localization.egg-info/top_level.txt
[0.985s] reading manifest file 'bot_localization.egg-info/SOURCES.txt'
[0.985s] writing manifest file 'bot_localization.egg-info/SOURCES.txt'
[1.015s] Built target ament_cmake_python_build_bot_localization_egg
[1.026s] Invoked command in '/home/shaurya/bot_ws/build/bot_localization' returned '0': CMAKE_PREFIX_PATH=/opt/ros/humble /usr/bin/cmake --build /home/shaurya/bot_ws/build/bot_localization -- -j8 -l8
[1.030s] Invoking command in '/home/shaurya/bot_ws/build/bot_localization': CMAKE_PREFIX_PATH=/opt/ros/humble /usr/bin/cmake --install /home/shaurya/bot_ws/build/bot_localization
[1.040s] -- Install configuration: ""
[1.041s] -- Up-to-date: /home/shaurya/bot_ws/install/bot_localization/share/bot_localization/environment/pythonpath.sh
[1.041s] -- Installing: /home/shaurya/bot_ws/install/bot_localization/share/bot_localization/environment/pythonpath.dsv
[1.041s] -- Up-to-date: /home/shaurya/bot_ws/install/bot_localization/local/lib/python3.10/dist-packages/bot_localization-0.0.0-py3.10.egg-info
[1.041s] -- Installing: /home/shaurya/bot_ws/install/bot_localization/local/lib/python3.10/dist-packages/bot_localization-0.0.0-py3.10.egg-info/top_level.txt
[1.041s] -- Installing: /home/shaurya/bot_ws/install/bot_localization/local/lib/python3.10/dist-packages/bot_localization-0.0.0-py3.10.egg-info/PKG-INFO
[1.042s] -- Installing: /home/shaurya/bot_ws/install/bot_localization/local/lib/python3.10/dist-packages/bot_localization-0.0.0-py3.10.egg-info/dependency_links.txt
[1.042s] -- Installing: /home/shaurya/bot_ws/install/bot_localization/local/lib/python3.10/dist-packages/bot_localization-0.0.0-py3.10.egg-info/SOURCES.txt
[1.042s] -- Up-to-date: /home/shaurya/bot_ws/install/bot_localization/local/lib/python3.10/dist-packages/bot_localization
[1.042s] -- Up-to-date: /home/shaurya/bot_ws/install/bot_localization/local/lib/python3.10/dist-packages/bot_localization/__init__.py
[1.042s] -- Up-to-date: /home/shaurya/bot_ws/install/bot_localization/local/lib/python3.10/dist-packages/bot_localization/kalman_filter.py
[1.042s] -- Up-to-date: /home/shaurya/bot_ws/install/bot_localization/local/lib/python3.10/dist-packages/bot_localization/odometry_motion_model.py
[1.095s] Listing '/home/shaurya/bot_ws/install/bot_localization/local/lib/python3.10/dist-packages/bot_localization'...
[1.104s] -- Up-to-date: /home/shaurya/bot_ws/install/bot_localization/lib/bot_localization/kalman_filter.py
[1.104s] -- Up-to-date: /home/shaurya/bot_ws/install/bot_localization/lib/bot_localization/odometry_motion_model.py
[1.104s] -- Up-to-date: /home/shaurya/bot_ws/install/bot_localization/share/bot_localization/launch
[1.104s] -- Up-to-date: /home/shaurya/bot_ws/install/bot_localization/share/bot_localization/launch/global_localization.launch.py
[1.104s] -- Up-to-date: /home/shaurya/bot_ws/install/bot_localization/share/ament_index/resource_index/package_run_dependencies/bot_localization
[1.104s] -- Up-to-date: /home/shaurya/bot_ws/install/bot_localization/share/ament_index/resource_index/parent_prefix_path/bot_localization
[1.104s] -- Up-to-date: /home/shaurya/bot_ws/install/bot_localization/share/bot_localization/environment/ament_prefix_path.sh
[1.105s] -- Installing: /home/shaurya/bot_ws/install/bot_localization/share/bot_localization/environment/ament_prefix_path.dsv
[1.105s] -- Up-to-date: /home/shaurya/bot_ws/install/bot_localization/share/bot_localization/environment/path.sh
[1.105s] -- Installing: /home/shaurya/bot_ws/install/bot_localization/share/bot_localization/environment/path.dsv
[1.105s] -- Up-to-date: /home/shaurya/bot_ws/install/bot_localization/share/bot_localization/local_setup.bash
[1.105s] -- Up-to-date: /home/shaurya/bot_ws/install/bot_localization/share/bot_localization/local_setup.sh
[1.105s] -- Up-to-date: /home/shaurya/bot_ws/install/bot_localization/share/bot_localization/local_setup.zsh
[1.105s] -- Installing: /home/shaurya/bot_ws/install/bot_localization/share/bot_localization/local_setup.dsv
[1.105s] -- Installing: /home/shaurya/bot_ws/install/bot_localization/share/bot_localization/package.dsv
[1.105s] -- Up-to-date: /home/shaurya/bot_ws/install/bot_localization/share/ament_index/resource_index/packages/bot_localization
[1.105s] -- Up-to-date: /home/shaurya/bot_ws/install/bot_localization/share/bot_localization/cmake/bot_localizationConfig.cmake
[1.106s] -- Up-to-date: /home/shaurya/bot_ws/install/bot_localization/share/bot_localization/cmake/bot_localizationConfig-version.cmake
[1.106s] -- Up-to-date: /home/shaurya/bot_ws/install/bot_localization/share/bot_localization/package.xml
[1.110s] Invoked command in '/home/shaurya/bot_ws/build/bot_localization' returned '0': CMAKE_PREFIX_PATH=/opt/ros/humble /usr/bin/cmake --install /home/shaurya/bot_ws/build/bot_localization
