[0.086s] DEBUG:colcon:Command line arguments: ['/usr/bin/colcon', 'build']
[0.086s] DEBUG:colcon:Parsed command line arguments: Namespace(log_base=None, log_level=None, verb_name='build', build_base='build', install_base='install', merge_install=False, symlink_install=False, test_result_base=None, continue_on_error=False, executor='parallel', parallel_workers=8, event_handlers=None, ignore_user_meta=False, metas=['./colcon.meta'], base_paths=['.'], packages_ignore=None, packages_ignore_regex=None, paths=None, packages_up_to=None, packages_up_to_regex=None, packages_above=None, packages_above_and_dependencies=None, packages_above_depth=None, packages_select_by_dep=None, packages_skip_by_dep=None, packages_skip_up_to=None, packages_select_build_failed=False, packages_skip_build_finished=False, packages_select_test_failures=False, packages_skip_test_passed=False, packages_select=None, packages_skip=None, packages_select_regex=None, packages_skip_regex=None, packages_start=None, packages_end=None, allow_overriding=[], cmake_args=None, cmake_target=None, cmake_target_skip_unavailable=False, cmake_clean_cache=False, cmake_clean_first=False, cmake_force_configure=False, ament_cmake_args=None, catkin_cmake_args=None, catkin_skip_building_tests=False, verb_parser=<colcon_defaults.argument_parser.defaults.DefaultArgumentsDecorator object at 0x710d87a48f70>, verb_extension=<colcon_core.verb.build.BuildVerb object at 0x710d87a48a30>, main=<bound method BuildVerb.main of <colcon_core.verb.build.BuildVerb object at 0x710d87a48a30>>)
[0.246s] Level 1:colcon.colcon_core.package_discovery:discover_packages(colcon_meta) check parameters
[0.246s] Level 1:colcon.colcon_core.package_discovery:discover_packages(recursive) check parameters
[0.246s] Level 1:colcon.colcon_core.package_discovery:discover_packages(ignore) check parameters
[0.246s] Level 1:colcon.colcon_core.package_discovery:discover_packages(path) check parameters
[0.246s] Level 1:colcon.colcon_core.package_discovery:discover_packages(colcon_meta) discover
[0.246s] Level 1:colcon.colcon_core.package_discovery:discover_packages(recursive) discover
[0.246s] INFO:colcon.colcon_core.package_discovery:Crawling recursively for packages in '/home/shaurya/bot_ws'
[0.246s] Level 1:colcon.colcon_core.package_identification:_identify(.) by extensions ['ignore', 'ignore_ament_install']
[0.246s] Level 1:colcon.colcon_core.package_identification:_identify(.) by extension 'ignore'
[0.247s] Level 1:colcon.colcon_core.package_identification:_identify(.) by extension 'ignore_ament_install'
[0.247s] Level 1:colcon.colcon_core.package_identification:_identify(.) by extensions ['colcon_pkg']
[0.247s] Level 1:colcon.colcon_core.package_identification:_identify(.) by extension 'colcon_pkg'
[0.247s] Level 1:colcon.colcon_core.package_identification:_identify(.) by extensions ['colcon_meta']
[0.247s] Level 1:colcon.colcon_core.package_identification:_identify(.) by extension 'colcon_meta'
[0.247s] Level 1:colcon.colcon_core.package_identification:_identify(.) by extensions ['ros']
[0.247s] Level 1:colcon.colcon_core.package_identification:_identify(.) by extension 'ros'
[0.256s] Level 1:colcon.colcon_core.package_identification:_identify(.) by extensions ['cmake', 'python']
[0.257s] Level 1:colcon.colcon_core.package_identification:_identify(.) by extension 'cmake'
[0.257s] Level 1:colcon.colcon_core.package_identification:_identify(.) by extension 'python'
[0.257s] Level 1:colcon.colcon_core.package_identification:_identify(.) by extensions ['python_setup_py']
[0.257s] Level 1:colcon.colcon_core.package_identification:_identify(.) by extension 'python_setup_py'
[0.257s] Level 1:colcon.colcon_core.package_identification:_identify(build) by extensions ['ignore', 'ignore_ament_install']
[0.257s] Level 1:colcon.colcon_core.package_identification:_identify(build) by extension 'ignore'
[0.257s] Level 1:colcon.colcon_core.package_identification:_identify(build) ignored
[0.257s] Level 1:colcon.colcon_core.package_identification:_identify(install) by extensions ['ignore', 'ignore_ament_install']
[0.257s] Level 1:colcon.colcon_core.package_identification:_identify(install) by extension 'ignore'
[0.257s] Level 1:colcon.colcon_core.package_identification:_identify(install) ignored
[0.257s] Level 1:colcon.colcon_core.package_identification:_identify(log) by extensions ['ignore', 'ignore_ament_install']
[0.258s] Level 1:colcon.colcon_core.package_identification:_identify(log) by extension 'ignore'
[0.258s] Level 1:colcon.colcon_core.package_identification:_identify(log) ignored
[0.258s] Level 1:colcon.colcon_core.package_identification:_identify(src) by extensions ['ignore', 'ignore_ament_install']
[0.258s] Level 1:colcon.colcon_core.package_identification:_identify(src) by extension 'ignore'
[0.258s] Level 1:colcon.colcon_core.package_identification:_identify(src) by extension 'ignore_ament_install'
[0.258s] Level 1:colcon.colcon_core.package_identification:_identify(src) by extensions ['colcon_pkg']
[0.258s] Level 1:colcon.colcon_core.package_identification:_identify(src) by extension 'colcon_pkg'
[0.258s] Level 1:colcon.colcon_core.package_identification:_identify(src) by extensions ['colcon_meta']
[0.258s] Level 1:colcon.colcon_core.package_identification:_identify(src) by extension 'colcon_meta'
[0.258s] Level 1:colcon.colcon_core.package_identification:_identify(src) by extensions ['ros']
[0.258s] Level 1:colcon.colcon_core.package_identification:_identify(src) by extension 'ros'
[0.258s] Level 1:colcon.colcon_core.package_identification:_identify(src) by extensions ['cmake', 'python']
[0.258s] Level 1:colcon.colcon_core.package_identification:_identify(src) by extension 'cmake'
[0.258s] Level 1:colcon.colcon_core.package_identification:_identify(src) by extension 'python'
[0.259s] Level 1:colcon.colcon_core.package_identification:_identify(src) by extensions ['python_setup_py']
[0.259s] Level 1:colcon.colcon_core.package_identification:_identify(src) by extension 'python_setup_py'
[0.259s] Level 1:colcon.colcon_core.package_identification:_identify(src/bot_controller) by extensions ['ignore', 'ignore_ament_install']
[0.259s] Level 1:colcon.colcon_core.package_identification:_identify(src/bot_controller) by extension 'ignore'
[0.259s] Level 1:colcon.colcon_core.package_identification:_identify(src/bot_controller) by extension 'ignore_ament_install'
[0.259s] Level 1:colcon.colcon_core.package_identification:_identify(src/bot_controller) by extensions ['colcon_pkg']
[0.259s] Level 1:colcon.colcon_core.package_identification:_identify(src/bot_controller) by extension 'colcon_pkg'
[0.259s] Level 1:colcon.colcon_core.package_identification:_identify(src/bot_controller) by extensions ['colcon_meta']
[0.259s] Level 1:colcon.colcon_core.package_identification:_identify(src/bot_controller) by extension 'colcon_meta'
[0.259s] Level 1:colcon.colcon_core.package_identification:_identify(src/bot_controller) by extensions ['ros']
[0.259s] Level 1:colcon.colcon_core.package_identification:_identify(src/bot_controller) by extension 'ros'
[0.262s] DEBUG:colcon.colcon_core.package_identification:Package 'src/bot_controller' with type 'ros.ament_cmake' and name 'bot_controller'
[0.262s] Level 1:colcon.colcon_core.package_identification:_identify(src/bot_localization) by extensions ['ignore', 'ignore_ament_install']
[0.262s] Level 1:colcon.colcon_core.package_identification:_identify(src/bot_localization) by extension 'ignore'
[0.262s] Level 1:colcon.colcon_core.package_identification:_identify(src/bot_localization) by extension 'ignore_ament_install'
[0.262s] Level 1:colcon.colcon_core.package_identification:_identify(src/bot_localization) by extensions ['colcon_pkg']
[0.262s] Level 1:colcon.colcon_core.package_identification:_identify(src/bot_localization) by extension 'colcon_pkg'
[0.262s] Level 1:colcon.colcon_core.package_identification:_identify(src/bot_localization) by extensions ['colcon_meta']
[0.262s] Level 1:colcon.colcon_core.package_identification:_identify(src/bot_localization) by extension 'colcon_meta'
[0.262s] Level 1:colcon.colcon_core.package_identification:_identify(src/bot_localization) by extensions ['ros']
[0.262s] Level 1:colcon.colcon_core.package_identification:_identify(src/bot_localization) by extension 'ros'
[0.263s] DEBUG:colcon.colcon_core.package_identification:Package 'src/bot_localization' with type 'ros.ament_cmake' and name 'bot_localization'
[0.263s] Level 1:colcon.colcon_core.package_identification:_identify(src/bot_mapping) by extensions ['ignore', 'ignore_ament_install']
[0.263s] Level 1:colcon.colcon_core.package_identification:_identify(src/bot_mapping) by extension 'ignore'
[0.263s] Level 1:colcon.colcon_core.package_identification:_identify(src/bot_mapping) by extension 'ignore_ament_install'
[0.263s] Level 1:colcon.colcon_core.package_identification:_identify(src/bot_mapping) by extensions ['colcon_pkg']
[0.264s] Level 1:colcon.colcon_core.package_identification:_identify(src/bot_mapping) by extension 'colcon_pkg'
[0.264s] Level 1:colcon.colcon_core.package_identification:_identify(src/bot_mapping) by extensions ['colcon_meta']
[0.264s] Level 1:colcon.colcon_core.package_identification:_identify(src/bot_mapping) by extension 'colcon_meta'
[0.264s] Level 1:colcon.colcon_core.package_identification:_identify(src/bot_mapping) by extensions ['ros']
[0.264s] Level 1:colcon.colcon_core.package_identification:_identify(src/bot_mapping) by extension 'ros'
[0.265s] DEBUG:colcon.colcon_core.package_identification:Package 'src/bot_mapping' with type 'ros.ament_cmake' and name 'bot_mapping'
[0.265s] Level 1:colcon.colcon_core.package_identification:_identify(src/bot_utils) by extensions ['ignore', 'ignore_ament_install']
[0.265s] Level 1:colcon.colcon_core.package_identification:_identify(src/bot_utils) by extension 'ignore'
[0.265s] Level 1:colcon.colcon_core.package_identification:_identify(src/bot_utils) by extension 'ignore_ament_install'
[0.265s] Level 1:colcon.colcon_core.package_identification:_identify(src/bot_utils) by extensions ['colcon_pkg']
[0.265s] Level 1:colcon.colcon_core.package_identification:_identify(src/bot_utils) by extension 'colcon_pkg'
[0.265s] Level 1:colcon.colcon_core.package_identification:_identify(src/bot_utils) by extensions ['colcon_meta']
[0.265s] Level 1:colcon.colcon_core.package_identification:_identify(src/bot_utils) by extension 'colcon_meta'
[0.265s] Level 1:colcon.colcon_core.package_identification:_identify(src/bot_utils) by extensions ['ros']
[0.265s] Level 1:colcon.colcon_core.package_identification:_identify(src/bot_utils) by extension 'ros'
[0.266s] DEBUG:colcon.colcon_core.package_identification:Package 'src/bot_utils' with type 'ros.ament_cmake' and name 'bot_utils'
[0.266s] Level 1:colcon.colcon_core.package_identification:_identify(src/description) by extensions ['ignore', 'ignore_ament_install']
[0.266s] Level 1:colcon.colcon_core.package_identification:_identify(src/description) by extension 'ignore'
[0.266s] Level 1:colcon.colcon_core.package_identification:_identify(src/description) by extension 'ignore_ament_install'
[0.266s] Level 1:colcon.colcon_core.package_identification:_identify(src/description) by extensions ['colcon_pkg']
[0.266s] Level 1:colcon.colcon_core.package_identification:_identify(src/description) by extension 'colcon_pkg'
[0.266s] Level 1:colcon.colcon_core.package_identification:_identify(src/description) by extensions ['colcon_meta']
[0.266s] Level 1:colcon.colcon_core.package_identification:_identify(src/description) by extension 'colcon_meta'
[0.266s] Level 1:colcon.colcon_core.package_identification:_identify(src/description) by extensions ['ros']
[0.266s] Level 1:colcon.colcon_core.package_identification:_identify(src/description) by extension 'ros'
[0.267s] DEBUG:colcon.colcon_core.package_identification:Package 'src/description' with type 'ros.ament_cmake' and name 'description'
[0.267s] Level 1:colcon.colcon_core.package_discovery:discover_packages(recursive) using defaults
[0.267s] Level 1:colcon.colcon_core.package_discovery:discover_packages(ignore) discover
[0.267s] Level 1:colcon.colcon_core.package_discovery:discover_packages(ignore) using defaults
[0.267s] Level 1:colcon.colcon_core.package_discovery:discover_packages(path) discover
[0.267s] Level 1:colcon.colcon_core.package_discovery:discover_packages(path) using defaults
[0.294s] Level 1:colcon.colcon_core.package_discovery:discover_packages(prefix_path) check parameters
[0.294s] Level 1:colcon.colcon_core.package_discovery:discover_packages(prefix_path) discover
[0.296s] DEBUG:colcon.colcon_installed_package_information.package_discovery:Found 434 installed packages in /opt/ros/humble
[0.298s] Level 1:colcon.colcon_core.package_discovery:discover_packages(prefix_path) using defaults
[0.340s] Level 5:colcon.colcon_core.verb:set package 'bot_controller' build argument 'cmake_args' from command line to 'None'
[0.340s] Level 5:colcon.colcon_core.verb:set package 'bot_controller' build argument 'cmake_target' from command line to 'None'
[0.340s] Level 5:colcon.colcon_core.verb:set package 'bot_controller' build argument 'cmake_target_skip_unavailable' from command line to 'False'
[0.340s] Level 5:colcon.colcon_core.verb:set package 'bot_controller' build argument 'cmake_clean_cache' from command line to 'False'
[0.340s] Level 5:colcon.colcon_core.verb:set package 'bot_controller' build argument 'cmake_clean_first' from command line to 'False'
[0.340s] Level 5:colcon.colcon_core.verb:set package 'bot_controller' build argument 'cmake_force_configure' from command line to 'False'
[0.340s] Level 5:colcon.colcon_core.verb:set package 'bot_controller' build argument 'ament_cmake_args' from command line to 'None'
[0.340s] Level 5:colcon.colcon_core.verb:set package 'bot_controller' build argument 'catkin_cmake_args' from command line to 'None'
[0.340s] Level 5:colcon.colcon_core.verb:set package 'bot_controller' build argument 'catkin_skip_building_tests' from command line to 'False'
[0.340s] DEBUG:colcon.colcon_core.verb:Building package 'bot_controller' with the following arguments: {'ament_cmake_args': None, 'build_base': '/home/shaurya/bot_ws/build/bot_controller', 'catkin_cmake_args': None, 'catkin_skip_building_tests': False, 'cmake_args': None, 'cmake_clean_cache': False, 'cmake_clean_first': False, 'cmake_force_configure': False, 'cmake_target': None, 'cmake_target_skip_unavailable': False, 'install_base': '/home/shaurya/bot_ws/install/bot_controller', 'merge_install': False, 'path': '/home/shaurya/bot_ws/src/bot_controller', 'symlink_install': False, 'test_result_base': None}
[0.340s] Level 5:colcon.colcon_core.verb:set package 'bot_localization' build argument 'cmake_args' from command line to 'None'
[0.340s] Level 5:colcon.colcon_core.verb:set package 'bot_localization' build argument 'cmake_target' from command line to 'None'
[0.340s] Level 5:colcon.colcon_core.verb:set package 'bot_localization' build argument 'cmake_target_skip_unavailable' from command line to 'False'
[0.340s] Level 5:colcon.colcon_core.verb:set package 'bot_localization' build argument 'cmake_clean_cache' from command line to 'False'
[0.340s] Level 5:colcon.colcon_core.verb:set package 'bot_localization' build argument 'cmake_clean_first' from command line to 'False'
[0.340s] Level 5:colcon.colcon_core.verb:set package 'bot_localization' build argument 'cmake_force_configure' from command line to 'False'
[0.340s] Level 5:colcon.colcon_core.verb:set package 'bot_localization' build argument 'ament_cmake_args' from command line to 'None'
[0.340s] Level 5:colcon.colcon_core.verb:set package 'bot_localization' build argument 'catkin_cmake_args' from command line to 'None'
[0.340s] Level 5:colcon.colcon_core.verb:set package 'bot_localization' build argument 'catkin_skip_building_tests' from command line to 'False'
[0.340s] DEBUG:colcon.colcon_core.verb:Building package 'bot_localization' with the following arguments: {'ament_cmake_args': None, 'build_base': '/home/shaurya/bot_ws/build/bot_localization', 'catkin_cmake_args': None, 'catkin_skip_building_tests': False, 'cmake_args': None, 'cmake_clean_cache': False, 'cmake_clean_first': False, 'cmake_force_configure': False, 'cmake_target': None, 'cmake_target_skip_unavailable': False, 'install_base': '/home/shaurya/bot_ws/install/bot_localization', 'merge_install': False, 'path': '/home/shaurya/bot_ws/src/bot_localization', 'symlink_install': False, 'test_result_base': None}
[0.341s] Level 5:colcon.colcon_core.verb:set package 'bot_utils' build argument 'cmake_args' from command line to 'None'
[0.341s] Level 5:colcon.colcon_core.verb:set package 'bot_utils' build argument 'cmake_target' from command line to 'None'
[0.341s] Level 5:colcon.colcon_core.verb:set package 'bot_utils' build argument 'cmake_target_skip_unavailable' from command line to 'False'
[0.341s] Level 5:colcon.colcon_core.verb:set package 'bot_utils' build argument 'cmake_clean_cache' from command line to 'False'
[0.341s] Level 5:colcon.colcon_core.verb:set package 'bot_utils' build argument 'cmake_clean_first' from command line to 'False'
[0.341s] Level 5:colcon.colcon_core.verb:set package 'bot_utils' build argument 'cmake_force_configure' from command line to 'False'
[0.341s] Level 5:colcon.colcon_core.verb:set package 'bot_utils' build argument 'ament_cmake_args' from command line to 'None'
[0.341s] Level 5:colcon.colcon_core.verb:set package 'bot_utils' build argument 'catkin_cmake_args' from command line to 'None'
[0.341s] Level 5:colcon.colcon_core.verb:set package 'bot_utils' build argument 'catkin_skip_building_tests' from command line to 'False'
[0.341s] DEBUG:colcon.colcon_core.verb:Building package 'bot_utils' with the following arguments: {'ament_cmake_args': None, 'build_base': '/home/shaurya/bot_ws/build/bot_utils', 'catkin_cmake_args': None, 'catkin_skip_building_tests': False, 'cmake_args': None, 'cmake_clean_cache': False, 'cmake_clean_first': False, 'cmake_force_configure': False, 'cmake_target': None, 'cmake_target_skip_unavailable': False, 'install_base': '/home/shaurya/bot_ws/install/bot_utils', 'merge_install': False, 'path': '/home/shaurya/bot_ws/src/bot_utils', 'symlink_install': False, 'test_result_base': None}
[0.341s] Level 5:colcon.colcon_core.verb:set package 'description' build argument 'cmake_args' from command line to 'None'
[0.341s] Level 5:colcon.colcon_core.verb:set package 'description' build argument 'cmake_target' from command line to 'None'
[0.341s] Level 5:colcon.colcon_core.verb:set package 'description' build argument 'cmake_target_skip_unavailable' from command line to 'False'
[0.341s] Level 5:colcon.colcon_core.verb:set package 'description' build argument 'cmake_clean_cache' from command line to 'False'
[0.341s] Level 5:colcon.colcon_core.verb:set package 'description' build argument 'cmake_clean_first' from command line to 'False'
[0.342s] Level 5:colcon.colcon_core.verb:set package 'description' build argument 'cmake_force_configure' from command line to 'False'
[0.342s] Level 5:colcon.colcon_core.verb:set package 'description' build argument 'ament_cmake_args' from command line to 'None'
[0.342s] Level 5:colcon.colcon_core.verb:set package 'description' build argument 'catkin_cmake_args' from command line to 'None'
[0.342s] Level 5:colcon.colcon_core.verb:set package 'description' build argument 'catkin_skip_building_tests' from command line to 'False'
[0.342s] DEBUG:colcon.colcon_core.verb:Building package 'description' with the following arguments: {'ament_cmake_args': None, 'build_base': '/home/shaurya/bot_ws/build/description', 'catkin_cmake_args': None, 'catkin_skip_building_tests': False, 'cmake_args': None, 'cmake_clean_cache': False, 'cmake_clean_first': False, 'cmake_force_configure': False, 'cmake_target': None, 'cmake_target_skip_unavailable': False, 'install_base': '/home/shaurya/bot_ws/install/description', 'merge_install': False, 'path': '/home/shaurya/bot_ws/src/description', 'symlink_install': False, 'test_result_base': None}
[0.342s] Level 5:colcon.colcon_core.verb:set package 'bot_mapping' build argument 'cmake_args' from command line to 'None'
[0.342s] Level 5:colcon.colcon_core.verb:set package 'bot_mapping' build argument 'cmake_target' from command line to 'None'
[0.342s] Level 5:colcon.colcon_core.verb:set package 'bot_mapping' build argument 'cmake_target_skip_unavailable' from command line to 'False'
[0.342s] Level 5:colcon.colcon_core.verb:set package 'bot_mapping' build argument 'cmake_clean_cache' from command line to 'False'
[0.342s] Level 5:colcon.colcon_core.verb:set package 'bot_mapping' build argument 'cmake_clean_first' from command line to 'False'
[0.342s] Level 5:colcon.colcon_core.verb:set package 'bot_mapping' build argument 'cmake_force_configure' from command line to 'False'
[0.342s] Level 5:colcon.colcon_core.verb:set package 'bot_mapping' build argument 'ament_cmake_args' from command line to 'None'
[0.342s] Level 5:colcon.colcon_core.verb:set package 'bot_mapping' build argument 'catkin_cmake_args' from command line to 'None'
[0.342s] Level 5:colcon.colcon_core.verb:set package 'bot_mapping' build argument 'catkin_skip_building_tests' from command line to 'False'
[0.342s] DEBUG:colcon.colcon_core.verb:Building package 'bot_mapping' with the following arguments: {'ament_cmake_args': None, 'build_base': '/home/shaurya/bot_ws/build/bot_mapping', 'catkin_cmake_args': None, 'catkin_skip_building_tests': False, 'cmake_args': None, 'cmake_clean_cache': False, 'cmake_clean_first': False, 'cmake_force_configure': False, 'cmake_target': None, 'cmake_target_skip_unavailable': False, 'install_base': '/home/shaurya/bot_ws/install/bot_mapping', 'merge_install': False, 'path': '/home/shaurya/bot_ws/src/bot_mapping', 'symlink_install': False, 'test_result_base': None}
[0.342s] INFO:colcon.colcon_core.executor:Executing jobs using 'parallel' executor
[0.344s] DEBUG:colcon.colcon_parallel_executor.executor.parallel:run_until_complete
[0.344s] INFO:colcon.colcon_ros.task.ament_cmake.build:Building ROS package in '/home/shaurya/bot_ws/src/bot_localization' with build type 'ament_cmake'
[0.344s] INFO:colcon.colcon_cmake.task.cmake.build:Building CMake package in '/home/shaurya/bot_ws/src/bot_localization'
[0.346s] INFO:colcon.colcon_core.plugin_system:Skipping extension 'colcon_core.shell.bat': Not used on non-Windows systems
[0.346s] INFO:colcon.colcon_core.shell:Skip shell extension 'powershell' for command environment: Not usable outside of PowerShell
[0.346s] DEBUG:colcon.colcon_core.shell:Skip shell extension 'dsv' for command environment
[0.349s] INFO:colcon.colcon_ros.task.ament_cmake.build:Building ROS package in '/home/shaurya/bot_ws/src/bot_controller' with build type 'ament_cmake'
[0.350s] INFO:colcon.colcon_cmake.task.cmake.build:Building CMake package in '/home/shaurya/bot_ws/src/bot_controller'
[0.350s] INFO:colcon.colcon_core.shell:Skip shell extension 'powershell' for command environment: Not usable outside of PowerShell
[0.350s] DEBUG:colcon.colcon_core.shell:Skip shell extension 'dsv' for command environment
[0.353s] INFO:colcon.colcon_ros.task.ament_cmake.build:Building ROS package in '/home/shaurya/bot_ws/src/bot_utils' with build type 'ament_cmake'
[0.353s] INFO:colcon.colcon_cmake.task.cmake.build:Building CMake package in '/home/shaurya/bot_ws/src/bot_utils'
[0.353s] INFO:colcon.colcon_core.shell:Skip shell extension 'powershell' for command environment: Not usable outside of PowerShell
[0.353s] DEBUG:colcon.colcon_core.shell:Skip shell extension 'dsv' for command environment
[0.357s] INFO:colcon.colcon_ros.task.ament_cmake.build:Building ROS package in '/home/shaurya/bot_ws/src/description' with build type 'ament_cmake'
[0.358s] INFO:colcon.colcon_cmake.task.cmake.build:Building CMake package in '/home/shaurya/bot_ws/src/description'
[0.358s] INFO:colcon.colcon_core.shell:Skip shell extension 'powershell' for command environment: Not usable outside of PowerShell
[0.358s] DEBUG:colcon.colcon_core.shell:Skip shell extension 'dsv' for command environment
[0.368s] DEBUG:colcon.colcon_core.event_handler.log_command:Invoking command in '/home/shaurya/bot_ws/build/bot_localization': CMAKE_PREFIX_PATH=/opt/ros/humble /usr/bin/cmake --build /home/shaurya/bot_ws/build/bot_localization -- -j8 -l8
[0.371s] DEBUG:colcon.colcon_core.event_handler.log_command:Invoking command in '/home/shaurya/bot_ws/build/bot_controller': CMAKE_PREFIX_PATH=/opt/ros/humble /usr/bin/cmake --build /home/shaurya/bot_ws/build/bot_controller -- -j8 -l8
[0.375s] DEBUG:colcon.colcon_core.event_handler.log_command:Invoking command in '/home/shaurya/bot_ws/build/bot_utils': CMAKE_PREFIX_PATH=/opt/ros/humble /usr/bin/cmake --build /home/shaurya/bot_ws/build/bot_utils -- -j8 -l8
[0.380s] DEBUG:colcon.colcon_core.event_handler.log_command:Invoking command in '/home/shaurya/bot_ws/build/description': CMAKE_PREFIX_PATH=/opt/ros/humble /usr/bin/cmake --build /home/shaurya/bot_ws/build/description -- -j8 -l8
[0.428s] DEBUG:colcon.colcon_core.event_handler.log_command:Invoked command in '/home/shaurya/bot_ws/build/description' returned '0': CMAKE_PREFIX_PATH=/opt/ros/humble /usr/bin/cmake --build /home/shaurya/bot_ws/build/description -- -j8 -l8
[0.439s] DEBUG:colcon.colcon_core.event_handler.log_command:Invoking command in '/home/shaurya/bot_ws/build/description': CMAKE_PREFIX_PATH=/opt/ros/humble /usr/bin/cmake --install /home/shaurya/bot_ws/build/description
[0.482s] Level 1:colcon.colcon_core.environment:create_environment_scripts_only(description)
[0.510s] Level 1:colcon.colcon_core.environment:checking '/home/shaurya/bot_ws/install/description' for CMake module files
[0.517s] Level 1:colcon.colcon_core.environment:checking '/home/shaurya/bot_ws/install/description' for CMake config files
[0.540s] Level 1:colcon.colcon_core.shell:create_environment_hook('description', 'cmake_prefix_path')
[0.541s] INFO:colcon.colcon_core.shell:Creating environment hook '/home/shaurya/bot_ws/install/description/share/description/hook/cmake_prefix_path.ps1'
[0.544s] INFO:colcon.colcon_core.shell:Creating environment descriptor '/home/shaurya/bot_ws/install/description/share/description/hook/cmake_prefix_path.dsv'
[0.548s] INFO:colcon.colcon_core.shell:Creating environment hook '/home/shaurya/bot_ws/install/description/share/description/hook/cmake_prefix_path.sh'
[0.551s] Level 1:colcon.colcon_core.environment:checking '/home/shaurya/bot_ws/install/description/bin'
[0.551s] Level 1:colcon.colcon_core.environment:checking '/home/shaurya/bot_ws/install/description/lib/pkgconfig/description.pc'
[0.551s] Level 1:colcon.colcon_core.environment:checking '/home/shaurya/bot_ws/install/description/lib/python3.10/site-packages'
[0.552s] Level 1:colcon.colcon_core.environment:checking '/home/shaurya/bot_ws/install/description/bin'
[0.552s] INFO:colcon.colcon_core.shell:Creating package script '/home/shaurya/bot_ws/install/description/share/description/package.ps1'
[0.553s] INFO:colcon.colcon_core.shell:Creating package descriptor '/home/shaurya/bot_ws/install/description/share/description/package.dsv'
[0.559s] INFO:colcon.colcon_core.shell:Creating package script '/home/shaurya/bot_ws/install/description/share/description/package.sh'
[0.564s] INFO:colcon.colcon_core.shell:Creating package script '/home/shaurya/bot_ws/install/description/share/description/package.bash'
[0.570s] INFO:colcon.colcon_core.shell:Creating package script '/home/shaurya/bot_ws/install/description/share/description/package.zsh'
[0.574s] DEBUG:colcon.colcon_core.event_handler.log_command:Invoked command in '/home/shaurya/bot_ws/build/description' returned '0': CMAKE_PREFIX_PATH=/opt/ros/humble /usr/bin/cmake --install /home/shaurya/bot_ws/build/description
[0.574s] Level 1:colcon.colcon_core.environment:create_file_with_runtime_dependencies(/home/shaurya/bot_ws/install/description/share/colcon-core/packages/description)
[0.576s] Level 1:colcon.colcon_core.environment:create_environment_scripts_only(description)
[0.576s] Level 1:colcon.colcon_core.environment:checking '/home/shaurya/bot_ws/install/description' for CMake module files
[0.577s] Level 1:colcon.colcon_core.environment:checking '/home/shaurya/bot_ws/install/description' for CMake config files
[0.577s] Level 1:colcon.colcon_core.shell:create_environment_hook('description', 'cmake_prefix_path')
[0.578s] INFO:colcon.colcon_core.shell:Creating environment hook '/home/shaurya/bot_ws/install/description/share/description/hook/cmake_prefix_path.ps1'
[0.579s] INFO:colcon.colcon_core.shell:Creating environment descriptor '/home/shaurya/bot_ws/install/description/share/description/hook/cmake_prefix_path.dsv'
[0.579s] INFO:colcon.colcon_core.shell:Creating environment hook '/home/shaurya/bot_ws/install/description/share/description/hook/cmake_prefix_path.sh'
[0.580s] Level 1:colcon.colcon_core.environment:checking '/home/shaurya/bot_ws/install/description/bin'
[0.580s] Level 1:colcon.colcon_core.environment:checking '/home/shaurya/bot_ws/install/description/lib/pkgconfig/description.pc'
[0.581s] Level 1:colcon.colcon_core.environment:checking '/home/shaurya/bot_ws/install/description/lib/python3.10/site-packages'
[0.581s] Level 1:colcon.colcon_core.environment:checking '/home/shaurya/bot_ws/install/description/bin'
[0.582s] INFO:colcon.colcon_core.shell:Creating package script '/home/shaurya/bot_ws/install/description/share/description/package.ps1'
[0.583s] INFO:colcon.colcon_core.shell:Creating package descriptor '/home/shaurya/bot_ws/install/description/share/description/package.dsv'
[0.584s] INFO:colcon.colcon_core.shell:Creating package script '/home/shaurya/bot_ws/install/description/share/description/package.sh'
[0.584s] INFO:colcon.colcon_core.shell:Creating package script '/home/shaurya/bot_ws/install/description/share/description/package.bash'
[0.585s] INFO:colcon.colcon_core.shell:Creating package script '/home/shaurya/bot_ws/install/description/share/description/package.zsh'
[0.586s] Level 1:colcon.colcon_core.environment:create_file_with_runtime_dependencies(/home/shaurya/bot_ws/install/description/share/colcon-core/packages/description)
[0.843s] DEBUG:colcon.colcon_core.event_handler.log_command:Invoked command in '/home/shaurya/bot_ws/build/bot_utils' returned '0': CMAKE_PREFIX_PATH=/opt/ros/humble /usr/bin/cmake --build /home/shaurya/bot_ws/build/bot_utils -- -j8 -l8
[0.846s] DEBUG:colcon.colcon_core.event_handler.log_command:Invoking command in '/home/shaurya/bot_ws/build/bot_utils': CMAKE_PREFIX_PATH=/opt/ros/humble /usr/bin/cmake --install /home/shaurya/bot_ws/build/bot_utils
[0.921s] DEBUG:colcon.colcon_core.event_handler.log_command:Invoked command in '/home/shaurya/bot_ws/build/bot_localization' returned '0': CMAKE_PREFIX_PATH=/opt/ros/humble /usr/bin/cmake --build /home/shaurya/bot_ws/build/bot_localization -- -j8 -l8
[0.924s] DEBUG:colcon.colcon_core.event_handler.log_command:Invoking command in '/home/shaurya/bot_ws/build/bot_localization': CMAKE_PREFIX_PATH=/opt/ros/humble /usr/bin/cmake --install /home/shaurya/bot_ws/build/bot_localization
[0.927s] DEBUG:colcon.colcon_core.event_handler.log_command:Invoked command in '/home/shaurya/bot_ws/build/bot_controller' returned '0': CMAKE_PREFIX_PATH=/opt/ros/humble /usr/bin/cmake --build /home/shaurya/bot_ws/build/bot_controller -- -j8 -l8
[0.930s] Level 1:colcon.colcon_core.environment:create_environment_scripts_only(bot_utils)
[0.930s] DEBUG:colcon.colcon_core.event_handler.log_command:Invoking command in '/home/shaurya/bot_ws/build/bot_controller': CMAKE_PREFIX_PATH=/opt/ros/humble /usr/bin/cmake --install /home/shaurya/bot_ws/build/bot_controller
[0.931s] Level 1:colcon.colcon_core.environment:checking '/home/shaurya/bot_ws/install/bot_utils' for CMake module files
[0.932s] DEBUG:colcon.colcon_core.event_handler.log_command:Invoked command in '/home/shaurya/bot_ws/build/bot_utils' returned '0': CMAKE_PREFIX_PATH=/opt/ros/humble /usr/bin/cmake --install /home/shaurya/bot_ws/build/bot_utils
[0.934s] Level 1:colcon.colcon_core.environment:checking '/home/shaurya/bot_ws/install/bot_utils' for CMake config files
[0.934s] Level 1:colcon.colcon_core.shell:create_environment_hook('bot_utils', 'cmake_prefix_path')
[0.935s] INFO:colcon.colcon_core.shell:Creating environment hook '/home/shaurya/bot_ws/install/bot_utils/share/bot_utils/hook/cmake_prefix_path.ps1'
[0.936s] INFO:colcon.colcon_core.shell:Creating environment descriptor '/home/shaurya/bot_ws/install/bot_utils/share/bot_utils/hook/cmake_prefix_path.dsv'
[0.936s] INFO:colcon.colcon_core.shell:Creating environment hook '/home/shaurya/bot_ws/install/bot_utils/share/bot_utils/hook/cmake_prefix_path.sh'
[0.937s] Level 1:colcon.colcon_core.environment:checking '/home/shaurya/bot_ws/install/bot_utils/lib'
[0.938s] Level 1:colcon.colcon_core.environment:checking '/home/shaurya/bot_ws/install/bot_utils/bin'
[0.938s] Level 1:colcon.colcon_core.environment:checking '/home/shaurya/bot_ws/install/bot_utils/lib/pkgconfig/bot_utils.pc'
[0.938s] Level 1:colcon.colcon_core.environment:checking '/home/shaurya/bot_ws/install/bot_utils/lib/python3.10/site-packages'
[0.938s] Level 1:colcon.colcon_core.environment:checking '/home/shaurya/bot_ws/install/bot_utils/bin'
[0.939s] INFO:colcon.colcon_core.shell:Creating package script '/home/shaurya/bot_ws/install/bot_utils/share/bot_utils/package.ps1'
[0.940s] INFO:colcon.colcon_core.shell:Creating package descriptor '/home/shaurya/bot_ws/install/bot_utils/share/bot_utils/package.dsv'
[0.940s] INFO:colcon.colcon_core.shell:Creating package script '/home/shaurya/bot_ws/install/bot_utils/share/bot_utils/package.sh'
[0.941s] INFO:colcon.colcon_core.shell:Creating package script '/home/shaurya/bot_ws/install/bot_utils/share/bot_utils/package.bash'
[0.941s] INFO:colcon.colcon_core.shell:Creating package script '/home/shaurya/bot_ws/install/bot_utils/share/bot_utils/package.zsh'
[0.942s] Level 1:colcon.colcon_core.environment:create_file_with_runtime_dependencies(/home/shaurya/bot_ws/install/bot_utils/share/colcon-core/packages/bot_utils)
[0.943s] Level 1:colcon.colcon_core.environment:create_environment_scripts_only(bot_utils)
[0.943s] Level 1:colcon.colcon_core.environment:checking '/home/shaurya/bot_ws/install/bot_utils' for CMake module files
[0.944s] Level 1:colcon.colcon_core.environment:checking '/home/shaurya/bot_ws/install/bot_utils' for CMake config files
[0.945s] Level 1:colcon.colcon_core.shell:create_environment_hook('bot_utils', 'cmake_prefix_path')
[0.945s] INFO:colcon.colcon_core.shell:Creating environment hook '/home/shaurya/bot_ws/install/bot_utils/share/bot_utils/hook/cmake_prefix_path.ps1'
[0.946s] INFO:colcon.colcon_core.shell:Creating environment descriptor '/home/shaurya/bot_ws/install/bot_utils/share/bot_utils/hook/cmake_prefix_path.dsv'
[0.947s] INFO:colcon.colcon_core.shell:Creating environment hook '/home/shaurya/bot_ws/install/bot_utils/share/bot_utils/hook/cmake_prefix_path.sh'
[0.947s] Level 1:colcon.colcon_core.environment:checking '/home/shaurya/bot_ws/install/bot_utils/lib'
[0.948s] Level 1:colcon.colcon_core.environment:checking '/home/shaurya/bot_ws/install/bot_utils/bin'
[0.948s] Level 1:colcon.colcon_core.environment:checking '/home/shaurya/bot_ws/install/bot_utils/lib/pkgconfig/bot_utils.pc'
[0.948s] Level 1:colcon.colcon_core.environment:checking '/home/shaurya/bot_ws/install/bot_utils/lib/python3.10/site-packages'
[0.948s] Level 1:colcon.colcon_core.environment:checking '/home/shaurya/bot_ws/install/bot_utils/bin'
[0.949s] INFO:colcon.colcon_core.shell:Creating package script '/home/shaurya/bot_ws/install/bot_utils/share/bot_utils/package.ps1'
[0.950s] INFO:colcon.colcon_core.shell:Creating package descriptor '/home/shaurya/bot_ws/install/bot_utils/share/bot_utils/package.dsv'
[0.951s] INFO:colcon.colcon_core.shell:Creating package script '/home/shaurya/bot_ws/install/bot_utils/share/bot_utils/package.sh'
[0.951s] INFO:colcon.colcon_core.shell:Creating package script '/home/shaurya/bot_ws/install/bot_utils/share/bot_utils/package.bash'
[0.952s] INFO:colcon.colcon_core.shell:Creating package script '/home/shaurya/bot_ws/install/bot_utils/share/bot_utils/package.zsh'
[0.952s] Level 1:colcon.colcon_core.environment:create_file_with_runtime_dependencies(/home/shaurya/bot_ws/install/bot_utils/share/colcon-core/packages/bot_utils)
[0.981s] Level 1:colcon.colcon_core.environment:create_environment_scripts_only(bot_localization)
[0.982s] Level 1:colcon.colcon_core.environment:checking '/home/shaurya/bot_ws/install/bot_localization' for CMake module files
[0.982s] DEBUG:colcon.colcon_core.event_handler.log_command:Invoked command in '/home/shaurya/bot_ws/build/bot_localization' returned '0': CMAKE_PREFIX_PATH=/opt/ros/humble /usr/bin/cmake --install /home/shaurya/bot_ws/build/bot_localization
[0.983s] Level 1:colcon.colcon_core.environment:checking '/home/shaurya/bot_ws/install/bot_localization' for CMake config files
[0.983s] Level 1:colcon.colcon_core.shell:create_environment_hook('bot_localization', 'cmake_prefix_path')
[0.983s] INFO:colcon.colcon_core.shell:Creating environment hook '/home/shaurya/bot_ws/install/bot_localization/share/bot_localization/hook/cmake_prefix_path.ps1'
[0.984s] INFO:colcon.colcon_core.shell:Creating environment descriptor '/home/shaurya/bot_ws/install/bot_localization/share/bot_localization/hook/cmake_prefix_path.dsv'
[0.985s] INFO:colcon.colcon_core.shell:Creating environment hook '/home/shaurya/bot_ws/install/bot_localization/share/bot_localization/hook/cmake_prefix_path.sh'
[0.985s] Level 1:colcon.colcon_core.environment:checking '/home/shaurya/bot_ws/install/bot_localization/lib'
[0.985s] Level 1:colcon.colcon_core.environment:checking '/home/shaurya/bot_ws/install/bot_localization/bin'
[0.986s] Level 1:colcon.colcon_core.environment:checking '/home/shaurya/bot_ws/install/bot_localization/lib/pkgconfig/bot_localization.pc'
[0.986s] Level 1:colcon.colcon_core.environment:checking '/home/shaurya/bot_ws/install/bot_localization/lib/python3.10/site-packages'
[0.986s] Level 1:colcon.colcon_core.environment:checking '/home/shaurya/bot_ws/install/bot_localization/bin'
[0.987s] INFO:colcon.colcon_core.shell:Creating package script '/home/shaurya/bot_ws/install/bot_localization/share/bot_localization/package.ps1'
[0.988s] INFO:colcon.colcon_core.shell:Creating package descriptor '/home/shaurya/bot_ws/install/bot_localization/share/bot_localization/package.dsv'
[0.990s] INFO:colcon.colcon_core.shell:Creating package script '/home/shaurya/bot_ws/install/bot_localization/share/bot_localization/package.sh'
[0.991s] INFO:colcon.colcon_core.shell:Creating package script '/home/shaurya/bot_ws/install/bot_localization/share/bot_localization/package.bash'
[0.992s] INFO:colcon.colcon_core.shell:Creating package script '/home/shaurya/bot_ws/install/bot_localization/share/bot_localization/package.zsh'
[0.992s] Level 1:colcon.colcon_core.environment:create_file_with_runtime_dependencies(/home/shaurya/bot_ws/install/bot_localization/share/colcon-core/packages/bot_localization)
[0.993s] Level 1:colcon.colcon_core.environment:create_environment_scripts_only(bot_localization)
[0.993s] Level 1:colcon.colcon_core.environment:checking '/home/shaurya/bot_ws/install/bot_localization' for CMake module files
[0.994s] Level 1:colcon.colcon_core.environment:checking '/home/shaurya/bot_ws/install/bot_localization' for CMake config files
[0.994s] Level 1:colcon.colcon_core.shell:create_environment_hook('bot_localization', 'cmake_prefix_path')
[0.994s] INFO:colcon.colcon_core.shell:Creating environment hook '/home/shaurya/bot_ws/install/bot_localization/share/bot_localization/hook/cmake_prefix_path.ps1'
[0.995s] INFO:colcon.colcon_core.shell:Creating environment descriptor '/home/shaurya/bot_ws/install/bot_localization/share/bot_localization/hook/cmake_prefix_path.dsv'
[0.995s] INFO:colcon.colcon_core.shell:Creating environment hook '/home/shaurya/bot_ws/install/bot_localization/share/bot_localization/hook/cmake_prefix_path.sh'
[0.996s] Level 1:colcon.colcon_core.environment:checking '/home/shaurya/bot_ws/install/bot_localization/lib'
[0.996s] Level 1:colcon.colcon_core.environment:checking '/home/shaurya/bot_ws/install/bot_localization/bin'
[0.996s] Level 1:colcon.colcon_core.environment:checking '/home/shaurya/bot_ws/install/bot_localization/lib/pkgconfig/bot_localization.pc'
[0.996s] Level 1:colcon.colcon_core.environment:checking '/home/shaurya/bot_ws/install/bot_localization/lib/python3.10/site-packages'
[0.996s] Level 1:colcon.colcon_core.environment:checking '/home/shaurya/bot_ws/install/bot_localization/bin'
[0.997s] INFO:colcon.colcon_core.shell:Creating package script '/home/shaurya/bot_ws/install/bot_localization/share/bot_localization/package.ps1'
[0.997s] INFO:colcon.colcon_core.shell:Creating package descriptor '/home/shaurya/bot_ws/install/bot_localization/share/bot_localization/package.dsv'
[0.998s] INFO:colcon.colcon_core.shell:Creating package script '/home/shaurya/bot_ws/install/bot_localization/share/bot_localization/package.sh'
[0.998s] INFO:colcon.colcon_core.shell:Creating package script '/home/shaurya/bot_ws/install/bot_localization/share/bot_localization/package.bash'
[0.999s] INFO:colcon.colcon_core.shell:Creating package script '/home/shaurya/bot_ws/install/bot_localization/share/bot_localization/package.zsh'
[1.000s] Level 1:colcon.colcon_core.environment:create_file_with_runtime_dependencies(/home/shaurya/bot_ws/install/bot_localization/share/colcon-core/packages/bot_localization)
[1.000s] INFO:colcon.colcon_ros.task.ament_cmake.build:Building ROS package in '/home/shaurya/bot_ws/src/bot_mapping' with build type 'ament_cmake'
[1.000s] INFO:colcon.colcon_cmake.task.cmake.build:Building CMake package in '/home/shaurya/bot_ws/src/bot_mapping'
[1.001s] INFO:colcon.colcon_core.shell:Skip shell extension 'powershell' for command environment: Not usable outside of PowerShell
[1.001s] DEBUG:colcon.colcon_core.shell:Skip shell extension 'dsv' for command environment
[1.006s] Level 1:colcon.colcon_core.environment:create_environment_scripts_only(bot_controller)
[1.006s] Level 1:colcon.colcon_core.environment:checking '/home/shaurya/bot_ws/install/bot_controller' for CMake module files
[1.007s] DEBUG:colcon.colcon_core.event_handler.log_command:Invoked command in '/home/shaurya/bot_ws/build/bot_controller' returned '0': CMAKE_PREFIX_PATH=/opt/ros/humble /usr/bin/cmake --install /home/shaurya/bot_ws/build/bot_controller
[1.007s] Level 1:colcon.colcon_core.environment:checking '/home/shaurya/bot_ws/install/bot_controller' for CMake config files
[1.008s] Level 1:colcon.colcon_core.shell:create_environment_hook('bot_controller', 'cmake_prefix_path')
[1.008s] INFO:colcon.colcon_core.shell:Creating environment hook '/home/shaurya/bot_ws/install/bot_controller/share/bot_controller/hook/cmake_prefix_path.ps1'
[1.009s] INFO:colcon.colcon_core.shell:Creating environment descriptor '/home/shaurya/bot_ws/install/bot_controller/share/bot_controller/hook/cmake_prefix_path.dsv'
[1.010s] INFO:colcon.colcon_core.shell:Creating environment hook '/home/shaurya/bot_ws/install/bot_controller/share/bot_controller/hook/cmake_prefix_path.sh'
[1.011s] Level 1:colcon.colcon_core.environment:checking '/home/shaurya/bot_ws/install/bot_controller/lib'
[1.011s] Level 1:colcon.colcon_core.environment:checking '/home/shaurya/bot_ws/install/bot_controller/bin'
[1.011s] Level 1:colcon.colcon_core.environment:checking '/home/shaurya/bot_ws/install/bot_controller/lib/pkgconfig/bot_controller.pc'
[1.011s] Level 1:colcon.colcon_core.environment:checking '/home/shaurya/bot_ws/install/bot_controller/lib/python3.10/site-packages'
[1.011s] Level 1:colcon.colcon_core.environment:checking '/home/shaurya/bot_ws/install/bot_controller/bin'
[1.012s] INFO:colcon.colcon_core.shell:Creating package script '/home/shaurya/bot_ws/install/bot_controller/share/bot_controller/package.ps1'
[1.012s] INFO:colcon.colcon_core.shell:Creating package descriptor '/home/shaurya/bot_ws/install/bot_controller/share/bot_controller/package.dsv'
[1.013s] INFO:colcon.colcon_core.shell:Creating package script '/home/shaurya/bot_ws/install/bot_controller/share/bot_controller/package.sh'
[1.013s] INFO:colcon.colcon_core.shell:Creating package script '/home/shaurya/bot_ws/install/bot_controller/share/bot_controller/package.bash'
[1.014s] INFO:colcon.colcon_core.shell:Creating package script '/home/shaurya/bot_ws/install/bot_controller/share/bot_controller/package.zsh'
[1.014s] Level 1:colcon.colcon_core.environment:create_file_with_runtime_dependencies(/home/shaurya/bot_ws/install/bot_controller/share/colcon-core/packages/bot_controller)
[1.015s] Level 1:colcon.colcon_core.environment:create_environment_scripts_only(bot_controller)
[1.015s] Level 1:colcon.colcon_core.environment:checking '/home/shaurya/bot_ws/install/bot_controller' for CMake module files
[1.016s] Level 1:colcon.colcon_core.environment:checking '/home/shaurya/bot_ws/install/bot_controller' for CMake config files
[1.016s] Level 1:colcon.colcon_core.shell:create_environment_hook('bot_controller', 'cmake_prefix_path')
[1.016s] INFO:colcon.colcon_core.shell:Creating environment hook '/home/shaurya/bot_ws/install/bot_controller/share/bot_controller/hook/cmake_prefix_path.ps1'
[1.017s] INFO:colcon.colcon_core.shell:Creating environment descriptor '/home/shaurya/bot_ws/install/bot_controller/share/bot_controller/hook/cmake_prefix_path.dsv'
[1.017s] INFO:colcon.colcon_core.shell:Creating environment hook '/home/shaurya/bot_ws/install/bot_controller/share/bot_controller/hook/cmake_prefix_path.sh'
[1.018s] Level 1:colcon.colcon_core.environment:checking '/home/shaurya/bot_ws/install/bot_controller/lib'
[1.018s] Level 1:colcon.colcon_core.environment:checking '/home/shaurya/bot_ws/install/bot_controller/bin'
[1.018s] Level 1:colcon.colcon_core.environment:checking '/home/shaurya/bot_ws/install/bot_controller/lib/pkgconfig/bot_controller.pc'
[1.018s] Level 1:colcon.colcon_core.environment:checking '/home/shaurya/bot_ws/install/bot_controller/lib/python3.10/site-packages'
[1.018s] Level 1:colcon.colcon_core.environment:checking '/home/shaurya/bot_ws/install/bot_controller/bin'
[1.019s] INFO:colcon.colcon_core.shell:Creating package script '/home/shaurya/bot_ws/install/bot_controller/share/bot_controller/package.ps1'
[1.019s] INFO:colcon.colcon_core.shell:Creating package descriptor '/home/shaurya/bot_ws/install/bot_controller/share/bot_controller/package.dsv'
[1.020s] INFO:colcon.colcon_core.shell:Creating package script '/home/shaurya/bot_ws/install/bot_controller/share/bot_controller/package.sh'
[1.020s] INFO:colcon.colcon_core.shell:Creating package script '/home/shaurya/bot_ws/install/bot_controller/share/bot_controller/package.bash'
[1.020s] INFO:colcon.colcon_core.shell:Creating package script '/home/shaurya/bot_ws/install/bot_controller/share/bot_controller/package.zsh'
[1.021s] Level 1:colcon.colcon_core.environment:create_file_with_runtime_dependencies(/home/shaurya/bot_ws/install/bot_controller/share/colcon-core/packages/bot_controller)
[1.025s] DEBUG:colcon.colcon_core.event_handler.log_command:Invoking command in '/home/shaurya/bot_ws/build/bot_mapping': AMENT_PREFIX_PATH=/home/shaurya/bot_ws/install/bot_localization:${AMENT_PREFIX_PATH} CMAKE_PREFIX_PATH=/home/shaurya/bot_ws/install/bot_localization:/opt/ros/humble PYTHONPATH=/home/shaurya/bot_ws/install/bot_localization/local/lib/python3.10/dist-packages:${PYTHONPATH} /usr/bin/cmake --build /home/shaurya/bot_ws/build/bot_mapping -- -j8 -l8
[1.373s] DEBUG:colcon.colcon_core.event_handler.log_command:Invoked command in '/home/shaurya/bot_ws/build/bot_mapping' returned '0': AMENT_PREFIX_PATH=/home/shaurya/bot_ws/install/bot_localization:${AMENT_PREFIX_PATH} CMAKE_PREFIX_PATH=/home/shaurya/bot_ws/install/bot_localization:/opt/ros/humble PYTHONPATH=/home/shaurya/bot_ws/install/bot_localization/local/lib/python3.10/dist-packages:${PYTHONPATH} /usr/bin/cmake --build /home/shaurya/bot_ws/build/bot_mapping -- -j8 -l8
[1.375s] DEBUG:colcon.colcon_core.event_handler.log_command:Invoking command in '/home/shaurya/bot_ws/build/bot_mapping': AMENT_PREFIX_PATH=/home/shaurya/bot_ws/install/bot_localization:${AMENT_PREFIX_PATH} CMAKE_PREFIX_PATH=/home/shaurya/bot_ws/install/bot_localization:/opt/ros/humble PYTHONPATH=/home/shaurya/bot_ws/install/bot_localization/local/lib/python3.10/dist-packages:${PYTHONPATH} /usr/bin/cmake --install /home/shaurya/bot_ws/build/bot_mapping
[1.448s] Level 1:colcon.colcon_core.environment:create_environment_scripts_only(bot_mapping)
[1.449s] Level 1:colcon.colcon_core.environment:checking '/home/shaurya/bot_ws/install/bot_mapping' for CMake module files
[1.450s] DEBUG:colcon.colcon_core.event_handler.log_command:Invoked command in '/home/shaurya/bot_ws/build/bot_mapping' returned '0': AMENT_PREFIX_PATH=/home/shaurya/bot_ws/install/bot_localization:${AMENT_PREFIX_PATH} CMAKE_PREFIX_PATH=/home/shaurya/bot_ws/install/bot_localization:/opt/ros/humble PYTHONPATH=/home/shaurya/bot_ws/install/bot_localization/local/lib/python3.10/dist-packages:${PYTHONPATH} /usr/bin/cmake --install /home/shaurya/bot_ws/build/bot_mapping
[1.450s] Level 1:colcon.colcon_core.environment:checking '/home/shaurya/bot_ws/install/bot_mapping' for CMake config files
[1.451s] Level 1:colcon.colcon_core.shell:create_environment_hook('bot_mapping', 'cmake_prefix_path')
[1.451s] INFO:colcon.colcon_core.shell:Creating environment hook '/home/shaurya/bot_ws/install/bot_mapping/share/bot_mapping/hook/cmake_prefix_path.ps1'
[1.452s] INFO:colcon.colcon_core.shell:Creating environment descriptor '/home/shaurya/bot_ws/install/bot_mapping/share/bot_mapping/hook/cmake_prefix_path.dsv'
[1.453s] INFO:colcon.colcon_core.shell:Creating environment hook '/home/shaurya/bot_ws/install/bot_mapping/share/bot_mapping/hook/cmake_prefix_path.sh'
[1.454s] Level 1:colcon.colcon_core.environment:checking '/home/shaurya/bot_ws/install/bot_mapping/lib'
[1.454s] Level 1:colcon.colcon_core.environment:checking '/home/shaurya/bot_ws/install/bot_mapping/bin'
[1.454s] Level 1:colcon.colcon_core.environment:checking '/home/shaurya/bot_ws/install/bot_mapping/lib/pkgconfig/bot_mapping.pc'
[1.454s] Level 1:colcon.colcon_core.environment:checking '/home/shaurya/bot_ws/install/bot_mapping/lib/python3.10/site-packages'
[1.455s] Level 1:colcon.colcon_core.environment:checking '/home/shaurya/bot_ws/install/bot_mapping/bin'
[1.455s] INFO:colcon.colcon_core.shell:Creating package script '/home/shaurya/bot_ws/install/bot_mapping/share/bot_mapping/package.ps1'
[1.456s] INFO:colcon.colcon_core.shell:Creating package descriptor '/home/shaurya/bot_ws/install/bot_mapping/share/bot_mapping/package.dsv'
[1.456s] INFO:colcon.colcon_core.shell:Creating package script '/home/shaurya/bot_ws/install/bot_mapping/share/bot_mapping/package.sh'
[1.457s] INFO:colcon.colcon_core.shell:Creating package script '/home/shaurya/bot_ws/install/bot_mapping/share/bot_mapping/package.bash'
[1.457s] INFO:colcon.colcon_core.shell:Creating package script '/home/shaurya/bot_ws/install/bot_mapping/share/bot_mapping/package.zsh'
[1.458s] Level 1:colcon.colcon_core.environment:create_file_with_runtime_dependencies(/home/shaurya/bot_ws/install/bot_mapping/share/colcon-core/packages/bot_mapping)
[1.459s] Level 1:colcon.colcon_core.environment:create_environment_scripts_only(bot_mapping)
[1.459s] Level 1:colcon.colcon_core.environment:checking '/home/shaurya/bot_ws/install/bot_mapping' for CMake module files
[1.460s] Level 1:colcon.colcon_core.environment:checking '/home/shaurya/bot_ws/install/bot_mapping' for CMake config files
[1.460s] Level 1:colcon.colcon_core.shell:create_environment_hook('bot_mapping', 'cmake_prefix_path')
[1.461s] INFO:colcon.colcon_core.shell:Creating environment hook '/home/shaurya/bot_ws/install/bot_mapping/share/bot_mapping/hook/cmake_prefix_path.ps1'
[1.462s] INFO:colcon.colcon_core.shell:Creating environment descriptor '/home/shaurya/bot_ws/install/bot_mapping/share/bot_mapping/hook/cmake_prefix_path.dsv'
[1.462s] INFO:colcon.colcon_core.shell:Creating environment hook '/home/shaurya/bot_ws/install/bot_mapping/share/bot_mapping/hook/cmake_prefix_path.sh'
[1.463s] Level 1:colcon.colcon_core.environment:checking '/home/shaurya/bot_ws/install/bot_mapping/lib'
[1.463s] Level 1:colcon.colcon_core.environment:checking '/home/shaurya/bot_ws/install/bot_mapping/bin'
[1.463s] Level 1:colcon.colcon_core.environment:checking '/home/shaurya/bot_ws/install/bot_mapping/lib/pkgconfig/bot_mapping.pc'
[1.464s] Level 1:colcon.colcon_core.environment:checking '/home/shaurya/bot_ws/install/bot_mapping/lib/python3.10/site-packages'
[1.464s] Level 1:colcon.colcon_core.environment:checking '/home/shaurya/bot_ws/install/bot_mapping/bin'
[1.464s] INFO:colcon.colcon_core.shell:Creating package script '/home/shaurya/bot_ws/install/bot_mapping/share/bot_mapping/package.ps1'
[1.465s] INFO:colcon.colcon_core.shell:Creating package descriptor '/home/shaurya/bot_ws/install/bot_mapping/share/bot_mapping/package.dsv'
[1.466s] INFO:colcon.colcon_core.shell:Creating package script '/home/shaurya/bot_ws/install/bot_mapping/share/bot_mapping/package.sh'
[1.466s] INFO:colcon.colcon_core.shell:Creating package script '/home/shaurya/bot_ws/install/bot_mapping/share/bot_mapping/package.bash'
[1.467s] INFO:colcon.colcon_core.shell:Creating package script '/home/shaurya/bot_ws/install/bot_mapping/share/bot_mapping/package.zsh'
[1.468s] Level 1:colcon.colcon_core.environment:create_file_with_runtime_dependencies(/home/shaurya/bot_ws/install/bot_mapping/share/colcon-core/packages/bot_mapping)
[1.468s] DEBUG:colcon.colcon_parallel_executor.executor.parallel:closing loop
[1.469s] DEBUG:colcon.colcon_parallel_executor.executor.parallel:loop closed
[1.469s] DEBUG:colcon.colcon_parallel_executor.executor.parallel:run_until_complete finished with '0'
[1.469s] DEBUG:colcon.colcon_core.event_reactor:joining thread
[1.477s] INFO:colcon.colcon_core.plugin_system:Skipping extension 'colcon_notification.desktop_notification.terminal_notifier': Not used on non-Darwin systems
[1.477s] INFO:colcon.colcon_core.plugin_system:Skipping extension 'colcon_notification.desktop_notification.win32': Not used on non-Windows systems
[1.477s] INFO:colcon.colcon_notification.desktop_notification:Sending desktop notification using 'notify2'
[1.493s] DEBUG:colcon.colcon_core.event_reactor:joined thread
[1.493s] INFO:colcon.colcon_core.shell:Creating prefix script '/home/shaurya/bot_ws/install/local_setup.ps1'
[1.495s] INFO:colcon.colcon_core.shell:Creating prefix util module '/home/shaurya/bot_ws/install/_local_setup_util_ps1.py'
[1.497s] INFO:colcon.colcon_core.shell:Creating prefix chain script '/home/shaurya/bot_ws/install/setup.ps1'
[1.499s] INFO:colcon.colcon_core.shell:Creating prefix script '/home/shaurya/bot_ws/install/local_setup.sh'
[1.500s] INFO:colcon.colcon_core.shell:Creating prefix util module '/home/shaurya/bot_ws/install/_local_setup_util_sh.py'
[1.500s] INFO:colcon.colcon_core.shell:Creating prefix chain script '/home/shaurya/bot_ws/install/setup.sh'
[1.501s] INFO:colcon.colcon_core.shell:Creating prefix script '/home/shaurya/bot_ws/install/local_setup.bash'
[1.502s] INFO:colcon.colcon_core.shell:Creating prefix chain script '/home/shaurya/bot_ws/install/setup.bash'
[1.504s] INFO:colcon.colcon_core.shell:Creating prefix script '/home/shaurya/bot_ws/install/local_setup.zsh'
[1.504s] INFO:colcon.colcon_core.shell:Creating prefix chain script '/home/shaurya/bot_ws/install/setup.zsh'
