-- The C compiler identification is GNU 11.4.0
-- The CXX compiler identification is GNU 11.4.0
-- Detecting C compiler ABI info
-- Detecting C compiler ABI info - done
-- Check for working C compiler: /usr/bin/cc - skipped
-- Detecting C compile features
-- Detecting C compile features - done
-- Detecting CXX compiler ABI info
-- Detecting CXX compiler ABI info - done
-- Check for working CXX compiler: /usr/bin/c++ - skipped
-- Detecting CXX compile features
-- Detecting CXX compile features - done
-- Found ament_cmake: 1.3.11 (/opt/ros/humble/share/ament_cmake/cmake)
-- Found Python3: /usr/bin/python3 (found version "3.10.12") found components: Interpreter 
-- Found rclpy: 3.3.15 (/opt/ros/humble/share/rclpy/cmake)
-- Found std_msgs: 4.2.4 (/opt/ros/humble/share/std_msgs/cmake)
-- Found rosidl_generator_c: 3.1.6 (/opt/ros/humble/share/rosidl_generator_c/cmake)
-- Found rosidl_adapter: 3.1.6 (/opt/ros/humble/share/rosidl_adapter/cmake)
-- Found rosidl_generator_cpp: 3.1.6 (/opt/ros/humble/share/rosidl_generator_cpp/cmake)
-- Using all available rosidl_typesupport_c: rosidl_typesupport_fastrtps_c;rosidl_typesupport_introspection_c
-- Using all available rosidl_typesupport_cpp: rosidl_typesupport_fastrtps_cpp;rosidl_typesupport_introspection_cpp
-- Found sensor_msgs: 4.2.4 (/opt/ros/humble/share/sensor_msgs/cmake)
-- Found ament_lint_auto: 0.12.11 (/opt/ros/humble/share/ament_lint_auto/cmake)
-- Added test 'flake8' to check Python code syntax and style conventions
-- Added test 'lint_cmake' to check CMake code style
-- Added test 'pep257' to check Python code against some of the docstring style conventions in PEP 257
-- Added test 'xmllint' to check XML markup files
-- Configuring done
-- Generating done
-- Build files have been written to: /home/shaurya/bot_ws/build/bot_utils
Built target ament_cmake_python_copy_bot_utils
running egg_info
creating bot_utils.egg-info
writing bot_utils.egg-info/PKG-INFO
writing dependency_links to bot_utils.egg-info/dependency_links.txt
writing top-level names to bot_utils.egg-info/top_level.txt
writing manifest file 'bot_utils.egg-info/SOURCES.txt'
reading manifest file 'bot_utils.egg-info/SOURCES.txt'
writing manifest file 'bot_utils.egg-info/SOURCES.txt'
Built target ament_cmake_python_build_bot_utils_egg
-- Install configuration: ""
-- Installing: /home/shaurya/bot_ws/install/bot_utils/share/bot_utils/environment/pythonpath.sh
-- Installing: /home/shaurya/bot_ws/install/bot_utils/share/bot_utils/environment/pythonpath.dsv
-- Installing: /home/shaurya/bot_ws/install/bot_utils/local/lib/python3.10/dist-packages/bot_utils-0.0.0-py3.10.egg-info
-- Installing: /home/shaurya/bot_ws/install/bot_utils/local/lib/python3.10/dist-packages/bot_utils-0.0.0-py3.10.egg-info/top_level.txt
-- Installing: /home/shaurya/bot_ws/install/bot_utils/local/lib/python3.10/dist-packages/bot_utils-0.0.0-py3.10.egg-info/PKG-INFO
-- Installing: /home/shaurya/bot_ws/install/bot_utils/local/lib/python3.10/dist-packages/bot_utils-0.0.0-py3.10.egg-info/dependency_links.txt
-- Installing: /home/shaurya/bot_ws/install/bot_utils/local/lib/python3.10/dist-packages/bot_utils-0.0.0-py3.10.egg-info/SOURCES.txt
-- Installing: /home/shaurya/bot_ws/install/bot_utils/local/lib/python3.10/dist-packages/bot_utils
-- Installing: /home/shaurya/bot_ws/install/bot_utils/local/lib/python3.10/dist-packages/bot_utils/__init__.py
-- Installing: /home/shaurya/bot_ws/install/bot_utils/local/lib/python3.10/dist-packages/bot_utils/safety_stop.py
Listing '/home/shaurya/bot_ws/install/bot_utils/local/lib/python3.10/dist-packages/bot_utils'...
Compiling '/home/shaurya/bot_ws/install/bot_utils/local/lib/python3.10/dist-packages/bot_utils/__init__.py'...
Compiling '/home/shaurya/bot_ws/install/bot_utils/local/lib/python3.10/dist-packages/bot_utils/safety_stop.py'...
-- Installing: /home/shaurya/bot_ws/install/bot_utils/lib/bot_utils/safety_stop.py
-- Installing: /home/shaurya/bot_ws/install/bot_utils/share/ament_index/resource_index/package_run_dependencies/bot_utils
-- Installing: /home/shaurya/bot_ws/install/bot_utils/share/ament_index/resource_index/parent_prefix_path/bot_utils
-- Installing: /home/shaurya/bot_ws/install/bot_utils/share/bot_utils/environment/ament_prefix_path.sh
-- Installing: /home/shaurya/bot_ws/install/bot_utils/share/bot_utils/environment/ament_prefix_path.dsv
-- Installing: /home/shaurya/bot_ws/install/bot_utils/share/bot_utils/environment/path.sh
-- Installing: /home/shaurya/bot_ws/install/bot_utils/share/bot_utils/environment/path.dsv
-- Installing: /home/shaurya/bot_ws/install/bot_utils/share/bot_utils/local_setup.bash
-- Installing: /home/shaurya/bot_ws/install/bot_utils/share/bot_utils/local_setup.sh
-- Installing: /home/shaurya/bot_ws/install/bot_utils/share/bot_utils/local_setup.zsh
-- Installing: /home/shaurya/bot_ws/install/bot_utils/share/bot_utils/local_setup.dsv
-- Installing: /home/shaurya/bot_ws/install/bot_utils/share/bot_utils/package.dsv
-- Installing: /home/shaurya/bot_ws/install/bot_utils/share/ament_index/resource_index/packages/bot_utils
-- Installing: /home/shaurya/bot_ws/install/bot_utils/share/bot_utils/cmake/bot_utilsConfig.cmake
-- Installing: /home/shaurya/bot_ws/install/bot_utils/share/bot_utils/cmake/bot_utilsConfig-version.cmake
-- Installing: /home/shaurya/bot_ws/install/bot_utils/share/bot_utils/package.xml
