[0.014s] Invoking command in '/home/shaurya/bot_ws/build/bot_utils': CMAKE_PREFIX_PATH=/opt/ros/humble /usr/bin/cmake /home/shaurya/bot_ws/src/bot_utils -DCMAKE_INSTALL_PREFIX=/home/shaurya/bot_ws/install/bot_utils
[0.115s] -- The C compiler identification is GNU 11.4.0
[0.179s] -- The CXX compiler identification is GNU 11.4.0
[0.187s] -- Detecting C compiler ABI info
[0.256s] -- Detecting C compiler ABI info - done
[0.268s] -- Check for working C compiler: /usr/bin/cc - skipped
[0.268s] -- Detecting C compile features
[0.269s] -- Detecting C compile features - done
[0.281s] -- Detecting CXX compiler ABI info
[0.375s] -- Detecting CXX compiler ABI info - done
[0.382s] -- Check for working CXX compiler: /usr/bin/c++ - skipped
[0.382s] -- Detecting CXX compile features
[0.382s] -- Detecting CXX compile features - done
[0.386s] -- Found ament_cmake: 1.3.11 (/opt/ros/humble/share/ament_cmake/cmake)
[0.513s] -- Found Python3: /usr/bin/python3 (found version "3.10.12") found components: Interpreter 
[0.612s] -- Found rclpy: 3.3.15 (/opt/ros/humble/share/rclpy/cmake)
[0.614s] -- Found std_msgs: 4.2.4 (/opt/ros/humble/share/std_msgs/cmake)
[0.659s] -- Found rosidl_generator_c: 3.1.6 (/opt/ros/humble/share/rosidl_generator_c/cmake)
[0.665s] -- Found rosidl_adapter: 3.1.6 (/opt/ros/humble/share/rosidl_adapter/cmake)
[0.678s] -- Found rosidl_generator_cpp: 3.1.6 (/opt/ros/humble/share/rosidl_generator_cpp/cmake)
[0.698s] -- Using all available rosidl_typesupport_c: rosidl_typesupport_fastrtps_c;rosidl_typesupport_introspection_c
[0.721s] -- Using all available rosidl_typesupport_cpp: rosidl_typesupport_fastrtps_cpp;rosidl_typesupport_introspection_cpp
[0.752s] -- Found sensor_msgs: 4.2.4 (/opt/ros/humble/share/sensor_msgs/cmake)
[0.877s] -- Found ament_lint_auto: 0.12.11 (/opt/ros/humble/share/ament_lint_auto/cmake)
[0.981s] -- Added test 'flake8' to check Python code syntax and style conventions
[0.982s] -- Added test 'lint_cmake' to check CMake code style
[0.983s] -- Added test 'pep257' to check Python code against some of the docstring style conventions in PEP 257
[0.984s] -- Added test 'xmllint' to check XML markup files
[0.986s] -- Configuring done
[0.990s] -- Generating done
[0.993s] -- Build files have been written to: /home/shaurya/bot_ws/build/bot_utils
[1.001s] Invoked command in '/home/shaurya/bot_ws/build/bot_utils' returned '0': CMAKE_PREFIX_PATH=/opt/ros/humble /usr/bin/cmake /home/shaurya/bot_ws/src/bot_utils -DCMAKE_INSTALL_PREFIX=/home/shaurya/bot_ws/install/bot_utils
[1.003s] Invoking command in '/home/shaurya/bot_ws/build/bot_utils': CMAKE_PREFIX_PATH=/opt/ros/humble /usr/bin/cmake --build /home/shaurya/bot_ws/build/bot_utils -- -j8 -l8
[1.049s] Built target ament_cmake_python_copy_bot_utils
[1.275s] running egg_info
[1.276s] creating bot_utils.egg-info
[1.276s] writing bot_utils.egg-info/PKG-INFO
[1.276s] writing dependency_links to bot_utils.egg-info/dependency_links.txt
[1.276s] writing top-level names to bot_utils.egg-info/top_level.txt
[1.276s] writing manifest file 'bot_utils.egg-info/SOURCES.txt'
[1.278s] reading manifest file 'bot_utils.egg-info/SOURCES.txt'
[1.279s] writing manifest file 'bot_utils.egg-info/SOURCES.txt'
[1.302s] Built target ament_cmake_python_build_bot_utils_egg
[1.311s] Invoked command in '/home/shaurya/bot_ws/build/bot_utils' returned '0': CMAKE_PREFIX_PATH=/opt/ros/humble /usr/bin/cmake --build /home/shaurya/bot_ws/build/bot_utils -- -j8 -l8
[1.313s] Invoking command in '/home/shaurya/bot_ws/build/bot_utils': CMAKE_PREFIX_PATH=/opt/ros/humble /usr/bin/cmake --install /home/shaurya/bot_ws/build/bot_utils
[1.318s] -- Install configuration: ""
[1.318s] -- Installing: /home/shaurya/bot_ws/install/bot_utils/share/bot_utils/environment/pythonpath.sh
[1.318s] -- Installing: /home/shaurya/bot_ws/install/bot_utils/share/bot_utils/environment/pythonpath.dsv
[1.318s] -- Installing: /home/shaurya/bot_ws/install/bot_utils/local/lib/python3.10/dist-packages/bot_utils-0.0.0-py3.10.egg-info
[1.318s] -- Installing: /home/shaurya/bot_ws/install/bot_utils/local/lib/python3.10/dist-packages/bot_utils-0.0.0-py3.10.egg-info/top_level.txt
[1.318s] -- Installing: /home/shaurya/bot_ws/install/bot_utils/local/lib/python3.10/dist-packages/bot_utils-0.0.0-py3.10.egg-info/PKG-INFO
[1.318s] -- Installing: /home/shaurya/bot_ws/install/bot_utils/local/lib/python3.10/dist-packages/bot_utils-0.0.0-py3.10.egg-info/dependency_links.txt
[1.318s] -- Installing: /home/shaurya/bot_ws/install/bot_utils/local/lib/python3.10/dist-packages/bot_utils-0.0.0-py3.10.egg-info/SOURCES.txt
[1.319s] -- Installing: /home/shaurya/bot_ws/install/bot_utils/local/lib/python3.10/dist-packages/bot_utils
[1.319s] -- Installing: /home/shaurya/bot_ws/install/bot_utils/local/lib/python3.10/dist-packages/bot_utils/__init__.py
[1.319s] -- Installing: /home/shaurya/bot_ws/install/bot_utils/local/lib/python3.10/dist-packages/bot_utils/safety_stop.py
[1.344s] Listing '/home/shaurya/bot_ws/install/bot_utils/local/lib/python3.10/dist-packages/bot_utils'...
[1.345s] Compiling '/home/shaurya/bot_ws/install/bot_utils/local/lib/python3.10/dist-packages/bot_utils/__init__.py'...
[1.345s] Compiling '/home/shaurya/bot_ws/install/bot_utils/local/lib/python3.10/dist-packages/bot_utils/safety_stop.py'...
[1.349s] -- Installing: /home/shaurya/bot_ws/install/bot_utils/lib/bot_utils/safety_stop.py
[1.349s] -- Installing: /home/shaurya/bot_ws/install/bot_utils/share/ament_index/resource_index/package_run_dependencies/bot_utils
[1.349s] -- Installing: /home/shaurya/bot_ws/install/bot_utils/share/ament_index/resource_index/parent_prefix_path/bot_utils
[1.349s] -- Installing: /home/shaurya/bot_ws/install/bot_utils/share/bot_utils/environment/ament_prefix_path.sh
[1.349s] -- Installing: /home/shaurya/bot_ws/install/bot_utils/share/bot_utils/environment/ament_prefix_path.dsv
[1.349s] -- Installing: /home/shaurya/bot_ws/install/bot_utils/share/bot_utils/environment/path.sh
[1.350s] -- Installing: /home/shaurya/bot_ws/install/bot_utils/share/bot_utils/environment/path.dsv
[1.350s] -- Installing: /home/shaurya/bot_ws/install/bot_utils/share/bot_utils/local_setup.bash
[1.350s] -- Installing: /home/shaurya/bot_ws/install/bot_utils/share/bot_utils/local_setup.sh
[1.350s] -- Installing: /home/shaurya/bot_ws/install/bot_utils/share/bot_utils/local_setup.zsh
[1.350s] -- Installing: /home/shaurya/bot_ws/install/bot_utils/share/bot_utils/local_setup.dsv
[1.350s] -- Installing: /home/shaurya/bot_ws/install/bot_utils/share/bot_utils/package.dsv
[1.350s] -- Installing: /home/shaurya/bot_ws/install/bot_utils/share/ament_index/resource_index/packages/bot_utils
[1.350s] -- Installing: /home/shaurya/bot_ws/install/bot_utils/share/bot_utils/cmake/bot_utilsConfig.cmake
[1.350s] -- Installing: /home/shaurya/bot_ws/install/bot_utils/share/bot_utils/cmake/bot_utilsConfig-version.cmake
[1.351s] -- Installing: /home/shaurya/bot_ws/install/bot_utils/share/bot_utils/package.xml
[1.353s] Invoked command in '/home/shaurya/bot_ws/build/bot_utils' returned '0': CMAKE_PREFIX_PATH=/opt/ros/humble /usr/bin/cmake --install /home/shaurya/bot_ws/build/bot_utils
