[0.007s] Invoking command in '/home/shaurya/bot_ws/build/description': CMAKE_PREFIX_PATH=/opt/ros/humble /usr/bin/cmake /home/shaurya/bot_ws/src/description -DCMAKE_INSTALL_PREFIX=/home/shaurya/bot_ws/install/description
[0.118s] -- The C compiler identification is GNU 11.4.0
[0.209s] -- The CXX compiler identification is GNU 11.4.0
[0.216s] -- Detecting C compiler ABI info
[0.271s] -- Detecting C compiler ABI info - done
[0.276s] -- Check for working C compiler: /usr/bin/cc - skipped
[0.277s] -- Detecting C compile features
[0.277s] -- Detecting C compile features - done
[0.280s] -- Detecting CXX compiler ABI info
[0.340s] -- Detecting CXX compiler ABI info - done
[0.347s] -- Check for working CXX compiler: /usr/bin/c++ - skipped
[0.347s] -- Detecting CXX compile features
[0.347s] -- Detecting CXX compile features - done
[0.349s] -- Found ament_cmake: 1.3.11 (/opt/ros/humble/share/ament_cmake/cmake)
[0.460s] -- Found Python3: /usr/bin/python3 (found version "3.10.12") found components: Interpreter 
[0.532s] -- Found ament_lint_auto: 0.12.11 (/opt/ros/humble/share/ament_lint_auto/cmake)
[0.592s] -- Added test 'lint_cmake' to check CMake code style
[0.592s] -- Added test 'xmllint' to check XML markup files
[0.593s] -- Configuring done
[0.595s] -- Generating done
[0.596s] -- Build files have been written to: /home/shaurya/bot_ws/build/description
[0.599s] Invoked command in '/home/shaurya/bot_ws/build/description' returned '0': CMAKE_PREFIX_PATH=/opt/ros/humble /usr/bin/cmake /home/shaurya/bot_ws/src/description -DCMAKE_INSTALL_PREFIX=/home/shaurya/bot_ws/install/description
[0.600s] Invoking command in '/home/shaurya/bot_ws/build/description': CMAKE_PREFIX_PATH=/opt/ros/humble /usr/bin/cmake --build /home/shaurya/bot_ws/build/description -- -j8 -l8
[0.628s] Invoked command in '/home/shaurya/bot_ws/build/description' returned '0': CMAKE_PREFIX_PATH=/opt/ros/humble /usr/bin/cmake --build /home/shaurya/bot_ws/build/description -- -j8 -l8
[0.635s] Invoking command in '/home/shaurya/bot_ws/build/description': CMAKE_PREFIX_PATH=/opt/ros/humble /usr/bin/cmake --install /home/shaurya/bot_ws/build/description
[0.640s] -- Install configuration: ""
[0.640s] -- Installing: /home/shaurya/bot_ws/install/description/share/ament_index/resource_index/package_run_dependencies/description
[0.640s] -- Installing: /home/shaurya/bot_ws/install/description/share/ament_index/resource_index/parent_prefix_path/description
[0.640s] -- Installing: /home/shaurya/bot_ws/install/description/share/description/environment/ament_prefix_path.sh
[0.640s] -- Installing: /home/shaurya/bot_ws/install/description/share/description/environment/ament_prefix_path.dsv
[0.640s] -- Installing: /home/shaurya/bot_ws/install/description/share/description/environment/path.sh
[0.640s] -- Installing: /home/shaurya/bot_ws/install/description/share/description/environment/path.dsv
[0.641s] -- Installing: /home/shaurya/bot_ws/install/description/share/description/local_setup.bash
[0.641s] -- Installing: /home/shaurya/bot_ws/install/description/share/description/local_setup.sh
[0.641s] -- Installing: /home/shaurya/bot_ws/install/description/share/description/local_setup.zsh
[0.641s] -- Installing: /home/shaurya/bot_ws/install/description/share/description/local_setup.dsv
[0.641s] -- Installing: /home/shaurya/bot_ws/install/description/share/description/package.dsv
[0.641s] -- Installing: /home/shaurya/bot_ws/install/description/share/ament_index/resource_index/packages/description
[0.641s] -- Installing: /home/shaurya/bot_ws/install/description/share/description/cmake/descriptionConfig.cmake
[0.641s] -- Installing: /home/shaurya/bot_ws/install/description/share/description/cmake/descriptionConfig-version.cmake
[0.641s] -- Installing: /home/shaurya/bot_ws/install/description/share/description/package.xml
[0.642s] Invoked command in '/home/shaurya/bot_ws/build/description' returned '0': CMAKE_PREFIX_PATH=/opt/ros/humble /usr/bin/cmake --install /home/shaurya/bot_ws/build/description
