[0.065s] DEBUG:colcon:Command line arguments: ['/usr/bin/colcon', 'build']
[0.065s] DEBUG:colcon:Parsed command line arguments: Namespace(log_base=None, log_level=None, verb_name='build', build_base='build', install_base='install', merge_install=False, symlink_install=False, test_result_base=None, continue_on_error=False, executor='parallel', parallel_workers=8, event_handlers=None, ignore_user_meta=False, metas=['./colcon.meta'], base_paths=['.'], packages_ignore=None, packages_ignore_regex=None, paths=None, packages_up_to=None, packages_up_to_regex=None, packages_above=None, packages_above_and_dependencies=None, packages_above_depth=None, packages_select_by_dep=None, packages_skip_by_dep=None, packages_skip_up_to=None, packages_select_build_failed=False, packages_skip_build_finished=False, packages_select_test_failures=False, packages_skip_test_passed=False, packages_select=None, packages_skip=None, packages_select_regex=None, packages_skip_regex=None, packages_start=None, packages_end=None, allow_overriding=[], cmake_args=None, cmake_target=None, cmake_target_skip_unavailable=False, cmake_clean_cache=False, cmake_clean_first=False, cmake_force_configure=False, ament_cmake_args=None, catkin_cmake_args=None, catkin_skip_building_tests=False, verb_parser=<colcon_defaults.argument_parser.defaults.DefaultArgumentsDecorator object at 0x7b3983d40f70>, verb_extension=<colcon_core.verb.build.BuildVerb object at 0x7b3983d40a30>, main=<bound method BuildVerb.main of <colcon_core.verb.build.BuildVerb object at 0x7b3983d40a30>>)
[0.172s] Level 1:colcon.colcon_core.package_discovery:discover_packages(colcon_meta) check parameters
[0.172s] Level 1:colcon.colcon_core.package_discovery:discover_packages(recursive) check parameters
[0.172s] Level 1:colcon.colcon_core.package_discovery:discover_packages(ignore) check parameters
[0.172s] Level 1:colcon.colcon_core.package_discovery:discover_packages(path) check parameters
[0.172s] Level 1:colcon.colcon_core.package_discovery:discover_packages(colcon_meta) discover
[0.172s] Level 1:colcon.colcon_core.package_discovery:discover_packages(recursive) discover
[0.172s] INFO:colcon.colcon_core.package_discovery:Crawling recursively for packages in '/home/shaurya/bot_ws'
[0.172s] Level 1:colcon.colcon_core.package_identification:_identify(.) by extensions ['ignore', 'ignore_ament_install']
[0.172s] Level 1:colcon.colcon_core.package_identification:_identify(.) by extension 'ignore'
[0.172s] Level 1:colcon.colcon_core.package_identification:_identify(.) by extension 'ignore_ament_install'
[0.172s] Level 1:colcon.colcon_core.package_identification:_identify(.) by extensions ['colcon_pkg']
[0.172s] Level 1:colcon.colcon_core.package_identification:_identify(.) by extension 'colcon_pkg'
[0.172s] Level 1:colcon.colcon_core.package_identification:_identify(.) by extensions ['colcon_meta']
[0.172s] Level 1:colcon.colcon_core.package_identification:_identify(.) by extension 'colcon_meta'
[0.172s] Level 1:colcon.colcon_core.package_identification:_identify(.) by extensions ['ros']
[0.172s] Level 1:colcon.colcon_core.package_identification:_identify(.) by extension 'ros'
[0.179s] Level 1:colcon.colcon_core.package_identification:_identify(.) by extensions ['cmake', 'python']
[0.180s] Level 1:colcon.colcon_core.package_identification:_identify(.) by extension 'cmake'
[0.180s] Level 1:colcon.colcon_core.package_identification:_identify(.) by extension 'python'
[0.180s] Level 1:colcon.colcon_core.package_identification:_identify(.) by extensions ['python_setup_py']
[0.180s] Level 1:colcon.colcon_core.package_identification:_identify(.) by extension 'python_setup_py'
[0.180s] Level 1:colcon.colcon_core.package_identification:_identify(build) by extensions ['ignore', 'ignore_ament_install']
[0.180s] Level 1:colcon.colcon_core.package_identification:_identify(build) by extension 'ignore'
[0.180s] Level 1:colcon.colcon_core.package_identification:_identify(build) ignored
[0.180s] Level 1:colcon.colcon_core.package_identification:_identify(install) by extensions ['ignore', 'ignore_ament_install']
[0.180s] Level 1:colcon.colcon_core.package_identification:_identify(install) by extension 'ignore'
[0.180s] Level 1:colcon.colcon_core.package_identification:_identify(install) ignored
[0.180s] Level 1:colcon.colcon_core.package_identification:_identify(log) by extensions ['ignore', 'ignore_ament_install']
[0.180s] Level 1:colcon.colcon_core.package_identification:_identify(log) by extension 'ignore'
[0.180s] Level 1:colcon.colcon_core.package_identification:_identify(log) ignored
[0.180s] Level 1:colcon.colcon_core.package_identification:_identify(src) by extensions ['ignore', 'ignore_ament_install']
[0.180s] Level 1:colcon.colcon_core.package_identification:_identify(src) by extension 'ignore'
[0.180s] Level 1:colcon.colcon_core.package_identification:_identify(src) by extension 'ignore_ament_install'
[0.180s] Level 1:colcon.colcon_core.package_identification:_identify(src) by extensions ['colcon_pkg']
[0.180s] Level 1:colcon.colcon_core.package_identification:_identify(src) by extension 'colcon_pkg'
[0.181s] Level 1:colcon.colcon_core.package_identification:_identify(src) by extensions ['colcon_meta']
[0.181s] Level 1:colcon.colcon_core.package_identification:_identify(src) by extension 'colcon_meta'
[0.181s] Level 1:colcon.colcon_core.package_identification:_identify(src) by extensions ['ros']
[0.181s] Level 1:colcon.colcon_core.package_identification:_identify(src) by extension 'ros'
[0.181s] Level 1:colcon.colcon_core.package_identification:_identify(src) by extensions ['cmake', 'python']
[0.181s] Level 1:colcon.colcon_core.package_identification:_identify(src) by extension 'cmake'
[0.181s] Level 1:colcon.colcon_core.package_identification:_identify(src) by extension 'python'
[0.181s] Level 1:colcon.colcon_core.package_identification:_identify(src) by extensions ['python_setup_py']
[0.181s] Level 1:colcon.colcon_core.package_identification:_identify(src) by extension 'python_setup_py'
[0.181s] Level 1:colcon.colcon_core.package_identification:_identify(src/bot_controller) by extensions ['ignore', 'ignore_ament_install']
[0.181s] Level 1:colcon.colcon_core.package_identification:_identify(src/bot_controller) by extension 'ignore'
[0.181s] Level 1:colcon.colcon_core.package_identification:_identify(src/bot_controller) by extension 'ignore_ament_install'
[0.181s] Level 1:colcon.colcon_core.package_identification:_identify(src/bot_controller) by extensions ['colcon_pkg']
[0.181s] Level 1:colcon.colcon_core.package_identification:_identify(src/bot_controller) by extension 'colcon_pkg'
[0.181s] Level 1:colcon.colcon_core.package_identification:_identify(src/bot_controller) by extensions ['colcon_meta']
[0.181s] Level 1:colcon.colcon_core.package_identification:_identify(src/bot_controller) by extension 'colcon_meta'
[0.181s] Level 1:colcon.colcon_core.package_identification:_identify(src/bot_controller) by extensions ['ros']
[0.181s] Level 1:colcon.colcon_core.package_identification:_identify(src/bot_controller) by extension 'ros'
[0.183s] DEBUG:colcon.colcon_core.package_identification:Package 'src/bot_controller' with type 'ros.ament_cmake' and name 'bot_controller'
[0.183s] Level 1:colcon.colcon_core.package_identification:_identify(src/bot_localization) by extensions ['ignore', 'ignore_ament_install']
[0.183s] Level 1:colcon.colcon_core.package_identification:_identify(src/bot_localization) by extension 'ignore'
[0.183s] Level 1:colcon.colcon_core.package_identification:_identify(src/bot_localization) by extension 'ignore_ament_install'
[0.183s] Level 1:colcon.colcon_core.package_identification:_identify(src/bot_localization) by extensions ['colcon_pkg']
[0.183s] Level 1:colcon.colcon_core.package_identification:_identify(src/bot_localization) by extension 'colcon_pkg'
[0.183s] Level 1:colcon.colcon_core.package_identification:_identify(src/bot_localization) by extensions ['colcon_meta']
[0.183s] Level 1:colcon.colcon_core.package_identification:_identify(src/bot_localization) by extension 'colcon_meta'
[0.183s] Level 1:colcon.colcon_core.package_identification:_identify(src/bot_localization) by extensions ['ros']
[0.183s] Level 1:colcon.colcon_core.package_identification:_identify(src/bot_localization) by extension 'ros'
[0.184s] DEBUG:colcon.colcon_core.package_identification:Package 'src/bot_localization' with type 'ros.ament_cmake' and name 'bot_localization'
[0.184s] Level 1:colcon.colcon_core.package_identification:_identify(src/bot_mapping) by extensions ['ignore', 'ignore_ament_install']
[0.184s] Level 1:colcon.colcon_core.package_identification:_identify(src/bot_mapping) by extension 'ignore'
[0.184s] Level 1:colcon.colcon_core.package_identification:_identify(src/bot_mapping) by extension 'ignore_ament_install'
[0.184s] Level 1:colcon.colcon_core.package_identification:_identify(src/bot_mapping) by extensions ['colcon_pkg']
[0.184s] Level 1:colcon.colcon_core.package_identification:_identify(src/bot_mapping) by extension 'colcon_pkg'
[0.184s] Level 1:colcon.colcon_core.package_identification:_identify(src/bot_mapping) by extensions ['colcon_meta']
[0.184s] Level 1:colcon.colcon_core.package_identification:_identify(src/bot_mapping) by extension 'colcon_meta'
[0.184s] Level 1:colcon.colcon_core.package_identification:_identify(src/bot_mapping) by extensions ['ros']
[0.184s] Level 1:colcon.colcon_core.package_identification:_identify(src/bot_mapping) by extension 'ros'
[0.185s] DEBUG:colcon.colcon_core.package_identification:Package 'src/bot_mapping' with type 'ros.ament_cmake' and name 'bot_mapping'
[0.185s] Level 1:colcon.colcon_core.package_identification:_identify(src/bot_utils) by extensions ['ignore', 'ignore_ament_install']
[0.185s] Level 1:colcon.colcon_core.package_identification:_identify(src/bot_utils) by extension 'ignore'
[0.185s] Level 1:colcon.colcon_core.package_identification:_identify(src/bot_utils) by extension 'ignore_ament_install'
[0.185s] Level 1:colcon.colcon_core.package_identification:_identify(src/bot_utils) by extensions ['colcon_pkg']
[0.185s] Level 1:colcon.colcon_core.package_identification:_identify(src/bot_utils) by extension 'colcon_pkg'
[0.185s] Level 1:colcon.colcon_core.package_identification:_identify(src/bot_utils) by extensions ['colcon_meta']
[0.185s] Level 1:colcon.colcon_core.package_identification:_identify(src/bot_utils) by extension 'colcon_meta'
[0.185s] Level 1:colcon.colcon_core.package_identification:_identify(src/bot_utils) by extensions ['ros']
[0.185s] Level 1:colcon.colcon_core.package_identification:_identify(src/bot_utils) by extension 'ros'
[0.186s] DEBUG:colcon.colcon_core.package_identification:Package 'src/bot_utils' with type 'ros.ament_cmake' and name 'bot_utils'
[0.186s] Level 1:colcon.colcon_core.package_identification:_identify(src/description) by extensions ['ignore', 'ignore_ament_install']
[0.186s] Level 1:colcon.colcon_core.package_identification:_identify(src/description) by extension 'ignore'
[0.186s] Level 1:colcon.colcon_core.package_identification:_identify(src/description) by extension 'ignore_ament_install'
[0.186s] Level 1:colcon.colcon_core.package_identification:_identify(src/description) by extensions ['colcon_pkg']
[0.186s] Level 1:colcon.colcon_core.package_identification:_identify(src/description) by extension 'colcon_pkg'
[0.186s] Level 1:colcon.colcon_core.package_identification:_identify(src/description) by extensions ['colcon_meta']
[0.186s] Level 1:colcon.colcon_core.package_identification:_identify(src/description) by extension 'colcon_meta'
[0.186s] Level 1:colcon.colcon_core.package_identification:_identify(src/description) by extensions ['ros']
[0.186s] Level 1:colcon.colcon_core.package_identification:_identify(src/description) by extension 'ros'
[0.186s] DEBUG:colcon.colcon_core.package_identification:Package 'src/description' with type 'ros.ament_cmake' and name 'description'
[0.187s] Level 1:colcon.colcon_core.package_discovery:discover_packages(recursive) using defaults
[0.187s] Level 1:colcon.colcon_core.package_discovery:discover_packages(ignore) discover
[0.187s] Level 1:colcon.colcon_core.package_discovery:discover_packages(ignore) using defaults
[0.187s] Level 1:colcon.colcon_core.package_discovery:discover_packages(path) discover
[0.187s] Level 1:colcon.colcon_core.package_discovery:discover_packages(path) using defaults
[0.212s] Level 1:colcon.colcon_core.package_discovery:discover_packages(prefix_path) check parameters
[0.212s] Level 1:colcon.colcon_core.package_discovery:discover_packages(prefix_path) discover
[0.214s] DEBUG:colcon.colcon_installed_package_information.package_discovery:Found 434 installed packages in /opt/ros/humble
[0.215s] Level 1:colcon.colcon_core.package_discovery:discover_packages(prefix_path) using defaults
[0.247s] Level 5:colcon.colcon_core.verb:set package 'bot_controller' build argument 'cmake_args' from command line to 'None'
[0.247s] Level 5:colcon.colcon_core.verb:set package 'bot_controller' build argument 'cmake_target' from command line to 'None'
[0.247s] Level 5:colcon.colcon_core.verb:set package 'bot_controller' build argument 'cmake_target_skip_unavailable' from command line to 'False'
[0.247s] Level 5:colcon.colcon_core.verb:set package 'bot_controller' build argument 'cmake_clean_cache' from command line to 'False'
[0.247s] Level 5:colcon.colcon_core.verb:set package 'bot_controller' build argument 'cmake_clean_first' from command line to 'False'
[0.247s] Level 5:colcon.colcon_core.verb:set package 'bot_controller' build argument 'cmake_force_configure' from command line to 'False'
[0.247s] Level 5:colcon.colcon_core.verb:set package 'bot_controller' build argument 'ament_cmake_args' from command line to 'None'
[0.247s] Level 5:colcon.colcon_core.verb:set package 'bot_controller' build argument 'catkin_cmake_args' from command line to 'None'
[0.247s] Level 5:colcon.colcon_core.verb:set package 'bot_controller' build argument 'catkin_skip_building_tests' from command line to 'False'
[0.248s] DEBUG:colcon.colcon_core.verb:Building package 'bot_controller' with the following arguments: {'ament_cmake_args': None, 'build_base': '/home/shaurya/bot_ws/build/bot_controller', 'catkin_cmake_args': None, 'catkin_skip_building_tests': False, 'cmake_args': None, 'cmake_clean_cache': False, 'cmake_clean_first': False, 'cmake_force_configure': False, 'cmake_target': None, 'cmake_target_skip_unavailable': False, 'install_base': '/home/shaurya/bot_ws/install/bot_controller', 'merge_install': False, 'path': '/home/shaurya/bot_ws/src/bot_controller', 'symlink_install': False, 'test_result_base': None}
[0.248s] Level 5:colcon.colcon_core.verb:set package 'bot_localization' build argument 'cmake_args' from command line to 'None'
[0.248s] Level 5:colcon.colcon_core.verb:set package 'bot_localization' build argument 'cmake_target' from command line to 'None'
[0.248s] Level 5:colcon.colcon_core.verb:set package 'bot_localization' build argument 'cmake_target_skip_unavailable' from command line to 'False'
[0.248s] Level 5:colcon.colcon_core.verb:set package 'bot_localization' build argument 'cmake_clean_cache' from command line to 'False'
[0.248s] Level 5:colcon.colcon_core.verb:set package 'bot_localization' build argument 'cmake_clean_first' from command line to 'False'
[0.248s] Level 5:colcon.colcon_core.verb:set package 'bot_localization' build argument 'cmake_force_configure' from command line to 'False'
[0.248s] Level 5:colcon.colcon_core.verb:set package 'bot_localization' build argument 'ament_cmake_args' from command line to 'None'
[0.248s] Level 5:colcon.colcon_core.verb:set package 'bot_localization' build argument 'catkin_cmake_args' from command line to 'None'
[0.248s] Level 5:colcon.colcon_core.verb:set package 'bot_localization' build argument 'catkin_skip_building_tests' from command line to 'False'
[0.248s] DEBUG:colcon.colcon_core.verb:Building package 'bot_localization' with the following arguments: {'ament_cmake_args': None, 'build_base': '/home/shaurya/bot_ws/build/bot_localization', 'catkin_cmake_args': None, 'catkin_skip_building_tests': False, 'cmake_args': None, 'cmake_clean_cache': False, 'cmake_clean_first': False, 'cmake_force_configure': False, 'cmake_target': None, 'cmake_target_skip_unavailable': False, 'install_base': '/home/shaurya/bot_ws/install/bot_localization', 'merge_install': False, 'path': '/home/shaurya/bot_ws/src/bot_localization', 'symlink_install': False, 'test_result_base': None}
[0.248s] Level 5:colcon.colcon_core.verb:set package 'bot_utils' build argument 'cmake_args' from command line to 'None'
[0.248s] Level 5:colcon.colcon_core.verb:set package 'bot_utils' build argument 'cmake_target' from command line to 'None'
[0.248s] Level 5:colcon.colcon_core.verb:set package 'bot_utils' build argument 'cmake_target_skip_unavailable' from command line to 'False'
[0.248s] Level 5:colcon.colcon_core.verb:set package 'bot_utils' build argument 'cmake_clean_cache' from command line to 'False'
[0.248s] Level 5:colcon.colcon_core.verb:set package 'bot_utils' build argument 'cmake_clean_first' from command line to 'False'
[0.248s] Level 5:colcon.colcon_core.verb:set package 'bot_utils' build argument 'cmake_force_configure' from command line to 'False'
[0.248s] Level 5:colcon.colcon_core.verb:set package 'bot_utils' build argument 'ament_cmake_args' from command line to 'None'
[0.248s] Level 5:colcon.colcon_core.verb:set package 'bot_utils' build argument 'catkin_cmake_args' from command line to 'None'
[0.248s] Level 5:colcon.colcon_core.verb:set package 'bot_utils' build argument 'catkin_skip_building_tests' from command line to 'False'
[0.248s] DEBUG:colcon.colcon_core.verb:Building package 'bot_utils' with the following arguments: {'ament_cmake_args': None, 'build_base': '/home/shaurya/bot_ws/build/bot_utils', 'catkin_cmake_args': None, 'catkin_skip_building_tests': False, 'cmake_args': None, 'cmake_clean_cache': False, 'cmake_clean_first': False, 'cmake_force_configure': False, 'cmake_target': None, 'cmake_target_skip_unavailable': False, 'install_base': '/home/shaurya/bot_ws/install/bot_utils', 'merge_install': False, 'path': '/home/shaurya/bot_ws/src/bot_utils', 'symlink_install': False, 'test_result_base': None}
[0.249s] Level 5:colcon.colcon_core.verb:set package 'description' build argument 'cmake_args' from command line to 'None'
[0.249s] Level 5:colcon.colcon_core.verb:set package 'description' build argument 'cmake_target' from command line to 'None'
[0.249s] Level 5:colcon.colcon_core.verb:set package 'description' build argument 'cmake_target_skip_unavailable' from command line to 'False'
[0.249s] Level 5:colcon.colcon_core.verb:set package 'description' build argument 'cmake_clean_cache' from command line to 'False'
[0.249s] Level 5:colcon.colcon_core.verb:set package 'description' build argument 'cmake_clean_first' from command line to 'False'
[0.249s] Level 5:colcon.colcon_core.verb:set package 'description' build argument 'cmake_force_configure' from command line to 'False'
[0.249s] Level 5:colcon.colcon_core.verb:set package 'description' build argument 'ament_cmake_args' from command line to 'None'
[0.249s] Level 5:colcon.colcon_core.verb:set package 'description' build argument 'catkin_cmake_args' from command line to 'None'
[0.249s] Level 5:colcon.colcon_core.verb:set package 'description' build argument 'catkin_skip_building_tests' from command line to 'False'
[0.249s] DEBUG:colcon.colcon_core.verb:Building package 'description' with the following arguments: {'ament_cmake_args': None, 'build_base': '/home/shaurya/bot_ws/build/description', 'catkin_cmake_args': None, 'catkin_skip_building_tests': False, 'cmake_args': None, 'cmake_clean_cache': False, 'cmake_clean_first': False, 'cmake_force_configure': False, 'cmake_target': None, 'cmake_target_skip_unavailable': False, 'install_base': '/home/shaurya/bot_ws/install/description', 'merge_install': False, 'path': '/home/shaurya/bot_ws/src/description', 'symlink_install': False, 'test_result_base': None}
[0.249s] Level 5:colcon.colcon_core.verb:set package 'bot_mapping' build argument 'cmake_args' from command line to 'None'
[0.249s] Level 5:colcon.colcon_core.verb:set package 'bot_mapping' build argument 'cmake_target' from command line to 'None'
[0.249s] Level 5:colcon.colcon_core.verb:set package 'bot_mapping' build argument 'cmake_target_skip_unavailable' from command line to 'False'
[0.249s] Level 5:colcon.colcon_core.verb:set package 'bot_mapping' build argument 'cmake_clean_cache' from command line to 'False'
[0.249s] Level 5:colcon.colcon_core.verb:set package 'bot_mapping' build argument 'cmake_clean_first' from command line to 'False'
[0.249s] Level 5:colcon.colcon_core.verb:set package 'bot_mapping' build argument 'cmake_force_configure' from command line to 'False'
[0.249s] Level 5:colcon.colcon_core.verb:set package 'bot_mapping' build argument 'ament_cmake_args' from command line to 'None'
[0.249s] Level 5:colcon.colcon_core.verb:set package 'bot_mapping' build argument 'catkin_cmake_args' from command line to 'None'
[0.249s] Level 5:colcon.colcon_core.verb:set package 'bot_mapping' build argument 'catkin_skip_building_tests' from command line to 'False'
[0.249s] DEBUG:colcon.colcon_core.verb:Building package 'bot_mapping' with the following arguments: {'ament_cmake_args': None, 'build_base': '/home/shaurya/bot_ws/build/bot_mapping', 'catkin_cmake_args': None, 'catkin_skip_building_tests': False, 'cmake_args': None, 'cmake_clean_cache': False, 'cmake_clean_first': False, 'cmake_force_configure': False, 'cmake_target': None, 'cmake_target_skip_unavailable': False, 'install_base': '/home/shaurya/bot_ws/install/bot_mapping', 'merge_install': False, 'path': '/home/shaurya/bot_ws/src/bot_mapping', 'symlink_install': False, 'test_result_base': None}
[0.249s] INFO:colcon.colcon_core.executor:Executing jobs using 'parallel' executor
[0.250s] DEBUG:colcon.colcon_parallel_executor.executor.parallel:run_until_complete
[0.250s] INFO:colcon.colcon_ros.task.ament_cmake.build:Building ROS package in '/home/shaurya/bot_ws/src/bot_localization' with build type 'ament_cmake'
[0.251s] INFO:colcon.colcon_cmake.task.cmake.build:Building CMake package in '/home/shaurya/bot_ws/src/bot_localization'
[0.252s] INFO:colcon.colcon_core.plugin_system:Skipping extension 'colcon_core.shell.bat': Not used on non-Windows systems
[0.252s] INFO:colcon.colcon_core.shell:Skip shell extension 'powershell' for command environment: Not usable outside of PowerShell
[0.252s] DEBUG:colcon.colcon_core.shell:Skip shell extension 'dsv' for command environment
[0.254s] INFO:colcon.colcon_ros.task.ament_cmake.build:Building ROS package in '/home/shaurya/bot_ws/src/bot_controller' with build type 'ament_cmake'
[0.254s] INFO:colcon.colcon_cmake.task.cmake.build:Building CMake package in '/home/shaurya/bot_ws/src/bot_controller'
[0.254s] INFO:colcon.colcon_core.shell:Skip shell extension 'powershell' for command environment: Not usable outside of PowerShell
[0.254s] DEBUG:colcon.colcon_core.shell:Skip shell extension 'dsv' for command environment
[0.256s] INFO:colcon.colcon_ros.task.ament_cmake.build:Building ROS package in '/home/shaurya/bot_ws/src/bot_utils' with build type 'ament_cmake'
[0.256s] INFO:colcon.colcon_cmake.task.cmake.build:Building CMake package in '/home/shaurya/bot_ws/src/bot_utils'
[0.257s] INFO:colcon.colcon_core.shell:Skip shell extension 'powershell' for command environment: Not usable outside of PowerShell
[0.257s] DEBUG:colcon.colcon_core.shell:Skip shell extension 'dsv' for command environment
[0.259s] INFO:colcon.colcon_ros.task.ament_cmake.build:Building ROS package in '/home/shaurya/bot_ws/src/description' with build type 'ament_cmake'
[0.259s] INFO:colcon.colcon_cmake.task.cmake.build:Building CMake package in '/home/shaurya/bot_ws/src/description'
[0.259s] INFO:colcon.colcon_core.shell:Skip shell extension 'powershell' for command environment: Not usable outside of PowerShell
[0.259s] DEBUG:colcon.colcon_core.shell:Skip shell extension 'dsv' for command environment
[0.265s] DEBUG:colcon.colcon_core.event_handler.log_command:Invoking command in '/home/shaurya/bot_ws/build/bot_localization': CMAKE_PREFIX_PATH=/opt/ros/humble /usr/bin/cmake --build /home/shaurya/bot_ws/build/bot_localization -- -j8 -l8
[0.268s] DEBUG:colcon.colcon_core.event_handler.log_command:Invoking command in '/home/shaurya/bot_ws/build/bot_controller': CMAKE_PREFIX_PATH=/opt/ros/humble /usr/bin/cmake --build /home/shaurya/bot_ws/build/bot_controller -- -j8 -l8
[0.270s] DEBUG:colcon.colcon_core.event_handler.log_command:Invoking command in '/home/shaurya/bot_ws/build/bot_utils': CMAKE_PREFIX_PATH=/opt/ros/humble /usr/bin/cmake --build /home/shaurya/bot_ws/build/bot_utils -- -j8 -l8
[0.274s] DEBUG:colcon.colcon_core.event_handler.log_command:Invoking command in '/home/shaurya/bot_ws/build/description': CMAKE_PREFIX_PATH=/opt/ros/humble /usr/bin/cmake --build /home/shaurya/bot_ws/build/description -- -j8 -l8
[0.299s] DEBUG:colcon.colcon_core.event_handler.log_command:Invoked command in '/home/shaurya/bot_ws/build/description' returned '0': CMAKE_PREFIX_PATH=/opt/ros/humble /usr/bin/cmake --build /home/shaurya/bot_ws/build/description -- -j8 -l8
[0.307s] DEBUG:colcon.colcon_core.event_handler.log_command:Invoking command in '/home/shaurya/bot_ws/build/description': CMAKE_PREFIX_PATH=/opt/ros/humble /usr/bin/cmake --install /home/shaurya/bot_ws/build/description
[0.330s] Level 1:colcon.colcon_core.environment:create_environment_scripts_only(description)
[0.336s] Level 1:colcon.colcon_core.environment:checking '/home/shaurya/bot_ws/install/description' for CMake module files
[0.338s] Level 1:colcon.colcon_core.environment:checking '/home/shaurya/bot_ws/install/description' for CMake config files
[0.341s] Level 1:colcon.colcon_core.shell:create_environment_hook('description', 'cmake_prefix_path')
[0.341s] INFO:colcon.colcon_core.shell:Creating environment hook '/home/shaurya/bot_ws/install/description/share/description/hook/cmake_prefix_path.ps1'
[0.342s] INFO:colcon.colcon_core.shell:Creating environment descriptor '/home/shaurya/bot_ws/install/description/share/description/hook/cmake_prefix_path.dsv'
[0.343s] INFO:colcon.colcon_core.shell:Creating environment hook '/home/shaurya/bot_ws/install/description/share/description/hook/cmake_prefix_path.sh'
[0.344s] Level 1:colcon.colcon_core.environment:checking '/home/shaurya/bot_ws/install/description/bin'
[0.345s] Level 1:colcon.colcon_core.environment:checking '/home/shaurya/bot_ws/install/description/lib/pkgconfig/description.pc'
[0.345s] Level 1:colcon.colcon_core.environment:checking '/home/shaurya/bot_ws/install/description/lib/python3.10/site-packages'
[0.345s] Level 1:colcon.colcon_core.environment:checking '/home/shaurya/bot_ws/install/description/bin'
[0.345s] INFO:colcon.colcon_core.shell:Creating package script '/home/shaurya/bot_ws/install/description/share/description/package.ps1'
[0.346s] INFO:colcon.colcon_core.shell:Creating package descriptor '/home/shaurya/bot_ws/install/description/share/description/package.dsv'
[0.347s] INFO:colcon.colcon_core.shell:Creating package script '/home/shaurya/bot_ws/install/description/share/description/package.sh'
[0.348s] INFO:colcon.colcon_core.shell:Creating package script '/home/shaurya/bot_ws/install/description/share/description/package.bash'
[0.349s] INFO:colcon.colcon_core.shell:Creating package script '/home/shaurya/bot_ws/install/description/share/description/package.zsh'
[0.350s] Level 1:colcon.colcon_core.environment:create_file_with_runtime_dependencies(/home/shaurya/bot_ws/install/description/share/colcon-core/packages/description)
[0.351s] Level 1:colcon.colcon_core.environment:create_environment_scripts_only(description)
[0.351s] Level 1:colcon.colcon_core.environment:checking '/home/shaurya/bot_ws/install/description' for CMake module files
[0.353s] Level 1:colcon.colcon_core.environment:checking '/home/shaurya/bot_ws/install/description' for CMake config files
[0.356s] Level 1:colcon.colcon_core.shell:create_environment_hook('description', 'cmake_prefix_path')
[0.356s] INFO:colcon.colcon_core.shell:Creating environment hook '/home/shaurya/bot_ws/install/description/share/description/hook/cmake_prefix_path.ps1'
[0.357s] INFO:colcon.colcon_core.shell:Creating environment descriptor '/home/shaurya/bot_ws/install/description/share/description/hook/cmake_prefix_path.dsv'
[0.358s] INFO:colcon.colcon_core.shell:Creating environment hook '/home/shaurya/bot_ws/install/description/share/description/hook/cmake_prefix_path.sh'
[0.360s] Level 1:colcon.colcon_core.environment:checking '/home/shaurya/bot_ws/install/description/bin'
[0.360s] Level 1:colcon.colcon_core.environment:checking '/home/shaurya/bot_ws/install/description/lib/pkgconfig/description.pc'
[0.361s] Level 1:colcon.colcon_core.environment:checking '/home/shaurya/bot_ws/install/description/lib/python3.10/site-packages'
[0.361s] Level 1:colcon.colcon_core.environment:checking '/home/shaurya/bot_ws/install/description/bin'
[0.362s] INFO:colcon.colcon_core.shell:Creating package script '/home/shaurya/bot_ws/install/description/share/description/package.ps1'
[0.363s] INFO:colcon.colcon_core.shell:Creating package descriptor '/home/shaurya/bot_ws/install/description/share/description/package.dsv'
[0.366s] INFO:colcon.colcon_core.shell:Creating package script '/home/shaurya/bot_ws/install/description/share/description/package.sh'
[0.368s] INFO:colcon.colcon_core.shell:Creating package script '/home/shaurya/bot_ws/install/description/share/description/package.bash'
[0.371s] INFO:colcon.colcon_core.shell:Creating package script '/home/shaurya/bot_ws/install/description/share/description/package.zsh'
[0.374s] Level 1:colcon.colcon_core.environment:create_file_with_runtime_dependencies(/home/shaurya/bot_ws/install/description/share/colcon-core/packages/description)
[0.401s] DEBUG:colcon.colcon_core.event_handler.log_command:Invoked command in '/home/shaurya/bot_ws/build/description' returned '0': CMAKE_PREFIX_PATH=/opt/ros/humble /usr/bin/cmake --install /home/shaurya/bot_ws/build/description
[0.571s] DEBUG:colcon.colcon_core.event_handler.log_command:Invoked command in '/home/shaurya/bot_ws/build/bot_utils' returned '0': CMAKE_PREFIX_PATH=/opt/ros/humble /usr/bin/cmake --build /home/shaurya/bot_ws/build/bot_utils -- -j8 -l8
[0.573s] DEBUG:colcon.colcon_core.event_handler.log_command:Invoking command in '/home/shaurya/bot_ws/build/bot_utils': CMAKE_PREFIX_PATH=/opt/ros/humble /usr/bin/cmake --install /home/shaurya/bot_ws/build/bot_utils
[0.580s] DEBUG:colcon.colcon_core.event_handler.log_command:Invoked command in '/home/shaurya/bot_ws/build/bot_localization' returned '0': CMAKE_PREFIX_PATH=/opt/ros/humble /usr/bin/cmake --build /home/shaurya/bot_ws/build/bot_localization -- -j8 -l8
[0.582s] DEBUG:colcon.colcon_core.event_handler.log_command:Invoking command in '/home/shaurya/bot_ws/build/bot_localization': CMAKE_PREFIX_PATH=/opt/ros/humble /usr/bin/cmake --install /home/shaurya/bot_ws/build/bot_localization
[0.609s] Level 1:colcon.colcon_core.environment:create_environment_scripts_only(bot_utils)
[0.610s] Level 1:colcon.colcon_core.environment:checking '/home/shaurya/bot_ws/install/bot_utils' for CMake module files
[0.610s] DEBUG:colcon.colcon_core.event_handler.log_command:Invoked command in '/home/shaurya/bot_ws/build/bot_utils' returned '0': CMAKE_PREFIX_PATH=/opt/ros/humble /usr/bin/cmake --install /home/shaurya/bot_ws/build/bot_utils
[0.610s] Level 1:colcon.colcon_core.environment:checking '/home/shaurya/bot_ws/install/bot_utils' for CMake config files
[0.611s] Level 1:colcon.colcon_core.shell:create_environment_hook('bot_utils', 'cmake_prefix_path')
[0.611s] INFO:colcon.colcon_core.shell:Creating environment hook '/home/shaurya/bot_ws/install/bot_utils/share/bot_utils/hook/cmake_prefix_path.ps1'
[0.611s] INFO:colcon.colcon_core.shell:Creating environment descriptor '/home/shaurya/bot_ws/install/bot_utils/share/bot_utils/hook/cmake_prefix_path.dsv'
[0.612s] INFO:colcon.colcon_core.shell:Creating environment hook '/home/shaurya/bot_ws/install/bot_utils/share/bot_utils/hook/cmake_prefix_path.sh'
[0.612s] Level 1:colcon.colcon_core.environment:checking '/home/shaurya/bot_ws/install/bot_utils/lib'
[0.612s] Level 1:colcon.colcon_core.environment:checking '/home/shaurya/bot_ws/install/bot_utils/bin'
[0.612s] Level 1:colcon.colcon_core.environment:checking '/home/shaurya/bot_ws/install/bot_utils/lib/pkgconfig/bot_utils.pc'
[0.612s] Level 1:colcon.colcon_core.environment:checking '/home/shaurya/bot_ws/install/bot_utils/lib/python3.10/site-packages'
[0.613s] Level 1:colcon.colcon_core.environment:checking '/home/shaurya/bot_ws/install/bot_utils/bin'
[0.613s] INFO:colcon.colcon_core.shell:Creating package script '/home/shaurya/bot_ws/install/bot_utils/share/bot_utils/package.ps1'
[0.613s] INFO:colcon.colcon_core.shell:Creating package descriptor '/home/shaurya/bot_ws/install/bot_utils/share/bot_utils/package.dsv'
[0.614s] INFO:colcon.colcon_core.shell:Creating package script '/home/shaurya/bot_ws/install/bot_utils/share/bot_utils/package.sh'
[0.614s] INFO:colcon.colcon_core.shell:Creating package script '/home/shaurya/bot_ws/install/bot_utils/share/bot_utils/package.bash'
[0.614s] INFO:colcon.colcon_core.shell:Creating package script '/home/shaurya/bot_ws/install/bot_utils/share/bot_utils/package.zsh'
[0.614s] Level 1:colcon.colcon_core.environment:create_file_with_runtime_dependencies(/home/shaurya/bot_ws/install/bot_utils/share/colcon-core/packages/bot_utils)
[0.615s] Level 1:colcon.colcon_core.environment:create_environment_scripts_only(bot_utils)
[0.615s] Level 1:colcon.colcon_core.environment:checking '/home/shaurya/bot_ws/install/bot_utils' for CMake module files
[0.615s] Level 1:colcon.colcon_core.environment:checking '/home/shaurya/bot_ws/install/bot_utils' for CMake config files
[0.616s] Level 1:colcon.colcon_core.shell:create_environment_hook('bot_utils', 'cmake_prefix_path')
[0.616s] INFO:colcon.colcon_core.shell:Creating environment hook '/home/shaurya/bot_ws/install/bot_utils/share/bot_utils/hook/cmake_prefix_path.ps1'
[0.616s] INFO:colcon.colcon_core.shell:Creating environment descriptor '/home/shaurya/bot_ws/install/bot_utils/share/bot_utils/hook/cmake_prefix_path.dsv'
[0.616s] INFO:colcon.colcon_core.shell:Creating environment hook '/home/shaurya/bot_ws/install/bot_utils/share/bot_utils/hook/cmake_prefix_path.sh'
[0.617s] Level 1:colcon.colcon_core.environment:checking '/home/shaurya/bot_ws/install/bot_utils/lib'
[0.617s] Level 1:colcon.colcon_core.environment:checking '/home/shaurya/bot_ws/install/bot_utils/bin'
[0.617s] Level 1:colcon.colcon_core.environment:checking '/home/shaurya/bot_ws/install/bot_utils/lib/pkgconfig/bot_utils.pc'
[0.617s] Level 1:colcon.colcon_core.environment:checking '/home/shaurya/bot_ws/install/bot_utils/lib/python3.10/site-packages'
[0.617s] Level 1:colcon.colcon_core.environment:checking '/home/shaurya/bot_ws/install/bot_utils/bin'
[0.617s] INFO:colcon.colcon_core.shell:Creating package script '/home/shaurya/bot_ws/install/bot_utils/share/bot_utils/package.ps1'
[0.618s] INFO:colcon.colcon_core.shell:Creating package descriptor '/home/shaurya/bot_ws/install/bot_utils/share/bot_utils/package.dsv'
[0.618s] INFO:colcon.colcon_core.shell:Creating package script '/home/shaurya/bot_ws/install/bot_utils/share/bot_utils/package.sh'
[0.619s] INFO:colcon.colcon_core.shell:Creating package script '/home/shaurya/bot_ws/install/bot_utils/share/bot_utils/package.bash'
[0.620s] INFO:colcon.colcon_core.shell:Creating package script '/home/shaurya/bot_ws/install/bot_utils/share/bot_utils/package.zsh'
[0.621s] Level 1:colcon.colcon_core.environment:create_file_with_runtime_dependencies(/home/shaurya/bot_ws/install/bot_utils/share/colcon-core/packages/bot_utils)
[0.621s] Level 1:colcon.colcon_core.environment:create_environment_scripts_only(bot_localization)
[0.622s] Level 1:colcon.colcon_core.environment:checking '/home/shaurya/bot_ws/install/bot_localization' for CMake module files
[0.622s] DEBUG:colcon.colcon_core.event_handler.log_command:Invoked command in '/home/shaurya/bot_ws/build/bot_localization' returned '0': CMAKE_PREFIX_PATH=/opt/ros/humble /usr/bin/cmake --install /home/shaurya/bot_ws/build/bot_localization
[0.622s] Level 1:colcon.colcon_core.environment:checking '/home/shaurya/bot_ws/install/bot_localization' for CMake config files
[0.622s] Level 1:colcon.colcon_core.shell:create_environment_hook('bot_localization', 'cmake_prefix_path')
[0.623s] INFO:colcon.colcon_core.shell:Creating environment hook '/home/shaurya/bot_ws/install/bot_localization/share/bot_localization/hook/cmake_prefix_path.ps1'
[0.623s] INFO:colcon.colcon_core.shell:Creating environment descriptor '/home/shaurya/bot_ws/install/bot_localization/share/bot_localization/hook/cmake_prefix_path.dsv'
[0.623s] INFO:colcon.colcon_core.shell:Creating environment hook '/home/shaurya/bot_ws/install/bot_localization/share/bot_localization/hook/cmake_prefix_path.sh'
[0.624s] Level 1:colcon.colcon_core.environment:checking '/home/shaurya/bot_ws/install/bot_localization/lib'
[0.624s] Level 1:colcon.colcon_core.environment:checking '/home/shaurya/bot_ws/install/bot_localization/bin'
[0.624s] Level 1:colcon.colcon_core.environment:checking '/home/shaurya/bot_ws/install/bot_localization/lib/pkgconfig/bot_localization.pc'
[0.624s] Level 1:colcon.colcon_core.environment:checking '/home/shaurya/bot_ws/install/bot_localization/lib/python3.10/site-packages'
[0.624s] Level 1:colcon.colcon_core.environment:checking '/home/shaurya/bot_ws/install/bot_localization/bin'
[0.625s] INFO:colcon.colcon_core.shell:Creating package script '/home/shaurya/bot_ws/install/bot_localization/share/bot_localization/package.ps1'
[0.625s] INFO:colcon.colcon_core.shell:Creating package descriptor '/home/shaurya/bot_ws/install/bot_localization/share/bot_localization/package.dsv'
[0.625s] INFO:colcon.colcon_core.shell:Creating package script '/home/shaurya/bot_ws/install/bot_localization/share/bot_localization/package.sh'
[0.626s] INFO:colcon.colcon_core.shell:Creating package script '/home/shaurya/bot_ws/install/bot_localization/share/bot_localization/package.bash'
[0.626s] INFO:colcon.colcon_core.shell:Creating package script '/home/shaurya/bot_ws/install/bot_localization/share/bot_localization/package.zsh'
[0.626s] Level 1:colcon.colcon_core.environment:create_file_with_runtime_dependencies(/home/shaurya/bot_ws/install/bot_localization/share/colcon-core/packages/bot_localization)
[0.626s] Level 1:colcon.colcon_core.environment:create_environment_scripts_only(bot_localization)
[0.627s] Level 1:colcon.colcon_core.environment:checking '/home/shaurya/bot_ws/install/bot_localization' for CMake module files
[0.627s] Level 1:colcon.colcon_core.environment:checking '/home/shaurya/bot_ws/install/bot_localization' for CMake config files
[0.627s] Level 1:colcon.colcon_core.shell:create_environment_hook('bot_localization', 'cmake_prefix_path')
[0.627s] INFO:colcon.colcon_core.shell:Creating environment hook '/home/shaurya/bot_ws/install/bot_localization/share/bot_localization/hook/cmake_prefix_path.ps1'
[0.627s] INFO:colcon.colcon_core.shell:Creating environment descriptor '/home/shaurya/bot_ws/install/bot_localization/share/bot_localization/hook/cmake_prefix_path.dsv'
[0.628s] INFO:colcon.colcon_core.shell:Creating environment hook '/home/shaurya/bot_ws/install/bot_localization/share/bot_localization/hook/cmake_prefix_path.sh'
[0.628s] Level 1:colcon.colcon_core.environment:checking '/home/shaurya/bot_ws/install/bot_localization/lib'
[0.628s] Level 1:colcon.colcon_core.environment:checking '/home/shaurya/bot_ws/install/bot_localization/bin'
[0.628s] Level 1:colcon.colcon_core.environment:checking '/home/shaurya/bot_ws/install/bot_localization/lib/pkgconfig/bot_localization.pc'
[0.628s] Level 1:colcon.colcon_core.environment:checking '/home/shaurya/bot_ws/install/bot_localization/lib/python3.10/site-packages'
[0.628s] Level 1:colcon.colcon_core.environment:checking '/home/shaurya/bot_ws/install/bot_localization/bin'
[0.629s] INFO:colcon.colcon_core.shell:Creating package script '/home/shaurya/bot_ws/install/bot_localization/share/bot_localization/package.ps1'
[0.629s] INFO:colcon.colcon_core.shell:Creating package descriptor '/home/shaurya/bot_ws/install/bot_localization/share/bot_localization/package.dsv'
[0.630s] INFO:colcon.colcon_core.shell:Creating package script '/home/shaurya/bot_ws/install/bot_localization/share/bot_localization/package.sh'
[0.630s] INFO:colcon.colcon_core.shell:Creating package script '/home/shaurya/bot_ws/install/bot_localization/share/bot_localization/package.bash'
[0.630s] INFO:colcon.colcon_core.shell:Creating package script '/home/shaurya/bot_ws/install/bot_localization/share/bot_localization/package.zsh'
[0.631s] Level 1:colcon.colcon_core.environment:create_file_with_runtime_dependencies(/home/shaurya/bot_ws/install/bot_localization/share/colcon-core/packages/bot_localization)
[0.631s] INFO:colcon.colcon_ros.task.ament_cmake.build:Building ROS package in '/home/shaurya/bot_ws/src/bot_mapping' with build type 'ament_cmake'
[0.631s] INFO:colcon.colcon_cmake.task.cmake.build:Building CMake package in '/home/shaurya/bot_ws/src/bot_mapping'
[0.631s] INFO:colcon.colcon_core.shell:Skip shell extension 'powershell' for command environment: Not usable outside of PowerShell
[0.631s] DEBUG:colcon.colcon_core.shell:Skip shell extension 'dsv' for command environment
[0.639s] DEBUG:colcon.colcon_core.event_handler.log_command:Invoking command in '/home/shaurya/bot_ws/build/bot_mapping': AMENT_PREFIX_PATH=/home/shaurya/bot_ws/install/bot_localization:${AMENT_PREFIX_PATH} CMAKE_PREFIX_PATH=/home/shaurya/bot_ws/install/bot_localization:/opt/ros/humble PYTHONPATH=/home/shaurya/bot_ws/install/bot_localization/local/lib/python3.10/dist-packages:${PYTHONPATH} /usr/bin/cmake --build /home/shaurya/bot_ws/build/bot_mapping -- -j8 -l8
[0.669s] DEBUG:colcon.colcon_core.event_handler.log_command:Invoked command in '/home/shaurya/bot_ws/build/bot_controller' returned '0': CMAKE_PREFIX_PATH=/opt/ros/humble /usr/bin/cmake --build /home/shaurya/bot_ws/build/bot_controller -- -j8 -l8
[0.670s] DEBUG:colcon.colcon_core.event_handler.log_command:Invoking command in '/home/shaurya/bot_ws/build/bot_controller': CMAKE_PREFIX_PATH=/opt/ros/humble /usr/bin/cmake --install /home/shaurya/bot_ws/build/bot_controller
[0.711s] Level 1:colcon.colcon_core.environment:create_environment_scripts_only(bot_controller)
[0.712s] Level 1:colcon.colcon_core.environment:checking '/home/shaurya/bot_ws/install/bot_controller' for CMake module files
[0.712s] DEBUG:colcon.colcon_core.event_handler.log_command:Invoked command in '/home/shaurya/bot_ws/build/bot_controller' returned '0': CMAKE_PREFIX_PATH=/opt/ros/humble /usr/bin/cmake --install /home/shaurya/bot_ws/build/bot_controller
[0.713s] Level 1:colcon.colcon_core.environment:checking '/home/shaurya/bot_ws/install/bot_controller' for CMake config files
[0.713s] Level 1:colcon.colcon_core.shell:create_environment_hook('bot_controller', 'cmake_prefix_path')
[0.713s] INFO:colcon.colcon_core.shell:Creating environment hook '/home/shaurya/bot_ws/install/bot_controller/share/bot_controller/hook/cmake_prefix_path.ps1'
[0.713s] INFO:colcon.colcon_core.shell:Creating environment descriptor '/home/shaurya/bot_ws/install/bot_controller/share/bot_controller/hook/cmake_prefix_path.dsv'
[0.714s] INFO:colcon.colcon_core.shell:Creating environment hook '/home/shaurya/bot_ws/install/bot_controller/share/bot_controller/hook/cmake_prefix_path.sh'
[0.714s] Level 1:colcon.colcon_core.environment:checking '/home/shaurya/bot_ws/install/bot_controller/lib'
[0.714s] Level 1:colcon.colcon_core.environment:checking '/home/shaurya/bot_ws/install/bot_controller/bin'
[0.714s] Level 1:colcon.colcon_core.environment:checking '/home/shaurya/bot_ws/install/bot_controller/lib/pkgconfig/bot_controller.pc'
[0.714s] Level 1:colcon.colcon_core.environment:checking '/home/shaurya/bot_ws/install/bot_controller/lib/python3.10/site-packages'
[0.715s] Level 1:colcon.colcon_core.environment:checking '/home/shaurya/bot_ws/install/bot_controller/bin'
[0.715s] INFO:colcon.colcon_core.shell:Creating package script '/home/shaurya/bot_ws/install/bot_controller/share/bot_controller/package.ps1'
[0.715s] INFO:colcon.colcon_core.shell:Creating package descriptor '/home/shaurya/bot_ws/install/bot_controller/share/bot_controller/package.dsv'
[0.715s] INFO:colcon.colcon_core.shell:Creating package script '/home/shaurya/bot_ws/install/bot_controller/share/bot_controller/package.sh'
[0.716s] INFO:colcon.colcon_core.shell:Creating package script '/home/shaurya/bot_ws/install/bot_controller/share/bot_controller/package.bash'
[0.716s] INFO:colcon.colcon_core.shell:Creating package script '/home/shaurya/bot_ws/install/bot_controller/share/bot_controller/package.zsh'
[0.716s] Level 1:colcon.colcon_core.environment:create_file_with_runtime_dependencies(/home/shaurya/bot_ws/install/bot_controller/share/colcon-core/packages/bot_controller)
[0.716s] Level 1:colcon.colcon_core.environment:create_environment_scripts_only(bot_controller)
[0.717s] Level 1:colcon.colcon_core.environment:checking '/home/shaurya/bot_ws/install/bot_controller' for CMake module files
[0.717s] Level 1:colcon.colcon_core.environment:checking '/home/shaurya/bot_ws/install/bot_controller' for CMake config files
[0.717s] Level 1:colcon.colcon_core.shell:create_environment_hook('bot_controller', 'cmake_prefix_path')
[0.718s] INFO:colcon.colcon_core.shell:Creating environment hook '/home/shaurya/bot_ws/install/bot_controller/share/bot_controller/hook/cmake_prefix_path.ps1'
[0.718s] INFO:colcon.colcon_core.shell:Creating environment descriptor '/home/shaurya/bot_ws/install/bot_controller/share/bot_controller/hook/cmake_prefix_path.dsv'
[0.718s] INFO:colcon.colcon_core.shell:Creating environment hook '/home/shaurya/bot_ws/install/bot_controller/share/bot_controller/hook/cmake_prefix_path.sh'
[0.719s] Level 1:colcon.colcon_core.environment:checking '/home/shaurya/bot_ws/install/bot_controller/lib'
[0.719s] Level 1:colcon.colcon_core.environment:checking '/home/shaurya/bot_ws/install/bot_controller/bin'
[0.719s] Level 1:colcon.colcon_core.environment:checking '/home/shaurya/bot_ws/install/bot_controller/lib/pkgconfig/bot_controller.pc'
[0.719s] Level 1:colcon.colcon_core.environment:checking '/home/shaurya/bot_ws/install/bot_controller/lib/python3.10/site-packages'
[0.719s] Level 1:colcon.colcon_core.environment:checking '/home/shaurya/bot_ws/install/bot_controller/bin'
[0.719s] INFO:colcon.colcon_core.shell:Creating package script '/home/shaurya/bot_ws/install/bot_controller/share/bot_controller/package.ps1'
[0.720s] INFO:colcon.colcon_core.shell:Creating package descriptor '/home/shaurya/bot_ws/install/bot_controller/share/bot_controller/package.dsv'
[0.720s] INFO:colcon.colcon_core.shell:Creating package script '/home/shaurya/bot_ws/install/bot_controller/share/bot_controller/package.sh'
[0.721s] INFO:colcon.colcon_core.shell:Creating package script '/home/shaurya/bot_ws/install/bot_controller/share/bot_controller/package.bash'
[0.721s] INFO:colcon.colcon_core.shell:Creating package script '/home/shaurya/bot_ws/install/bot_controller/share/bot_controller/package.zsh'
[0.721s] Level 1:colcon.colcon_core.environment:create_file_with_runtime_dependencies(/home/shaurya/bot_ws/install/bot_controller/share/colcon-core/packages/bot_controller)
[0.962s] DEBUG:colcon.colcon_core.event_handler.log_command:Invoked command in '/home/shaurya/bot_ws/build/bot_mapping' returned '0': AMENT_PREFIX_PATH=/home/shaurya/bot_ws/install/bot_localization:${AMENT_PREFIX_PATH} CMAKE_PREFIX_PATH=/home/shaurya/bot_ws/install/bot_localization:/opt/ros/humble PYTHONPATH=/home/shaurya/bot_ws/install/bot_localization/local/lib/python3.10/dist-packages:${PYTHONPATH} /usr/bin/cmake --build /home/shaurya/bot_ws/build/bot_mapping -- -j8 -l8
[0.964s] DEBUG:colcon.colcon_core.event_handler.log_command:Invoking command in '/home/shaurya/bot_ws/build/bot_mapping': AMENT_PREFIX_PATH=/home/shaurya/bot_ws/install/bot_localization:${AMENT_PREFIX_PATH} CMAKE_PREFIX_PATH=/home/shaurya/bot_ws/install/bot_localization:/opt/ros/humble PYTHONPATH=/home/shaurya/bot_ws/install/bot_localization/local/lib/python3.10/dist-packages:${PYTHONPATH} /usr/bin/cmake --install /home/shaurya/bot_ws/build/bot_mapping
[1.011s] Level 1:colcon.colcon_core.environment:create_environment_scripts_only(bot_mapping)
[1.012s] Level 1:colcon.colcon_core.environment:checking '/home/shaurya/bot_ws/install/bot_mapping' for CMake module files
[1.012s] DEBUG:colcon.colcon_core.event_handler.log_command:Invoked command in '/home/shaurya/bot_ws/build/bot_mapping' returned '0': AMENT_PREFIX_PATH=/home/shaurya/bot_ws/install/bot_localization:${AMENT_PREFIX_PATH} CMAKE_PREFIX_PATH=/home/shaurya/bot_ws/install/bot_localization:/opt/ros/humble PYTHONPATH=/home/shaurya/bot_ws/install/bot_localization/local/lib/python3.10/dist-packages:${PYTHONPATH} /usr/bin/cmake --install /home/shaurya/bot_ws/build/bot_mapping
[1.013s] Level 1:colcon.colcon_core.environment:checking '/home/shaurya/bot_ws/install/bot_mapping' for CMake config files
[1.013s] Level 1:colcon.colcon_core.shell:create_environment_hook('bot_mapping', 'cmake_prefix_path')
[1.014s] INFO:colcon.colcon_core.shell:Creating environment hook '/home/shaurya/bot_ws/install/bot_mapping/share/bot_mapping/hook/cmake_prefix_path.ps1'
[1.014s] INFO:colcon.colcon_core.shell:Creating environment descriptor '/home/shaurya/bot_ws/install/bot_mapping/share/bot_mapping/hook/cmake_prefix_path.dsv'
[1.015s] INFO:colcon.colcon_core.shell:Creating environment hook '/home/shaurya/bot_ws/install/bot_mapping/share/bot_mapping/hook/cmake_prefix_path.sh'
[1.016s] Level 1:colcon.colcon_core.environment:checking '/home/shaurya/bot_ws/install/bot_mapping/lib'
[1.016s] Level 1:colcon.colcon_core.environment:checking '/home/shaurya/bot_ws/install/bot_mapping/bin'
[1.016s] Level 1:colcon.colcon_core.environment:checking '/home/shaurya/bot_ws/install/bot_mapping/lib/pkgconfig/bot_mapping.pc'
[1.016s] Level 1:colcon.colcon_core.environment:checking '/home/shaurya/bot_ws/install/bot_mapping/lib/python3.10/site-packages'
[1.016s] Level 1:colcon.colcon_core.environment:checking '/home/shaurya/bot_ws/install/bot_mapping/bin'
[1.017s] INFO:colcon.colcon_core.shell:Creating package script '/home/shaurya/bot_ws/install/bot_mapping/share/bot_mapping/package.ps1'
[1.018s] INFO:colcon.colcon_core.shell:Creating package descriptor '/home/shaurya/bot_ws/install/bot_mapping/share/bot_mapping/package.dsv'
[1.018s] INFO:colcon.colcon_core.shell:Creating package script '/home/shaurya/bot_ws/install/bot_mapping/share/bot_mapping/package.sh'
[1.019s] INFO:colcon.colcon_core.shell:Creating package script '/home/shaurya/bot_ws/install/bot_mapping/share/bot_mapping/package.bash'
[1.019s] INFO:colcon.colcon_core.shell:Creating package script '/home/shaurya/bot_ws/install/bot_mapping/share/bot_mapping/package.zsh'
[1.019s] Level 1:colcon.colcon_core.environment:create_file_with_runtime_dependencies(/home/shaurya/bot_ws/install/bot_mapping/share/colcon-core/packages/bot_mapping)
[1.020s] Level 1:colcon.colcon_core.environment:create_environment_scripts_only(bot_mapping)
[1.021s] Level 1:colcon.colcon_core.environment:checking '/home/shaurya/bot_ws/install/bot_mapping' for CMake module files
[1.021s] Level 1:colcon.colcon_core.environment:checking '/home/shaurya/bot_ws/install/bot_mapping' for CMake config files
[1.022s] Level 1:colcon.colcon_core.shell:create_environment_hook('bot_mapping', 'cmake_prefix_path')
[1.022s] INFO:colcon.colcon_core.shell:Creating environment hook '/home/shaurya/bot_ws/install/bot_mapping/share/bot_mapping/hook/cmake_prefix_path.ps1'
[1.023s] INFO:colcon.colcon_core.shell:Creating environment descriptor '/home/shaurya/bot_ws/install/bot_mapping/share/bot_mapping/hook/cmake_prefix_path.dsv'
[1.023s] INFO:colcon.colcon_core.shell:Creating environment hook '/home/shaurya/bot_ws/install/bot_mapping/share/bot_mapping/hook/cmake_prefix_path.sh'
[1.024s] Level 1:colcon.colcon_core.environment:checking '/home/shaurya/bot_ws/install/bot_mapping/lib'
[1.024s] Level 1:colcon.colcon_core.environment:checking '/home/shaurya/bot_ws/install/bot_mapping/bin'
[1.024s] Level 1:colcon.colcon_core.environment:checking '/home/shaurya/bot_ws/install/bot_mapping/lib/pkgconfig/bot_mapping.pc'
[1.024s] Level 1:colcon.colcon_core.environment:checking '/home/shaurya/bot_ws/install/bot_mapping/lib/python3.10/site-packages'
[1.025s] Level 1:colcon.colcon_core.environment:checking '/home/shaurya/bot_ws/install/bot_mapping/bin'
[1.025s] INFO:colcon.colcon_core.shell:Creating package script '/home/shaurya/bot_ws/install/bot_mapping/share/bot_mapping/package.ps1'
[1.026s] INFO:colcon.colcon_core.shell:Creating package descriptor '/home/shaurya/bot_ws/install/bot_mapping/share/bot_mapping/package.dsv'
[1.027s] INFO:colcon.colcon_core.shell:Creating package script '/home/shaurya/bot_ws/install/bot_mapping/share/bot_mapping/package.sh'
[1.027s] INFO:colcon.colcon_core.shell:Creating package script '/home/shaurya/bot_ws/install/bot_mapping/share/bot_mapping/package.bash'
[1.028s] INFO:colcon.colcon_core.shell:Creating package script '/home/shaurya/bot_ws/install/bot_mapping/share/bot_mapping/package.zsh'
[1.028s] Level 1:colcon.colcon_core.environment:create_file_with_runtime_dependencies(/home/shaurya/bot_ws/install/bot_mapping/share/colcon-core/packages/bot_mapping)
[1.029s] DEBUG:colcon.colcon_parallel_executor.executor.parallel:closing loop
[1.029s] DEBUG:colcon.colcon_parallel_executor.executor.parallel:loop closed
[1.029s] DEBUG:colcon.colcon_parallel_executor.executor.parallel:run_until_complete finished with '0'
[1.029s] DEBUG:colcon.colcon_core.event_reactor:joining thread
[1.035s] INFO:colcon.colcon_core.plugin_system:Skipping extension 'colcon_notification.desktop_notification.terminal_notifier': Not used on non-Darwin systems
[1.035s] INFO:colcon.colcon_core.plugin_system:Skipping extension 'colcon_notification.desktop_notification.win32': Not used on non-Windows systems
[1.036s] INFO:colcon.colcon_notification.desktop_notification:Sending desktop notification using 'notify2'
[1.048s] DEBUG:colcon.colcon_core.event_reactor:joined thread
[1.048s] INFO:colcon.colcon_core.shell:Creating prefix script '/home/shaurya/bot_ws/install/local_setup.ps1'
[1.049s] INFO:colcon.colcon_core.shell:Creating prefix util module '/home/shaurya/bot_ws/install/_local_setup_util_ps1.py'
[1.051s] INFO:colcon.colcon_core.shell:Creating prefix chain script '/home/shaurya/bot_ws/install/setup.ps1'
[1.052s] INFO:colcon.colcon_core.shell:Creating prefix script '/home/shaurya/bot_ws/install/local_setup.sh'
[1.052s] INFO:colcon.colcon_core.shell:Creating prefix util module '/home/shaurya/bot_ws/install/_local_setup_util_sh.py'
[1.053s] INFO:colcon.colcon_core.shell:Creating prefix chain script '/home/shaurya/bot_ws/install/setup.sh'
[1.054s] INFO:colcon.colcon_core.shell:Creating prefix script '/home/shaurya/bot_ws/install/local_setup.bash'
[1.054s] INFO:colcon.colcon_core.shell:Creating prefix chain script '/home/shaurya/bot_ws/install/setup.bash'
[1.055s] INFO:colcon.colcon_core.shell:Creating prefix script '/home/shaurya/bot_ws/install/local_setup.zsh'
[1.056s] INFO:colcon.colcon_core.shell:Creating prefix chain script '/home/shaurya/bot_ws/install/setup.zsh'
