[0.023s] Invoking command in '/home/shaurya/bot_ws/build/bot_mapping': AMENT_PREFIX_PATH=/home/shaurya/bot_ws/install/bot_localization:${AMENT_PREFIX_PATH} CMAKE_PREFIX_PATH=/home/shaurya/bot_ws/install/bot_localization:/opt/ros/humble PYTHONPATH=/home/shaurya/bot_ws/install/bot_localization/local/lib/python3.10/dist-packages:${PYTHONPATH} /usr/bin/cmake --build /home/shaurya/bot_ws/build/bot_mapping -- -j8 -l8
[0.087s] Built target ament_cmake_python_copy_bot_mapping
[0.402s] running egg_info
[0.403s] writing bot_mapping.egg-info/PKG-INFO
[0.404s] writing dependency_links to bot_mapping.egg-info/dependency_links.txt
[0.404s] writing top-level names to bot_mapping.egg-info/top_level.txt
[0.408s] reading manifest file 'bot_mapping.egg-info/SOURCES.txt'
[0.409s] writing manifest file 'bot_mapping.egg-info/SOURCES.txt'
[0.449s] Built target ament_cmake_python_build_bot_mapping_egg
[0.463s] Invoked command in '/home/shaurya/bot_ws/build/bot_mapping' returned '0': AMENT_PREFIX_PATH=/home/shaurya/bot_ws/install/bot_localization:${AMENT_PREFIX_PATH} CMAKE_PREFIX_PATH=/home/shaurya/bot_ws/install/bot_localization:/opt/ros/humble PYTHONPATH=/home/shaurya/bot_ws/install/bot_localization/local/lib/python3.10/dist-packages:${PYTHONPATH} /usr/bin/cmake --build /home/shaurya/bot_ws/build/bot_mapping -- -j8 -l8
[0.465s] Invoking command in '/home/shaurya/bot_ws/build/bot_mapping': AMENT_PREFIX_PATH=/home/shaurya/bot_ws/install/bot_localization:${AMENT_PREFIX_PATH} CMAKE_PREFIX_PATH=/home/shaurya/bot_ws/install/bot_localization:/opt/ros/humble PYTHONPATH=/home/shaurya/bot_ws/install/bot_localization/local/lib/python3.10/dist-packages:${PYTHONPATH} /usr/bin/cmake --install /home/shaurya/bot_ws/build/bot_mapping
[0.477s] -- Install configuration: ""
[0.477s] -- Up-to-date: /home/shaurya/bot_ws/install/bot_mapping/share/bot_mapping/environment/pythonpath.sh
[0.477s] -- Up-to-date: /home/shaurya/bot_ws/install/bot_mapping/share/bot_mapping/environment/pythonpath.dsv
[0.477s] -- Up-to-date: /home/shaurya/bot_ws/install/bot_mapping/local/lib/python3.10/dist-packages/bot_mapping-0.0.0-py3.10.egg-info
[0.477s] -- Installing: /home/shaurya/bot_ws/install/bot_mapping/local/lib/python3.10/dist-packages/bot_mapping-0.0.0-py3.10.egg-info/top_level.txt
[0.477s] -- Installing: /home/shaurya/bot_ws/install/bot_mapping/local/lib/python3.10/dist-packages/bot_mapping-0.0.0-py3.10.egg-info/PKG-INFO
[0.478s] -- Installing: /home/shaurya/bot_ws/install/bot_mapping/local/lib/python3.10/dist-packages/bot_mapping-0.0.0-py3.10.egg-info/dependency_links.txt
[0.478s] -- Installing: /home/shaurya/bot_ws/install/bot_mapping/local/lib/python3.10/dist-packages/bot_mapping-0.0.0-py3.10.egg-info/SOURCES.txt
[0.478s] -- Up-to-date: /home/shaurya/bot_ws/install/bot_mapping/local/lib/python3.10/dist-packages/bot_mapping
[0.478s] -- Up-to-date: /home/shaurya/bot_ws/install/bot_mapping/local/lib/python3.10/dist-packages/bot_mapping/__init__.py
[0.478s] -- Up-to-date: /home/shaurya/bot_ws/install/bot_mapping/local/lib/python3.10/dist-packages/bot_mapping/mapping_with_known_poses.py
[0.522s] Listing '/home/shaurya/bot_ws/install/bot_mapping/local/lib/python3.10/dist-packages/bot_mapping'...
[0.528s] -- Up-to-date: /home/shaurya/bot_ws/install/bot_mapping/lib/bot_mapping/mapping_with_known_poses.py
[0.528s] -- Up-to-date: /home/shaurya/bot_ws/install/bot_mapping/share/bot_mapping/maps
[0.529s] -- Up-to-date: /home/shaurya/bot_ws/install/bot_mapping/share/bot_mapping/maps/small_house
[0.529s] -- Up-to-date: /home/shaurya/bot_ws/install/bot_mapping/share/bot_mapping/maps/small_house/map.yaml
[0.529s] -- Up-to-date: /home/shaurya/bot_ws/install/bot_mapping/share/bot_mapping/maps/small_house/map.pgm
[0.529s] -- Up-to-date: /home/shaurya/bot_ws/install/bot_mapping/share/bot_mapping/launch
[0.529s] -- Up-to-date: /home/shaurya/bot_ws/install/bot_mapping/share/bot_mapping/launch/slam.launch.py
[0.529s] -- Up-to-date: /home/shaurya/bot_ws/install/bot_mapping/share/bot_mapping/config
[0.529s] -- Up-to-date: /home/shaurya/bot_ws/install/bot_mapping/share/bot_mapping/config/slam_toolbox.yaml
[0.529s] -- Up-to-date: /home/shaurya/bot_ws/install/bot_mapping/share/ament_index/resource_index/package_run_dependencies/bot_mapping
[0.529s] -- Up-to-date: /home/shaurya/bot_ws/install/bot_mapping/share/ament_index/resource_index/parent_prefix_path/bot_mapping
[0.529s] -- Up-to-date: /home/shaurya/bot_ws/install/bot_mapping/share/bot_mapping/environment/ament_prefix_path.sh
[0.529s] -- Up-to-date: /home/shaurya/bot_ws/install/bot_mapping/share/bot_mapping/environment/ament_prefix_path.dsv
[0.529s] -- Up-to-date: /home/shaurya/bot_ws/install/bot_mapping/share/bot_mapping/environment/path.sh
[0.529s] -- Up-to-date: /home/shaurya/bot_ws/install/bot_mapping/share/bot_mapping/environment/path.dsv
[0.530s] -- Up-to-date: /home/shaurya/bot_ws/install/bot_mapping/share/bot_mapping/local_setup.bash
[0.530s] -- Up-to-date: /home/shaurya/bot_ws/install/bot_mapping/share/bot_mapping/local_setup.sh
[0.530s] -- Up-to-date: /home/shaurya/bot_ws/install/bot_mapping/share/bot_mapping/local_setup.zsh
[0.530s] -- Up-to-date: /home/shaurya/bot_ws/install/bot_mapping/share/bot_mapping/local_setup.dsv
[0.530s] -- Installing: /home/shaurya/bot_ws/install/bot_mapping/share/bot_mapping/package.dsv
[0.531s] -- Up-to-date: /home/shaurya/bot_ws/install/bot_mapping/share/ament_index/resource_index/packages/bot_mapping
[0.531s] -- Up-to-date: /home/shaurya/bot_ws/install/bot_mapping/share/bot_mapping/cmake/bot_mappingConfig.cmake
[0.531s] -- Up-to-date: /home/shaurya/bot_ws/install/bot_mapping/share/bot_mapping/cmake/bot_mappingConfig-version.cmake
[0.531s] -- Up-to-date: /home/shaurya/bot_ws/install/bot_mapping/share/bot_mapping/package.xml
[0.535s] Invoked command in '/home/shaurya/bot_ws/build/bot_mapping' returned '0': AMENT_PREFIX_PATH=/home/shaurya/bot_ws/install/bot_localization:${AMENT_PREFIX_PATH} CMAKE_PREFIX_PATH=/home/shaurya/bot_ws/install/bot_localization:/opt/ros/humble PYTHONPATH=/home/shaurya/bot_ws/install/bot_localization/local/lib/python3.10/dist-packages:${PYTHONPATH} /usr/bin/cmake --install /home/shaurya/bot_ws/build/bot_mapping
