Built target ament_cmake_python_copy_bot_localization
running egg_info
writing bot_localization.egg-info/PKG-INFO
writing dependency_links to bot_localization.egg-info/dependency_links.txt
writing top-level names to bot_localization.egg-info/top_level.txt
reading manifest file 'bot_localization.egg-info/SOURCES.txt'
writing manifest file 'bot_localization.egg-info/SOURCES.txt'
Built target ament_cmake_python_build_bot_localization_egg
-- Install configuration: ""
-- Up-to-date: /home/shaurya/bot_ws/install/bot_localization/share/bot_localization/environment/pythonpath.sh
-- Up-to-date: /home/shaurya/bot_ws/install/bot_localization/share/bot_localization/environment/pythonpath.dsv
-- Up-to-date: /home/shaurya/bot_ws/install/bot_localization/local/lib/python3.10/dist-packages/bot_localization-0.0.0-py3.10.egg-info
-- Installing: /home/shaurya/bot_ws/install/bot_localization/local/lib/python3.10/dist-packages/bot_localization-0.0.0-py3.10.egg-info/top_level.txt
-- Installing: /home/shaurya/bot_ws/install/bot_localization/local/lib/python3.10/dist-packages/bot_localization-0.0.0-py3.10.egg-info/PKG-INFO
-- Installing: /home/shaurya/bot_ws/install/bot_localization/local/lib/python3.10/dist-packages/bot_localization-0.0.0-py3.10.egg-info/dependency_links.txt
-- Installing: /home/shaurya/bot_ws/install/bot_localization/local/lib/python3.10/dist-packages/bot_localization-0.0.0-py3.10.egg-info/SOURCES.txt
-- Up-to-date: /home/shaurya/bot_ws/install/bot_localization/local/lib/python3.10/dist-packages/bot_localization
-- Up-to-date: /home/shaurya/bot_ws/install/bot_localization/local/lib/python3.10/dist-packages/bot_localization/__init__.py
-- Up-to-date: /home/shaurya/bot_ws/install/bot_localization/local/lib/python3.10/dist-packages/bot_localization/kalman_filter.py
-- Up-to-date: /home/shaurya/bot_ws/install/bot_localization/local/lib/python3.10/dist-packages/bot_localization/odometry_motion_model.py
Listing '/home/shaurya/bot_ws/install/bot_localization/local/lib/python3.10/dist-packages/bot_localization'...
-- Up-to-date: /home/shaurya/bot_ws/install/bot_localization/lib/bot_localization/kalman_filter.py
-- Up-to-date: /home/shaurya/bot_ws/install/bot_localization/lib/bot_localization/odometry_motion_model.py
-- Up-to-date: /home/shaurya/bot_ws/install/bot_localization/share/ament_index/resource_index/package_run_dependencies/bot_localization
-- Up-to-date: /home/shaurya/bot_ws/install/bot_localization/share/ament_index/resource_index/parent_prefix_path/bot_localization
-- Up-to-date: /home/shaurya/bot_ws/install/bot_localization/share/bot_localization/environment/ament_prefix_path.sh
-- Up-to-date: /home/shaurya/bot_ws/install/bot_localization/share/bot_localization/environment/ament_prefix_path.dsv
-- Up-to-date: /home/shaurya/bot_ws/install/bot_localization/share/bot_localization/environment/path.sh
-- Up-to-date: /home/shaurya/bot_ws/install/bot_localization/share/bot_localization/environment/path.dsv
-- Up-to-date: /home/shaurya/bot_ws/install/bot_localization/share/bot_localization/local_setup.bash
-- Up-to-date: /home/shaurya/bot_ws/install/bot_localization/share/bot_localization/local_setup.sh
-- Up-to-date: /home/shaurya/bot_ws/install/bot_localization/share/bot_localization/local_setup.zsh
-- Up-to-date: /home/shaurya/bot_ws/install/bot_localization/share/bot_localization/local_setup.dsv
-- Installing: /home/shaurya/bot_ws/install/bot_localization/share/bot_localization/package.dsv
-- Up-to-date: /home/shaurya/bot_ws/install/bot_localization/share/ament_index/resource_index/packages/bot_localization
-- Up-to-date: /home/shaurya/bot_ws/install/bot_localization/share/bot_localization/cmake/bot_localizationConfig.cmake
-- Up-to-date: /home/shaurya/bot_ws/install/bot_localization/share/bot_localization/cmake/bot_localizationConfig-version.cmake
-- Up-to-date: /home/shaurya/bot_ws/install/bot_localization/share/bot_localization/package.xml
