[0.020s] Invoking command in '/home/shaurya/bot_ws/build/bot_localization': CMAKE_PREFIX_PATH=/opt/ros/humble /usr/bin/cmake --build /home/shaurya/bot_ws/build/bot_localization -- -j8 -l8
[0.080s] Built target ament_cmake_python_copy_bot_localization
[0.496s] running egg_info
[0.498s] writing bot_localization.egg-info/PKG-INFO
[0.498s] writing dependency_links to bot_localization.egg-info/dependency_links.txt
[0.498s] writing top-level names to bot_localization.egg-info/top_level.txt
[0.502s] reading manifest file 'bot_localization.egg-info/SOURCES.txt'
[0.503s] writing manifest file 'bot_localization.egg-info/SOURCES.txt'
[0.544s] Built target ament_cmake_python_build_bot_localization_egg
[0.560s] Invoked command in '/home/shaurya/bot_ws/build/bot_localization' returned '0': CMAKE_PREFIX_PATH=/opt/ros/humble /usr/bin/cmake --build /home/shaurya/bot_ws/build/bot_localization -- -j8 -l8
[0.562s] Invoking command in '/home/shaurya/bot_ws/build/bot_localization': CMAKE_PREFIX_PATH=/opt/ros/humble /usr/bin/cmake --install /home/shaurya/bot_ws/build/bot_localization
[0.573s] -- Install configuration: ""
[0.573s] -- Up-to-date: /home/shaurya/bot_ws/install/bot_localization/share/bot_localization/environment/pythonpath.sh
[0.573s] -- Up-to-date: /home/shaurya/bot_ws/install/bot_localization/share/bot_localization/environment/pythonpath.dsv
[0.574s] -- Up-to-date: /home/shaurya/bot_ws/install/bot_localization/local/lib/python3.10/dist-packages/bot_localization-0.0.0-py3.10.egg-info
[0.574s] -- Installing: /home/shaurya/bot_ws/install/bot_localization/local/lib/python3.10/dist-packages/bot_localization-0.0.0-py3.10.egg-info/top_level.txt
[0.574s] -- Installing: /home/shaurya/bot_ws/install/bot_localization/local/lib/python3.10/dist-packages/bot_localization-0.0.0-py3.10.egg-info/PKG-INFO
[0.574s] -- Installing: /home/shaurya/bot_ws/install/bot_localization/local/lib/python3.10/dist-packages/bot_localization-0.0.0-py3.10.egg-info/dependency_links.txt
[0.574s] -- Installing: /home/shaurya/bot_ws/install/bot_localization/local/lib/python3.10/dist-packages/bot_localization-0.0.0-py3.10.egg-info/SOURCES.txt
[0.574s] -- Up-to-date: /home/shaurya/bot_ws/install/bot_localization/local/lib/python3.10/dist-packages/bot_localization
[0.575s] -- Up-to-date: /home/shaurya/bot_ws/install/bot_localization/local/lib/python3.10/dist-packages/bot_localization/__init__.py
[0.575s] -- Up-to-date: /home/shaurya/bot_ws/install/bot_localization/local/lib/python3.10/dist-packages/bot_localization/kalman_filter.py
[0.575s] -- Up-to-date: /home/shaurya/bot_ws/install/bot_localization/local/lib/python3.10/dist-packages/bot_localization/odometry_motion_model.py
[0.624s] Listing '/home/shaurya/bot_ws/install/bot_localization/local/lib/python3.10/dist-packages/bot_localization'...
[0.632s] -- Up-to-date: /home/shaurya/bot_ws/install/bot_localization/lib/bot_localization/kalman_filter.py
[0.632s] -- Up-to-date: /home/shaurya/bot_ws/install/bot_localization/lib/bot_localization/odometry_motion_model.py
[0.632s] -- Up-to-date: /home/shaurya/bot_ws/install/bot_localization/share/ament_index/resource_index/package_run_dependencies/bot_localization
[0.632s] -- Up-to-date: /home/shaurya/bot_ws/install/bot_localization/share/ament_index/resource_index/parent_prefix_path/bot_localization
[0.632s] -- Up-to-date: /home/shaurya/bot_ws/install/bot_localization/share/bot_localization/environment/ament_prefix_path.sh
[0.632s] -- Up-to-date: /home/shaurya/bot_ws/install/bot_localization/share/bot_localization/environment/ament_prefix_path.dsv
[0.633s] -- Up-to-date: /home/shaurya/bot_ws/install/bot_localization/share/bot_localization/environment/path.sh
[0.633s] -- Up-to-date: /home/shaurya/bot_ws/install/bot_localization/share/bot_localization/environment/path.dsv
[0.633s] -- Up-to-date: /home/shaurya/bot_ws/install/bot_localization/share/bot_localization/local_setup.bash
[0.633s] -- Up-to-date: /home/shaurya/bot_ws/install/bot_localization/share/bot_localization/local_setup.sh
[0.633s] -- Up-to-date: /home/shaurya/bot_ws/install/bot_localization/share/bot_localization/local_setup.zsh
[0.633s] -- Up-to-date: /home/shaurya/bot_ws/install/bot_localization/share/bot_localization/local_setup.dsv
[0.633s] -- Installing: /home/shaurya/bot_ws/install/bot_localization/share/bot_localization/package.dsv
[0.634s] -- Up-to-date: /home/shaurya/bot_ws/install/bot_localization/share/ament_index/resource_index/packages/bot_localization
[0.634s] -- Up-to-date: /home/shaurya/bot_ws/install/bot_localization/share/bot_localization/cmake/bot_localizationConfig.cmake
[0.634s] -- Up-to-date: /home/shaurya/bot_ws/install/bot_localization/share/bot_localization/cmake/bot_localizationConfig-version.cmake
[0.634s] -- Up-to-date: /home/shaurya/bot_ws/install/bot_localization/share/bot_localization/package.xml
[0.638s] Invoked command in '/home/shaurya/bot_ws/build/bot_localization' returned '0': CMAKE_PREFIX_PATH=/opt/ros/humble /usr/bin/cmake --install /home/shaurya/bot_ws/build/bot_localization
